Vesta static timing analysis, pin-to-register and register-to-pin maximum timing

Top 20 maximum delay paths:
Path input pin DMEM_DATA_L[15] to _12156_/D delay 1259.14 ps
      0.0 ps             DMEM_DATA_L[15]:           -> _15166_/A
     69.6 ps                      _4005_: _15166_/Y -> _15283_/A
    182.8 ps                      _4090_: _15283_/Y -> _15289_/C
    694.3 ps                      _4095_: _15289_/Y -> _15296_/C
   1011.4 ps  \datapath.memdataload [19]: _15296_/Y -> _12156_/D

   setup at destination = 247.754

Path input pin DMEM_DATA_L[15] to _12160_/D delay 1259.14 ps
      0.0 ps             DMEM_DATA_L[15]:           -> _15166_/A
     69.6 ps                      _4005_: _15166_/Y -> _15283_/A
    182.8 ps                      _4090_: _15283_/Y -> _15289_/C
    694.3 ps                      _4095_: _15289_/Y -> _15304_/C
   1011.4 ps  \datapath.memdataload [23]: _15304_/Y -> _12160_/D

   setup at destination = 247.754

Path input pin DMEM_DATA_L[15] to _12164_/D delay 1259.14 ps
      0.0 ps             DMEM_DATA_L[15]:           -> _15166_/A
     69.6 ps                      _4005_: _15166_/Y -> _15283_/A
    182.8 ps                      _4090_: _15283_/Y -> _15289_/C
    694.3 ps                      _4095_: _15289_/Y -> _15312_/C
   1011.4 ps  \datapath.memdataload [27]: _15312_/Y -> _12164_/D

   setup at destination = 247.754

Path input pin DMEM_DATA_L[15] to _12155_/D delay 1259.14 ps
      0.0 ps             DMEM_DATA_L[15]:           -> _15166_/A
     69.6 ps                      _4005_: _15166_/Y -> _15283_/A
    182.8 ps                      _4090_: _15283_/Y -> _15289_/C
    694.3 ps                      _4095_: _15289_/Y -> _15294_/C
   1011.4 ps  \datapath.memdataload [18]: _15294_/Y -> _12155_/D

   setup at destination = 247.754

Path input pin DMEM_DATA_L[15] to _12159_/D delay 1259.14 ps
      0.0 ps             DMEM_DATA_L[15]:           -> _15166_/A
     69.6 ps                      _4005_: _15166_/Y -> _15283_/A
    182.8 ps                      _4090_: _15283_/Y -> _15289_/C
    694.3 ps                      _4095_: _15289_/Y -> _15302_/C
   1011.4 ps  \datapath.memdataload [22]: _15302_/Y -> _12159_/D

   setup at destination = 247.754

Path input pin DMEM_DATA_L[15] to _12163_/D delay 1259.14 ps
      0.0 ps             DMEM_DATA_L[15]:           -> _15166_/A
     69.6 ps                      _4005_: _15166_/Y -> _15283_/A
    182.8 ps                      _4090_: _15283_/Y -> _15289_/C
    694.3 ps                      _4095_: _15289_/Y -> _15310_/C
   1011.4 ps  \datapath.memdataload [26]: _15310_/Y -> _12163_/D

   setup at destination = 247.754

Path input pin DMEM_DATA_L[15] to _12154_/D delay 1259.14 ps
      0.0 ps             DMEM_DATA_L[15]:           -> _15166_/A
     69.6 ps                      _4005_: _15166_/Y -> _15283_/A
    182.8 ps                      _4090_: _15283_/Y -> _15289_/C
    694.3 ps                      _4095_: _15289_/Y -> _15292_/C
   1011.4 ps  \datapath.memdataload [17]: _15292_/Y -> _12154_/D

   setup at destination = 247.754

Path input pin DMEM_DATA_L[15] to _12158_/D delay 1259.14 ps
      0.0 ps             DMEM_DATA_L[15]:           -> _15166_/A
     69.6 ps                      _4005_: _15166_/Y -> _15283_/A
    182.8 ps                      _4090_: _15283_/Y -> _15289_/C
    694.3 ps                      _4095_: _15289_/Y -> _15300_/C
   1011.4 ps  \datapath.memdataload [21]: _15300_/Y -> _12158_/D

   setup at destination = 247.754

Path input pin DMEM_DATA_L[15] to _12162_/D delay 1259.14 ps
      0.0 ps             DMEM_DATA_L[15]:           -> _15166_/A
     69.6 ps                      _4005_: _15166_/Y -> _15283_/A
    182.8 ps                      _4090_: _15283_/Y -> _15289_/C
    694.3 ps                      _4095_: _15289_/Y -> _15308_/C
   1011.4 ps  \datapath.memdataload [25]: _15308_/Y -> _12162_/D

   setup at destination = 247.754

Path input pin DMEM_DATA_L[15] to _12166_/D delay 1259.14 ps
      0.0 ps             DMEM_DATA_L[15]:           -> _15166_/A
     69.6 ps                      _4005_: _15166_/Y -> _15283_/A
    182.8 ps                      _4090_: _15283_/Y -> _15289_/C
    694.3 ps                      _4095_: _15289_/Y -> _15316_/C
   1011.4 ps  \datapath.memdataload [29]: _15316_/Y -> _12166_/D

   setup at destination = 247.754

Path input pin DMEM_DATA_L[15] to _12153_/D delay 1259.14 ps
      0.0 ps             DMEM_DATA_L[15]:           -> _15166_/A
     69.6 ps                      _4005_: _15166_/Y -> _15283_/A
    182.8 ps                      _4090_: _15283_/Y -> _15289_/C
    694.3 ps                      _4095_: _15289_/Y -> _15290_/C
   1011.4 ps  \datapath.memdataload [16]: _15290_/Y -> _12153_/D

   setup at destination = 247.754

Path input pin DMEM_DATA_L[15] to _12157_/D delay 1259.14 ps
      0.0 ps             DMEM_DATA_L[15]:           -> _15166_/A
     69.6 ps                      _4005_: _15166_/Y -> _15283_/A
    182.8 ps                      _4090_: _15283_/Y -> _15289_/C
    694.3 ps                      _4095_: _15289_/Y -> _15298_/C
   1011.4 ps  \datapath.memdataload [20]: _15298_/Y -> _12157_/D

   setup at destination = 247.754

Path input pin DMEM_DATA_L[15] to _12161_/D delay 1259.14 ps
      0.0 ps             DMEM_DATA_L[15]:           -> _15166_/A
     69.6 ps                      _4005_: _15166_/Y -> _15283_/A
    182.8 ps                      _4090_: _15283_/Y -> _15289_/C
    694.3 ps                      _4095_: _15289_/Y -> _15306_/C
   1011.4 ps  \datapath.memdataload [24]: _15306_/Y -> _12161_/D

   setup at destination = 247.754

Path input pin DMEM_DATA_L[15] to _12165_/D delay 1259.14 ps
      0.0 ps             DMEM_DATA_L[15]:           -> _15166_/A
     69.6 ps                      _4005_: _15166_/Y -> _15283_/A
    182.8 ps                      _4090_: _15283_/Y -> _15289_/C
    694.3 ps                      _4095_: _15289_/Y -> _15314_/C
   1011.4 ps  \datapath.memdataload [28]: _15314_/Y -> _12165_/D

   setup at destination = 247.754

Path input pin DMEM_DATA_L[15] to _12167_/D delay 1243.62 ps
      0.0 ps             DMEM_DATA_L[15]:           -> _15166_/A
     69.6 ps                      _4005_: _15166_/Y -> _15283_/A
    182.8 ps                      _4090_: _15283_/Y -> _15289_/C
    694.3 ps                      _4095_: _15289_/Y -> _15318_/C
    999.3 ps  \datapath.memdataload [30]: _15318_/Y -> _12167_/D

   setup at destination = 244.294

Path input pin DMEM_DATA_L[15] to _12168_/D delay 1228.1 ps
      0.0 ps             DMEM_DATA_L[15]:           -> _15166_/A
     69.6 ps                      _4005_: _15166_/Y -> _15283_/A
    182.8 ps                      _4090_: _15283_/Y -> _15289_/C
    694.3 ps                      _4095_: _15289_/Y -> _15320_/C
    987.3 ps  \datapath.memdataload [31]: _15320_/Y -> _12168_/D

   setup at destination = 240.833

Path input pin DMEM_DATA_L[7] to _12148_/D delay 973.977 ps
      0.0 ps                                        DMEM_DATA_L[7]:                   ->         _15342_/A
     83.1 ps                                                _4125_:         _15342_/Y ->         _15345_/C
    176.1 ps  \datapath.memoryinterface.byte_size_load.byteval [7]:         _15345_/Y ->         _15244_/A
    239.5 ps                                                _4058_:         _15244_/Y ->         _15245_/B
    304.7 ps                                                _4059_:         _15245_/Y ->         _15246_/C
    415.8 ps                                                _4060_:         _15246_/Y -> BUFX2_insert541/A
    584.9 ps                                        _4060__bF$buf0: BUFX2_insert541/Y ->         _15266_/C
    751.4 ps                            \datapath.memdataload [11]:         _15266_/Y ->         _12148_/D

   setup at destination = 222.581

Path input pin DMEM_DATA_L[7] to _12152_/D delay 973.977 ps
      0.0 ps                                        DMEM_DATA_L[7]:                   ->         _15342_/A
     83.1 ps                                                _4125_:         _15342_/Y ->         _15345_/C
    176.1 ps  \datapath.memoryinterface.byte_size_load.byteval [7]:         _15345_/Y ->         _15244_/A
    239.5 ps                                                _4058_:         _15244_/Y ->         _15245_/B
    304.7 ps                                                _4059_:         _15245_/Y ->         _15246_/C
    415.8 ps                                                _4060_:         _15246_/Y -> BUFX2_insert541/A
    584.9 ps                                        _4060__bF$buf0: BUFX2_insert541/Y ->         _15286_/C
    751.4 ps                            \datapath.memdataload [15]:         _15286_/Y ->         _12152_/D

   setup at destination = 222.581

Path input pin DMEM_DATA_L[7] to _12147_/D delay 973.977 ps
      0.0 ps                                        DMEM_DATA_L[7]:                   ->         _15342_/A
     83.1 ps                                                _4125_:         _15342_/Y ->         _15345_/C
    176.1 ps  \datapath.memoryinterface.byte_size_load.byteval [7]:         _15345_/Y ->         _15244_/A
    239.5 ps                                                _4058_:         _15244_/Y ->         _15245_/B
    304.7 ps                                                _4059_:         _15245_/Y ->         _15246_/C
    415.8 ps                                                _4060_:         _15246_/Y -> BUFX2_insert540/A
    584.9 ps                                        _4060__bF$buf1: BUFX2_insert540/Y ->         _15261_/C
    751.4 ps                            \datapath.memdataload [10]:         _15261_/Y ->         _12147_/D

   setup at destination = 222.581

Path input pin DMEM_DATA_L[7] to _12151_/D delay 973.977 ps
      0.0 ps                                        DMEM_DATA_L[7]:                   ->         _15342_/A
     83.1 ps                                                _4125_:         _15342_/Y ->         _15345_/C
    176.1 ps  \datapath.memoryinterface.byte_size_load.byteval [7]:         _15345_/Y ->         _15244_/A
    239.5 ps                                                _4058_:         _15244_/Y ->         _15245_/B
    304.7 ps                                                _4059_:         _15245_/Y ->         _15246_/C
    415.8 ps                                                _4060_:         _15246_/Y -> BUFX2_insert540/A
    584.9 ps                                        _4060__bF$buf1: BUFX2_insert540/Y ->         _15281_/C
    751.4 ps                            \datapath.memdataload [14]:         _15281_/Y ->         _12151_/D

   setup at destination = 222.581

-----------------------------------------

