Qflow static timing analysis logfile created on vie 04 dic 2020 17:59:54 CST
Running vesta static timing analysis
vesta --summary reports --long BranchPredictor.rtlnopwr.v /usr/share/qflow/tech/osu018/osu018_stdcells.lib
----------------------------------------------
Vesta static timing analysis tool
for qflow 1.4.87
(c) 2013-2018 Tim Edwards, Open Circuit Design
----------------------------------------------

Parsing library "osu018_stdcells"
End of library at line 6141
Lib read /usr/share/qflow/tech/osu018/osu018_stdcells.lib:  Processed 6142 lines.
Parsing module "BranchPredictor"
Verilog netlist read:  Processed 596207 lines.
Number of paths analyzed:  14110

Top 20 maximum delay paths:
Path _133188_/CLK to _133134_/D delay 2400.66 ps
      0.0 ps    clk_bF$buf501: CLKBUF1_insert2205/Y ->         _133188_/CLK
    238.1 ps    \110[198] [1]:           _133188_/Q ->         _103634_/A
    338.3 ps          _58415_:           _103634_/Y ->         _104440_/B
    444.6 ps          _58850_:           _104440_/Y ->         _104441_/A
    531.1 ps          _58851_:           _104441_/Y ->         _104445_/A
    611.3 ps          _58855_:           _104445_/Y ->         _104455_/A
    693.7 ps          _58865_:           _104455_/Y ->         _104471_/C
    760.4 ps          _58881_:           _104471_/Y ->         _104507_/A
    824.5 ps          _58917_:           _104507_/Y ->         _104508_/B
    884.9 ps          _58918_:           _104508_/Y ->         _104509_/C
    949.6 ps          _58919_:           _104509_/Y ->         _104628_/C
   1043.3 ps          _59038_:           _104628_/Y ->         _104629_/B
   1144.8 ps          _59039_:           _104629_/Y ->         _104900_/A
   1232.2 ps          _09_[1]:           _104900_/Y ->         _102869_/B
   1513.7 ps          _58046_:           _102869_/Y -> BUFX2_insert5487/A
   1882.9 ps  _58046__bF$buf8:   BUFX2_insert5487/Y ->         _103529_/A
   2034.1 ps          _58364_:           _103529_/Y ->         _103530_/A
   2125.2 ps          _58365_:           _103530_/Y ->         _103531_/C
   2183.8 ps          _13471_:           _103531_/Y ->         _133134_/D

   clock skew at destination = 35.6755
   setup at destination = 181.17

Path _133188_/CLK to _133160_/D delay 2400.66 ps
      0.0 ps    clk_bF$buf501: CLKBUF1_insert2205/Y ->         _133188_/CLK
    238.1 ps    \110[198] [1]:           _133188_/Q ->         _103634_/A
    338.3 ps          _58415_:           _103634_/Y ->         _104440_/B
    444.6 ps          _58850_:           _104440_/Y ->         _104441_/A
    531.1 ps          _58851_:           _104441_/Y ->         _104445_/A
    611.3 ps          _58855_:           _104445_/Y ->         _104455_/A
    693.7 ps          _58865_:           _104455_/Y ->         _104471_/C
    760.4 ps          _58881_:           _104471_/Y ->         _104507_/A
    824.5 ps          _58917_:           _104507_/Y ->         _104508_/B
    884.9 ps          _58918_:           _104508_/Y ->         _104509_/C
    949.6 ps          _58919_:           _104509_/Y ->         _104628_/C
   1043.3 ps          _59038_:           _104628_/Y ->         _104629_/B
   1144.8 ps          _59039_:           _104629_/Y ->         _104900_/A
   1232.2 ps          _09_[1]:           _104900_/Y ->         _102869_/B
   1513.7 ps          _58046_:           _102869_/Y -> BUFX2_insert5487/A
   1882.9 ps  _58046__bF$buf8:   BUFX2_insert5487/Y ->         _103529_/A
   2034.1 ps          _58364_:           _103529_/Y ->         _103580_/A
   2125.2 ps          _58389_:           _103580_/Y ->         _103581_/C
   2183.8 ps          _13499_:           _103581_/Y ->         _133160_/D

   clock skew at destination = 35.6755
   setup at destination = 181.17

Path _133188_/CLK to _133222_/D delay 2294.8 ps
      0.0 ps     clk_bF$buf501: CLKBUF1_insert2205/Y ->         _133188_/CLK
    238.1 ps     \110[198] [1]:           _133188_/Q ->         _103634_/A
    338.3 ps           _58415_:           _103634_/Y ->         _104440_/B
    444.6 ps           _58850_:           _104440_/Y ->         _104441_/A
    531.1 ps           _58851_:           _104441_/Y ->         _104445_/A
    611.3 ps           _58855_:           _104445_/Y ->         _104455_/A
    693.7 ps           _58865_:           _104455_/Y ->         _104471_/C
    760.4 ps           _58881_:           _104471_/Y ->         _104507_/A
    824.5 ps           _58917_:           _104507_/Y ->         _104508_/B
    884.9 ps           _58918_:           _104508_/Y ->         _104509_/C
    949.6 ps           _58919_:           _104509_/Y ->         _104628_/C
   1043.3 ps           _59038_:           _104628_/Y ->         _104629_/B
   1144.8 ps           _59039_:           _104629_/Y ->         _104900_/A
   1232.2 ps           _09_[1]:           _104900_/Y ->         _102869_/B
   1513.7 ps           _58046_:           _102869_/Y -> BUFX2_insert5485/A
   1891.9 ps  _58046__bF$buf10:   BUFX2_insert5485/Y ->         _103696_/B
   2027.4 ps           _13569_:           _103696_/Y ->         _133222_/D

   clock skew at destination = 52.0452
   setup at destination = 215.395

Path _133188_/CLK to _132866_/D delay 2291.37 ps
      0.0 ps    clk_bF$buf501: CLKBUF1_insert2205/Y ->         _133188_/CLK
    238.1 ps    \110[198] [1]:           _133188_/Q ->         _103634_/A
    338.3 ps          _58415_:           _103634_/Y ->         _104440_/B
    444.6 ps          _58850_:           _104440_/Y ->         _104441_/A
    531.1 ps          _58851_:           _104441_/Y ->         _104445_/A
    611.3 ps          _58855_:           _104445_/Y ->         _104455_/A
    693.7 ps          _58865_:           _104455_/Y ->         _104471_/C
    760.4 ps          _58881_:           _104471_/Y ->         _104507_/A
    824.5 ps          _58917_:           _104507_/Y ->         _104508_/B
    884.9 ps          _58918_:           _104508_/Y ->         _104509_/C
    949.6 ps          _58919_:           _104509_/Y ->         _104628_/C
   1043.3 ps          _59038_:           _104628_/Y ->         _104629_/B
   1144.8 ps          _59039_:           _104629_/Y ->         _104900_/A
   1232.2 ps          _09_[1]:           _104900_/Y ->         _102869_/B
   1513.7 ps          _58046_:           _102869_/Y -> BUFX2_insert5488/A
   1889.4 ps  _58046__bF$buf7:   BUFX2_insert5488/Y ->         _103013_/B
   2024.2 ps          _13685_:           _103013_/Y ->         _132866_/D

   clock skew at destination = 52.0452
   setup at destination = 215.125

Path _133188_/CLK to _133223_/D delay 2283.2 ps
      0.0 ps    clk_bF$buf501: CLKBUF1_insert2205/Y ->         _133188_/CLK
    238.1 ps    \110[198] [1]:           _133188_/Q ->         _103634_/A
    338.3 ps          _58415_:           _103634_/Y ->         _104440_/B
    444.6 ps          _58850_:           _104440_/Y ->         _104441_/A
    531.1 ps          _58851_:           _104441_/Y ->         _104445_/A
    611.3 ps          _58855_:           _104445_/Y ->         _104455_/A
    693.7 ps          _58865_:           _104455_/Y ->         _104471_/C
    760.4 ps          _58881_:           _104471_/Y ->         _104507_/A
    824.5 ps          _58917_:           _104507_/Y ->         _104508_/B
    884.9 ps          _58918_:           _104508_/Y ->         _104509_/C
    949.6 ps          _58919_:           _104509_/Y ->         _104628_/C
   1043.3 ps          _59038_:           _104628_/Y ->         _104898_/B
   1143.9 ps          _59308_:           _104898_/Y ->         _104899_/B
   1219.3 ps          _09_[0]:           _104899_/Y ->         _102864_/A
   1288.1 ps          _58042_:           _102864_/Y ->         _102865_/C
   1456.3 ps          _58043_:           _102865_/Y ->         _102866_/A
   1558.9 ps          _58044_:           _102866_/Y -> BUFX2_insert3010/A
   1885.7 ps  _58044__bF$buf7:   BUFX2_insert3010/Y ->         _103698_/B
   2017.4 ps          _13570_:           _103698_/Y ->         _133223_/D

   clock skew at destination = 52.0452
   setup at destination = 213.763

Path _133188_/CLK to _132865_/D delay 2283.2 ps
      0.0 ps     clk_bF$buf501: CLKBUF1_insert2205/Y ->         _133188_/CLK
    238.1 ps     \110[198] [1]:           _133188_/Q ->         _103634_/A
    338.3 ps           _58415_:           _103634_/Y ->         _104440_/B
    444.6 ps           _58850_:           _104440_/Y ->         _104441_/A
    531.1 ps           _58851_:           _104441_/Y ->         _104445_/A
    611.3 ps           _58855_:           _104445_/Y ->         _104455_/A
    693.7 ps           _58865_:           _104455_/Y ->         _104471_/C
    760.4 ps           _58881_:           _104471_/Y ->         _104507_/A
    824.5 ps           _58917_:           _104507_/Y ->         _104508_/B
    884.9 ps           _58918_:           _104508_/Y ->         _104509_/C
    949.6 ps           _58919_:           _104509_/Y ->         _104628_/C
   1043.3 ps           _59038_:           _104628_/Y ->         _104898_/B
   1143.9 ps           _59308_:           _104898_/Y ->         _104899_/B
   1219.3 ps           _09_[0]:           _104899_/Y ->         _102864_/A
   1288.1 ps           _58042_:           _102864_/Y ->         _102865_/C
   1456.3 ps           _58043_:           _102865_/Y ->         _102866_/A
   1558.9 ps           _58044_:           _102866_/Y -> BUFX2_insert3007/A
   1885.7 ps  _58044__bF$buf10:   BUFX2_insert3007/Y ->         _103011_/B
   2017.4 ps           _13684_:           _103011_/Y ->         _132865_/D

   clock skew at destination = 52.0452
   setup at destination = 213.763

Path _133188_/CLK to _132983_/D delay 2283.08 ps
      0.0 ps     clk_bF$buf501: CLKBUF1_insert2205/Y ->         _133188_/CLK
    238.1 ps     \110[198] [1]:           _133188_/Q ->         _103634_/A
    338.3 ps           _58415_:           _103634_/Y ->         _104440_/B
    444.6 ps           _58850_:           _104440_/Y ->         _104441_/A
    531.1 ps           _58851_:           _104441_/Y ->         _104445_/A
    611.3 ps           _58855_:           _104445_/Y ->         _104455_/A
    693.7 ps           _58865_:           _104455_/Y ->         _104471_/C
    760.4 ps           _58881_:           _104471_/Y ->         _104507_/A
    824.5 ps           _58917_:           _104507_/Y ->         _104508_/B
    884.9 ps           _58918_:           _104508_/Y ->         _104509_/C
    949.6 ps           _58919_:           _104509_/Y ->         _104628_/C
   1043.3 ps           _59038_:           _104628_/Y ->         _104898_/B
   1143.9 ps           _59308_:           _104898_/Y ->         _104899_/B
   1219.3 ps           _09_[0]:           _104899_/Y ->         _102864_/A
   1288.1 ps           _58042_:           _102864_/Y ->         _102865_/C
   1456.3 ps           _58043_:           _102865_/Y ->         _102866_/A
   1558.9 ps           _58044_:           _102866_/Y -> BUFX2_insert3002/A
   1885.6 ps  _58044__bF$buf15:   BUFX2_insert3002/Y ->         _103238_/B
   2017.3 ps           _13814_:           _103238_/Y ->         _132983_/D

   clock skew at destination = 52.0452
   setup at destination = 213.754

Path _133188_/CLK to _132984_/D delay 2282.7 ps
      0.0 ps    clk_bF$buf501: CLKBUF1_insert2205/Y ->         _133188_/CLK
    238.1 ps    \110[198] [1]:           _133188_/Q ->         _103634_/A
    338.3 ps          _58415_:           _103634_/Y ->         _104440_/B
    444.6 ps          _58850_:           _104440_/Y ->         _104441_/A
    531.1 ps          _58851_:           _104441_/Y ->         _104445_/A
    611.3 ps          _58855_:           _104445_/Y ->         _104455_/A
    693.7 ps          _58865_:           _104455_/Y ->         _104471_/C
    760.4 ps          _58881_:           _104471_/Y ->         _104507_/A
    824.5 ps          _58917_:           _104507_/Y ->         _104508_/B
    884.9 ps          _58918_:           _104508_/Y ->         _104509_/C
    949.6 ps          _58919_:           _104509_/Y ->         _104628_/C
   1043.3 ps          _59038_:           _104628_/Y ->         _104629_/B
   1144.8 ps          _59039_:           _104629_/Y ->         _104900_/A
   1232.2 ps          _09_[1]:           _104900_/Y ->         _102869_/B
   1513.7 ps          _58046_:           _102869_/Y -> BUFX2_insert5487/A
   1882.9 ps  _58046__bF$buf8:   BUFX2_insert5487/Y ->         _103240_/B
   2016.2 ps          _13815_:           _103240_/Y ->         _132984_/D

   clock skew at destination = 52.0452
   setup at destination = 214.441

Path _133188_/CLK to _132869_/D delay 2281.18 ps
      0.0 ps    clk_bF$buf501: CLKBUF1_insert2205/Y ->         _133188_/CLK
    238.1 ps    \110[198] [1]:           _133188_/Q ->         _103634_/A
    338.3 ps          _58415_:           _103634_/Y ->         _104440_/B
    444.6 ps          _58850_:           _104440_/Y ->         _104441_/A
    531.1 ps          _58851_:           _104441_/Y ->         _104445_/A
    611.3 ps          _58855_:           _104445_/Y ->         _104455_/A
    693.7 ps          _58865_:           _104455_/Y ->         _104471_/C
    760.4 ps          _58881_:           _104471_/Y ->         _104507_/A
    824.5 ps          _58917_:           _104507_/Y ->         _104508_/B
    884.9 ps          _58918_:           _104508_/Y ->         _104509_/C
    949.6 ps          _58919_:           _104509_/Y ->         _104628_/C
   1043.3 ps          _59038_:           _104628_/Y ->         _104898_/B
   1143.9 ps          _59308_:           _104898_/Y ->         _104899_/B
   1219.3 ps          _09_[0]:           _104899_/Y ->         _102864_/A
   1288.1 ps          _58042_:           _102864_/Y ->         _102865_/C
   1456.3 ps          _58043_:           _102865_/Y ->         _102866_/A
   1558.9 ps          _58044_:           _102866_/Y -> BUFX2_insert3009/A
   1884.2 ps  _58044__bF$buf8:   BUFX2_insert3009/Y ->         _103019_/B
   2015.5 ps          _13688_:           _103019_/Y ->         _132869_/D

   clock skew at destination = 52.0452
   setup at destination = 213.603

Path _133188_/CLK to _133221_/D delay 2281.18 ps
      0.0 ps    clk_bF$buf501: CLKBUF1_insert2205/Y ->         _133188_/CLK
    238.1 ps    \110[198] [1]:           _133188_/Q ->         _103634_/A
    338.3 ps          _58415_:           _103634_/Y ->         _104440_/B
    444.6 ps          _58850_:           _104440_/Y ->         _104441_/A
    531.1 ps          _58851_:           _104441_/Y ->         _104445_/A
    611.3 ps          _58855_:           _104445_/Y ->         _104455_/A
    693.7 ps          _58865_:           _104455_/Y ->         _104471_/C
    760.4 ps          _58881_:           _104471_/Y ->         _104507_/A
    824.5 ps          _58917_:           _104507_/Y ->         _104508_/B
    884.9 ps          _58918_:           _104508_/Y ->         _104509_/C
    949.6 ps          _58919_:           _104509_/Y ->         _104628_/C
   1043.3 ps          _59038_:           _104628_/Y ->         _104898_/B
   1143.9 ps          _59308_:           _104898_/Y ->         _104899_/B
   1219.3 ps          _09_[0]:           _104899_/Y ->         _102864_/A
   1288.1 ps          _58042_:           _102864_/Y ->         _102865_/C
   1456.3 ps          _58043_:           _102865_/Y ->         _102866_/A
   1558.9 ps          _58044_:           _102866_/Y -> BUFX2_insert3009/A
   1884.2 ps  _58044__bF$buf8:   BUFX2_insert3009/Y ->         _103694_/B
   2015.5 ps          _13568_:           _103694_/Y ->         _133221_/D

   clock skew at destination = 52.0452
   setup at destination = 213.603

Path _133188_/CLK to _132854_/D delay 2280.08 ps
      0.0 ps     clk_bF$buf501: CLKBUF1_insert2205/Y ->         _133188_/CLK
    238.1 ps     \110[198] [1]:           _133188_/Q ->         _103634_/A
    338.3 ps           _58415_:           _103634_/Y ->         _104440_/B
    444.6 ps           _58850_:           _104440_/Y ->         _104441_/A
    531.1 ps           _58851_:           _104441_/Y ->         _104445_/A
    611.3 ps           _58855_:           _104445_/Y ->         _104455_/A
    693.7 ps           _58865_:           _104455_/Y ->         _104471_/C
    760.4 ps           _58881_:           _104471_/Y ->         _104507_/A
    824.5 ps           _58917_:           _104507_/Y ->         _104508_/B
    884.9 ps           _58918_:           _104508_/Y ->         _104509_/C
    949.6 ps           _58919_:           _104509_/Y ->         _104628_/C
   1043.3 ps           _59038_:           _104628_/Y ->         _104629_/B
   1144.8 ps           _59039_:           _104629_/Y ->         _104900_/A
   1232.2 ps           _09_[1]:           _104900_/Y ->         _102869_/B
   1513.7 ps           _58046_:           _102869_/Y -> BUFX2_insert5482/A
   1893.1 ps  _58046__bF$buf13:   BUFX2_insert5482/Y ->         _102989_/B
   2028.9 ps           _13673_:           _102989_/Y ->         _132854_/D

   clock skew at destination = 35.6755
   setup at destination = 215.52

Path _133188_/CLK to _132884_/D delay 2280.08 ps
      0.0 ps     clk_bF$buf501: CLKBUF1_insert2205/Y ->         _133188_/CLK
    238.1 ps     \110[198] [1]:           _133188_/Q ->         _103634_/A
    338.3 ps           _58415_:           _103634_/Y ->         _104440_/B
    444.6 ps           _58850_:           _104440_/Y ->         _104441_/A
    531.1 ps           _58851_:           _104441_/Y ->         _104445_/A
    611.3 ps           _58855_:           _104445_/Y ->         _104455_/A
    693.7 ps           _58865_:           _104455_/Y ->         _104471_/C
    760.4 ps           _58881_:           _104471_/Y ->         _104507_/A
    824.5 ps           _58917_:           _104507_/Y ->         _104508_/B
    884.9 ps           _58918_:           _104508_/Y ->         _104509_/C
    949.6 ps           _58919_:           _104509_/Y ->         _104628_/C
   1043.3 ps           _59038_:           _104628_/Y ->         _104629_/B
   1144.8 ps           _59039_:           _104629_/Y ->         _104900_/A
   1232.2 ps           _09_[1]:           _104900_/Y ->         _102869_/B
   1513.7 ps           _58046_:           _102869_/Y -> BUFX2_insert5482/A
   1893.1 ps  _58046__bF$buf13:   BUFX2_insert5482/Y ->         _103049_/B
   2028.9 ps           _13705_:           _103049_/Y ->         _132884_/D

   clock skew at destination = 35.6755
   setup at destination = 215.52

Path _133188_/CLK to _132914_/D delay 2280.08 ps
      0.0 ps     clk_bF$buf501: CLKBUF1_insert2205/Y ->         _133188_/CLK
    238.1 ps     \110[198] [1]:           _133188_/Q ->         _103634_/A
    338.3 ps           _58415_:           _103634_/Y ->         _104440_/B
    444.6 ps           _58850_:           _104440_/Y ->         _104441_/A
    531.1 ps           _58851_:           _104441_/Y ->         _104445_/A
    611.3 ps           _58855_:           _104445_/Y ->         _104455_/A
    693.7 ps           _58865_:           _104455_/Y ->         _104471_/C
    760.4 ps           _58881_:           _104471_/Y ->         _104507_/A
    824.5 ps           _58917_:           _104507_/Y ->         _104508_/B
    884.9 ps           _58918_:           _104508_/Y ->         _104509_/C
    949.6 ps           _58919_:           _104509_/Y ->         _104628_/C
   1043.3 ps           _59038_:           _104628_/Y ->         _104629_/B
   1144.8 ps           _59039_:           _104629_/Y ->         _104900_/A
   1232.2 ps           _09_[1]:           _104900_/Y ->         _102869_/B
   1513.7 ps           _58046_:           _102869_/Y -> BUFX2_insert5482/A
   1893.1 ps  _58046__bF$buf13:   BUFX2_insert5482/Y ->         _103109_/B
   2028.9 ps           _13739_:           _103109_/Y ->         _132914_/D

   clock skew at destination = 35.6755
   setup at destination = 215.52

Path _133188_/CLK to _132974_/D delay 2280.08 ps
      0.0 ps     clk_bF$buf501: CLKBUF1_insert2205/Y ->         _133188_/CLK
    238.1 ps     \110[198] [1]:           _133188_/Q ->         _103634_/A
    338.3 ps           _58415_:           _103634_/Y ->         _104440_/B
    444.6 ps           _58850_:           _104440_/Y ->         _104441_/A
    531.1 ps           _58851_:           _104441_/Y ->         _104445_/A
    611.3 ps           _58855_:           _104445_/Y ->         _104455_/A
    693.7 ps           _58865_:           _104455_/Y ->         _104471_/C
    760.4 ps           _58881_:           _104471_/Y ->         _104507_/A
    824.5 ps           _58917_:           _104507_/Y ->         _104508_/B
    884.9 ps           _58918_:           _104508_/Y ->         _104509_/C
    949.6 ps           _58919_:           _104509_/Y ->         _104628_/C
   1043.3 ps           _59038_:           _104628_/Y ->         _104629_/B
   1144.8 ps           _59039_:           _104629_/Y ->         _104900_/A
   1232.2 ps           _09_[1]:           _104900_/Y ->         _102869_/B
   1513.7 ps           _58046_:           _102869_/Y -> BUFX2_insert5482/A
   1893.1 ps  _58046__bF$buf13:   BUFX2_insert5482/Y ->         _103220_/B
   2028.9 ps           _13805_:           _103220_/Y ->         _132974_/D

   clock skew at destination = 35.6755
   setup at destination = 215.52

Path _133188_/CLK to _133034_/D delay 2280.08 ps
      0.0 ps     clk_bF$buf501: CLKBUF1_insert2205/Y ->         _133188_/CLK
    238.1 ps     \110[198] [1]:           _133188_/Q ->         _103634_/A
    338.3 ps           _58415_:           _103634_/Y ->         _104440_/B
    444.6 ps           _58850_:           _104440_/Y ->         _104441_/A
    531.1 ps           _58851_:           _104441_/Y ->         _104445_/A
    611.3 ps           _58855_:           _104445_/Y ->         _104455_/A
    693.7 ps           _58865_:           _104455_/Y ->         _104471_/C
    760.4 ps           _58881_:           _104471_/Y ->         _104507_/A
    824.5 ps           _58917_:           _104507_/Y ->         _104508_/B
    884.9 ps           _58918_:           _104508_/Y ->         _104509_/C
    949.6 ps           _58919_:           _104509_/Y ->         _104628_/C
   1043.3 ps           _59038_:           _104628_/Y ->         _104629_/B
   1144.8 ps           _59039_:           _104629_/Y ->         _104900_/A
   1232.2 ps           _09_[1]:           _104900_/Y ->         _102869_/B
   1513.7 ps           _58046_:           _102869_/Y -> BUFX2_insert5482/A
   1893.1 ps  _58046__bF$buf13:   BUFX2_insert5482/Y ->         _103337_/B
   2028.9 ps           _13361_:           _103337_/Y ->         _133034_/D

   clock skew at destination = 35.6755
   setup at destination = 215.52

Path _133188_/CLK to _133094_/D delay 2280.08 ps
      0.0 ps     clk_bF$buf501: CLKBUF1_insert2205/Y ->         _133188_/CLK
    238.1 ps     \110[198] [1]:           _133188_/Q ->         _103634_/A
    338.3 ps           _58415_:           _103634_/Y ->         _104440_/B
    444.6 ps           _58850_:           _104440_/Y ->         _104441_/A
    531.1 ps           _58851_:           _104441_/Y ->         _104445_/A
    611.3 ps           _58855_:           _104445_/Y ->         _104455_/A
    693.7 ps           _58865_:           _104455_/Y ->         _104471_/C
    760.4 ps           _58881_:           _104471_/Y ->         _104507_/A
    824.5 ps           _58917_:           _104507_/Y ->         _104508_/B
    884.9 ps           _58918_:           _104508_/Y ->         _104509_/C
    949.6 ps           _58919_:           _104509_/Y ->         _104628_/C
   1043.3 ps           _59038_:           _104628_/Y ->         _104629_/B
   1144.8 ps           _59039_:           _104629_/Y ->         _104900_/A
   1232.2 ps           _09_[1]:           _104900_/Y ->         _102869_/B
   1513.7 ps           _58046_:           _102869_/Y -> BUFX2_insert5482/A
   1893.1 ps  _58046__bF$buf13:   BUFX2_insert5482/Y ->         _103451_/B
   2028.9 ps           _13427_:           _103451_/Y ->         _133094_/D

   clock skew at destination = 35.6755
   setup at destination = 215.52

Path _133188_/CLK to _133154_/D delay 2280.08 ps
      0.0 ps     clk_bF$buf501: CLKBUF1_insert2205/Y ->         _133188_/CLK
    238.1 ps     \110[198] [1]:           _133188_/Q ->         _103634_/A
    338.3 ps           _58415_:           _103634_/Y ->         _104440_/B
    444.6 ps           _58850_:           _104440_/Y ->         _104441_/A
    531.1 ps           _58851_:           _104441_/Y ->         _104445_/A
    611.3 ps           _58855_:           _104445_/Y ->         _104455_/A
    693.7 ps           _58865_:           _104455_/Y ->         _104471_/C
    760.4 ps           _58881_:           _104471_/Y ->         _104507_/A
    824.5 ps           _58917_:           _104507_/Y ->         _104508_/B
    884.9 ps           _58918_:           _104508_/Y ->         _104509_/C
    949.6 ps           _58919_:           _104509_/Y ->         _104628_/C
   1043.3 ps           _59038_:           _104628_/Y ->         _104629_/B
   1144.8 ps           _59039_:           _104629_/Y ->         _104900_/A
   1232.2 ps           _09_[1]:           _104900_/Y ->         _102869_/B
   1513.7 ps           _58046_:           _102869_/Y -> BUFX2_insert5482/A
   1893.1 ps  _58046__bF$buf13:   BUFX2_insert5482/Y ->         _103570_/B
   2028.9 ps           _13493_:           _103570_/Y ->         _133154_/D

   clock skew at destination = 35.6755
   setup at destination = 215.52

Path _133188_/CLK to _133216_/D delay 2280.08 ps
      0.0 ps     clk_bF$buf501: CLKBUF1_insert2205/Y ->         _133188_/CLK
    238.1 ps     \110[198] [1]:           _133188_/Q ->         _103634_/A
    338.3 ps           _58415_:           _103634_/Y ->         _104440_/B
    444.6 ps           _58850_:           _104440_/Y ->         _104441_/A
    531.1 ps           _58851_:           _104441_/Y ->         _104445_/A
    611.3 ps           _58855_:           _104445_/Y ->         _104455_/A
    693.7 ps           _58865_:           _104455_/Y ->         _104471_/C
    760.4 ps           _58881_:           _104471_/Y ->         _104507_/A
    824.5 ps           _58917_:           _104507_/Y ->         _104508_/B
    884.9 ps           _58918_:           _104508_/Y ->         _104509_/C
    949.6 ps           _58919_:           _104509_/Y ->         _104628_/C
   1043.3 ps           _59038_:           _104628_/Y ->         _104629_/B
   1144.8 ps           _59039_:           _104629_/Y ->         _104900_/A
   1232.2 ps           _09_[1]:           _104900_/Y ->         _102869_/B
   1513.7 ps           _58046_:           _102869_/Y -> BUFX2_insert5482/A
   1893.1 ps  _58046__bF$buf13:   BUFX2_insert5482/Y ->         _103685_/B
   2028.9 ps           _13563_:           _103685_/Y ->         _133216_/D

   clock skew at destination = 35.6755
   setup at destination = 215.52

Path _133188_/CLK to _133276_/D delay 2280.08 ps
      0.0 ps     clk_bF$buf501: CLKBUF1_insert2205/Y ->         _133188_/CLK
    238.1 ps     \110[198] [1]:           _133188_/Q ->         _103634_/A
    338.3 ps           _58415_:           _103634_/Y ->         _104440_/B
    444.6 ps           _58850_:           _104440_/Y ->         _104441_/A
    531.1 ps           _58851_:           _104441_/Y ->         _104445_/A
    611.3 ps           _58855_:           _104445_/Y ->         _104455_/A
    693.7 ps           _58865_:           _104455_/Y ->         _104471_/C
    760.4 ps           _58881_:           _104471_/Y ->         _104507_/A
    824.5 ps           _58917_:           _104507_/Y ->         _104508_/B
    884.9 ps           _58918_:           _104508_/Y ->         _104509_/C
    949.6 ps           _58919_:           _104509_/Y ->         _104628_/C
   1043.3 ps           _59038_:           _104628_/Y ->         _104629_/B
   1144.8 ps           _59039_:           _104629_/Y ->         _104900_/A
   1232.2 ps           _09_[1]:           _104900_/Y ->         _102869_/B
   1513.7 ps           _58046_:           _102869_/Y -> BUFX2_insert5482/A
   1893.1 ps  _58046__bF$buf13:   BUFX2_insert5482/Y ->         _103792_/B
   2028.9 ps           _13629_:           _103792_/Y ->         _133276_/D

   clock skew at destination = 35.6755
   setup at destination = 215.52

Path _133188_/CLK to _132850_/D delay 2279.25 ps
      0.0 ps    clk_bF$buf501: CLKBUF1_insert2205/Y ->         _133188_/CLK
    238.1 ps    \110[198] [1]:           _133188_/Q ->         _103634_/A
    338.3 ps          _58415_:           _103634_/Y ->         _104440_/B
    444.6 ps          _58850_:           _104440_/Y ->         _104441_/A
    531.1 ps          _58851_:           _104441_/Y ->         _104445_/A
    611.3 ps          _58855_:           _104445_/Y ->         _104455_/A
    693.7 ps          _58865_:           _104455_/Y ->         _104471_/C
    760.4 ps          _58881_:           _104471_/Y ->         _104507_/A
    824.5 ps          _58917_:           _104507_/Y ->         _104508_/B
    884.9 ps          _58918_:           _104508_/Y ->         _104509_/C
    949.6 ps          _58919_:           _104509_/Y ->         _104628_/C
   1043.3 ps          _59038_:           _104628_/Y ->         _104629_/B
   1144.8 ps          _59039_:           _104629_/Y ->         _104900_/A
   1232.2 ps          _09_[1]:           _104900_/Y ->         _102869_/B
   1513.7 ps          _58046_:           _102869_/Y -> BUFX2_insert5495/A
   1892.5 ps  _58046__bF$buf0:   BUFX2_insert5495/Y ->         _102981_/B
   2028.1 ps          _13667_:           _102981_/Y ->         _132850_/D

   clock skew at destination = 35.6755
   setup at destination = 215.455

Computed maximum clock frequency (zero margin) = 416.551 MHz
-----------------------------------------

Number of paths analyzed:  14110

Top 20 minimum delay paths:
Path _133555_/CLK to _133555_/D delay 188.167 ps
      0.0 ps  clk_bF$buf134: CLKBUF1_insert2572/Y -> _133555_/CLK
     64.1 ps     \115[253] :           _133555_/Q -> _104350_/A
    134.6 ps        _58763_:           _104350_/Y -> _104351_/A
    191.8 ps        _13994_:           _104351_/Y -> _133555_/D

   clock skew at destination = 0
   hold at destination = -3.68163

Path _132241_/CLK to _132241_/D delay 188.167 ps
      0.0 ps   clk_bF$buf156: CLKBUF1_insert2550/Y -> _132241_/CLK
     64.1 ps  \106[230] [20]:           _132241_/Q -> _114181_/A
    134.6 ps         _22963_:           _114181_/Y -> _101874_/A
    191.8 ps         _10882_:           _101874_/Y -> _132241_/D

   clock skew at destination = 0
   hold at destination = -3.68163

Path _133531_/CLK to _133531_/D delay 188.167 ps
      0.0 ps  clk_bF$buf158: CLKBUF1_insert2548/Y -> _133531_/CLK
     64.1 ps     \115[229] :           _133531_/Q -> _104302_/A
    134.6 ps        _58739_:           _104302_/Y -> _104303_/A
    191.8 ps        _13967_:           _104303_/Y -> _133531_/D

   clock skew at destination = 0
   hold at destination = -3.68163

Path _133519_/CLK to _133519_/D delay 188.167 ps
      0.0 ps  clk_bF$buf170: CLKBUF1_insert2536/Y -> _133519_/CLK
     64.1 ps     \115[217] :           _133519_/Q -> _104278_/A
    134.6 ps        _58727_:           _104278_/Y -> _104279_/A
    191.8 ps        _13954_:           _104279_/Y -> _133519_/D

   clock skew at destination = 0
   hold at destination = -3.68163

Path _133504_/CLK to _133504_/D delay 188.167 ps
      0.0 ps  clk_bF$buf185: CLKBUF1_insert2521/Y -> _133504_/CLK
     64.1 ps     \115[202] :           _133504_/Q -> _104248_/A
    134.6 ps        _58712_:           _104248_/Y -> _104249_/A
    191.8 ps        _13938_:           _104249_/Y -> _133504_/D

   clock skew at destination = 0
   hold at destination = -3.68163

Path _133440_/CLK to _133440_/D delay 188.167 ps
      0.0 ps  clk_bF$buf249: CLKBUF1_insert2457/Y -> _133440_/CLK
     64.1 ps     \115[138] :           _133440_/Q -> _104120_/A
    134.6 ps        _58648_:           _104120_/Y -> _104121_/A
    191.8 ps        _13866_:           _104121_/Y -> _133440_/D

   clock skew at destination = 0
   hold at destination = -3.68163

Path _133439_/CLK to _133439_/D delay 188.167 ps
      0.0 ps  clk_bF$buf250: CLKBUF1_insert2456/Y -> _133439_/CLK
     64.1 ps     \115[137] :           _133439_/Q -> _104118_/A
    134.6 ps        _58647_:           _104118_/Y -> _104119_/A
    191.8 ps        _13865_:           _104119_/Y -> _133439_/D

   clock skew at destination = 0
   hold at destination = -3.68163

Path _133428_/CLK to _133428_/D delay 188.167 ps
      0.0 ps  clk_bF$buf261: CLKBUF1_insert2445/Y -> _133428_/CLK
     64.1 ps     \115[126] :           _133428_/Q -> _104096_/A
    134.6 ps        _58636_:           _104096_/Y -> _104097_/A
    191.8 ps        _13853_:           _104097_/Y -> _133428_/D

   clock skew at destination = 0
   hold at destination = -3.68163

Path _133427_/CLK to _133427_/D delay 188.167 ps
      0.0 ps  clk_bF$buf262: CLKBUF1_insert2444/Y -> _133427_/CLK
     64.1 ps     \115[125] :           _133427_/Q -> _104094_/A
    134.6 ps        _58635_:           _104094_/Y -> _104095_/A
    191.8 ps        _13852_:           _104095_/Y -> _133427_/D

   clock skew at destination = 0
   hold at destination = -3.68163

Path _133425_/CLK to _133425_/D delay 188.167 ps
      0.0 ps  clk_bF$buf264: CLKBUF1_insert2442/Y -> _133425_/CLK
     64.1 ps     \115[123] :           _133425_/Q -> _104090_/A
    134.6 ps        _58633_:           _104090_/Y -> _104091_/A
    191.8 ps        _13850_:           _104091_/Y -> _133425_/D

   clock skew at destination = 0
   hold at destination = -3.68163

Path _133369_/CLK to _133369_/D delay 188.167 ps
      0.0 ps  clk_bF$buf320: CLKBUF1_insert2386/Y -> _133369_/CLK
     64.1 ps      \115[67] :           _133369_/Q -> _103978_/A
    134.6 ps        _58577_:           _103978_/Y -> _103979_/A
    191.8 ps        _14043_:           _103979_/Y -> _133369_/D

   clock skew at destination = 0
   hold at destination = -3.68163

Path _133353_/CLK to _133353_/D delay 188.167 ps
      0.0 ps  clk_bF$buf336: CLKBUF1_insert2370/Y -> _133353_/CLK
     64.1 ps      \115[51] :           _133353_/Q -> _103946_/A
    134.6 ps        _58561_:           _103946_/Y -> _103947_/A
    191.8 ps        _14026_:           _103947_/Y -> _133353_/D

   clock skew at destination = 0
   hold at destination = -3.68163

Path _133340_/CLK to _133340_/D delay 188.167 ps
      0.0 ps  clk_bF$buf349: CLKBUF1_insert2357/Y -> _133340_/CLK
     64.1 ps      \115[38] :           _133340_/Q -> _103920_/A
    134.6 ps        _58548_:           _103920_/Y -> _103921_/A
    191.8 ps        _14011_:           _103921_/Y -> _133340_/D

   clock skew at destination = 0
   hold at destination = -3.68163

Path _133327_/CLK to _133327_/D delay 188.167 ps
      0.0 ps  clk_bF$buf362: CLKBUF1_insert2344/Y -> _133327_/CLK
     64.1 ps      \115[25] :           _133327_/Q -> _103894_/A
    134.6 ps        _58535_:           _103894_/Y -> _103895_/A
    191.8 ps        _13997_:           _103895_/Y -> _133327_/D

   clock skew at destination = 0
   hold at destination = -3.68163

Path _133316_/CLK to _133316_/D delay 188.167 ps
      0.0 ps  clk_bF$buf373: CLKBUF1_insert2333/Y -> _133316_/CLK
     64.1 ps      \115[14] :           _133316_/Q -> _103872_/A
    134.6 ps        _58524_:           _103872_/Y -> _103873_/A
    191.8 ps        _13879_:           _103873_/Y -> _133316_/D

   clock skew at destination = 0
   hold at destination = -3.68163

Path _133315_/CLK to _133315_/D delay 188.167 ps
      0.0 ps  clk_bF$buf374: CLKBUF1_insert2332/Y -> _133315_/CLK
     64.1 ps      \115[13] :           _133315_/Q -> _103870_/A
    134.6 ps        _58523_:           _103870_/Y -> _103871_/A
    191.8 ps        _13868_:           _103871_/Y -> _133315_/D

   clock skew at destination = 0
   hold at destination = -3.68163

Path _133305_/CLK to _133305_/D delay 188.167 ps
      0.0 ps  clk_bF$buf384: CLKBUF1_insert2322/Y -> _133305_/CLK
     64.1 ps       \115[3] :           _133305_/Q -> _103850_/A
    134.6 ps        _58513_:           _103850_/Y -> _103851_/A
    191.8 ps        _14013_:           _103851_/Y -> _133305_/D

   clock skew at destination = 0
   hold at destination = -3.68163

Path _126929_/CLK to _126929_/D delay 191.505 ps
      0.0 ps   clk_bF$buf300: CLKBUF1_insert2406/Y -> _126929_/CLK
     64.1 ps  \103[191] [16]:           _126929_/Q ->  _83194_/A
    138.1 ps         _46298_:            _83194_/Y ->  _89834_/A
    195.3 ps          _3037_:            _89834_/Y -> _126929_/D

   clock skew at destination = 0
   hold at destination = -3.83744

Path _131381_/CLK to _131381_/D delay 191.505 ps
      0.0 ps  clk_bF$buf1016: CLKBUF1_insert1690/Y -> _131381_/CLK
     64.1 ps  \106[191] [18]:           _131381_/Q -> _116919_/A
    138.1 ps         _25701_:           _116919_/Y -> _100506_/A
    195.3 ps          _9911_:           _100506_/Y -> _131381_/D

   clock skew at destination = 0
   hold at destination = -3.83744

Path _131379_/CLK to _131379_/D delay 191.505 ps
      0.0 ps  clk_bF$buf1018: CLKBUF1_insert1688/Y -> _131379_/CLK
     64.1 ps  \106[191] [16]:           _131379_/Q -> _114577_/A
    138.1 ps         _23359_:           _114577_/Y -> _100502_/A
    195.3 ps          _9909_:           _100502_/Y -> _131379_/D

   clock skew at destination = 0
   hold at destination = -3.83744

Design meets minimum hold timing.
-----------------------------------------

Number of paths analyzed:  14110

Top 20 maximum delay paths:
Path input pin PCw[7] to _133134_/D delay 3027.85 ps
      0.0 ps                 PCw[7]:                    ->          _64836_/A
     51.3 ps                _33356_:          _64836_/Y ->          _65077_/B
    225.5 ps                _33507_:          _65077_/Y ->          _65078_/A
    365.9 ps                _33508_:          _65078_/Y ->          _72975_/B
    825.4 ps                _37565_:          _72975_/Y ->          _73037_/A
    946.8 ps                _37597_:          _73037_/Y -> BUFX2_insert8842/A
   1096.9 ps  _37597__hier0_bF$buf3: BUFX2_insert8842/Y ->  BUFX2_insert550/A
   1306.5 ps       _37597__bF$buf36:  BUFX2_insert550/Y ->         _104471_/A
   1409.0 ps                _58881_:         _104471_/Y ->         _104507_/A
   1476.1 ps                _58917_:         _104507_/Y ->         _104508_/B
   1537.8 ps                _58918_:         _104508_/Y ->         _104509_/C
   1602.8 ps                _58919_:         _104509_/Y ->         _104628_/C
   1696.5 ps                _59038_:         _104628_/Y ->         _104629_/B
   1798.0 ps                _59039_:         _104629_/Y ->         _104900_/A
   1885.4 ps                _09_[1]:         _104900_/Y ->         _102869_/B
   2166.9 ps                _58046_:         _102869_/Y -> BUFX2_insert5487/A
   2536.2 ps        _58046__bF$buf8: BUFX2_insert5487/Y ->         _103529_/A
   2687.3 ps                _58364_:         _103529_/Y ->         _103530_/A
   2778.4 ps                _58365_:         _103530_/Y ->         _103531_/C
   2837.0 ps                _13471_:         _103531_/Y ->         _133134_/D

   setup at destination = 190.814

Path input pin PCw[7] to _133160_/D delay 3027.85 ps
      0.0 ps                 PCw[7]:                    ->          _64836_/A
     51.3 ps                _33356_:          _64836_/Y ->          _65077_/B
    225.5 ps                _33507_:          _65077_/Y ->          _65078_/A
    365.9 ps                _33508_:          _65078_/Y ->          _72975_/B
    825.4 ps                _37565_:          _72975_/Y ->          _73037_/A
    946.8 ps                _37597_:          _73037_/Y -> BUFX2_insert8842/A
   1096.9 ps  _37597__hier0_bF$buf3: BUFX2_insert8842/Y ->  BUFX2_insert550/A
   1306.5 ps       _37597__bF$buf36:  BUFX2_insert550/Y ->         _104471_/A
   1409.0 ps                _58881_:         _104471_/Y ->         _104507_/A
   1476.1 ps                _58917_:         _104507_/Y ->         _104508_/B
   1537.8 ps                _58918_:         _104508_/Y ->         _104509_/C
   1602.8 ps                _58919_:         _104509_/Y ->         _104628_/C
   1696.5 ps                _59038_:         _104628_/Y ->         _104629_/B
   1798.0 ps                _59039_:         _104629_/Y ->         _104900_/A
   1885.4 ps                _09_[1]:         _104900_/Y ->         _102869_/B
   2166.9 ps                _58046_:         _102869_/Y -> BUFX2_insert5487/A
   2536.2 ps        _58046__bF$buf8: BUFX2_insert5487/Y ->         _103529_/A
   2687.3 ps                _58364_:         _103529_/Y ->         _103580_/A
   2778.4 ps                _58389_:         _103580_/Y ->         _103581_/C
   2837.0 ps                _13499_:         _103581_/Y ->         _133160_/D

   setup at destination = 190.814

Path input pin PCw[4] to _130595_/D delay 2983.64 ps
      0.0 ps           PCw[4]:                    -> BUFX2_insert5580/A
    209.8 ps    PCw_4_bF$buf3: BUFX2_insert5580/Y ->          _65070_/A
    278.0 ps          _33500_:          _65070_/Y ->  BUFX2_insert517/A
    448.9 ps  _33500__bF$buf2:  BUFX2_insert517/Y ->          _65072_/A
    765.6 ps          _33502_:          _65072_/Y ->          _65073_/A
    979.0 ps          _33503_:          _65073_/Y ->          _65265_/B
   1084.9 ps          _33605_:          _65265_/Y ->          _66279_/A
   1178.7 ps          _34139_:          _66279_/Y ->          _66280_/B
   1614.6 ps          _34140_:          _66280_/Y ->          _66281_/A
   1764.9 ps          _34141_:          _66281_/Y ->  BUFX2_insert202/A
   2087.9 ps  _34141__bF$buf7:  BUFX2_insert202/Y ->          _66282_/B
   2352.0 ps          _34142_:          _66282_/Y -> BUFX2_insert6266/A
   2636.1 ps  _34142__bF$buf1: BUFX2_insert6266/Y ->          _99149_/B
   2732.7 ps          _56525_:          _99149_/Y ->          _99150_/C
   2792.8 ps           _9058_:          _99150_/Y ->         _130595_/D

   setup at destination = 190.821

Path input pin PCw[4] to _120503_/D delay 2975.58 ps
      0.0 ps           PCw[4]:                    -> BUFX2_insert5580/A
    209.8 ps    PCw_4_bF$buf3: BUFX2_insert5580/Y ->          _65070_/A
    278.0 ps          _33500_:          _65070_/Y ->  BUFX2_insert517/A
    448.9 ps  _33500__bF$buf2:  BUFX2_insert517/Y ->          _65072_/A
    765.6 ps          _33502_:          _65072_/Y ->          _65073_/A
    979.0 ps          _33503_:          _65073_/Y ->          _65265_/B
   1084.9 ps          _33605_:          _65265_/Y ->          _66279_/A
   1178.7 ps          _34139_:          _66279_/Y ->          _66280_/B
   1614.6 ps          _34140_:          _66280_/Y ->          _66281_/A
   1764.9 ps          _34141_:          _66281_/Y ->  BUFX2_insert202/A
   2087.9 ps  _34141__bF$buf7:  BUFX2_insert202/Y ->          _66282_/B
   2352.0 ps          _34142_:          _66282_/Y -> BUFX2_insert6264/A
   2629.4 ps  _34142__bF$buf3: BUFX2_insert6264/Y ->          _66303_/B
   2724.8 ps          _34153_:          _66303_/Y ->          _66304_/C
   2784.7 ps           _1861_:          _66304_/Y ->         _120503_/D

   setup at destination = 190.839

Path input pin PCw[4] to _120508_/D delay 2975.58 ps
      0.0 ps           PCw[4]:                    -> BUFX2_insert5580/A
    209.8 ps    PCw_4_bF$buf3: BUFX2_insert5580/Y ->          _65070_/A
    278.0 ps          _33500_:          _65070_/Y ->  BUFX2_insert517/A
    448.9 ps  _33500__bF$buf2:  BUFX2_insert517/Y ->          _65072_/A
    765.6 ps          _33502_:          _65072_/Y ->          _65073_/A
    979.0 ps          _33503_:          _65073_/Y ->          _65265_/B
   1084.9 ps          _33605_:          _65265_/Y ->          _66279_/A
   1178.7 ps          _34139_:          _66279_/Y ->          _66280_/B
   1614.6 ps          _34140_:          _66280_/Y ->          _66281_/A
   1764.9 ps          _34141_:          _66281_/Y ->  BUFX2_insert202/A
   2087.9 ps  _34141__bF$buf7:  BUFX2_insert202/Y ->          _66282_/B
   2352.0 ps          _34142_:          _66282_/Y -> BUFX2_insert6264/A
   2629.4 ps  _34142__bF$buf3: BUFX2_insert6264/Y ->          _66313_/B
   2724.8 ps          _34158_:          _66313_/Y ->          _66314_/C
   2784.7 ps           _1866_:          _66314_/Y ->         _120508_/D

   setup at destination = 190.839

Path input pin PCw[4] to _120512_/D delay 2975.58 ps
      0.0 ps           PCw[4]:                    -> BUFX2_insert5580/A
    209.8 ps    PCw_4_bF$buf3: BUFX2_insert5580/Y ->          _65070_/A
    278.0 ps          _33500_:          _65070_/Y ->  BUFX2_insert517/A
    448.9 ps  _33500__bF$buf2:  BUFX2_insert517/Y ->          _65072_/A
    765.6 ps          _33502_:          _65072_/Y ->          _65073_/A
    979.0 ps          _33503_:          _65073_/Y ->          _65265_/B
   1084.9 ps          _33605_:          _65265_/Y ->          _66279_/A
   1178.7 ps          _34139_:          _66279_/Y ->          _66280_/B
   1614.6 ps          _34140_:          _66280_/Y ->          _66281_/A
   1764.9 ps          _34141_:          _66281_/Y ->  BUFX2_insert202/A
   2087.9 ps  _34141__bF$buf7:  BUFX2_insert202/Y ->          _66282_/B
   2352.0 ps          _34142_:          _66282_/Y -> BUFX2_insert6261/A
   2629.4 ps  _34142__bF$buf6: BUFX2_insert6261/Y ->          _66321_/B
   2724.8 ps          _34162_:          _66321_/Y ->          _66322_/C
   2784.7 ps           _1870_:          _66322_/Y ->         _120512_/D

   setup at destination = 190.839

Path input pin PCw[4] to _120500_/D delay 2975.58 ps
      0.0 ps           PCw[4]:                    -> BUFX2_insert5580/A
    209.8 ps    PCw_4_bF$buf3: BUFX2_insert5580/Y ->          _65070_/A
    278.0 ps          _33500_:          _65070_/Y ->  BUFX2_insert517/A
    448.9 ps  _33500__bF$buf2:  BUFX2_insert517/Y ->          _65072_/A
    765.6 ps          _33502_:          _65072_/Y ->          _65073_/A
    979.0 ps          _33503_:          _65073_/Y ->          _65265_/B
   1084.9 ps          _33605_:          _65265_/Y ->          _66279_/A
   1178.7 ps          _34139_:          _66279_/Y ->          _66280_/B
   1614.6 ps          _34140_:          _66280_/Y ->          _66281_/A
   1764.9 ps          _34141_:          _66281_/Y ->  BUFX2_insert202/A
   2087.9 ps  _34141__bF$buf7:  BUFX2_insert202/Y ->          _66282_/B
   2352.0 ps          _34142_:          _66282_/Y -> BUFX2_insert6259/A
   2629.4 ps  _34142__bF$buf8: BUFX2_insert6259/Y ->          _66297_/B
   2724.8 ps          _34150_:          _66297_/Y ->          _66298_/C
   2784.7 ps           _1887_:          _66298_/Y ->         _120500_/D

   setup at destination = 190.839

Path input pin PCw[4] to _120511_/D delay 2975.58 ps
      0.0 ps           PCw[4]:                    -> BUFX2_insert5580/A
    209.8 ps    PCw_4_bF$buf3: BUFX2_insert5580/Y ->          _65070_/A
    278.0 ps          _33500_:          _65070_/Y ->  BUFX2_insert517/A
    448.9 ps  _33500__bF$buf2:  BUFX2_insert517/Y ->          _65072_/A
    765.6 ps          _33502_:          _65072_/Y ->          _65073_/A
    979.0 ps          _33503_:          _65073_/Y ->          _65265_/B
   1084.9 ps          _33605_:          _65265_/Y ->          _66279_/A
   1178.7 ps          _34139_:          _66279_/Y ->          _66280_/B
   1614.6 ps          _34140_:          _66280_/Y ->          _66281_/A
   1764.9 ps          _34141_:          _66281_/Y ->  BUFX2_insert202/A
   2087.9 ps  _34141__bF$buf7:  BUFX2_insert202/Y ->          _66282_/B
   2352.0 ps          _34142_:          _66282_/Y -> BUFX2_insert6259/A
   2629.4 ps  _34142__bF$buf8: BUFX2_insert6259/Y ->          _66319_/B
   2724.8 ps          _34161_:          _66319_/Y ->          _66320_/C
   2784.7 ps           _1869_:          _66320_/Y ->         _120511_/D

   setup at destination = 190.839

Path input pin PCw[4] to _133103_/D delay 2975.58 ps
      0.0 ps           PCw[4]:                    -> BUFX2_insert5580/A
    209.8 ps    PCw_4_bF$buf3: BUFX2_insert5580/Y ->          _65070_/A
    278.0 ps          _33500_:          _65070_/Y ->  BUFX2_insert517/A
    448.9 ps  _33500__bF$buf2:  BUFX2_insert517/Y ->          _65072_/A
    765.6 ps          _33502_:          _65072_/Y ->          _65073_/A
    979.0 ps          _33503_:          _65073_/Y ->          _65265_/B
   1084.9 ps          _33605_:          _65265_/Y ->          _66279_/A
   1178.7 ps          _34139_:          _66279_/Y ->          _66280_/B
   1614.6 ps          _34140_:          _66280_/Y ->          _66281_/A
   1764.9 ps          _34141_:          _66281_/Y ->  BUFX2_insert202/A
   2087.9 ps  _34141__bF$buf7:  BUFX2_insert202/Y ->          _66282_/B
   2352.0 ps          _34142_:          _66282_/Y -> BUFX2_insert6259/A
   2629.4 ps  _34142__bF$buf8: BUFX2_insert6259/Y ->         _103468_/B
   2724.8 ps          _58334_:         _103468_/Y ->         _103469_/C
   2784.7 ps          _13436_:         _103469_/Y ->         _133103_/D

   setup at destination = 190.839

Path input pin PCw[4] to _133104_/D delay 2975.58 ps
      0.0 ps           PCw[4]:                    -> BUFX2_insert5580/A
    209.8 ps    PCw_4_bF$buf3: BUFX2_insert5580/Y ->          _65070_/A
    278.0 ps          _33500_:          _65070_/Y ->  BUFX2_insert517/A
    448.9 ps  _33500__bF$buf2:  BUFX2_insert517/Y ->          _65072_/A
    765.6 ps          _33502_:          _65072_/Y ->          _65073_/A
    979.0 ps          _33503_:          _65073_/Y ->          _65265_/B
   1084.9 ps          _33605_:          _65265_/Y ->          _66279_/A
   1178.7 ps          _34139_:          _66279_/Y ->          _66280_/B
   1614.6 ps          _34140_:          _66280_/Y ->          _66281_/A
   1764.9 ps          _34141_:          _66281_/Y ->  BUFX2_insert202/A
   2087.9 ps  _34141__bF$buf7:  BUFX2_insert202/Y ->          _66282_/B
   2352.0 ps          _34142_:          _66282_/Y -> BUFX2_insert6261/A
   2629.4 ps  _34142__bF$buf6: BUFX2_insert6261/Y ->         _103470_/B
   2724.8 ps          _58335_:         _103470_/Y ->         _103471_/C
   2784.7 ps          _13437_:         _103471_/Y ->         _133104_/D

   setup at destination = 190.839

Path input pin PCw[4] to _130594_/D delay 2975.58 ps
      0.0 ps           PCw[4]:                    -> BUFX2_insert5580/A
    209.8 ps    PCw_4_bF$buf3: BUFX2_insert5580/Y ->          _65070_/A
    278.0 ps          _33500_:          _65070_/Y ->  BUFX2_insert517/A
    448.9 ps  _33500__bF$buf2:  BUFX2_insert517/Y ->          _65072_/A
    765.6 ps          _33502_:          _65072_/Y ->          _65073_/A
    979.0 ps          _33503_:          _65073_/Y ->          _65265_/B
   1084.9 ps          _33605_:          _65265_/Y ->          _66279_/A
   1178.7 ps          _34139_:          _66279_/Y ->          _66280_/B
   1614.6 ps          _34140_:          _66280_/Y ->          _66281_/A
   1764.9 ps          _34141_:          _66281_/Y ->  BUFX2_insert202/A
   2087.9 ps  _34141__bF$buf7:  BUFX2_insert202/Y ->          _66282_/B
   2352.0 ps          _34142_:          _66282_/Y -> BUFX2_insert6264/A
   2629.4 ps  _34142__bF$buf3: BUFX2_insert6264/Y ->          _99147_/B
   2724.8 ps          _56524_:          _99147_/Y ->          _99148_/C
   2784.7 ps           _9055_:          _99148_/Y ->         _130594_/D

   setup at destination = 190.839

Path input pin PCw[4] to _130598_/D delay 2975.58 ps
      0.0 ps           PCw[4]:                    -> BUFX2_insert5580/A
    209.8 ps    PCw_4_bF$buf3: BUFX2_insert5580/Y ->          _65070_/A
    278.0 ps          _33500_:          _65070_/Y ->  BUFX2_insert517/A
    448.9 ps  _33500__bF$buf2:  BUFX2_insert517/Y ->          _65072_/A
    765.6 ps          _33502_:          _65072_/Y ->          _65073_/A
    979.0 ps          _33503_:          _65073_/Y ->          _65265_/B
   1084.9 ps          _33605_:          _65265_/Y ->          _66279_/A
   1178.7 ps          _34139_:          _66279_/Y ->          _66280_/B
   1614.6 ps          _34140_:          _66280_/Y ->          _66281_/A
   1764.9 ps          _34141_:          _66281_/Y ->  BUFX2_insert202/A
   2087.9 ps  _34141__bF$buf7:  BUFX2_insert202/Y ->          _66282_/B
   2352.0 ps          _34142_:          _66282_/Y -> BUFX2_insert6261/A
   2629.4 ps  _34142__bF$buf6: BUFX2_insert6261/Y ->          _99153_/B
   2724.8 ps          _56526_:          _99153_/Y ->          _99154_/C
   2784.7 ps           _9061_:          _99154_/Y ->         _130598_/D

   setup at destination = 190.839

Path input pin PCw[4] to _120494_/D delay 2974.98 ps
      0.0 ps           PCw[4]:                    -> BUFX2_insert5580/A
    209.8 ps    PCw_4_bF$buf3: BUFX2_insert5580/Y ->          _65070_/A
    278.0 ps          _33500_:          _65070_/Y ->  BUFX2_insert517/A
    448.9 ps  _33500__bF$buf2:  BUFX2_insert517/Y ->          _65072_/A
    765.6 ps          _33502_:          _65072_/Y ->          _65073_/A
    979.0 ps          _33503_:          _65073_/Y ->          _65265_/B
   1084.9 ps          _33605_:          _65265_/Y ->          _66279_/A
   1178.7 ps          _34139_:          _66279_/Y ->          _66280_/B
   1614.6 ps          _34140_:          _66280_/Y ->          _66281_/A
   1764.9 ps          _34141_:          _66281_/Y ->  BUFX2_insert202/A
   2087.9 ps  _34141__bF$buf7:  BUFX2_insert202/Y ->          _66282_/B
   2352.0 ps          _34142_:          _66282_/Y -> BUFX2_insert6267/A
   2628.7 ps  _34142__bF$buf0: BUFX2_insert6267/Y ->          _66285_/B
   2724.1 ps          _34144_:          _66285_/Y ->          _66286_/C
   2784.1 ps           _1871_:          _66286_/Y ->         _120494_/D

   setup at destination = 190.837

Path input pin PCw[4] to _120505_/D delay 2974.98 ps
      0.0 ps           PCw[4]:                    -> BUFX2_insert5580/A
    209.8 ps    PCw_4_bF$buf3: BUFX2_insert5580/Y ->          _65070_/A
    278.0 ps          _33500_:          _65070_/Y ->  BUFX2_insert517/A
    448.9 ps  _33500__bF$buf2:  BUFX2_insert517/Y ->          _65072_/A
    765.6 ps          _33502_:          _65072_/Y ->          _65073_/A
    979.0 ps          _33503_:          _65073_/Y ->          _65265_/B
   1084.9 ps          _33605_:          _65265_/Y ->          _66279_/A
   1178.7 ps          _34139_:          _66279_/Y ->          _66280_/B
   1614.6 ps          _34140_:          _66280_/Y ->          _66281_/A
   1764.9 ps          _34141_:          _66281_/Y ->  BUFX2_insert202/A
   2087.9 ps  _34141__bF$buf7:  BUFX2_insert202/Y ->          _66282_/B
   2352.0 ps          _34142_:          _66282_/Y -> BUFX2_insert6267/A
   2628.7 ps  _34142__bF$buf0: BUFX2_insert6267/Y ->          _66307_/B
   2724.1 ps          _34155_:          _66307_/Y ->          _66308_/C
   2784.1 ps           _1863_:          _66308_/Y ->         _120505_/D

   setup at destination = 190.837

Path input pin PCw[4] to _120521_/D delay 2974.98 ps
      0.0 ps           PCw[4]:                    -> BUFX2_insert5580/A
    209.8 ps    PCw_4_bF$buf3: BUFX2_insert5580/Y ->          _65070_/A
    278.0 ps          _33500_:          _65070_/Y ->  BUFX2_insert517/A
    448.9 ps  _33500__bF$buf2:  BUFX2_insert517/Y ->          _65072_/A
    765.6 ps          _33502_:          _65072_/Y ->          _65073_/A
    979.0 ps          _33503_:          _65073_/Y ->          _65265_/B
   1084.9 ps          _33605_:          _65265_/Y ->          _66279_/A
   1178.7 ps          _34139_:          _66279_/Y ->          _66280_/B
   1614.6 ps          _34140_:          _66280_/Y ->          _66281_/A
   1764.9 ps          _34141_:          _66281_/Y ->  BUFX2_insert202/A
   2087.9 ps  _34141__bF$buf7:  BUFX2_insert202/Y ->          _66282_/B
   2352.0 ps          _34142_:          _66282_/Y -> BUFX2_insert6267/A
   2628.7 ps  _34142__bF$buf0: BUFX2_insert6267/Y ->          _66339_/B
   2724.1 ps          _34171_:          _66339_/Y ->          _66340_/C
   2784.1 ps           _1880_:          _66340_/Y ->         _120521_/D

   setup at destination = 190.837

Path input pin PCw[4] to _130602_/D delay 2974.98 ps
      0.0 ps           PCw[4]:                    -> BUFX2_insert5580/A
    209.8 ps    PCw_4_bF$buf3: BUFX2_insert5580/Y ->          _65070_/A
    278.0 ps          _33500_:          _65070_/Y ->  BUFX2_insert517/A
    448.9 ps  _33500__bF$buf2:  BUFX2_insert517/Y ->          _65072_/A
    765.6 ps          _33502_:          _65072_/Y ->          _65073_/A
    979.0 ps          _33503_:          _65073_/Y ->          _65265_/B
   1084.9 ps          _33605_:          _65265_/Y ->          _66279_/A
   1178.7 ps          _34139_:          _66279_/Y ->          _66280_/B
   1614.6 ps          _34140_:          _66280_/Y ->          _66281_/A
   1764.9 ps          _34141_:          _66281_/Y ->  BUFX2_insert202/A
   2087.9 ps  _34141__bF$buf7:  BUFX2_insert202/Y ->          _66282_/B
   2352.0 ps          _34142_:          _66282_/Y -> BUFX2_insert6267/A
   2628.7 ps  _34142__bF$buf0: BUFX2_insert6267/Y ->          _99159_/B
   2724.1 ps          _56528_:          _99159_/Y ->          _99160_/C
   2784.1 ps           _9065_:          _99160_/Y ->         _130602_/D

   setup at destination = 190.837

Path input pin PCw[4] to _130608_/D delay 2974.98 ps
      0.0 ps           PCw[4]:                    -> BUFX2_insert5580/A
    209.8 ps    PCw_4_bF$buf3: BUFX2_insert5580/Y ->          _65070_/A
    278.0 ps          _33500_:          _65070_/Y ->  BUFX2_insert517/A
    448.9 ps  _33500__bF$buf2:  BUFX2_insert517/Y ->          _65072_/A
    765.6 ps          _33502_:          _65072_/Y ->          _65073_/A
    979.0 ps          _33503_:          _65073_/Y ->          _65265_/B
   1084.9 ps          _33605_:          _65265_/Y ->          _66279_/A
   1178.7 ps          _34139_:          _66279_/Y ->          _66280_/B
   1614.6 ps          _34140_:          _66280_/Y ->          _66281_/A
   1764.9 ps          _34141_:          _66281_/Y ->  BUFX2_insert202/A
   2087.9 ps  _34141__bF$buf7:  BUFX2_insert202/Y ->          _66282_/B
   2352.0 ps          _34142_:          _66282_/Y -> BUFX2_insert6267/A
   2628.7 ps  _34142__bF$buf0: BUFX2_insert6267/Y ->          _99168_/B
   2724.1 ps          _56531_:          _99168_/Y ->          _99169_/C
   2784.1 ps           _9050_:          _99169_/Y ->         _130608_/D

   setup at destination = 190.837

Path input pin PCw[4] to _120496_/D delay 2974.71 ps
      0.0 ps           PCw[4]:                    -> BUFX2_insert5580/A
    209.8 ps    PCw_4_bF$buf3: BUFX2_insert5580/Y ->          _65070_/A
    278.0 ps          _33500_:          _65070_/Y ->  BUFX2_insert517/A
    448.9 ps  _33500__bF$buf2:  BUFX2_insert517/Y ->          _65072_/A
    765.6 ps          _33502_:          _65072_/Y ->          _65073_/A
    979.0 ps          _33503_:          _65073_/Y ->          _65265_/B
   1084.9 ps          _33605_:          _65265_/Y ->          _66279_/A
   1178.7 ps          _34139_:          _66279_/Y ->          _66280_/B
   1614.6 ps          _34140_:          _66280_/Y ->          _66281_/A
   1764.9 ps          _34141_:          _66281_/Y ->  BUFX2_insert202/A
   2087.9 ps  _34141__bF$buf7:  BUFX2_insert202/Y ->          _66282_/B
   2352.0 ps          _34142_:          _66282_/Y -> BUFX2_insert6262/A
   2628.6 ps  _34142__bF$buf5: BUFX2_insert6262/Y ->          _66289_/B
   2723.9 ps          _34146_:          _66289_/Y ->          _66290_/C
   2783.9 ps           _1883_:          _66290_/Y ->         _120496_/D

   setup at destination = 190.838

Path input pin PCw[4] to _120502_/D delay 2974.71 ps
      0.0 ps           PCw[4]:                    -> BUFX2_insert5580/A
    209.8 ps    PCw_4_bF$buf3: BUFX2_insert5580/Y ->          _65070_/A
    278.0 ps          _33500_:          _65070_/Y ->  BUFX2_insert517/A
    448.9 ps  _33500__bF$buf2:  BUFX2_insert517/Y ->          _65072_/A
    765.6 ps          _33502_:          _65072_/Y ->          _65073_/A
    979.0 ps          _33503_:          _65073_/Y ->          _65265_/B
   1084.9 ps          _33605_:          _65265_/Y ->          _66279_/A
   1178.7 ps          _34139_:          _66279_/Y ->          _66280_/B
   1614.6 ps          _34140_:          _66280_/Y ->          _66281_/A
   1764.9 ps          _34141_:          _66281_/Y ->  BUFX2_insert202/A
   2087.9 ps  _34141__bF$buf7:  BUFX2_insert202/Y ->          _66282_/B
   2352.0 ps          _34142_:          _66282_/Y -> BUFX2_insert6262/A
   2628.6 ps  _34142__bF$buf5: BUFX2_insert6262/Y ->          _66301_/B
   2723.9 ps          _34152_:          _66301_/Y ->          _66302_/C
   2783.9 ps           _1889_:          _66302_/Y ->         _120502_/D

   setup at destination = 190.838

Path input pin PCw[4] to _120507_/D delay 2974.71 ps
      0.0 ps           PCw[4]:                    -> BUFX2_insert5580/A
    209.8 ps    PCw_4_bF$buf3: BUFX2_insert5580/Y ->          _65070_/A
    278.0 ps          _33500_:          _65070_/Y ->  BUFX2_insert517/A
    448.9 ps  _33500__bF$buf2:  BUFX2_insert517/Y ->          _65072_/A
    765.6 ps          _33502_:          _65072_/Y ->          _65073_/A
    979.0 ps          _33503_:          _65073_/Y ->          _65265_/B
   1084.9 ps          _33605_:          _65265_/Y ->          _66279_/A
   1178.7 ps          _34139_:          _66279_/Y ->          _66280_/B
   1614.6 ps          _34140_:          _66280_/Y ->          _66281_/A
   1764.9 ps          _34141_:          _66281_/Y ->  BUFX2_insert202/A
   2087.9 ps  _34141__bF$buf7:  BUFX2_insert202/Y ->          _66282_/B
   2352.0 ps          _34142_:          _66282_/Y -> BUFX2_insert6262/A
   2628.6 ps  _34142__bF$buf5: BUFX2_insert6262/Y ->          _66311_/B
   2723.9 ps          _34157_:          _66311_/Y ->          _66312_/C
   2783.9 ps           _1865_:          _66312_/Y ->         _120507_/D

   setup at destination = 190.838

-----------------------------------------

Number of paths analyzed:  14110

Top 20 minimum delay paths:
Path input pin PCw[31] to _130790_/D delay 85.7126 ps
      0.0 ps  PCw[31]:           ->  _99479_/A
     48.5 ps  _56660_: _99479_/Y ->  _99480_/C
     90.4 ps   _9255_: _99480_/Y -> _130790_/D

   hold at destination = -4.7033

Path input pin PCw[31] to _130746_/D delay 85.7126 ps
      0.0 ps  PCw[31]:           ->  _99391_/A
     48.5 ps  _56616_: _99391_/Y ->  _99392_/C
     90.4 ps   _9211_: _99392_/Y -> _130746_/D

   hold at destination = -4.7033

Path input pin PCw[31] to _131384_/D delay 85.7126 ps
      0.0 ps  PCw[31]:            -> _100511_/A
     48.5 ps  _57098_: _100511_/Y -> _100512_/C
     90.4 ps   _9915_: _100512_/Y -> _131384_/D

   hold at destination = -4.7033

Path input pin PCw[31] to _131230_/D delay 85.7126 ps
      0.0 ps  PCw[31]:            -> _100224_/A
     48.5 ps  _56965_: _100224_/Y -> _100225_/C
     90.4 ps   _9739_: _100225_/Y -> _131230_/D

   hold at destination = -4.7033

Path input pin PCw[31] to _131142_/D delay 85.7126 ps
      0.0 ps  PCw[31]:            -> _100071_/A
     48.5 ps  _56900_: _100071_/Y -> _100072_/C
     90.4 ps   _9651_: _100072_/Y -> _131142_/D

   hold at destination = -4.7033

Path input pin PCw[30] to _130745_/D delay 85.7126 ps
      0.0 ps  PCw[30]:           ->  _99389_/A
     48.5 ps  _56615_: _99389_/Y ->  _99390_/C
     90.4 ps   _9210_: _99390_/Y -> _130745_/D

   hold at destination = -4.7033

Path input pin PCw[30] to _131229_/D delay 85.7126 ps
      0.0 ps  PCw[30]:            -> _100222_/A
     48.5 ps  _56964_: _100222_/Y -> _100223_/C
     90.4 ps   _9738_: _100223_/Y -> _131229_/D

   hold at destination = -4.7033

Path input pin PCw[29] to _131074_/D delay 85.7126 ps
      0.0 ps  PCw[29]:           ->  _99950_/A
     48.5 ps  _56847_: _99950_/Y ->  _99951_/C
     90.4 ps   _9560_: _99951_/Y -> _131074_/D

   hold at destination = -4.7033

Path input pin PCw[29] to _130788_/D delay 85.7126 ps
      0.0 ps  PCw[29]:           ->  _99475_/A
     48.5 ps  _56658_: _99475_/Y ->  _99476_/C
     90.4 ps   _9252_: _99476_/Y -> _130788_/D

   hold at destination = -4.7033

Path input pin PCw[29] to _131360_/D delay 85.7126 ps
      0.0 ps  PCw[29]:            -> _100463_/A
     48.5 ps  _57074_: _100463_/Y -> _100464_/C
     90.4 ps   _9890_: _100464_/Y -> _131360_/D

   hold at destination = -4.7033

Path input pin PCw[29] to _131228_/D delay 85.7126 ps
      0.0 ps  PCw[29]:            -> _100220_/A
     48.5 ps  _56963_: _100220_/Y -> _100221_/C
     90.4 ps   _9736_: _100221_/Y -> _131228_/D

   hold at destination = -4.7033

Path input pin PCw[29] to _131140_/D delay 85.7126 ps
      0.0 ps  PCw[29]:            -> _100067_/A
     48.5 ps  _56898_: _100067_/Y -> _100068_/C
     90.4 ps   _9648_: _100068_/Y -> _131140_/D

   hold at destination = -4.7033

Path input pin PCw[29] to _131118_/D delay 85.7126 ps
      0.0 ps  PCw[29]:            -> _100023_/A
     48.5 ps  _56876_: _100023_/Y -> _100024_/C
     90.4 ps   _9604_: _100024_/Y -> _131118_/D

   hold at destination = -4.7033

Path input pin PCw[28] to _130787_/D delay 85.7126 ps
      0.0 ps  PCw[28]:           ->  _99473_/A
     48.5 ps  _56657_: _99473_/Y ->  _99474_/C
     90.4 ps   _9251_: _99474_/Y -> _130787_/D

   hold at destination = -4.7033

Path input pin PCw[28] to _131381_/D delay 85.7126 ps
      0.0 ps  PCw[28]:            -> _100505_/A
     48.5 ps  _57095_: _100505_/Y -> _100506_/C
     90.4 ps   _9911_: _100506_/Y -> _131381_/D

   hold at destination = -4.7033

Path input pin PCw[28] to _131359_/D delay 85.7126 ps
      0.0 ps  PCw[28]:            -> _100461_/A
     48.5 ps  _57073_: _100461_/Y -> _100462_/C
     90.4 ps   _9889_: _100462_/Y -> _131359_/D

   hold at destination = -4.7033

Path input pin PCw[28] to _131227_/D delay 85.7126 ps
      0.0 ps  PCw[28]:            -> _100218_/A
     48.5 ps  _56962_: _100218_/Y -> _100219_/C
     90.4 ps   _9735_: _100219_/Y -> _131227_/D

   hold at destination = -4.7033

Path input pin PCw[27] to _130786_/D delay 85.7126 ps
      0.0 ps  PCw[27]:           ->  _99471_/A
     48.5 ps  _56656_: _99471_/Y ->  _99472_/C
     90.4 ps   _9250_: _99472_/Y -> _130786_/D

   hold at destination = -4.7033

Path input pin PCw[27] to _130742_/D delay 85.7126 ps
      0.0 ps  PCw[27]:           ->  _99383_/A
     48.5 ps  _56612_: _99383_/Y ->  _99384_/C
     90.4 ps   _9206_: _99384_/Y -> _130742_/D

   hold at destination = -4.7033

Path input pin PCw[27] to _131358_/D delay 85.7126 ps
      0.0 ps  PCw[27]:            -> _100459_/A
     48.5 ps  _57072_: _100459_/Y -> _100460_/C
     90.4 ps   _9888_: _100460_/Y -> _131358_/D

   hold at destination = -4.7033

-----------------------------------------

