Qflow static timing analysis logfile created on mié 11 nov 2020 18:34:20 CST
Running vesta static timing analysis
vesta --long ALU.rtlnopwr.v /usr/share/qflow/tech/osu035/osu035_stdcells.lib
----------------------------------------------
Vesta static timing analysis tool
for qflow 1.4.87
(c) 2013-2018 Tim Edwards, Open Circuit Design
----------------------------------------------

Parsing library "osu035_stdcells"
End of library at line 6636
Lib read /usr/share/qflow/tech/osu035/osu035_stdcells.lib:  Processed 6637 lines.
Parsing module "ALU"
Verilog netlist read:  Processed 13789 lines.
Number of paths analyzed:  0

Top 0 maximum delay paths:
-----------------------------------------

Number of paths analyzed:  0

Top 0 minimum delay paths:
Design meets minimum hold timing.
-----------------------------------------
247377183.4128651 Hz

Number of paths analyzed:  32

Top 20 maximum delay paths:
Path input pin B[1] to output pin C[31] delay 4042.31 ps
      0.0 ps           B[1]:                  -> BUFX2_insert36/A
    341.6 ps    B_1_bF$buf0: BUFX2_insert36/Y ->         _1840_/A
    457.2 ps          _951_:         _1840_/Y -> BUFX2_insert53/A
    783.0 ps  _951__bF$buf5: BUFX2_insert53/Y ->         _2002_/A
   1063.1 ps         _1112_:         _2002_/Y ->         _2003_/A
   1248.5 ps         _1113_:         _2003_/Y ->         _2077_/C
   1493.1 ps         _1186_:         _2077_/Y ->         _2154_/A
   1798.0 ps         _1261_:         _2154_/Y ->         _2382_/B
   2096.1 ps         _1485_:         _2382_/Y ->         _2705_/A
   2453.5 ps          _208_:         _2705_/Y ->         _3014_/B
   2718.3 ps          _539_:         _3014_/Y ->         _3114_/A
   3010.7 ps          _646_:         _3114_/Y ->         _3175_/B
   3207.0 ps          _711_:         _3175_/Y ->         _3176_/B
   3394.9 ps          _713_:         _3176_/Y ->         _3203_/C
   3575.7 ps          _741_:         _3203_/Y ->         _3204_/A
   3765.5 ps          _742_:         _3204_/Y ->         _3226_/A
   3919.4 ps     _1606_[31]:         _3226_/Y ->         _3284_/A
   4042.3 ps          C[31]:         _3284_/Y -> C[31]

Path input pin B[4] to output pin C[30] delay 4041.61 ps
      0.0 ps           B[4]:                  -> BUFX2_insert23/A
    333.9 ps    B_4_bF$buf1: BUFX2_insert23/Y ->         _1638_/A
    433.2 ps          _349_:         _1638_/Y -> BUFX2_insert42/A
    696.8 ps  _349__bF$buf4: BUFX2_insert42/Y ->         _1639_/B
    914.7 ps          _359_:         _1639_/Y ->         _1640_/C
   1099.1 ps          _370_:         _1640_/Y ->         _1641_/C
   1240.3 ps          _381_:         _1641_/Y ->         _1648_/B
   1465.6 ps          _456_:         _1648_/Y ->         _1649_/C
   1825.0 ps          _466_:         _1649_/Y ->         _1701_/B
   2397.9 ps          _812_:         _1701_/Y ->         _2984_/A
   2753.8 ps          _507_:         _2984_/Y ->         _3117_/B
   3141.1 ps          _650_:         _3117_/Y ->         _3180_/A
   3403.8 ps          _717_:         _3180_/Y ->         _3181_/A
   3619.4 ps          _718_:         _3181_/Y ->         _3200_/A
   3734.4 ps          _739_:         _3200_/Y ->         _3201_/C
   3859.1 ps          _740_:         _3201_/Y ->         _3202_/A
   3934.9 ps     _1606_[30]:         _3202_/Y ->         _3283_/A
   4041.6 ps          C[30]:         _3283_/Y -> C[30]

Path input pin B[4] to output pin C[23] delay 3811.49 ps
      0.0 ps           B[4]:                  -> BUFX2_insert23/A
    333.9 ps    B_4_bF$buf1: BUFX2_insert23/Y ->         _1638_/A
    433.2 ps          _349_:         _1638_/Y -> BUFX2_insert42/A
    696.8 ps  _349__bF$buf4: BUFX2_insert42/Y ->         _1639_/B
    914.7 ps          _359_:         _1639_/Y ->         _1640_/C
   1099.1 ps          _370_:         _1640_/Y ->         _1641_/C
   1240.3 ps          _381_:         _1641_/Y ->         _1648_/B
   1465.6 ps          _456_:         _1648_/Y ->         _1649_/C
   1825.0 ps          _466_:         _1649_/Y ->         _1701_/B
   2397.9 ps          _812_:         _1701_/Y ->         _2859_/A
   2719.4 ps          _374_:         _2859_/Y ->         _2917_/B
   3005.7 ps          _436_:         _2917_/Y ->         _2945_/A
   3196.4 ps          _465_:         _2945_/Y ->         _2946_/A
   3389.8 ps          _467_:         _2946_/Y ->         _2965_/A
   3504.3 ps          _487_:         _2965_/Y ->         _2966_/C
   3629.0 ps          _489_:         _2966_/Y ->         _2967_/A
   3704.7 ps     _1606_[23]:         _2967_/Y ->         _3276_/A
   3811.5 ps          C[23]:         _3276_/Y -> C[23]

Path input pin B[4] to output pin C[29] delay 3810.56 ps
      0.0 ps           B[4]:                  -> BUFX2_insert23/A
    333.9 ps    B_4_bF$buf1: BUFX2_insert23/Y ->         _1638_/A
    433.2 ps          _349_:         _1638_/Y -> BUFX2_insert42/A
    696.8 ps  _349__bF$buf4: BUFX2_insert42/Y ->         _1639_/B
    914.7 ps          _359_:         _1639_/Y ->         _1640_/C
   1099.1 ps          _370_:         _1640_/Y ->         _1641_/C
   1240.3 ps          _381_:         _1641_/Y ->         _1648_/B
   1465.6 ps          _456_:         _1648_/Y ->         _1649_/C
   1825.0 ps          _466_:         _1649_/Y ->         _1701_/B
   2397.9 ps          _812_:         _1701_/Y ->         _2984_/A
   2753.8 ps          _507_:         _2984_/Y ->         _3117_/B
   3141.1 ps          _650_:         _3117_/Y ->         _3145_/B
   3317.1 ps          _679_:         _3145_/Y ->         _3146_/C
   3445.0 ps          _681_:         _3146_/Y ->         _3170_/A
   3557.1 ps          _707_:         _3170_/Y ->         _3171_/C
   3691.4 ps     _1606_[29]:         _3171_/Y ->         _3282_/A
   3810.6 ps          C[29]:         _3282_/Y -> C[29]

Path input pin B[4] to output pin C[28] delay 3781.22 ps
      0.0 ps           B[4]:                  -> BUFX2_insert23/A
    333.9 ps    B_4_bF$buf1: BUFX2_insert23/Y ->         _1638_/A
    433.2 ps          _349_:         _1638_/Y -> BUFX2_insert42/A
    696.8 ps  _349__bF$buf4: BUFX2_insert42/Y ->         _1639_/B
    914.7 ps          _359_:         _1639_/Y ->         _1640_/C
   1099.1 ps          _370_:         _1640_/Y ->         _1641_/C
   1240.3 ps          _381_:         _1641_/Y ->         _1648_/B
   1465.6 ps          _456_:         _1648_/Y ->         _1649_/C
   1825.0 ps          _466_:         _1649_/Y ->         _1701_/B
   2397.9 ps          _812_:         _1701_/Y ->         _2984_/A
   2753.8 ps          _507_:         _2984_/Y ->         _3117_/B
   3141.1 ps          _650_:         _3117_/Y ->         _3118_/A
   3295.2 ps          _651_:         _3118_/Y ->         _3119_/C
   3419.2 ps          _652_:         _3119_/Y ->         _3139_/A
   3625.3 ps     _1606_[28]:         _3139_/Y ->         _3281_/A
   3781.2 ps          C[28]:         _3281_/Y -> C[28]

Path input pin B[4] to output pin C[27] delay 3624.57 ps
      0.0 ps           B[4]:                  -> BUFX2_insert23/A
    333.9 ps    B_4_bF$buf1: BUFX2_insert23/Y ->         _1638_/A
    433.2 ps          _349_:         _1638_/Y -> BUFX2_insert42/A
    696.8 ps  _349__bF$buf4: BUFX2_insert42/Y ->         _1639_/B
    914.7 ps          _359_:         _1639_/Y ->         _1640_/C
   1099.1 ps          _370_:         _1640_/Y ->         _1641_/C
   1240.3 ps          _381_:         _1641_/Y ->         _1648_/B
   1465.6 ps          _456_:         _1648_/Y ->         _1649_/C
   1825.0 ps          _466_:         _1649_/Y ->         _1701_/B
   2397.9 ps          _812_:         _1701_/Y ->         _2984_/A
   2753.8 ps          _507_:         _2984_/Y ->         _3058_/B
   2932.3 ps          _587_:         _3058_/Y ->         _3059_/C
   3102.5 ps          _588_:         _3059_/Y ->         _3085_/C
   3233.9 ps          _615_:         _3085_/Y ->         _3088_/B
   3367.8 ps          _619_:         _3088_/Y ->         _3107_/C
   3509.0 ps     _1606_[27]:         _3107_/Y ->         _3280_/A
   3624.6 ps          C[27]:         _3280_/Y -> C[27]

Path input pin B[4] to output pin C[26] delay 3559.6 ps
      0.0 ps           B[4]:                  -> BUFX2_insert23/A
    333.9 ps    B_4_bF$buf1: BUFX2_insert23/Y ->         _1638_/A
    433.2 ps          _349_:         _1638_/Y -> BUFX2_insert42/A
    696.8 ps  _349__bF$buf4: BUFX2_insert42/Y ->         _1639_/B
    914.7 ps          _359_:         _1639_/Y ->         _1640_/C
   1099.1 ps          _370_:         _1640_/Y ->         _1641_/C
   1240.3 ps          _381_:         _1641_/Y ->         _1648_/B
   1465.6 ps          _456_:         _1648_/Y ->         _1649_/C
   1825.0 ps          _466_:         _1649_/Y ->         _1701_/B
   2397.9 ps          _812_:         _1701_/Y ->         _2984_/A
   2753.8 ps          _507_:         _2984_/Y ->         _3058_/B
   2932.3 ps          _587_:         _3058_/Y ->         _3059_/C
   3102.5 ps          _588_:         _3059_/Y ->         _3060_/C
   3233.9 ps          _589_:         _3060_/Y ->         _3079_/B
   3410.5 ps     _1606_[26]:         _3079_/Y ->         _3279_/A
   3559.6 ps          C[26]:         _3279_/Y -> C[26]

Path input pin B[4] to output pin C[22] delay 3548.89 ps
      0.0 ps           B[4]:                  -> BUFX2_insert23/A
    333.9 ps    B_4_bF$buf1: BUFX2_insert23/Y ->         _1638_/A
    433.2 ps          _349_:         _1638_/Y -> BUFX2_insert42/A
    696.8 ps  _349__bF$buf4: BUFX2_insert42/Y ->         _1639_/B
    914.7 ps          _359_:         _1639_/Y ->         _1640_/C
   1099.1 ps          _370_:         _1640_/Y ->         _1641_/C
   1240.3 ps          _381_:         _1641_/Y ->         _1648_/B
   1465.6 ps          _456_:         _1648_/Y ->         _1649_/C
   1825.0 ps          _466_:         _1649_/Y ->         _1701_/B
   2397.9 ps          _812_:         _1701_/Y ->         _2859_/A
   2719.4 ps          _374_:         _2859_/Y ->         _2917_/B
   3005.7 ps          _436_:         _2917_/Y ->         _2918_/A
   3196.3 ps          _437_:         _2918_/Y ->         _2938_/A
   3344.8 ps          _459_:         _2938_/Y ->         _2939_/B
   3440.9 ps     _1606_[22]:         _2939_/Y ->         _3275_/A
   3548.9 ps          C[22]:         _3275_/Y -> C[22]

Path input pin B[4] to output pin C[0] delay 3468.22 ps
      0.0 ps           B[4]:                  -> BUFX2_insert23/A
    333.9 ps    B_4_bF$buf1: BUFX2_insert23/Y ->         _1638_/A
    433.2 ps          _349_:         _1638_/Y -> BUFX2_insert42/A
    696.8 ps  _349__bF$buf4: BUFX2_insert42/Y ->         _1639_/B
    914.7 ps          _359_:         _1639_/Y ->         _1640_/C
   1099.1 ps          _370_:         _1640_/Y ->         _1641_/C
   1240.3 ps          _381_:         _1641_/Y ->         _1648_/B
   1465.6 ps          _456_:         _1648_/Y ->         _1649_/C
   1825.0 ps          _466_:         _1649_/Y ->         _1701_/B
   2397.9 ps          _812_:         _1701_/Y ->         _1781_/A
   2730.3 ps          _892_:         _1781_/Y ->         _1828_/B
   2967.5 ps          _939_:         _1828_/Y ->         _1835_/B
   3172.8 ps          _946_:         _1835_/Y ->         _1947_/C
   3348.8 ps      _1606_[0]:         _1947_/Y ->         _3253_/A
   3468.2 ps           C[0]:         _3253_/Y -> C[0]

Path input pin B[4] to output pin C[25] delay 3406.18 ps
      0.0 ps           B[4]:                  -> BUFX2_insert23/A
    333.9 ps    B_4_bF$buf1: BUFX2_insert23/Y ->         _1638_/A
    433.2 ps          _349_:         _1638_/Y -> BUFX2_insert42/A
    696.8 ps  _349__bF$buf4: BUFX2_insert42/Y ->         _1639_/B
    914.7 ps          _359_:         _1639_/Y ->         _1640_/C
   1099.1 ps          _370_:         _1640_/Y ->         _1641_/C
   1240.3 ps          _381_:         _1641_/Y ->         _1648_/B
   1465.6 ps          _456_:         _1648_/Y ->         _1649_/C
   1825.0 ps          _466_:         _1649_/Y ->         _1701_/B
   2397.9 ps          _812_:         _1701_/Y ->         _2984_/A
   2753.8 ps          _507_:         _2984_/Y ->         _3023_/B
   2951.5 ps          _549_:         _3023_/Y ->         _3041_/A
   3084.9 ps          _569_:         _3041_/Y ->         _3042_/C
   3207.9 ps          _570_:         _3042_/Y ->         _3043_/A
   3284.7 ps     _1606_[25]:         _3043_/Y ->         _3278_/A
   3406.2 ps          C[25]:         _3278_/Y -> C[25]

Path input pin B[4] to output pin C[19] delay 3391.12 ps
      0.0 ps           B[4]:                  -> BUFX2_insert23/A
    333.9 ps    B_4_bF$buf1: BUFX2_insert23/Y ->         _1638_/A
    433.2 ps          _349_:         _1638_/Y -> BUFX2_insert42/A
    696.8 ps  _349__bF$buf4: BUFX2_insert42/Y ->         _1639_/B
    914.7 ps          _359_:         _1639_/Y ->         _1640_/C
   1099.1 ps          _370_:         _1640_/Y ->         _1641_/C
   1240.3 ps          _381_:         _1641_/Y ->         _1648_/B
   1465.6 ps          _456_:         _1648_/Y ->         _1649_/C
   1825.0 ps          _466_:         _1649_/Y ->         _1701_/B
   2397.9 ps          _812_:         _1701_/Y ->         _2792_/C
   2725.0 ps          _302_:         _2792_/Y ->         _2821_/A
   2874.6 ps          _333_:         _2821_/Y ->         _2822_/B
   3005.0 ps          _334_:         _2822_/Y ->         _2823_/C
   3121.9 ps          _335_:         _2823_/Y ->         _2844_/C
   3255.5 ps     _1606_[19]:         _2844_/Y ->         _3272_/A
   3391.1 ps          C[19]:         _3272_/Y -> C[19]

Path input pin B[4] to output pin C[21] delay 3347.95 ps
      0.0 ps           B[4]:                  -> BUFX2_insert23/A
    333.9 ps    B_4_bF$buf1: BUFX2_insert23/Y ->         _1638_/A
    433.2 ps          _349_:         _1638_/Y -> BUFX2_insert42/A
    696.8 ps  _349__bF$buf4: BUFX2_insert42/Y ->         _1639_/B
    914.7 ps          _359_:         _1639_/Y ->         _1640_/C
   1099.1 ps          _370_:         _1640_/Y ->         _1641_/C
   1240.3 ps          _381_:         _1641_/Y ->         _1648_/B
   1465.6 ps          _456_:         _1648_/Y ->         _1649_/C
   1825.0 ps          _466_:         _1649_/Y ->         _1701_/B
   2397.9 ps          _812_:         _1701_/Y ->         _2890_/B
   2641.1 ps          _407_:         _2890_/Y ->         _2891_/D
   2772.2 ps          _408_:         _2891_/Y ->         _2892_/B
   2895.9 ps          _409_:         _2892_/Y ->         _2893_/B
   3038.2 ps          _410_:         _2893_/Y ->         _2910_/B
   3204.5 ps     _1606_[21]:         _2910_/Y ->         _3274_/A
   3347.9 ps          C[21]:         _3274_/Y -> C[21]

Path input pin B[4] to output pin C[24] delay 3346.57 ps
      0.0 ps           B[4]:                  -> BUFX2_insert23/A
    333.9 ps    B_4_bF$buf1: BUFX2_insert23/Y ->         _1638_/A
    433.2 ps          _349_:         _1638_/Y -> BUFX2_insert42/A
    696.8 ps  _349__bF$buf4: BUFX2_insert42/Y ->         _1639_/B
    914.7 ps          _359_:         _1639_/Y ->         _1640_/C
   1099.1 ps          _370_:         _1640_/Y ->         _1641_/C
   1240.3 ps          _381_:         _1641_/Y ->         _1648_/B
   1465.6 ps          _456_:         _1648_/Y ->         _1649_/C
   1825.0 ps          _466_:         _1649_/Y ->         _1701_/B
   2397.9 ps          _812_:         _1701_/Y ->         _2984_/A
   2753.8 ps          _507_:         _2984_/Y ->         _2985_/B
   2923.0 ps          _508_:         _2985_/Y ->         _2988_/B
   3069.0 ps          _512_:         _2988_/Y ->         _3009_/C
   3227.6 ps     _1606_[24]:         _3009_/Y ->         _3277_/A
   3346.6 ps          C[24]:         _3277_/Y -> C[24]

Path input pin B[4] to output pin C[18] delay 3286.73 ps
      0.0 ps           B[4]:                  -> BUFX2_insert23/A
    333.9 ps    B_4_bF$buf1: BUFX2_insert23/Y ->         _1638_/A
    433.2 ps          _349_:         _1638_/Y -> BUFX2_insert42/A
    696.8 ps  _349__bF$buf4: BUFX2_insert42/Y ->         _1639_/B
    914.7 ps          _359_:         _1639_/Y ->         _1640_/C
   1099.1 ps          _370_:         _1640_/Y ->         _1641_/C
   1240.3 ps          _381_:         _1641_/Y ->         _1648_/B
   1465.6 ps          _456_:         _1648_/Y ->         _1649_/C
   1825.0 ps          _466_:         _1649_/Y ->         _1701_/B
   2397.9 ps          _812_:         _1701_/Y ->         _2792_/C
   2725.0 ps          _302_:         _2792_/Y ->         _2793_/C
   2872.8 ps          _303_:         _2793_/Y ->         _2795_/B
   3010.2 ps          _305_:         _2795_/Y ->         _2813_/C
   3167.8 ps     _1606_[18]:         _2813_/Y ->         _3271_/A
   3286.7 ps          C[18]:         _3271_/Y -> C[18]

Path input pin B[4] to output pin C[20] delay 3265.93 ps
      0.0 ps           B[4]:                  -> BUFX2_insert23/A
    333.9 ps    B_4_bF$buf1: BUFX2_insert23/Y ->         _1638_/A
    433.2 ps          _349_:         _1638_/Y -> BUFX2_insert42/A
    696.8 ps  _349__bF$buf4: BUFX2_insert42/Y ->         _1639_/B
    914.7 ps          _359_:         _1639_/Y ->         _1640_/C
   1099.1 ps          _370_:         _1640_/Y ->         _1641_/C
   1240.3 ps          _381_:         _1641_/Y ->         _1648_/B
   1465.6 ps          _456_:         _1648_/Y ->         _1649_/C
   1825.0 ps          _466_:         _1649_/Y ->         _1701_/B
   2397.9 ps          _812_:         _1701_/Y ->         _2859_/A
   2719.4 ps          _374_:         _2859_/Y ->         _2860_/A
   2864.3 ps          _375_:         _2860_/Y ->         _2861_/C
   2985.0 ps          _376_:         _2861_/Y ->         _2880_/C
   3146.5 ps     _1606_[20]:         _2880_/Y ->         _3273_/A
   3265.9 ps          C[20]:         _3273_/Y -> C[20]

Path input pin B[4] to output pin C[15] delay 3225.34 ps
      0.0 ps           B[4]:                  -> BUFX2_insert23/A
    333.9 ps    B_4_bF$buf1: BUFX2_insert23/Y ->         _1638_/A
    433.2 ps          _349_:         _1638_/Y -> BUFX2_insert42/A
    696.8 ps  _349__bF$buf4: BUFX2_insert42/Y ->         _1639_/B
    914.7 ps          _359_:         _1639_/Y ->         _1640_/C
   1099.1 ps          _370_:         _1640_/Y ->         _1641_/C
   1240.3 ps          _381_:         _1641_/Y ->         _1648_/B
   1465.6 ps          _456_:         _1648_/Y ->         _1649_/C
   1825.0 ps          _466_:         _1649_/Y ->         _2537_/B
   2171.4 ps           _30_:         _2537_/Y ->         _2626_/D
   2476.7 ps          _124_:         _2626_/Y ->         _2668_/B
   2656.6 ps          _169_:         _2668_/Y ->         _2669_/A
   2793.9 ps          _170_:         _2669_/Y ->         _2696_/A
   2910.9 ps          _200_:         _2696_/Y ->         _2697_/A
   3048.5 ps          _201_:         _2697_/Y ->         _2698_/A
   3108.1 ps     _1606_[15]:         _2698_/Y ->         _3268_/A
   3225.3 ps          C[15]:         _3268_/Y -> C[15]

Path input pin B[1] to output pin C[17] delay 3162.68 ps
      0.0 ps           B[1]:                  -> BUFX2_insert36/A
    341.6 ps    B_1_bF$buf0: BUFX2_insert36/Y ->         _1840_/A
    457.2 ps          _951_:         _1840_/Y -> BUFX2_insert53/A
    783.0 ps  _951__bF$buf5: BUFX2_insert53/Y ->         _2002_/A
   1063.1 ps         _1112_:         _2002_/Y ->         _2003_/A
   1248.5 ps         _1113_:         _2003_/Y ->         _2077_/C
   1493.1 ps         _1186_:         _2077_/Y ->         _2154_/A
   1798.0 ps         _1261_:         _2154_/Y ->         _2382_/B
   2096.1 ps         _1485_:         _2382_/Y ->         _2705_/A
   2453.5 ps          _208_:         _2705_/Y ->         _2732_/B
   2702.8 ps          _237_:         _2732_/Y ->         _2733_/A
   2905.2 ps          _238_:         _2733_/Y ->         _2768_/A
   3043.3 ps     _1606_[17]:         _2768_/Y ->         _3270_/A
   3162.7 ps          C[17]:         _3270_/Y -> C[17]

Path input pin B[4] to output pin C[16] delay 3089.43 ps
      0.0 ps           B[4]:                  -> BUFX2_insert23/A
    333.9 ps    B_4_bF$buf1: BUFX2_insert23/Y ->         _1638_/A
    433.2 ps          _349_:         _1638_/Y -> BUFX2_insert42/A
    696.8 ps  _349__bF$buf4: BUFX2_insert42/Y ->         _1639_/B
    914.7 ps          _359_:         _1639_/Y ->         _1640_/C
   1099.1 ps          _370_:         _1640_/Y ->         _1641_/C
   1240.3 ps          _381_:         _1641_/Y ->         _1648_/B
   1465.6 ps          _456_:         _1648_/Y ->         _1649_/C
   1825.0 ps          _466_:         _1649_/Y ->         _1701_/B
   2397.9 ps          _812_:         _1701_/Y ->         _2708_/A
   2585.2 ps          _212_:         _2708_/Y ->         _2709_/C
   2721.9 ps          _213_:         _2709_/Y ->         _2730_/A
   2932.8 ps     _1606_[16]:         _2730_/Y ->         _3269_/A
   3089.4 ps          C[16]:         _3269_/Y -> C[16]

Path input pin B[4] to output pin C[14] delay 2995.85 ps
      0.0 ps           B[4]:                  -> BUFX2_insert23/A
    333.9 ps    B_4_bF$buf1: BUFX2_insert23/Y ->         _1638_/A
    433.2 ps          _349_:         _1638_/Y -> BUFX2_insert42/A
    696.8 ps  _349__bF$buf4: BUFX2_insert42/Y ->         _1639_/B
    914.7 ps          _359_:         _1639_/Y ->         _1640_/C
   1099.1 ps          _370_:         _1640_/Y ->         _1641_/C
   1240.3 ps          _381_:         _1641_/Y ->         _1648_/B
   1465.6 ps          _456_:         _1648_/Y ->         _1649_/C
   1825.0 ps          _466_:         _1649_/Y ->         _2537_/B
   2171.4 ps           _30_:         _2537_/Y ->         _2626_/D
   2476.7 ps          _124_:         _2626_/Y ->         _2627_/A
   2618.2 ps          _125_:         _2627_/Y ->         _2628_/C
   2737.3 ps          _126_:         _2628_/Y ->         _2657_/C
   2880.2 ps     _1606_[14]:         _2657_/Y ->         _3267_/A
   2995.9 ps          C[14]:         _3267_/Y -> C[14]

Path input pin B[4] to output pin C[13] delay 2973.36 ps
      0.0 ps           B[4]:                  -> BUFX2_insert23/A
    333.9 ps    B_4_bF$buf1: BUFX2_insert23/Y ->         _1638_/A
    433.2 ps          _349_:         _1638_/Y -> BUFX2_insert42/A
    696.8 ps  _349__bF$buf4: BUFX2_insert42/Y ->         _1639_/B
    914.7 ps          _359_:         _1639_/Y ->         _1640_/C
   1099.1 ps          _370_:         _1640_/Y ->         _1641_/C
   1240.3 ps          _381_:         _1641_/Y ->         _1648_/B
   1465.6 ps          _456_:         _1648_/Y ->         _1649_/C
   1825.0 ps          _466_:         _1649_/Y ->         _2537_/B
   2171.4 ps           _30_:         _2537_/Y ->         _2583_/B
   2380.5 ps           _77_:         _2583_/Y ->         _2584_/C
   2499.0 ps           _78_:         _2584_/Y ->         _2585_/B
   2601.9 ps           _79_:         _2585_/Y ->         _2587_/C
   2706.0 ps           _82_:         _2587_/Y ->         _2613_/C
   2837.9 ps     _1606_[13]:         _2613_/Y ->         _3266_/A
   2973.4 ps          C[13]:         _3266_/Y -> C[13]

-----------------------------------------

Number of paths analyzed:  32

Top 20 minimum delay paths:
Path input pin B[12] to output pin C[13] delay 442.453 ps
      0.0 ps       B[12]:          -> _2584_/B
     80.1 ps        _78_: _2584_/Y -> _2585_/B
    147.2 ps        _79_: _2585_/Y -> _2587_/C
    245.3 ps        _82_: _2587_/Y -> _2613_/C
    330.4 ps  _1606_[13]: _2613_/Y -> _3266_/A
    442.5 ps       C[13]: _3266_/Y -> C[13]

Path input pin B[12] to output pin C[12] delay 449.038 ps
      0.0 ps       B[12]:          -> _2565_/B
     79.6 ps        _58_: _2565_/Y -> _2566_/A
    143.9 ps        _60_: _2566_/Y -> _2567_/C
    228.3 ps        _61_: _2567_/Y -> _2568_/B
    334.1 ps  _1606_[12]: _2568_/Y -> _3265_/A
    449.0 ps       C[12]: _3265_/Y -> C[12]

Path input pin B[19] to output pin C[19] delay 449.412 ps
      0.0 ps       B[19]:          -> _2841_/A
     95.2 ps       _355_: _2841_/Y -> _2842_/A
    159.4 ps       _356_: _2842_/Y -> _2843_/C
    244.0 ps       _357_: _2843_/Y -> _2844_/A
    337.3 ps  _1606_[19]: _2844_/Y -> _3272_/A
    449.4 ps       C[19]: _3272_/Y -> C[19]

Path input pin B[22] to output pin C[22] delay 453.954 ps
      0.0 ps       B[22]:          -> _2927_/A
    103.5 ps       _447_: _2927_/Y -> _2937_/B
    176.0 ps       _458_: _2937_/Y -> _2938_/C
    294.1 ps       _459_: _2938_/Y -> _2939_/B
    348.2 ps  _1606_[22]: _2939_/Y -> _3275_/A
    454.0 ps       C[22]: _3275_/Y -> C[22]

Path input pin FunSel[2] to output pin C[0] delay 456.403 ps
      0.0 ps  FunSel[2]:          -> _1831_/A
     81.8 ps      _942_: _1831_/Y -> _1835_/A
    182.2 ps      _946_: _1835_/Y -> _1947_/C
    337.6 ps  _1606_[0]: _1947_/Y -> _3253_/A
    456.4 ps       C[0]: _3253_/Y -> C[0]

Path input pin B[10] to output pin C[10] delay 463.237 ps
      0.0 ps       B[10]:          -> _2483_/B
     88.6 ps      _1584_: _2483_/Y -> _2484_/C
    155.6 ps      _1585_: _2484_/Y -> _2485_/C
    242.4 ps      _1586_: _2485_/Y -> _2486_/B
    348.3 ps  _1606_[10]: _2486_/Y -> _3263_/A
    463.2 ps       C[10]: _3263_/Y -> C[10]

Path input pin B[26] to output pin C[26] delay 464.052 ps
      0.0 ps       B[26]:          -> _3067_/A
     95.2 ps       _597_: _3067_/Y -> _3077_/A
    159.4 ps       _608_: _3077_/Y -> _3078_/C
    244.0 ps       _609_: _3078_/Y -> _3079_/A
    349.6 ps  _1606_[26]: _3079_/Y -> _3279_/A
    464.1 ps       C[26]: _3279_/Y -> C[26]

Path input pin B[21] to output pin C[21] delay 464.912 ps
      0.0 ps       B[21]:          -> _2907_/A
     95.7 ps       _426_: _2907_/Y -> _2908_/C
    174.3 ps       _427_: _2908_/Y -> _2909_/C
    260.3 ps       _428_: _2909_/Y -> _2910_/A
    352.9 ps  _1606_[21]: _2910_/Y -> _3274_/A
    464.9 ps       C[21]: _3274_/Y -> C[21]

Path input pin B[27] to output pin C[27] delay 470.539 ps
      0.0 ps       B[27]:          -> _3096_/A
     95.7 ps       _628_: _3096_/Y -> _3097_/C
    173.5 ps       _629_: _3097_/Y -> _3106_/A
    265.0 ps       _639_: _3106_/Y -> _3107_/A
    358.3 ps  _1606_[27]: _3107_/Y -> _3280_/A
    470.5 ps       C[27]: _3280_/Y -> C[27]

Path input pin B[16] to output pin C[16] delay 475.827 ps
      0.0 ps       B[16]:          -> _2718_/A
     95.7 ps       _223_: _2718_/Y -> _2719_/C
    174.3 ps       _224_: _2719_/Y -> _2729_/C
    260.8 ps       _235_: _2729_/Y -> _2730_/C
    360.8 ps  _1606_[16]: _2730_/Y -> _3269_/A
    475.8 ps       C[16]: _3269_/Y -> C[16]

Path input pin B[18] to output pin C[18] delay 480.436 ps
      0.0 ps       B[18]:          -> _2802_/A
     95.7 ps       _313_: _2802_/Y -> _2811_/C
    174.3 ps       _323_: _2811_/Y -> _2812_/C
    260.3 ps       _324_: _2812_/Y -> _2813_/A
    365.9 ps  _1606_[18]: _2813_/Y -> _3271_/A
    480.4 ps       C[18]: _3271_/Y -> C[18]

Path input pin B[24] to output pin C[24] delay 480.533 ps
      0.0 ps       B[24]:          -> _2995_/A
     95.7 ps       _519_: _2995_/Y -> _2996_/C
    174.3 ps       _521_: _2996_/Y -> _3008_/C
    260.3 ps       _534_: _3008_/Y -> _3009_/A
    366.0 ps  _1606_[24]: _3009_/Y -> _3277_/A
    480.5 ps       C[24]: _3277_/Y -> C[24]

Path input pin B[20] to output pin C[20] delay 481.632 ps
      0.0 ps       B[20]:          -> _2868_/A
     95.7 ps       _384_: _2868_/Y -> _2878_/C
    174.3 ps       _395_: _2878_/Y -> _2879_/C
    260.3 ps       _396_: _2879_/Y -> _2880_/A
    366.9 ps  _1606_[20]: _2880_/Y -> _3273_/A
    481.6 ps       C[20]: _3273_/Y -> C[20]

Path input pin B[9] to output pin C[9] delay 560.986 ps
      0.0 ps       B[9]:          -> _2433_/B
     79.7 ps     _1535_: _2433_/Y -> _2434_/B
    203.2 ps     _1536_: _2434_/Y -> _2435_/A
    277.6 ps     _1537_: _2435_/Y -> _2436_/C
    363.1 ps     _1538_: _2436_/Y -> _2437_/C
    448.8 ps  _1606_[9]: _2437_/Y -> _3262_/A
    561.0 ps       C[9]: _3262_/Y -> C[9]

Path input pin B[14] to output pin C[14] delay 562.141 ps
      0.0 ps       B[14]:          -> _2635_/B
     79.7 ps       _133_: _2635_/Y -> _2636_/B
    198.7 ps       _135_: _2636_/Y -> _2640_/C
    272.1 ps       _139_: _2640_/Y -> _2656_/C
    356.6 ps       _157_: _2656_/Y -> _2657_/A
    450.0 ps  _1606_[14]: _2657_/Y -> _3267_/A
    562.1 ps       C[14]: _3267_/Y -> C[14]

Path input pin A[7] to output pin C[7] delay 567.653 ps
      0.0 ps       A[7]:          -> _1629_/A
    220.8 ps      _252_: _1629_/Y -> _2317_/A
    362.4 ps     _1421_: _2317_/Y -> _2352_/A
    454.4 ps  _1606_[7]: _2352_/Y -> _3260_/A
    567.7 ps       C[7]: _3260_/Y -> C[7]

Path input pin B[8] to output pin C[8] delay 569.177 ps
      0.0 ps       B[8]:          -> _2363_/B
     79.6 ps     _1466_: _2363_/Y -> _2367_/A
    143.9 ps     _1470_: _2367_/Y -> _2368_/C
    221.0 ps     _1471_: _2368_/Y -> _2369_/C
    297.7 ps     _1472_: _2369_/Y -> _2397_/A
    406.1 ps     _1500_: _2397_/Y -> _2398_/A
    464.4 ps  _1606_[8]: _2398_/Y -> _3261_/A
    569.2 ps       C[8]: _3261_/Y -> C[8]

Path input pin A[1] to output pin C[1] delay 569.795 ps
      0.0 ps       A[1]:          -> _2010_/B
     88.0 ps     _1120_: _2010_/Y -> _2022_/A
    160.9 ps     _1132_: _2022_/Y -> _2023_/B
    234.9 ps     _1133_: _2023_/Y -> _2024_/A
    299.0 ps     _1134_: _2024_/Y -> _2025_/C
    406.3 ps     _1135_: _2025_/Y -> _2026_/A
    464.9 ps  _1606_[1]: _2026_/Y -> _3254_/A
    569.8 ps       C[1]: _3254_/Y -> C[1]

Path input pin A[10] to output pin C[11] delay 578.895 ps
      0.0 ps       A[10]:          -> _1687_/A
    166.5 ps       _798_: _1687_/Y -> _2493_/B
    236.6 ps      _1593_: _2493_/Y -> _2496_/B
    372.4 ps      _1596_: _2496_/Y -> _2527_/B
    465.9 ps  _1606_[11]: _2527_/Y -> _3264_/A
    578.9 ps       C[11]: _3264_/Y -> C[11]

Path input pin B[16] to output pin C[17] delay 589.184 ps
      0.0 ps       B[16]:          -> _1737_/B
    117.9 ps       _848_: _1737_/Y -> _2732_/C
    240.8 ps       _237_: _2732_/Y -> _2734_/B
    373.2 ps       _239_: _2734_/Y -> _2768_/B
    477.4 ps  _1606_[17]: _2768_/Y -> _3270_/A
    589.2 ps       C[17]: _3270_/Y -> C[17]

-----------------------------------------

