Qflow static timing analysis logfile created on mié 18 nov 2020 01:25:50 CST
Running vesta static timing analysis
vesta --long RISCV32I.rtlnopwr.v /usr/share/qflow/tech/osu035/osu035_stdcells.lib
----------------------------------------------
Vesta static timing analysis tool
for qflow 1.4.87
(c) 2013-2018 Tim Edwards, Open Circuit Design
----------------------------------------------

Parsing library "osu035_stdcells"
End of library at line 6636
Lib read /usr/share/qflow/tech/osu035/osu035_stdcells.lib:  Processed 6637 lines.
Parsing module "RISCV32I"
Verilog netlist read:  Processed 94598 lines.
Number of paths analyzed:  1946

Top 20 maximum delay paths:
Path _10970_/CLK to _14600_/D delay 7298.02 ps
      0.0 ps                          CLK_bF$buf94: CLKBUF1_insert900/Y ->         _10970_/CLK
    355.1 ps                \datapath.aluinstr [1]:           _10970_/Q ->          _9369_/A
    679.7 ps                                  _20_:            _9369_/Y ->          _9374_/C
    931.3 ps                                  _25_:            _9374_/Y ->          _9378_/C
   1145.4 ps                                  _29_:            _9378_/Y ->          _9387_/B
   1395.7 ps                                  _37_:            _9387_/Y ->          _9398_/B
   1721.2 ps                             alusel[2]:            _9398_/Y ->         _11496_/B
   2059.0 ps                                _2032_:           _11496_/Y ->         _11536_/A
   2588.8 ps                                _2071_:           _11536_/Y ->         _12279_/B
   3068.2 ps                                _1125_:           _12279_/Y ->         _12325_/B
   3380.1 ps                                _1174_:           _12325_/Y ->         _12326_/A
   3671.9 ps                                _1175_:           _12326_/Y ->         _12764_/C
   3834.0 ps                                _1645_:           _12764_/Y ->         _12765_/C
   3923.8 ps                                _1646_:           _12765_/Y ->         _12766_/C
   4028.1 ps                                _1647_:           _12766_/Y ->         _12773_/A
   4184.2 ps                                _1655_:           _12773_/Y ->         _12774_/C
   4270.2 ps                                _1656_:           _12774_/Y ->         _12775_/B
   4478.5 ps                  \datapath.alu.c [28]:           _12775_/Y ->         _12872_/B
   4660.7 ps                                _1760_:           _12872_/Y ->         _12884_/A
   4853.3 ps                                _1773_:           _12884_/Y ->         _12888_/C
   4987.3 ps                      \datapath.alu.z :           _12888_/Y ->          _9919_/B
   5155.6 ps                                 _308_:            _9919_/Y ->          _9920_/A
   5329.0 ps                   \datapath.tkbranch :            _9920_/Y ->         _10193_/A
   5455.5 ps                                 _515_:           _10193_/Y ->         _10195_/A
   5683.0 ps                       \datapath._34_ :           _10195_/Y ->         _14306_/A
   5857.0 ps                                _3574_:           _14306_/Y ->         _14309_/A
   6070.9 ps                                _3577_:           _14309_/Y -> BUFX2_insert831/A
   6379.2 ps                        _3577__bF$buf3:   BUFX2_insert831/Y ->         _14565_/B
   6512.3 ps                                _3773_:           _14565_/Y ->         _14566_/C
   6603.8 ps                                _3774_:           _14566_/Y ->         _14567_/A
   6671.7 ps                                _3775_:           _14567_/Y ->         _14568_/A
   6775.6 ps  \datapath.programcounter.pc_mux [31]:           _14568_/Y ->         _14300_/B
   6864.2 ps                                _3569_:           _14300_/Y ->         _14301_/C
   6941.3 ps     \datapath.programcounter._1_ [31]:           _14301_/Y ->         _14600_/D

   clock skew at destination = 34.1127
   setup at destination = 322.648

Path _10970_/CLK to _14597_/D delay 7286.7 ps
      0.0 ps                          CLK_bF$buf94: CLKBUF1_insert900/Y ->         _10970_/CLK
    355.1 ps                \datapath.aluinstr [1]:           _10970_/Q ->          _9369_/A
    679.7 ps                                  _20_:            _9369_/Y ->          _9374_/C
    931.3 ps                                  _25_:            _9374_/Y ->          _9378_/C
   1145.4 ps                                  _29_:            _9378_/Y ->          _9387_/B
   1395.7 ps                                  _37_:            _9387_/Y ->          _9398_/B
   1721.2 ps                             alusel[2]:            _9398_/Y ->         _11496_/B
   2059.0 ps                                _2032_:           _11496_/Y ->         _11536_/A
   2588.8 ps                                _2071_:           _11536_/Y ->         _12279_/B
   3068.2 ps                                _1125_:           _12279_/Y ->         _12325_/B
   3380.1 ps                                _1174_:           _12325_/Y ->         _12326_/A
   3671.9 ps                                _1175_:           _12326_/Y ->         _12764_/C
   3834.0 ps                                _1645_:           _12764_/Y ->         _12765_/C
   3923.8 ps                                _1646_:           _12765_/Y ->         _12766_/C
   4028.1 ps                                _1647_:           _12766_/Y ->         _12773_/A
   4184.2 ps                                _1655_:           _12773_/Y ->         _12774_/C
   4270.2 ps                                _1656_:           _12774_/Y ->         _12775_/B
   4478.5 ps                  \datapath.alu.c [28]:           _12775_/Y ->         _12872_/B
   4660.7 ps                                _1760_:           _12872_/Y ->         _12884_/A
   4853.3 ps                                _1773_:           _12884_/Y ->         _12888_/C
   4987.3 ps                      \datapath.alu.z :           _12888_/Y ->          _9919_/B
   5155.6 ps                                 _308_:            _9919_/Y ->          _9920_/A
   5329.0 ps                   \datapath.tkbranch :            _9920_/Y ->         _10193_/A
   5455.5 ps                                 _515_:           _10193_/Y ->         _10195_/A
   5683.0 ps                       \datapath._34_ :           _10195_/Y ->         _14306_/A
   5857.0 ps                                _3574_:           _14306_/Y ->         _14309_/A
   6070.9 ps                                _3577_:           _14309_/Y -> BUFX2_insert833/A
   6371.4 ps                        _3577__bF$buf1:   BUFX2_insert833/Y ->         _14536_/B
   6501.7 ps                                _3750_:           _14536_/Y ->         _14538_/C
   6592.7 ps                                _3752_:           _14538_/Y ->         _14539_/A
   6660.4 ps                                _3753_:           _14539_/Y ->         _14540_/A
   6764.3 ps  \datapath.programcounter.pc_mux [28]:           _14540_/Y ->         _14291_/B
   6852.9 ps                                _3563_:           _14291_/Y ->         _14292_/C
   6929.9 ps     \datapath.programcounter._1_ [28]:           _14292_/Y ->         _14597_/D

   clock skew at destination = 34.1127
   setup at destination = 322.648

Path _10970_/CLK to _14591_/D delay 7267.28 ps
      0.0 ps                          CLK_bF$buf94: CLKBUF1_insert900/Y ->         _10970_/CLK
    355.1 ps                \datapath.aluinstr [1]:           _10970_/Q ->          _9369_/A
    679.7 ps                                  _20_:            _9369_/Y ->          _9374_/C
    931.3 ps                                  _25_:            _9374_/Y ->          _9378_/C
   1145.4 ps                                  _29_:            _9378_/Y ->          _9387_/B
   1395.7 ps                                  _37_:            _9387_/Y ->          _9398_/B
   1721.2 ps                             alusel[2]:            _9398_/Y ->         _11496_/B
   2059.0 ps                                _2032_:           _11496_/Y ->         _11536_/A
   2588.8 ps                                _2071_:           _11536_/Y ->         _12279_/B
   3068.2 ps                                _1125_:           _12279_/Y ->         _12325_/B
   3380.1 ps                                _1174_:           _12325_/Y ->         _12326_/A
   3671.9 ps                                _1175_:           _12326_/Y ->         _12764_/C
   3834.0 ps                                _1645_:           _12764_/Y ->         _12765_/C
   3923.8 ps                                _1646_:           _12765_/Y ->         _12766_/C
   4028.1 ps                                _1647_:           _12766_/Y ->         _12773_/A
   4184.2 ps                                _1655_:           _12773_/Y ->         _12774_/C
   4270.2 ps                                _1656_:           _12774_/Y ->         _12775_/B
   4478.5 ps                  \datapath.alu.c [28]:           _12775_/Y ->         _12872_/B
   4660.7 ps                                _1760_:           _12872_/Y ->         _12884_/A
   4853.3 ps                                _1773_:           _12884_/Y ->         _12888_/C
   4987.3 ps                      \datapath.alu.z :           _12888_/Y ->          _9919_/B
   5155.6 ps                                 _308_:            _9919_/Y ->          _9920_/A
   5329.0 ps                   \datapath.tkbranch :            _9920_/Y ->         _10193_/A
   5455.5 ps                                 _515_:           _10193_/Y ->         _10195_/A
   5683.0 ps                       \datapath._34_ :           _10195_/Y ->         _14306_/A
   5857.0 ps                                _3574_:           _14306_/Y ->         _14309_/A
   6070.9 ps                                _3577_:           _14309_/Y -> BUFX2_insert832/A
   6354.4 ps                        _3577__bF$buf2:   BUFX2_insert832/Y ->         _14482_/B
   6468.6 ps                                _3708_:           _14482_/Y ->         _14484_/A
   6594.8 ps                                _3710_:           _14484_/Y ->         _14485_/B
   6716.2 ps  \datapath.programcounter.pc_mux [22]:           _14485_/Y ->         _14273_/B
   6807.2 ps                                _3551_:           _14273_/Y ->         _14274_/C
   6884.7 ps     \datapath.programcounter._1_ [22]:           _14274_/Y ->         _14591_/D

   clock skew at destination = 59.7971
   setup at destination = 322.814

Path _10970_/CLK to _14579_/D delay 7222.64 ps
      0.0 ps                          CLK_bF$buf94: CLKBUF1_insert900/Y ->         _10970_/CLK
    355.1 ps                \datapath.aluinstr [1]:           _10970_/Q ->          _9369_/A
    679.7 ps                                  _20_:            _9369_/Y ->          _9374_/C
    931.3 ps                                  _25_:            _9374_/Y ->          _9378_/C
   1145.4 ps                                  _29_:            _9378_/Y ->          _9387_/B
   1395.7 ps                                  _37_:            _9387_/Y ->          _9398_/B
   1721.2 ps                             alusel[2]:            _9398_/Y ->         _11496_/B
   2059.0 ps                                _2032_:           _11496_/Y ->         _11536_/A
   2588.8 ps                                _2071_:           _11536_/Y ->         _12279_/B
   3068.2 ps                                _1125_:           _12279_/Y ->         _12325_/B
   3380.1 ps                                _1174_:           _12325_/Y ->         _12326_/A
   3671.9 ps                                _1175_:           _12326_/Y ->         _12764_/C
   3834.0 ps                                _1645_:           _12764_/Y ->         _12765_/C
   3923.8 ps                                _1646_:           _12765_/Y ->         _12766_/C
   4028.1 ps                                _1647_:           _12766_/Y ->         _12773_/A
   4184.2 ps                                _1655_:           _12773_/Y ->         _12774_/C
   4270.2 ps                                _1656_:           _12774_/Y ->         _12775_/B
   4478.5 ps                  \datapath.alu.c [28]:           _12775_/Y ->         _12872_/B
   4660.7 ps                                _1760_:           _12872_/Y ->         _12884_/A
   4853.3 ps                                _1773_:           _12884_/Y ->         _12888_/C
   4987.3 ps                      \datapath.alu.z :           _12888_/Y ->          _9919_/B
   5155.6 ps                                 _308_:            _9919_/Y ->          _9920_/A
   5329.0 ps                   \datapath.tkbranch :            _9920_/Y ->         _10193_/A
   5455.5 ps                                 _515_:           _10193_/Y ->         _10195_/A
   5683.0 ps                       \datapath._34_ :           _10195_/Y ->         _14306_/A
   5857.0 ps                                _3574_:           _14306_/Y ->         _14309_/A
   6070.9 ps                                _3577_:           _14309_/Y -> BUFX2_insert830/A
   6370.8 ps                        _3577__bF$buf4:   BUFX2_insert830/Y ->         _14374_/B
   6500.1 ps                                _3624_:           _14374_/Y ->         _14376_/B
   6637.7 ps  \datapath.programcounter.pc_mux [10]:           _14376_/Y ->         _14237_/B
   6729.8 ps                                _3527_:           _14237_/Y ->         _14238_/C
   6807.5 ps     \datapath.programcounter._1_ [10]:           _14238_/Y ->         _14579_/D

   clock skew at destination = 92.1405
   setup at destination = 322.969

Path _10970_/CLK to _14580_/D delay 7205.76 ps
      0.0 ps                          CLK_bF$buf94: CLKBUF1_insert900/Y ->         _10970_/CLK
    355.1 ps                \datapath.aluinstr [1]:           _10970_/Q ->          _9369_/A
    679.7 ps                                  _20_:            _9369_/Y ->          _9374_/C
    931.3 ps                                  _25_:            _9374_/Y ->          _9378_/C
   1145.4 ps                                  _29_:            _9378_/Y ->          _9387_/B
   1395.7 ps                                  _37_:            _9387_/Y ->          _9398_/B
   1721.2 ps                             alusel[2]:            _9398_/Y ->         _11496_/B
   2059.0 ps                                _2032_:           _11496_/Y ->         _11536_/A
   2588.8 ps                                _2071_:           _11536_/Y ->         _12279_/B
   3068.2 ps                                _1125_:           _12279_/Y ->         _12325_/B
   3380.1 ps                                _1174_:           _12325_/Y ->         _12326_/A
   3671.9 ps                                _1175_:           _12326_/Y ->         _12764_/C
   3834.0 ps                                _1645_:           _12764_/Y ->         _12765_/C
   3923.8 ps                                _1646_:           _12765_/Y ->         _12766_/C
   4028.1 ps                                _1647_:           _12766_/Y ->         _12773_/A
   4184.2 ps                                _1655_:           _12773_/Y ->         _12774_/C
   4270.2 ps                                _1656_:           _12774_/Y ->         _12775_/B
   4478.5 ps                  \datapath.alu.c [28]:           _12775_/Y ->         _12872_/B
   4660.7 ps                                _1760_:           _12872_/Y ->         _12884_/A
   4853.3 ps                                _1773_:           _12884_/Y ->         _12888_/C
   4987.3 ps                      \datapath.alu.z :           _12888_/Y ->          _9919_/B
   5155.6 ps                                 _308_:            _9919_/Y ->          _9920_/A
   5329.0 ps                   \datapath.tkbranch :            _9920_/Y ->         _10193_/A
   5455.5 ps                                 _515_:           _10193_/Y ->         _10195_/A
   5683.0 ps                       \datapath._34_ :           _10195_/Y ->         _14306_/A
   5857.0 ps                                _3574_:           _14306_/Y ->         _14309_/A
   6070.9 ps                                _3577_:           _14309_/Y -> BUFX2_insert831/A
   6379.2 ps                        _3577__bF$buf3:   BUFX2_insert831/Y ->         _14382_/D
   6509.5 ps                                _3630_:           _14382_/Y ->         _14383_/B
   6652.8 ps  \datapath.programcounter.pc_mux [11]:           _14383_/Y ->         _14240_/B
   6745.3 ps                                _3529_:           _14240_/Y ->         _14241_/C
   6823.1 ps     \datapath.programcounter._1_ [11]:           _14241_/Y ->         _14580_/D

   clock skew at destination = 59.7971
   setup at destination = 322.909

Path _10970_/CLK to _14595_/D delay 7205.76 ps
      0.0 ps                          CLK_bF$buf94: CLKBUF1_insert900/Y ->         _10970_/CLK
    355.1 ps                \datapath.aluinstr [1]:           _10970_/Q ->          _9369_/A
    679.7 ps                                  _20_:            _9369_/Y ->          _9374_/C
    931.3 ps                                  _25_:            _9374_/Y ->          _9378_/C
   1145.4 ps                                  _29_:            _9378_/Y ->          _9387_/B
   1395.7 ps                                  _37_:            _9387_/Y ->          _9398_/B
   1721.2 ps                             alusel[2]:            _9398_/Y ->         _11496_/B
   2059.0 ps                                _2032_:           _11496_/Y ->         _11536_/A
   2588.8 ps                                _2071_:           _11536_/Y ->         _12279_/B
   3068.2 ps                                _1125_:           _12279_/Y ->         _12325_/B
   3380.1 ps                                _1174_:           _12325_/Y ->         _12326_/A
   3671.9 ps                                _1175_:           _12326_/Y ->         _12764_/C
   3834.0 ps                                _1645_:           _12764_/Y ->         _12765_/C
   3923.8 ps                                _1646_:           _12765_/Y ->         _12766_/C
   4028.1 ps                                _1647_:           _12766_/Y ->         _12773_/A
   4184.2 ps                                _1655_:           _12773_/Y ->         _12774_/C
   4270.2 ps                                _1656_:           _12774_/Y ->         _12775_/B
   4478.5 ps                  \datapath.alu.c [28]:           _12775_/Y ->         _12872_/B
   4660.7 ps                                _1760_:           _12872_/Y ->         _12884_/A
   4853.3 ps                                _1773_:           _12884_/Y ->         _12888_/C
   4987.3 ps                      \datapath.alu.z :           _12888_/Y ->          _9919_/B
   5155.6 ps                                 _308_:            _9919_/Y ->          _9920_/A
   5329.0 ps                   \datapath.tkbranch :            _9920_/Y ->         _10193_/A
   5455.5 ps                                 _515_:           _10193_/Y ->         _10195_/A
   5683.0 ps                       \datapath._34_ :           _10195_/Y ->         _14306_/A
   5857.0 ps                                _3574_:           _14306_/Y ->         _14309_/A
   6070.9 ps                                _3577_:           _14309_/Y -> BUFX2_insert831/A
   6379.2 ps                        _3577__bF$buf3:   BUFX2_insert831/Y ->         _14518_/D
   6509.5 ps                                _3736_:           _14518_/Y ->         _14519_/B
   6652.8 ps  \datapath.programcounter.pc_mux [26]:           _14519_/Y ->         _14285_/B
   6745.3 ps                                _3559_:           _14285_/Y ->         _14286_/C
   6823.1 ps     \datapath.programcounter._1_ [26]:           _14286_/Y ->         _14595_/D

   clock skew at destination = 59.7971
   setup at destination = 322.909

Path _10970_/CLK to _14590_/D delay 7202.37 ps
      0.0 ps                          CLK_bF$buf94: CLKBUF1_insert900/Y ->         _10970_/CLK
    355.1 ps                \datapath.aluinstr [1]:           _10970_/Q ->          _9369_/A
    679.7 ps                                  _20_:            _9369_/Y ->          _9374_/C
    931.3 ps                                  _25_:            _9374_/Y ->          _9378_/C
   1145.4 ps                                  _29_:            _9378_/Y ->          _9387_/B
   1395.7 ps                                  _37_:            _9387_/Y ->          _9398_/B
   1721.2 ps                             alusel[2]:            _9398_/Y ->         _11496_/B
   2059.0 ps                                _2032_:           _11496_/Y ->         _11536_/A
   2588.8 ps                                _2071_:           _11536_/Y ->         _12279_/B
   3068.2 ps                                _1125_:           _12279_/Y ->         _12325_/B
   3380.1 ps                                _1174_:           _12325_/Y ->         _12326_/A
   3671.9 ps                                _1175_:           _12326_/Y ->         _12764_/C
   3834.0 ps                                _1645_:           _12764_/Y ->         _12765_/C
   3923.8 ps                                _1646_:           _12765_/Y ->         _12766_/C
   4028.1 ps                                _1647_:           _12766_/Y ->         _12773_/A
   4184.2 ps                                _1655_:           _12773_/Y ->         _12774_/C
   4270.2 ps                                _1656_:           _12774_/Y ->         _12775_/B
   4478.5 ps                  \datapath.alu.c [28]:           _12775_/Y ->         _12872_/B
   4660.7 ps                                _1760_:           _12872_/Y ->         _12884_/A
   4853.3 ps                                _1773_:           _12884_/Y ->         _12888_/C
   4987.3 ps                      \datapath.alu.z :           _12888_/Y ->          _9919_/B
   5155.6 ps                                 _308_:            _9919_/Y ->          _9920_/A
   5329.0 ps                   \datapath.tkbranch :            _9920_/Y ->         _10193_/A
   5455.5 ps                                 _515_:           _10193_/Y ->         _10195_/A
   5683.0 ps                       \datapath._34_ :           _10195_/Y ->         _14306_/A
   5857.0 ps                                _3574_:           _14306_/Y ->         _14309_/A
   6070.9 ps                                _3577_:           _14309_/Y -> BUFX2_insert831/A
   6379.2 ps                        _3577__bF$buf3:   BUFX2_insert831/Y ->         _14475_/B
   6511.5 ps                                _3703_:           _14475_/Y ->         _14477_/B
   6649.8 ps  \datapath.programcounter.pc_mux [21]:           _14477_/Y ->         _14270_/B
   6742.0 ps                                _3549_:           _14270_/Y ->         _14271_/C
   6819.7 ps     \datapath.programcounter._1_ [21]:           _14271_/Y ->         _14590_/D

   clock skew at destination = 59.7971
   setup at destination = 322.888

Path _10970_/CLK to _14582_/D delay 7195.01 ps
      0.0 ps                          CLK_bF$buf94: CLKBUF1_insert900/Y ->         _10970_/CLK
    355.1 ps                \datapath.aluinstr [1]:           _10970_/Q ->          _9369_/A
    679.7 ps                                  _20_:            _9369_/Y ->          _9374_/C
    931.3 ps                                  _25_:            _9374_/Y ->          _9378_/C
   1145.4 ps                                  _29_:            _9378_/Y ->          _9387_/B
   1395.7 ps                                  _37_:            _9387_/Y ->          _9398_/B
   1721.2 ps                             alusel[2]:            _9398_/Y ->         _11496_/B
   2059.0 ps                                _2032_:           _11496_/Y ->         _11536_/A
   2588.8 ps                                _2071_:           _11536_/Y ->         _12279_/B
   3068.2 ps                                _1125_:           _12279_/Y ->         _12325_/B
   3380.1 ps                                _1174_:           _12325_/Y ->         _12326_/A
   3671.9 ps                                _1175_:           _12326_/Y ->         _12764_/C
   3834.0 ps                                _1645_:           _12764_/Y ->         _12765_/C
   3923.8 ps                                _1646_:           _12765_/Y ->         _12766_/C
   4028.1 ps                                _1647_:           _12766_/Y ->         _12773_/A
   4184.2 ps                                _1655_:           _12773_/Y ->         _12774_/C
   4270.2 ps                                _1656_:           _12774_/Y ->         _12775_/B
   4478.5 ps                  \datapath.alu.c [28]:           _12775_/Y ->         _12872_/B
   4660.7 ps                                _1760_:           _12872_/Y ->         _12884_/A
   4853.3 ps                                _1773_:           _12884_/Y ->         _12888_/C
   4987.3 ps                      \datapath.alu.z :           _12888_/Y ->          _9919_/B
   5155.6 ps                                 _308_:            _9919_/Y ->          _9920_/A
   5329.0 ps                   \datapath.tkbranch :            _9920_/Y ->         _10193_/A
   5455.5 ps                                 _515_:           _10193_/Y ->         _10195_/A
   5683.0 ps                       \datapath._34_ :           _10195_/Y ->         _14306_/A
   5857.0 ps                                _3574_:           _14306_/Y ->         _14309_/A
   6070.9 ps                                _3577_:           _14309_/Y -> BUFX2_insert833/A
   6371.4 ps                        _3577__bF$buf1:   BUFX2_insert833/Y ->         _14401_/D
   6499.4 ps                                _3645_:           _14401_/Y ->         _14402_/B
   6642.1 ps  \datapath.programcounter.pc_mux [13]:           _14402_/Y ->         _14246_/B
   6734.6 ps                                _3533_:           _14246_/Y ->         _14247_/C
   6812.3 ps     \datapath.programcounter._1_ [13]:           _14247_/Y ->         _14582_/D

   clock skew at destination = 59.7971
   setup at destination = 322.907

Path _10970_/CLK to _14592_/D delay 7195.01 ps
      0.0 ps                          CLK_bF$buf94: CLKBUF1_insert900/Y ->         _10970_/CLK
    355.1 ps                \datapath.aluinstr [1]:           _10970_/Q ->          _9369_/A
    679.7 ps                                  _20_:            _9369_/Y ->          _9374_/C
    931.3 ps                                  _25_:            _9374_/Y ->          _9378_/C
   1145.4 ps                                  _29_:            _9378_/Y ->          _9387_/B
   1395.7 ps                                  _37_:            _9387_/Y ->          _9398_/B
   1721.2 ps                             alusel[2]:            _9398_/Y ->         _11496_/B
   2059.0 ps                                _2032_:           _11496_/Y ->         _11536_/A
   2588.8 ps                                _2071_:           _11536_/Y ->         _12279_/B
   3068.2 ps                                _1125_:           _12279_/Y ->         _12325_/B
   3380.1 ps                                _1174_:           _12325_/Y ->         _12326_/A
   3671.9 ps                                _1175_:           _12326_/Y ->         _12764_/C
   3834.0 ps                                _1645_:           _12764_/Y ->         _12765_/C
   3923.8 ps                                _1646_:           _12765_/Y ->         _12766_/C
   4028.1 ps                                _1647_:           _12766_/Y ->         _12773_/A
   4184.2 ps                                _1655_:           _12773_/Y ->         _12774_/C
   4270.2 ps                                _1656_:           _12774_/Y ->         _12775_/B
   4478.5 ps                  \datapath.alu.c [28]:           _12775_/Y ->         _12872_/B
   4660.7 ps                                _1760_:           _12872_/Y ->         _12884_/A
   4853.3 ps                                _1773_:           _12884_/Y ->         _12888_/C
   4987.3 ps                      \datapath.alu.z :           _12888_/Y ->          _9919_/B
   5155.6 ps                                 _308_:            _9919_/Y ->          _9920_/A
   5329.0 ps                   \datapath.tkbranch :            _9920_/Y ->         _10193_/A
   5455.5 ps                                 _515_:           _10193_/Y ->         _10195_/A
   5683.0 ps                       \datapath._34_ :           _10195_/Y ->         _14306_/A
   5857.0 ps                                _3574_:           _14306_/Y ->         _14309_/A
   6070.9 ps                                _3577_:           _14309_/Y -> BUFX2_insert833/A
   6371.4 ps                        _3577__bF$buf1:   BUFX2_insert833/Y ->         _14491_/D
   6499.4 ps                                _3715_:           _14491_/Y ->         _14492_/B
   6642.1 ps  \datapath.programcounter.pc_mux [23]:           _14492_/Y ->         _14276_/B
   6734.6 ps                                _3553_:           _14276_/Y ->         _14277_/C
   6812.3 ps     \datapath.programcounter._1_ [23]:           _14277_/Y ->         _14592_/D

   clock skew at destination = 59.7971
   setup at destination = 322.907

Path _10970_/CLK to _14594_/D delay 7194.11 ps
      0.0 ps                          CLK_bF$buf94: CLKBUF1_insert900/Y ->         _10970_/CLK
    355.1 ps                \datapath.aluinstr [1]:           _10970_/Q ->          _9369_/A
    679.7 ps                                  _20_:            _9369_/Y ->          _9374_/C
    931.3 ps                                  _25_:            _9374_/Y ->          _9378_/C
   1145.4 ps                                  _29_:            _9378_/Y ->          _9387_/B
   1395.7 ps                                  _37_:            _9387_/Y ->          _9398_/B
   1721.2 ps                             alusel[2]:            _9398_/Y ->         _11496_/B
   2059.0 ps                                _2032_:           _11496_/Y ->         _11536_/A
   2588.8 ps                                _2071_:           _11536_/Y ->         _12279_/B
   3068.2 ps                                _1125_:           _12279_/Y ->         _12325_/B
   3380.1 ps                                _1174_:           _12325_/Y ->         _12326_/A
   3671.9 ps                                _1175_:           _12326_/Y ->         _12764_/C
   3834.0 ps                                _1645_:           _12764_/Y ->         _12765_/C
   3923.8 ps                                _1646_:           _12765_/Y ->         _12766_/C
   4028.1 ps                                _1647_:           _12766_/Y ->         _12773_/A
   4184.2 ps                                _1655_:           _12773_/Y ->         _12774_/C
   4270.2 ps                                _1656_:           _12774_/Y ->         _12775_/B
   4478.5 ps                  \datapath.alu.c [28]:           _12775_/Y ->         _12872_/B
   4660.7 ps                                _1760_:           _12872_/Y ->         _12884_/A
   4853.3 ps                                _1773_:           _12884_/Y ->         _12888_/C
   4987.3 ps                      \datapath.alu.z :           _12888_/Y ->          _9919_/B
   5155.6 ps                                 _308_:            _9919_/Y ->          _9920_/A
   5329.0 ps                   \datapath.tkbranch :            _9920_/Y ->         _10193_/A
   5455.5 ps                                 _515_:           _10193_/Y ->         _10195_/A
   5683.0 ps                       \datapath._34_ :           _10195_/Y ->         _14306_/A
   5857.0 ps                                _3574_:           _14306_/Y ->         _14309_/A
   6070.9 ps                                _3577_:           _14309_/Y -> BUFX2_insert830/A
   6370.8 ps                        _3577__bF$buf4:   BUFX2_insert830/Y ->         _14509_/D
   6498.6 ps                                _3729_:           _14509_/Y ->         _14510_/B
   6641.2 ps  \datapath.programcounter.pc_mux [25]:           _14510_/Y ->         _14282_/B
   6733.7 ps                                _3557_:           _14282_/Y ->         _14283_/C
   6811.4 ps     \datapath.programcounter._1_ [25]:           _14283_/Y ->         _14594_/D

   clock skew at destination = 59.7971
   setup at destination = 322.906

Path _10970_/CLK to _14584_/D delay 7194.07 ps
      0.0 ps                          CLK_bF$buf94: CLKBUF1_insert900/Y ->         _10970_/CLK
    355.1 ps                \datapath.aluinstr [1]:           _10970_/Q ->          _9369_/A
    679.7 ps                                  _20_:            _9369_/Y ->          _9374_/C
    931.3 ps                                  _25_:            _9374_/Y ->          _9378_/C
   1145.4 ps                                  _29_:            _9378_/Y ->          _9387_/B
   1395.7 ps                                  _37_:            _9387_/Y ->          _9398_/B
   1721.2 ps                             alusel[2]:            _9398_/Y ->         _11496_/B
   2059.0 ps                                _2032_:           _11496_/Y ->         _11536_/A
   2588.8 ps                                _2071_:           _11536_/Y ->         _12279_/B
   3068.2 ps                                _1125_:           _12279_/Y ->         _12325_/B
   3380.1 ps                                _1174_:           _12325_/Y ->         _12326_/A
   3671.9 ps                                _1175_:           _12326_/Y ->         _12764_/C
   3834.0 ps                                _1645_:           _12764_/Y ->         _12765_/C
   3923.8 ps                                _1646_:           _12765_/Y ->         _12766_/C
   4028.1 ps                                _1647_:           _12766_/Y ->         _12773_/A
   4184.2 ps                                _1655_:           _12773_/Y ->         _12774_/C
   4270.2 ps                                _1656_:           _12774_/Y ->         _12775_/B
   4478.5 ps                  \datapath.alu.c [28]:           _12775_/Y ->         _12872_/B
   4660.7 ps                                _1760_:           _12872_/Y ->         _12884_/A
   4853.3 ps                                _1773_:           _12884_/Y ->         _12888_/C
   4987.3 ps                      \datapath.alu.z :           _12888_/Y ->          _9919_/B
   5155.6 ps                                 _308_:            _9919_/Y ->          _9920_/A
   5329.0 ps                   \datapath.tkbranch :            _9920_/Y ->         _10193_/A
   5455.5 ps                                 _515_:           _10193_/Y ->         _10195_/A
   5683.0 ps                       \datapath._34_ :           _10195_/Y ->         _14306_/A
   5857.0 ps                                _3574_:           _14306_/Y ->         _14309_/A
   6070.9 ps                                _3577_:           _14309_/Y -> BUFX2_insert830/A
   6370.8 ps                        _3577__bF$buf4:   BUFX2_insert830/Y ->         _14418_/B
   6500.2 ps                                _3658_:           _14418_/Y ->         _14420_/A
   6658.9 ps  \datapath.programcounter.pc_mux [15]:           _14420_/Y ->         _14252_/B
   6757.7 ps                                _3537_:           _14252_/Y ->         _14253_/C
   6836.7 ps     \datapath.programcounter._1_ [15]:           _14253_/Y ->         _14584_/D

   clock skew at destination = 34.1127
   setup at destination = 323.292

Path _10970_/CLK to _14599_/D delay 7194.07 ps
      0.0 ps                          CLK_bF$buf94: CLKBUF1_insert900/Y ->         _10970_/CLK
    355.1 ps                \datapath.aluinstr [1]:           _10970_/Q ->          _9369_/A
    679.7 ps                                  _20_:            _9369_/Y ->          _9374_/C
    931.3 ps                                  _25_:            _9374_/Y ->          _9378_/C
   1145.4 ps                                  _29_:            _9378_/Y ->          _9387_/B
   1395.7 ps                                  _37_:            _9387_/Y ->          _9398_/B
   1721.2 ps                             alusel[2]:            _9398_/Y ->         _11496_/B
   2059.0 ps                                _2032_:           _11496_/Y ->         _11536_/A
   2588.8 ps                                _2071_:           _11536_/Y ->         _12279_/B
   3068.2 ps                                _1125_:           _12279_/Y ->         _12325_/B
   3380.1 ps                                _1174_:           _12325_/Y ->         _12326_/A
   3671.9 ps                                _1175_:           _12326_/Y ->         _12764_/C
   3834.0 ps                                _1645_:           _12764_/Y ->         _12765_/C
   3923.8 ps                                _1646_:           _12765_/Y ->         _12766_/C
   4028.1 ps                                _1647_:           _12766_/Y ->         _12773_/A
   4184.2 ps                                _1655_:           _12773_/Y ->         _12774_/C
   4270.2 ps                                _1656_:           _12774_/Y ->         _12775_/B
   4478.5 ps                  \datapath.alu.c [28]:           _12775_/Y ->         _12872_/B
   4660.7 ps                                _1760_:           _12872_/Y ->         _12884_/A
   4853.3 ps                                _1773_:           _12884_/Y ->         _12888_/C
   4987.3 ps                      \datapath.alu.z :           _12888_/Y ->          _9919_/B
   5155.6 ps                                 _308_:            _9919_/Y ->          _9920_/A
   5329.0 ps                   \datapath.tkbranch :            _9920_/Y ->         _10193_/A
   5455.5 ps                                 _515_:           _10193_/Y ->         _10195_/A
   5683.0 ps                       \datapath._34_ :           _10195_/Y ->         _14306_/A
   5857.0 ps                                _3574_:           _14306_/Y ->         _14309_/A
   6070.9 ps                                _3577_:           _14309_/Y -> BUFX2_insert830/A
   6370.8 ps                        _3577__bF$buf4:   BUFX2_insert830/Y ->         _14555_/B
   6500.2 ps                                _3765_:           _14555_/Y ->         _14557_/A
   6658.9 ps  \datapath.programcounter.pc_mux [30]:           _14557_/Y ->         _14297_/B
   6757.7 ps                                _3567_:           _14297_/Y ->         _14298_/C
   6836.7 ps     \datapath.programcounter._1_ [30]:           _14298_/Y ->         _14599_/D

   clock skew at destination = 34.1127
   setup at destination = 323.292

Path _10970_/CLK to _14570_/D delay 7193.57 ps
      0.0 ps                         CLK_bF$buf94: CLKBUF1_insert900/Y ->         _10970_/CLK
    355.1 ps               \datapath.aluinstr [1]:           _10970_/Q ->          _9369_/A
    679.7 ps                                 _20_:            _9369_/Y ->          _9374_/C
    931.3 ps                                 _25_:            _9374_/Y ->          _9378_/C
   1145.4 ps                                 _29_:            _9378_/Y ->          _9387_/B
   1395.7 ps                                 _37_:            _9387_/Y ->          _9398_/B
   1721.2 ps                            alusel[2]:            _9398_/Y ->         _11496_/B
   2059.0 ps                               _2032_:           _11496_/Y ->         _11536_/A
   2588.8 ps                               _2071_:           _11536_/Y ->         _12279_/B
   3068.2 ps                               _1125_:           _12279_/Y ->         _12325_/B
   3380.1 ps                               _1174_:           _12325_/Y ->         _12326_/A
   3671.9 ps                               _1175_:           _12326_/Y ->         _12764_/C
   3834.0 ps                               _1645_:           _12764_/Y ->         _12765_/C
   3923.8 ps                               _1646_:           _12765_/Y ->         _12766_/C
   4028.1 ps                               _1647_:           _12766_/Y ->         _12773_/A
   4184.2 ps                               _1655_:           _12773_/Y ->         _12774_/C
   4270.2 ps                               _1656_:           _12774_/Y ->         _12775_/B
   4478.5 ps                 \datapath.alu.c [28]:           _12775_/Y ->         _12872_/B
   4660.7 ps                               _1760_:           _12872_/Y ->         _12884_/A
   4853.3 ps                               _1773_:           _12884_/Y ->         _12888_/C
   4987.3 ps                     \datapath.alu.z :           _12888_/Y ->          _9919_/B
   5155.6 ps                                _308_:            _9919_/Y ->          _9920_/A
   5329.0 ps                  \datapath.tkbranch :            _9920_/Y ->         _10193_/A
   5455.5 ps                                _515_:           _10193_/Y ->         _10195_/A
   5683.0 ps                      \datapath._34_ :           _10195_/Y ->         _14306_/A
   5857.0 ps                               _3574_:           _14306_/Y ->         _14309_/A
   6070.9 ps                               _3577_:           _14309_/Y -> BUFX2_insert831/A
   6379.2 ps                       _3577__bF$buf3:   BUFX2_insert831/Y ->         _14314_/B
   6511.5 ps                               _3581_:           _14314_/Y ->         _14315_/B
   6631.0 ps  \datapath.programcounter.pc_mux [1]:           _14315_/Y ->         _14209_/A
   6725.1 ps                               _3509_:           _14209_/Y ->         _14211_/B
   6823.1 ps     \datapath.programcounter._1_ [1]:           _14211_/Y ->         _14570_/D

   clock skew at destination = 40.2677
   setup at destination = 330.252

Path _10970_/CLK to _14583_/D delay 7183.36 ps
      0.0 ps                          CLK_bF$buf94: CLKBUF1_insert900/Y ->         _10970_/CLK
    355.1 ps                \datapath.aluinstr [1]:           _10970_/Q ->          _9369_/A
    679.7 ps                                  _20_:            _9369_/Y ->          _9374_/C
    931.3 ps                                  _25_:            _9374_/Y ->          _9378_/C
   1145.4 ps                                  _29_:            _9378_/Y ->          _9387_/B
   1395.7 ps                                  _37_:            _9387_/Y ->          _9398_/B
   1721.2 ps                             alusel[2]:            _9398_/Y ->         _11496_/B
   2059.0 ps                                _2032_:           _11496_/Y ->         _11536_/A
   2588.8 ps                                _2071_:           _11536_/Y ->         _12279_/B
   3068.2 ps                                _1125_:           _12279_/Y ->         _12325_/B
   3380.1 ps                                _1174_:           _12325_/Y ->         _12326_/A
   3671.9 ps                                _1175_:           _12326_/Y ->         _12764_/C
   3834.0 ps                                _1645_:           _12764_/Y ->         _12765_/C
   3923.8 ps                                _1646_:           _12765_/Y ->         _12766_/C
   4028.1 ps                                _1647_:           _12766_/Y ->         _12773_/A
   4184.2 ps                                _1655_:           _12773_/Y ->         _12774_/C
   4270.2 ps                                _1656_:           _12774_/Y ->         _12775_/B
   4478.5 ps                  \datapath.alu.c [28]:           _12775_/Y ->         _12872_/B
   4660.7 ps                                _1760_:           _12872_/Y ->         _12884_/A
   4853.3 ps                                _1773_:           _12884_/Y ->         _12888_/C
   4987.3 ps                      \datapath.alu.z :           _12888_/Y ->          _9919_/B
   5155.6 ps                                 _308_:            _9919_/Y ->          _9920_/A
   5329.0 ps                   \datapath.tkbranch :            _9920_/Y ->         _10193_/A
   5455.5 ps                                 _515_:           _10193_/Y ->         _10195_/A
   5683.0 ps                       \datapath._34_ :           _10195_/Y ->         _14306_/A
   5857.0 ps                                _3574_:           _14306_/Y ->         _14309_/A
   6070.9 ps                                _3577_:           _14309_/Y -> BUFX2_insert834/A
   6362.9 ps                        _3577__bF$buf0:   BUFX2_insert834/Y ->         _14409_/D
   6488.5 ps                                _3651_:           _14409_/Y ->         _14410_/B
   6630.5 ps  \datapath.programcounter.pc_mux [14]:           _14410_/Y ->         _14249_/B
   6722.9 ps                                _3535_:           _14249_/Y ->         _14250_/C
   6800.7 ps     \datapath.programcounter._1_ [14]:           _14250_/Y ->         _14583_/D

   clock skew at destination = 59.7971
   setup at destination = 322.904

Path _10970_/CLK to _14598_/D delay 7182.83 ps
      0.0 ps                          CLK_bF$buf94: CLKBUF1_insert900/Y ->         _10970_/CLK
    355.1 ps                \datapath.aluinstr [1]:           _10970_/Q ->          _9369_/A
    679.7 ps                                  _20_:            _9369_/Y ->          _9374_/C
    931.3 ps                                  _25_:            _9374_/Y ->          _9378_/C
   1145.4 ps                                  _29_:            _9378_/Y ->          _9387_/B
   1395.7 ps                                  _37_:            _9387_/Y ->          _9398_/B
   1721.2 ps                             alusel[2]:            _9398_/Y ->         _11496_/B
   2059.0 ps                                _2032_:           _11496_/Y ->         _11536_/A
   2588.8 ps                                _2071_:           _11536_/Y ->         _12279_/B
   3068.2 ps                                _1125_:           _12279_/Y ->         _12325_/B
   3380.1 ps                                _1174_:           _12325_/Y ->         _12326_/A
   3671.9 ps                                _1175_:           _12326_/Y ->         _12764_/C
   3834.0 ps                                _1645_:           _12764_/Y ->         _12765_/C
   3923.8 ps                                _1646_:           _12765_/Y ->         _12766_/C
   4028.1 ps                                _1647_:           _12766_/Y ->         _12773_/A
   4184.2 ps                                _1655_:           _12773_/Y ->         _12774_/C
   4270.2 ps                                _1656_:           _12774_/Y ->         _12775_/B
   4478.5 ps                  \datapath.alu.c [28]:           _12775_/Y ->         _12872_/B
   4660.7 ps                                _1760_:           _12872_/Y ->         _12884_/A
   4853.3 ps                                _1773_:           _12884_/Y ->         _12888_/C
   4987.3 ps                      \datapath.alu.z :           _12888_/Y ->          _9919_/B
   5155.6 ps                                 _308_:            _9919_/Y ->          _9920_/A
   5329.0 ps                   \datapath.tkbranch :            _9920_/Y ->         _10193_/A
   5455.5 ps                                 _515_:           _10193_/Y ->         _10195_/A
   5683.0 ps                       \datapath._34_ :           _10195_/Y ->         _14306_/A
   5857.0 ps                                _3574_:           _14306_/Y ->         _14309_/A
   6070.9 ps                                _3577_:           _14309_/Y -> BUFX2_insert834/A
   6362.9 ps                        _3577__bF$buf0:   BUFX2_insert834/Y ->         _14546_/B
   6489.6 ps                                _3758_:           _14546_/Y ->         _14548_/A
   6647.7 ps  \datapath.programcounter.pc_mux [29]:           _14548_/Y ->         _14294_/B
   6746.5 ps                                _3565_:           _14294_/Y ->         _14295_/C
   6825.4 ps     \datapath.programcounter._1_ [29]:           _14295_/Y ->         _14598_/D

   clock skew at destination = 34.1127
   setup at destination = 323.29

Path _10970_/CLK to _14569_/D delay 7181.37 ps
      0.0 ps                         CLK_bF$buf94: CLKBUF1_insert900/Y ->         _10970_/CLK
    355.1 ps               \datapath.aluinstr [1]:           _10970_/Q ->          _9369_/A
    679.7 ps                                 _20_:            _9369_/Y ->          _9374_/C
    931.3 ps                                 _25_:            _9374_/Y ->          _9378_/C
   1145.4 ps                                 _29_:            _9378_/Y ->          _9387_/B
   1395.7 ps                                 _37_:            _9387_/Y ->          _9398_/B
   1721.2 ps                            alusel[2]:            _9398_/Y ->         _11496_/B
   2059.0 ps                               _2032_:           _11496_/Y ->         _11536_/A
   2588.8 ps                               _2071_:           _11536_/Y ->         _12279_/B
   3068.2 ps                               _1125_:           _12279_/Y ->         _12325_/B
   3380.1 ps                               _1174_:           _12325_/Y ->         _12326_/A
   3671.9 ps                               _1175_:           _12326_/Y ->         _12764_/C
   3834.0 ps                               _1645_:           _12764_/Y ->         _12765_/C
   3923.8 ps                               _1646_:           _12765_/Y ->         _12766_/C
   4028.1 ps                               _1647_:           _12766_/Y ->         _12773_/A
   4184.2 ps                               _1655_:           _12773_/Y ->         _12774_/C
   4270.2 ps                               _1656_:           _12774_/Y ->         _12775_/B
   4478.5 ps                 \datapath.alu.c [28]:           _12775_/Y ->         _12872_/B
   4660.7 ps                               _1760_:           _12872_/Y ->         _12884_/A
   4853.3 ps                               _1773_:           _12884_/Y ->         _12888_/C
   4987.3 ps                     \datapath.alu.z :           _12888_/Y ->          _9919_/B
   5155.6 ps                                _308_:            _9919_/Y ->          _9920_/A
   5329.0 ps                  \datapath.tkbranch :            _9920_/Y ->         _10193_/A
   5455.5 ps                                _515_:           _10193_/Y ->         _10195_/A
   5683.0 ps                      \datapath._34_ :           _10195_/Y ->         _14306_/A
   5857.0 ps                               _3574_:           _14306_/Y ->         _14309_/A
   6070.9 ps                               _3577_:           _14309_/Y -> BUFX2_insert830/A
   6370.8 ps                       _3577__bF$buf4:   BUFX2_insert830/Y ->         _14310_/B
   6500.1 ps                               _3578_:           _14310_/Y ->         _14311_/B
   6618.9 ps  \datapath.programcounter.pc_mux [0]:           _14311_/Y ->         _14206_/A
   6712.9 ps                               _3507_:           _14206_/Y ->         _14208_/B
   6810.9 ps     \datapath.programcounter._1_ [0]:           _14208_/Y ->         _14569_/D

   clock skew at destination = 40.2677
   setup at destination = 330.251

Path _10970_/CLK to _14575_/D delay 7180.06 ps
      0.0 ps                         CLK_bF$buf94: CLKBUF1_insert900/Y ->         _10970_/CLK
    355.1 ps               \datapath.aluinstr [1]:           _10970_/Q ->          _9369_/A
    679.7 ps                                 _20_:            _9369_/Y ->          _9374_/C
    931.3 ps                                 _25_:            _9374_/Y ->          _9378_/C
   1145.4 ps                                 _29_:            _9378_/Y ->          _9387_/B
   1395.7 ps                                 _37_:            _9387_/Y ->          _9398_/B
   1721.2 ps                            alusel[2]:            _9398_/Y ->         _11496_/B
   2059.0 ps                               _2032_:           _11496_/Y ->         _11536_/A
   2588.8 ps                               _2071_:           _11536_/Y ->         _12279_/B
   3068.2 ps                               _1125_:           _12279_/Y ->         _12325_/B
   3380.1 ps                               _1174_:           _12325_/Y ->         _12326_/A
   3671.9 ps                               _1175_:           _12326_/Y ->         _12764_/C
   3834.0 ps                               _1645_:           _12764_/Y ->         _12765_/C
   3923.8 ps                               _1646_:           _12765_/Y ->         _12766_/C
   4028.1 ps                               _1647_:           _12766_/Y ->         _12773_/A
   4184.2 ps                               _1655_:           _12773_/Y ->         _12774_/C
   4270.2 ps                               _1656_:           _12774_/Y ->         _12775_/B
   4478.5 ps                 \datapath.alu.c [28]:           _12775_/Y ->         _12872_/B
   4660.7 ps                               _1760_:           _12872_/Y ->         _12884_/A
   4853.3 ps                               _1773_:           _12884_/Y ->         _12888_/C
   4987.3 ps                     \datapath.alu.z :           _12888_/Y ->          _9919_/B
   5155.6 ps                                _308_:            _9919_/Y ->          _9920_/A
   5329.0 ps                  \datapath.tkbranch :            _9920_/Y ->         _10193_/A
   5455.5 ps                                _515_:           _10193_/Y ->         _10195_/A
   5683.0 ps                      \datapath._34_ :           _10195_/Y ->         _14306_/A
   5857.0 ps                               _3574_:           _14306_/Y ->         _14309_/A
   6070.9 ps                               _3577_:           _14309_/Y -> BUFX2_insert831/A
   6379.2 ps                       _3577__bF$buf3:   BUFX2_insert831/Y ->         _14346_/D
   6509.5 ps                               _3604_:           _14346_/Y ->         _14347_/B
   6652.8 ps  \datapath.programcounter.pc_mux [6]:           _14347_/Y ->         _14225_/B
   6745.3 ps                               _3519_:           _14225_/Y ->         _14226_/C
   6823.1 ps     \datapath.programcounter._1_ [6]:           _14226_/Y ->         _14575_/D

   clock skew at destination = 34.1127
   setup at destination = 322.894

Path _10970_/CLK to _14578_/D delay 7178.98 ps
      0.0 ps                         CLK_bF$buf94: CLKBUF1_insert900/Y ->         _10970_/CLK
    355.1 ps               \datapath.aluinstr [1]:           _10970_/Q ->          _9369_/A
    679.7 ps                                 _20_:            _9369_/Y ->          _9374_/C
    931.3 ps                                 _25_:            _9374_/Y ->          _9378_/C
   1145.4 ps                                 _29_:            _9378_/Y ->          _9387_/B
   1395.7 ps                                 _37_:            _9387_/Y ->          _9398_/B
   1721.2 ps                            alusel[2]:            _9398_/Y ->         _11496_/B
   2059.0 ps                               _2032_:           _11496_/Y ->         _11536_/A
   2588.8 ps                               _2071_:           _11536_/Y ->         _12279_/B
   3068.2 ps                               _1125_:           _12279_/Y ->         _12325_/B
   3380.1 ps                               _1174_:           _12325_/Y ->         _12326_/A
   3671.9 ps                               _1175_:           _12326_/Y ->         _12764_/C
   3834.0 ps                               _1645_:           _12764_/Y ->         _12765_/C
   3923.8 ps                               _1646_:           _12765_/Y ->         _12766_/C
   4028.1 ps                               _1647_:           _12766_/Y ->         _12773_/A
   4184.2 ps                               _1655_:           _12773_/Y ->         _12774_/C
   4270.2 ps                               _1656_:           _12774_/Y ->         _12775_/B
   4478.5 ps                 \datapath.alu.c [28]:           _12775_/Y ->         _12872_/B
   4660.7 ps                               _1760_:           _12872_/Y ->         _12884_/A
   4853.3 ps                               _1773_:           _12884_/Y ->         _12888_/C
   4987.3 ps                     \datapath.alu.z :           _12888_/Y ->          _9919_/B
   5155.6 ps                                _308_:            _9919_/Y ->          _9920_/A
   5329.0 ps                  \datapath.tkbranch :            _9920_/Y ->         _10193_/A
   5455.5 ps                                _515_:           _10193_/Y ->         _10195_/A
   5683.0 ps                      \datapath._34_ :           _10195_/Y ->         _14306_/A
   5857.0 ps                               _3574_:           _14306_/Y ->         _14309_/A
   6070.9 ps                               _3577_:           _14309_/Y -> BUFX2_insert834/A
   6362.9 ps                       _3577__bF$buf0:   BUFX2_insert834/Y ->         _14364_/B
   6489.5 ps                               _3616_:           _14364_/Y ->         _14366_/B
   6626.5 ps  \datapath.programcounter.pc_mux [9]:           _14366_/Y ->         _14234_/B
   6718.6 ps                               _3525_:           _14234_/Y ->         _14235_/C
   6796.3 ps     \datapath.programcounter._1_ [9]:           _14235_/Y ->         _14578_/D

   clock skew at destination = 59.7971
   setup at destination = 322.882

Path _10970_/CLK to _14593_/D delay 7178.98 ps
      0.0 ps                          CLK_bF$buf94: CLKBUF1_insert900/Y ->         _10970_/CLK
    355.1 ps                \datapath.aluinstr [1]:           _10970_/Q ->          _9369_/A
    679.7 ps                                  _20_:            _9369_/Y ->          _9374_/C
    931.3 ps                                  _25_:            _9374_/Y ->          _9378_/C
   1145.4 ps                                  _29_:            _9378_/Y ->          _9387_/B
   1395.7 ps                                  _37_:            _9387_/Y ->          _9398_/B
   1721.2 ps                             alusel[2]:            _9398_/Y ->         _11496_/B
   2059.0 ps                                _2032_:           _11496_/Y ->         _11536_/A
   2588.8 ps                                _2071_:           _11536_/Y ->         _12279_/B
   3068.2 ps                                _1125_:           _12279_/Y ->         _12325_/B
   3380.1 ps                                _1174_:           _12325_/Y ->         _12326_/A
   3671.9 ps                                _1175_:           _12326_/Y ->         _12764_/C
   3834.0 ps                                _1645_:           _12764_/Y ->         _12765_/C
   3923.8 ps                                _1646_:           _12765_/Y ->         _12766_/C
   4028.1 ps                                _1647_:           _12766_/Y ->         _12773_/A
   4184.2 ps                                _1655_:           _12773_/Y ->         _12774_/C
   4270.2 ps                                _1656_:           _12774_/Y ->         _12775_/B
   4478.5 ps                  \datapath.alu.c [28]:           _12775_/Y ->         _12872_/B
   4660.7 ps                                _1760_:           _12872_/Y ->         _12884_/A
   4853.3 ps                                _1773_:           _12884_/Y ->         _12888_/C
   4987.3 ps                      \datapath.alu.z :           _12888_/Y ->          _9919_/B
   5155.6 ps                                 _308_:            _9919_/Y ->          _9920_/A
   5329.0 ps                   \datapath.tkbranch :            _9920_/Y ->         _10193_/A
   5455.5 ps                                 _515_:           _10193_/Y ->         _10195_/A
   5683.0 ps                       \datapath._34_ :           _10195_/Y ->         _14306_/A
   5857.0 ps                                _3574_:           _14306_/Y ->         _14309_/A
   6070.9 ps                                _3577_:           _14309_/Y -> BUFX2_insert834/A
   6362.9 ps                        _3577__bF$buf0:   BUFX2_insert834/Y ->         _14499_/B
   6489.5 ps                                _3721_:           _14499_/Y ->         _14501_/B
   6626.5 ps  \datapath.programcounter.pc_mux [24]:           _14501_/Y ->         _14279_/B
   6718.6 ps                                _3555_:           _14279_/Y ->         _14280_/C
   6796.3 ps     \datapath.programcounter._1_ [24]:           _14280_/Y ->         _14593_/D

   clock skew at destination = 59.7971
   setup at destination = 322.882

Path _10970_/CLK to _14585_/D delay 7176.67 ps
      0.0 ps                          CLK_bF$buf94: CLKBUF1_insert900/Y ->         _10970_/CLK
    355.1 ps                \datapath.aluinstr [1]:           _10970_/Q ->          _9369_/A
    679.7 ps                                  _20_:            _9369_/Y ->          _9374_/C
    931.3 ps                                  _25_:            _9374_/Y ->          _9378_/C
   1145.4 ps                                  _29_:            _9378_/Y ->          _9387_/B
   1395.7 ps                                  _37_:            _9387_/Y ->          _9398_/B
   1721.2 ps                             alusel[2]:            _9398_/Y ->         _11496_/B
   2059.0 ps                                _2032_:           _11496_/Y ->         _11536_/A
   2588.8 ps                                _2071_:           _11536_/Y ->         _12279_/B
   3068.2 ps                                _1125_:           _12279_/Y ->         _12325_/B
   3380.1 ps                                _1174_:           _12325_/Y ->         _12326_/A
   3671.9 ps                                _1175_:           _12326_/Y ->         _12764_/C
   3834.0 ps                                _1645_:           _12764_/Y ->         _12765_/C
   3923.8 ps                                _1646_:           _12765_/Y ->         _12766_/C
   4028.1 ps                                _1647_:           _12766_/Y ->         _12773_/A
   4184.2 ps                                _1655_:           _12773_/Y ->         _12774_/C
   4270.2 ps                                _1656_:           _12774_/Y ->         _12775_/B
   4478.5 ps                  \datapath.alu.c [28]:           _12775_/Y ->         _12872_/B
   4660.7 ps                                _1760_:           _12872_/Y ->         _12884_/A
   4853.3 ps                                _1773_:           _12884_/Y ->         _12888_/C
   4987.3 ps                      \datapath.alu.z :           _12888_/Y ->          _9919_/B
   5155.6 ps                                 _308_:            _9919_/Y ->          _9920_/A
   5329.0 ps                   \datapath.tkbranch :            _9920_/Y ->         _10193_/A
   5455.5 ps                                 _515_:           _10193_/Y ->         _10195_/A
   5683.0 ps                       \datapath._34_ :           _10195_/Y ->         _14306_/A
   5857.0 ps                                _3574_:           _14306_/Y ->         _14309_/A
   6070.9 ps                                _3577_:           _14309_/Y -> BUFX2_insert831/A
   6379.2 ps                        _3577__bF$buf3:   BUFX2_insert831/Y ->         _14430_/B
   6511.5 ps                                _3668_:           _14430_/Y ->         _14432_/B
   6649.8 ps  \datapath.programcounter.pc_mux [16]:           _14432_/Y ->         _14255_/B
   6742.0 ps                                _3539_:           _14255_/Y ->         _14256_/C
   6819.7 ps     \datapath.programcounter._1_ [16]:           _14256_/Y ->         _14585_/D

   clock skew at destination = 34.1127
   setup at destination = 322.872

Computed maximum clock frequency (zero margin) = 137.023 MHz
-----------------------------------------

Number of paths analyzed:  1946

Top 20 minimum delay paths:
Path _10894_/CLK to _10665_/D delay -128.508 ps
      0.0 ps              CLK_bF$buf20: CLKBUF1_insert974/Y -> _10894_/CLK
      6.7 ps  \datapath.regrs2alu [24]:           _10894_/Q -> _10665_/D

   clock skew at destination = -45.211
   hold at destination = -89.9985

Path _10893_/CLK to _10664_/D delay -128.508 ps
      0.0 ps              CLK_bF$buf21: CLKBUF1_insert973/Y -> _10893_/CLK
      6.7 ps  \datapath.regrs2alu [23]:           _10893_/Q -> _10664_/D

   clock skew at destination = -45.211
   hold at destination = -89.9985

Path _10892_/CLK to _10663_/D delay -128.508 ps
      0.0 ps              CLK_bF$buf22: CLKBUF1_insert972/Y -> _10892_/CLK
      6.7 ps  \datapath.regrs2alu [22]:           _10892_/Q -> _10663_/D

   clock skew at destination = -45.211
   hold at destination = -89.9985

Path _10884_/CLK to _10655_/D delay -128.508 ps
      0.0 ps              CLK_bF$buf30: CLKBUF1_insert964/Y -> _10884_/CLK
      6.7 ps  \datapath.regrs2alu [14]:           _10884_/Q -> _10655_/D

   clock skew at destination = -45.211
   hold at destination = -89.9985

Path _10883_/CLK to _10654_/D delay -128.508 ps
      0.0 ps              CLK_bF$buf31: CLKBUF1_insert963/Y -> _10883_/CLK
      6.7 ps  \datapath.regrs2alu [13]:           _10883_/Q -> _10654_/D

   clock skew at destination = -45.211
   hold at destination = -89.9985

Path _10882_/CLK to _10653_/D delay -128.508 ps
      0.0 ps              CLK_bF$buf32: CLKBUF1_insert962/Y -> _10882_/CLK
      6.7 ps  \datapath.regrs2alu [12]:           _10882_/Q -> _10653_/D

   clock skew at destination = -45.211
   hold at destination = -89.9985

Path _10881_/CLK to _10652_/D delay -128.508 ps
      0.0 ps              CLK_bF$buf33: CLKBUF1_insert961/Y -> _10881_/CLK
      6.7 ps  \datapath.regrs2alu [11]:           _10881_/Q -> _10652_/D

   clock skew at destination = -45.211
   hold at destination = -89.9985

Path _10880_/CLK to _10651_/D delay -128.508 ps
      0.0 ps              CLK_bF$buf34: CLKBUF1_insert960/Y -> _10880_/CLK
      6.7 ps  \datapath.regrs2alu [10]:           _10880_/Q -> _10651_/D

   clock skew at destination = -45.211
   hold at destination = -89.9985

Path _10872_/CLK to _10643_/D delay -128.508 ps
      0.0 ps             CLK_bF$buf42: CLKBUF1_insert952/Y -> _10872_/CLK
      6.7 ps  \datapath.regrs2alu [2]:           _10872_/Q -> _10643_/D

   clock skew at destination = -45.211
   hold at destination = -89.9985

Path _11022_/CLK to _10765_/D delay -128.508 ps
      0.0 ps            CLK_bF$buf42: CLKBUF1_insert952/Y -> _11022_/CLK
      6.7 ps  \datapath.alupc_4 [21]:           _11022_/Q -> _10765_/D

   clock skew at destination = -45.211
   hold at destination = -89.9985

Path _10871_/CLK to _10642_/D delay -128.508 ps
      0.0 ps             CLK_bF$buf43: CLKBUF1_insert951/Y -> _10871_/CLK
      6.7 ps  \datapath.regrs2alu [1]:           _10871_/Q -> _10642_/D

   clock skew at destination = -45.211
   hold at destination = -89.9985

Path _10870_/CLK to _10641_/D delay -128.508 ps
      0.0 ps             CLK_bF$buf44: CLKBUF1_insert950/Y -> _10870_/CLK
      6.7 ps  \datapath.regrs2alu [0]:           _10870_/Q -> _10641_/D

   clock skew at destination = -45.211
   hold at destination = -89.9985

Path _10869_/CLK to _10640_/D delay -128.508 ps
      0.0 ps              CLK_bF$buf45: CLKBUF1_insert949/Y -> _10869_/CLK
      6.7 ps  \datapath.regcsralu [31]:           _10869_/Q -> _10640_/D

   clock skew at destination = -45.211
   hold at destination = -89.9985

Path _10868_/CLK to _10639_/D delay -128.508 ps
      0.0 ps              CLK_bF$buf46: CLKBUF1_insert948/Y -> _10868_/CLK
      6.7 ps  \datapath.regcsralu [30]:           _10868_/Q -> _10639_/D

   clock skew at destination = -45.211
   hold at destination = -89.9985

Path _10860_/CLK to _10631_/D delay -128.508 ps
      0.0 ps              CLK_bF$buf54: CLKBUF1_insert940/Y -> _10860_/CLK
      6.7 ps  \datapath.regcsralu [22]:           _10860_/Q -> _10631_/D

   clock skew at destination = -45.211
   hold at destination = -89.9985

Path _10859_/CLK to _10630_/D delay -128.508 ps
      0.0 ps              CLK_bF$buf55: CLKBUF1_insert939/Y -> _10859_/CLK
      6.7 ps  \datapath.regcsralu [21]:           _10859_/Q -> _10630_/D

   clock skew at destination = -45.211
   hold at destination = -89.9985

Path _10858_/CLK to _10629_/D delay -128.508 ps
      0.0 ps              CLK_bF$buf56: CLKBUF1_insert938/Y -> _10858_/CLK
      6.7 ps  \datapath.regcsralu [20]:           _10858_/Q -> _10629_/D

   clock skew at destination = -45.211
   hold at destination = -89.9985

Path _10857_/CLK to _10628_/D delay -128.508 ps
      0.0 ps              CLK_bF$buf57: CLKBUF1_insert937/Y -> _10857_/CLK
      6.7 ps  \datapath.regcsralu [19]:           _10857_/Q -> _10628_/D

   clock skew at destination = -45.211
   hold at destination = -89.9985

Path _10856_/CLK to _10627_/D delay -128.508 ps
      0.0 ps              CLK_bF$buf58: CLKBUF1_insert936/Y -> _10856_/CLK
      6.7 ps  \datapath.regcsralu [18]:           _10856_/Q -> _10627_/D

   clock skew at destination = -45.211
   hold at destination = -89.9985

Path _10848_/CLK to _10619_/D delay -128.508 ps
      0.0 ps              CLK_bF$buf66: CLKBUF1_insert928/Y -> _10848_/CLK
      6.7 ps  \datapath.regcsralu [10]:           _10848_/Q -> _10619_/D

   clock skew at destination = -45.211
   hold at destination = -89.9985

ERROR:  Design fails minimum hold timing.
-----------------------------------------

Number of paths analyzed:  96

Top 20 maximum delay paths:
Path input pin DMEM_DATA_L[15] to _10516_/D delay 1641.74 ps
      0.0 ps             DMEM_DATA_L[15]:           -> _14004_/A
    115.8 ps                      _3362_: _14004_/Y -> _14128_/B
    281.3 ps                      _3454_: _14128_/Y -> _14134_/C
   1074.0 ps                      _3459_: _14134_/Y -> _14141_/C
   1367.9 ps  \datapath.memdataload [19]: _14141_/Y -> _10516_/D

   setup at destination = 273.83

Path input pin DMEM_DATA_L[15] to _10520_/D delay 1641.74 ps
      0.0 ps             DMEM_DATA_L[15]:           -> _14004_/A
    115.8 ps                      _3362_: _14004_/Y -> _14128_/B
    281.3 ps                      _3454_: _14128_/Y -> _14134_/C
   1074.0 ps                      _3459_: _14134_/Y -> _14149_/C
   1367.9 ps  \datapath.memdataload [23]: _14149_/Y -> _10520_/D

   setup at destination = 273.83

Path input pin DMEM_DATA_L[15] to _10524_/D delay 1641.74 ps
      0.0 ps             DMEM_DATA_L[15]:           -> _14004_/A
    115.8 ps                      _3362_: _14004_/Y -> _14128_/B
    281.3 ps                      _3454_: _14128_/Y -> _14134_/C
   1074.0 ps                      _3459_: _14134_/Y -> _14157_/C
   1367.9 ps  \datapath.memdataload [27]: _14157_/Y -> _10524_/D

   setup at destination = 273.83

Path input pin DMEM_DATA_L[15] to _10528_/D delay 1641.74 ps
      0.0 ps             DMEM_DATA_L[15]:           -> _14004_/A
    115.8 ps                      _3362_: _14004_/Y -> _14128_/B
    281.3 ps                      _3454_: _14128_/Y -> _14134_/C
   1074.0 ps                      _3459_: _14134_/Y -> _14165_/C
   1367.9 ps  \datapath.memdataload [31]: _14165_/Y -> _10528_/D

   setup at destination = 273.83

Path input pin DMEM_DATA_L[15] to _10515_/D delay 1641.74 ps
      0.0 ps             DMEM_DATA_L[15]:           -> _14004_/A
    115.8 ps                      _3362_: _14004_/Y -> _14128_/B
    281.3 ps                      _3454_: _14128_/Y -> _14134_/C
   1074.0 ps                      _3459_: _14134_/Y -> _14139_/C
   1367.9 ps  \datapath.memdataload [18]: _14139_/Y -> _10515_/D

   setup at destination = 273.83

Path input pin DMEM_DATA_L[15] to _10519_/D delay 1641.74 ps
      0.0 ps             DMEM_DATA_L[15]:           -> _14004_/A
    115.8 ps                      _3362_: _14004_/Y -> _14128_/B
    281.3 ps                      _3454_: _14128_/Y -> _14134_/C
   1074.0 ps                      _3459_: _14134_/Y -> _14147_/C
   1367.9 ps  \datapath.memdataload [22]: _14147_/Y -> _10519_/D

   setup at destination = 273.83

Path input pin DMEM_DATA_L[15] to _10523_/D delay 1641.74 ps
      0.0 ps             DMEM_DATA_L[15]:           -> _14004_/A
    115.8 ps                      _3362_: _14004_/Y -> _14128_/B
    281.3 ps                      _3454_: _14128_/Y -> _14134_/C
   1074.0 ps                      _3459_: _14134_/Y -> _14155_/C
   1367.9 ps  \datapath.memdataload [26]: _14155_/Y -> _10523_/D

   setup at destination = 273.83

Path input pin DMEM_DATA_L[15] to _10527_/D delay 1641.74 ps
      0.0 ps             DMEM_DATA_L[15]:           -> _14004_/A
    115.8 ps                      _3362_: _14004_/Y -> _14128_/B
    281.3 ps                      _3454_: _14128_/Y -> _14134_/C
   1074.0 ps                      _3459_: _14134_/Y -> _14163_/C
   1367.9 ps  \datapath.memdataload [30]: _14163_/Y -> _10527_/D

   setup at destination = 273.83

Path input pin DMEM_DATA_L[15] to _10514_/D delay 1641.74 ps
      0.0 ps             DMEM_DATA_L[15]:           -> _14004_/A
    115.8 ps                      _3362_: _14004_/Y -> _14128_/B
    281.3 ps                      _3454_: _14128_/Y -> _14134_/C
   1074.0 ps                      _3459_: _14134_/Y -> _14137_/C
   1367.9 ps  \datapath.memdataload [17]: _14137_/Y -> _10514_/D

   setup at destination = 273.83

Path input pin DMEM_DATA_L[15] to _10518_/D delay 1641.74 ps
      0.0 ps             DMEM_DATA_L[15]:           -> _14004_/A
    115.8 ps                      _3362_: _14004_/Y -> _14128_/B
    281.3 ps                      _3454_: _14128_/Y -> _14134_/C
   1074.0 ps                      _3459_: _14134_/Y -> _14145_/C
   1367.9 ps  \datapath.memdataload [21]: _14145_/Y -> _10518_/D

   setup at destination = 273.83

Path input pin DMEM_DATA_L[15] to _10522_/D delay 1641.74 ps
      0.0 ps             DMEM_DATA_L[15]:           -> _14004_/A
    115.8 ps                      _3362_: _14004_/Y -> _14128_/B
    281.3 ps                      _3454_: _14128_/Y -> _14134_/C
   1074.0 ps                      _3459_: _14134_/Y -> _14153_/C
   1367.9 ps  \datapath.memdataload [25]: _14153_/Y -> _10522_/D

   setup at destination = 273.83

Path input pin DMEM_DATA_L[15] to _10526_/D delay 1641.74 ps
      0.0 ps             DMEM_DATA_L[15]:           -> _14004_/A
    115.8 ps                      _3362_: _14004_/Y -> _14128_/B
    281.3 ps                      _3454_: _14128_/Y -> _14134_/C
   1074.0 ps                      _3459_: _14134_/Y -> _14161_/C
   1367.9 ps  \datapath.memdataload [29]: _14161_/Y -> _10526_/D

   setup at destination = 273.83

Path input pin DMEM_DATA_L[15] to _10513_/D delay 1641.74 ps
      0.0 ps             DMEM_DATA_L[15]:           -> _14004_/A
    115.8 ps                      _3362_: _14004_/Y -> _14128_/B
    281.3 ps                      _3454_: _14128_/Y -> _14134_/C
   1074.0 ps                      _3459_: _14134_/Y -> _14135_/C
   1367.9 ps  \datapath.memdataload [16]: _14135_/Y -> _10513_/D

   setup at destination = 273.83

Path input pin DMEM_DATA_L[15] to _10517_/D delay 1641.74 ps
      0.0 ps             DMEM_DATA_L[15]:           -> _14004_/A
    115.8 ps                      _3362_: _14004_/Y -> _14128_/B
    281.3 ps                      _3454_: _14128_/Y -> _14134_/C
   1074.0 ps                      _3459_: _14134_/Y -> _14143_/C
   1367.9 ps  \datapath.memdataload [20]: _14143_/Y -> _10517_/D

   setup at destination = 273.83

Path input pin DMEM_DATA_L[15] to _10521_/D delay 1641.74 ps
      0.0 ps             DMEM_DATA_L[15]:           -> _14004_/A
    115.8 ps                      _3362_: _14004_/Y -> _14128_/B
    281.3 ps                      _3454_: _14128_/Y -> _14134_/C
   1074.0 ps                      _3459_: _14134_/Y -> _14151_/C
   1367.9 ps  \datapath.memdataload [24]: _14151_/Y -> _10521_/D

   setup at destination = 273.83

Path input pin DMEM_DATA_L[15] to _10525_/D delay 1641.74 ps
      0.0 ps             DMEM_DATA_L[15]:           -> _14004_/A
    115.8 ps                      _3362_: _14004_/Y -> _14128_/B
    281.3 ps                      _3454_: _14128_/Y -> _14134_/C
   1074.0 ps                      _3459_: _14134_/Y -> _14159_/C
   1367.9 ps  \datapath.memdataload [28]: _14159_/Y -> _10525_/D

   setup at destination = 273.83

Path input pin DMEM_DATA_L[31] to _10508_/D delay 1375.16 ps
      0.0 ps                                       DMEM_DATA_L[31]:                    ->          _14202_/B
     81.0 ps                                                _3504_:          _14202_/Y ->          _14203_/A
    161.9 ps                                                _3505_:          _14203_/Y ->          _14204_/C
    240.9 ps                                                _3506_:          _14204_/Y ->          _14205_/B
    361.5 ps  \datapath.memoryinterface.byte_size_load.byteval [7]:          _14205_/Y ->          _14089_/A
    453.9 ps                                                _3422_:          _14089_/Y ->          _14090_/B
    545.3 ps                                                _3423_:          _14090_/Y ->          _14091_/C
    716.2 ps                                                _3424_:          _14091_/Y -> BUFX2_insert1184/A
    976.0 ps                                        _3424__bF$buf0: BUFX2_insert1184/Y ->          _14111_/C
   1093.0 ps                            \datapath.memdataload [11]:          _14111_/Y ->          _10508_/D

   setup at destination = 282.142

Path input pin DMEM_DATA_L[31] to _10512_/D delay 1375.16 ps
      0.0 ps                                       DMEM_DATA_L[31]:                    ->          _14202_/B
     81.0 ps                                                _3504_:          _14202_/Y ->          _14203_/A
    161.9 ps                                                _3505_:          _14203_/Y ->          _14204_/C
    240.9 ps                                                _3506_:          _14204_/Y ->          _14205_/B
    361.5 ps  \datapath.memoryinterface.byte_size_load.byteval [7]:          _14205_/Y ->          _14089_/A
    453.9 ps                                                _3422_:          _14089_/Y ->          _14090_/B
    545.3 ps                                                _3423_:          _14090_/Y ->          _14091_/C
    716.2 ps                                                _3424_:          _14091_/Y -> BUFX2_insert1184/A
    976.0 ps                                        _3424__bF$buf0: BUFX2_insert1184/Y ->          _14131_/C
   1093.0 ps                            \datapath.memdataload [15]:          _14131_/Y ->          _10512_/D

   setup at destination = 282.142

Path input pin DMEM_DATA_L[31] to _10507_/D delay 1375.16 ps
      0.0 ps                                       DMEM_DATA_L[31]:                    ->          _14202_/B
     81.0 ps                                                _3504_:          _14202_/Y ->          _14203_/A
    161.9 ps                                                _3505_:          _14203_/Y ->          _14204_/C
    240.9 ps                                                _3506_:          _14204_/Y ->          _14205_/B
    361.5 ps  \datapath.memoryinterface.byte_size_load.byteval [7]:          _14205_/Y ->          _14089_/A
    453.9 ps                                                _3422_:          _14089_/Y ->          _14090_/B
    545.3 ps                                                _3423_:          _14090_/Y ->          _14091_/C
    716.2 ps                                                _3424_:          _14091_/Y -> BUFX2_insert1183/A
    976.0 ps                                        _3424__bF$buf1: BUFX2_insert1183/Y ->          _14106_/C
   1093.0 ps                            \datapath.memdataload [10]:          _14106_/Y ->          _10507_/D

   setup at destination = 282.142

Path input pin DMEM_DATA_L[31] to _10511_/D delay 1375.16 ps
      0.0 ps                                       DMEM_DATA_L[31]:                    ->          _14202_/B
     81.0 ps                                                _3504_:          _14202_/Y ->          _14203_/A
    161.9 ps                                                _3505_:          _14203_/Y ->          _14204_/C
    240.9 ps                                                _3506_:          _14204_/Y ->          _14205_/B
    361.5 ps  \datapath.memoryinterface.byte_size_load.byteval [7]:          _14205_/Y ->          _14089_/A
    453.9 ps                                                _3422_:          _14089_/Y ->          _14090_/B
    545.3 ps                                                _3423_:          _14090_/Y ->          _14091_/C
    716.2 ps                                                _3424_:          _14091_/Y -> BUFX2_insert1183/A
    976.0 ps                                        _3424__bF$buf1: BUFX2_insert1183/Y ->          _14126_/C
   1093.0 ps                            \datapath.memdataload [14]:          _14126_/Y ->          _10511_/D

   setup at destination = 282.142

-----------------------------------------

Number of paths analyzed:  96

Top 20 minimum delay paths:
Path input pin IMEM_DATA[31] to _11096_/D delay 31.7669 ps
      0.0 ps        IMEM_DATA[31]:          ->  _9749_/A
     65.0 ps                _175_: _9749_/Y ->  _9751_/B
    127.4 ps  \datapath._05_ [31]: _9751_/Y -> _11096_/D

   hold at destination = -95.6217

Path input pin IMEM_DATA[30] to _11095_/D delay 31.7669 ps
      0.0 ps        IMEM_DATA[30]:          ->  _9746_/A
     65.0 ps                _173_: _9746_/Y ->  _9748_/B
    127.4 ps  \datapath._05_ [30]: _9748_/Y -> _11095_/D

   hold at destination = -95.6217

Path input pin IMEM_DATA[29] to _11094_/D delay 31.7669 ps
      0.0 ps        IMEM_DATA[29]:          ->  _9743_/A
     65.0 ps                _171_: _9743_/Y ->  _9745_/B
    127.4 ps  \datapath._05_ [29]: _9745_/Y -> _11094_/D

   hold at destination = -95.6217

Path input pin IMEM_DATA[28] to _11093_/D delay 31.7669 ps
      0.0 ps        IMEM_DATA[28]:          ->  _9740_/A
     65.0 ps                _169_: _9740_/Y ->  _9742_/B
    127.4 ps  \datapath._05_ [28]: _9742_/Y -> _11093_/D

   hold at destination = -95.6217

Path input pin IMEM_DATA[27] to _11092_/D delay 31.7669 ps
      0.0 ps        IMEM_DATA[27]:          ->  _9737_/A
     65.0 ps                _167_: _9737_/Y ->  _9739_/B
    127.4 ps  \datapath._05_ [27]: _9739_/Y -> _11092_/D

   hold at destination = -95.6217

Path input pin IMEM_DATA[26] to _11091_/D delay 31.7669 ps
      0.0 ps        IMEM_DATA[26]:          ->  _9734_/A
     65.0 ps                _165_: _9734_/Y ->  _9736_/B
    127.4 ps  \datapath._05_ [26]: _9736_/Y -> _11091_/D

   hold at destination = -95.6217

Path input pin IMEM_DATA[25] to _11090_/D delay 31.7669 ps
      0.0 ps        IMEM_DATA[25]:          ->  _9731_/A
     65.0 ps                _163_: _9731_/Y ->  _9733_/B
    127.4 ps  \datapath._05_ [25]: _9733_/Y -> _11090_/D

   hold at destination = -95.6217

Path input pin IMEM_DATA[24] to _11089_/D delay 31.7669 ps
      0.0 ps        IMEM_DATA[24]:          ->  _9728_/A
     65.0 ps                _161_: _9728_/Y ->  _9730_/B
    127.4 ps  \datapath._05_ [24]: _9730_/Y -> _11089_/D

   hold at destination = -95.6217

Path input pin IMEM_DATA[23] to _11088_/D delay 31.7669 ps
      0.0 ps        IMEM_DATA[23]:          ->  _9725_/A
     65.0 ps                _159_: _9725_/Y ->  _9727_/B
    127.4 ps  \datapath._05_ [23]: _9727_/Y -> _11088_/D

   hold at destination = -95.6217

Path input pin IMEM_DATA[22] to _11087_/D delay 31.7669 ps
      0.0 ps        IMEM_DATA[22]:          ->  _9722_/A
     65.0 ps                _157_: _9722_/Y ->  _9724_/B
    127.4 ps  \datapath._05_ [22]: _9724_/Y -> _11087_/D

   hold at destination = -95.6217

Path input pin IMEM_DATA[21] to _11086_/D delay 31.7669 ps
      0.0 ps        IMEM_DATA[21]:          ->  _9719_/A
     65.0 ps                _155_: _9719_/Y ->  _9721_/B
    127.4 ps  \datapath._05_ [21]: _9721_/Y -> _11086_/D

   hold at destination = -95.6217

Path input pin IMEM_DATA[20] to _11085_/D delay 31.7669 ps
      0.0 ps        IMEM_DATA[20]:          ->  _9716_/A
     65.0 ps                _153_: _9716_/Y ->  _9718_/B
    127.4 ps  \datapath._05_ [20]: _9718_/Y -> _11085_/D

   hold at destination = -95.6217

Path input pin IMEM_DATA[19] to _11084_/D delay 31.7669 ps
      0.0 ps        IMEM_DATA[19]:          ->  _9713_/A
     65.0 ps                _151_: _9713_/Y ->  _9715_/B
    127.4 ps  \datapath._05_ [19]: _9715_/Y -> _11084_/D

   hold at destination = -95.6217

Path input pin IMEM_DATA[18] to _11083_/D delay 31.7669 ps
      0.0 ps        IMEM_DATA[18]:          ->  _9710_/A
     65.0 ps                _149_: _9710_/Y ->  _9712_/B
    127.4 ps  \datapath._05_ [18]: _9712_/Y -> _11083_/D

   hold at destination = -95.6217

Path input pin IMEM_DATA[17] to _11082_/D delay 31.7669 ps
      0.0 ps        IMEM_DATA[17]:          ->  _9707_/A
     65.0 ps                _147_: _9707_/Y ->  _9709_/B
    127.4 ps  \datapath._05_ [17]: _9709_/Y -> _11082_/D

   hold at destination = -95.6217

Path input pin IMEM_DATA[16] to _11081_/D delay 31.7669 ps
      0.0 ps        IMEM_DATA[16]:          ->  _9704_/A
     65.0 ps                _145_: _9704_/Y ->  _9706_/B
    127.4 ps  \datapath._05_ [16]: _9706_/Y -> _11081_/D

   hold at destination = -95.6217

Path input pin IMEM_DATA[15] to _11080_/D delay 31.7669 ps
      0.0 ps        IMEM_DATA[15]:          ->  _9701_/A
     65.0 ps                _143_: _9701_/Y ->  _9703_/B
    127.4 ps  \datapath._05_ [15]: _9703_/Y -> _11080_/D

   hold at destination = -95.6217

Path input pin IMEM_DATA[14] to _11079_/D delay 31.7669 ps
      0.0 ps        IMEM_DATA[14]:          ->  _9698_/A
     65.0 ps                _141_: _9698_/Y ->  _9700_/B
    127.4 ps  \datapath._05_ [14]: _9700_/Y -> _11079_/D

   hold at destination = -95.6217

Path input pin IMEM_DATA[13] to _11078_/D delay 31.7669 ps
      0.0 ps        IMEM_DATA[13]:          ->  _9695_/A
     65.0 ps                _139_: _9695_/Y ->  _9697_/B
    127.4 ps  \datapath._05_ [13]: _9697_/Y -> _11078_/D

   hold at destination = -95.6217

Path input pin IMEM_DATA[12] to _11077_/D delay 31.7669 ps
      0.0 ps        IMEM_DATA[12]:          ->  _9692_/A
     65.0 ps                _137_: _9692_/Y ->  _9694_/B
    127.4 ps  \datapath._05_ [12]: _9694_/Y -> _11077_/D

   hold at destination = -95.6217

-----------------------------------------

