Vesta static timing analysis, register-to-register maximum timing

Top 20 maximum delay paths:
Path _148744_/CLK to _148773_/D delay 4505.45 ps
      0.0 ps                                   CLK_bF$buf48: CLKBUF1_insert7179/Y ->          _148744_/CLK
    752.9 ps                \datapath.programcounter.pc [2]:           _148744_/Q -> BUFX2_insert10216/A
   1041.5 ps  \datapath.programcounter.pc_2_hier0_bF$buf23 :  BUFX2_insert10216/Y ->  BUFX2_insert2669/A
   1329.5 ps       \datapath.programcounter.pc_2_bF$buf174 :   BUFX2_insert2669/Y ->           _88048_/A
   1587.9 ps                                        _25296_:            _88048_/Y -> BUFX2_insert10283/A
   1766.0 ps                         _25296__hier0_bF$buf30:  BUFX2_insert10283/Y ->  BUFX2_insert3099/A
   1979.9 ps                              _25296__bF$buf561:   BUFX2_insert3099/Y ->           _97644_/B
   2075.7 ps                                        _34892_:            _97644_/Y ->           _97646_/A
   2204.7 ps                                        _34894_:            _97646_/Y ->           _97887_/B
   2294.9 ps                                        _35135_:            _97887_/Y ->           _97888_/B
   2376.0 ps                                        _35136_:            _97888_/Y ->           _97896_/A
   2462.8 ps                                        _35144_:            _97896_/Y ->           _97911_/B
   2554.3 ps                                        _35159_:            _97911_/Y ->           _97912_/B
   2645.2 ps                                        _35160_:            _97912_/Y ->           _97913_/B
   2736.9 ps                                        _35161_:            _97913_/Y ->           _98056_/C
   2806.5 ps                                        _35304_:            _98056_/Y ->           _98057_/A
   2873.1 ps                                        _35305_:            _98057_/Y ->           _98058_/A
   2954.1 ps                                        _35306_:            _98058_/Y ->           _98059_/C
   3024.8 ps                                        _35307_:            _98059_/Y ->          _104391_/A
   3141.8 ps                                        _41639_:           _104391_/Y ->          _104808_/B
   3228.0 ps          \datapath.branchpredictor.prediction :           _104808_/Y ->           _71074_/A
   3313.5 ps                                         _1720_:            _71074_/Y ->           _71079_/B
   3462.4 ps                               \datapath._066_ :            _71079_/Y ->          _148471_/A
   3575.5 ps                                        _63632_:           _148471_/Y ->          _148474_/A
   3704.7 ps                                        _63635_:           _148474_/Y ->  BUFX2_insert4438/A
   3897.0 ps                                _63635__bF$buf3:   BUFX2_insert4438/Y ->          _148738_/B
   3986.7 ps                                        _63839_:           _148738_/Y ->          _148739_/C
   4057.0 ps                                        _63840_:           _148739_/Y ->          _148740_/C
   4119.3 ps                                        _63841_:           _148740_/Y ->          _148741_/A
   4190.0 ps           \datapath.programcounter.pc_mux [31]:           _148741_/Y ->          _148465_/B
   4253.7 ps                                        _63627_:           _148465_/Y ->          _148466_/C
   4307.9 ps              \datapath.programcounter._1_ [31]:           _148466_/Y ->          _148773_/D

   clock skew at destination = 19.3058
   setup at destination = 178.294

Path _148744_/CLK to _148765_/D delay 4501.81 ps
      0.0 ps                                   CLK_bF$buf48: CLKBUF1_insert7179/Y ->          _148744_/CLK
    752.9 ps                \datapath.programcounter.pc [2]:           _148744_/Q -> BUFX2_insert10216/A
   1041.5 ps  \datapath.programcounter.pc_2_hier0_bF$buf23 :  BUFX2_insert10216/Y ->  BUFX2_insert2669/A
   1329.5 ps       \datapath.programcounter.pc_2_bF$buf174 :   BUFX2_insert2669/Y ->           _88048_/A
   1587.9 ps                                        _25296_:            _88048_/Y -> BUFX2_insert10283/A
   1766.0 ps                         _25296__hier0_bF$buf30:  BUFX2_insert10283/Y ->  BUFX2_insert3099/A
   1979.9 ps                              _25296__bF$buf561:   BUFX2_insert3099/Y ->           _97644_/B
   2075.7 ps                                        _34892_:            _97644_/Y ->           _97646_/A
   2204.7 ps                                        _34894_:            _97646_/Y ->           _97887_/B
   2294.9 ps                                        _35135_:            _97887_/Y ->           _97888_/B
   2376.0 ps                                        _35136_:            _97888_/Y ->           _97896_/A
   2462.8 ps                                        _35144_:            _97896_/Y ->           _97911_/B
   2554.3 ps                                        _35159_:            _97911_/Y ->           _97912_/B
   2645.2 ps                                        _35160_:            _97912_/Y ->           _97913_/B
   2736.9 ps                                        _35161_:            _97913_/Y ->           _98056_/C
   2806.5 ps                                        _35304_:            _98056_/Y ->           _98057_/A
   2873.1 ps                                        _35305_:            _98057_/Y ->           _98058_/A
   2954.1 ps                                        _35306_:            _98058_/Y ->           _98059_/C
   3024.8 ps                                        _35307_:            _98059_/Y ->          _104391_/A
   3141.8 ps                                        _41639_:           _104391_/Y ->          _104808_/B
   3228.0 ps          \datapath.branchpredictor.prediction :           _104808_/Y ->           _71074_/A
   3313.5 ps                                         _1720_:            _71074_/Y ->           _71079_/B
   3462.4 ps                               \datapath._066_ :            _71079_/Y ->          _148471_/A
   3575.5 ps                                        _63632_:           _148471_/Y ->          _148472_/B
   3704.6 ps                                        _63633_:           _148472_/Y ->   BUFX2_insert770/A
   3866.8 ps                                _63633__bF$buf1:    BUFX2_insert770/Y ->          _148654_/A
   3961.9 ps                                        _63771_:           _148654_/Y ->          _148656_/A
   4050.6 ps                                        _63773_:           _148656_/Y ->          _148657_/C
   4114.7 ps                                        _63774_:           _148657_/Y ->          _148658_/C
   4169.8 ps           \datapath.programcounter.pc_mux [23]:           _148658_/Y ->          _148440_/A
   4228.7 ps                                        _63610_:           _148440_/Y ->          _148442_/A
   4301.2 ps              \datapath.programcounter._1_ [23]:           _148442_/Y ->          _148765_/D

   clock skew at destination = 19.3058
   setup at destination = 181.315

Path _148744_/CLK to _148772_/D delay 4500.78 ps
      0.0 ps                                   CLK_bF$buf48: CLKBUF1_insert7179/Y ->          _148744_/CLK
    752.9 ps                \datapath.programcounter.pc [2]:           _148744_/Q -> BUFX2_insert10216/A
   1041.5 ps  \datapath.programcounter.pc_2_hier0_bF$buf23 :  BUFX2_insert10216/Y ->  BUFX2_insert2669/A
   1329.5 ps       \datapath.programcounter.pc_2_bF$buf174 :   BUFX2_insert2669/Y ->           _88048_/A
   1587.9 ps                                        _25296_:            _88048_/Y -> BUFX2_insert10283/A
   1766.0 ps                         _25296__hier0_bF$buf30:  BUFX2_insert10283/Y ->  BUFX2_insert3099/A
   1979.9 ps                              _25296__bF$buf561:   BUFX2_insert3099/Y ->           _97644_/B
   2075.7 ps                                        _34892_:            _97644_/Y ->           _97646_/A
   2204.7 ps                                        _34894_:            _97646_/Y ->           _97887_/B
   2294.9 ps                                        _35135_:            _97887_/Y ->           _97888_/B
   2376.0 ps                                        _35136_:            _97888_/Y ->           _97896_/A
   2462.8 ps                                        _35144_:            _97896_/Y ->           _97911_/B
   2554.3 ps                                        _35159_:            _97911_/Y ->           _97912_/B
   2645.2 ps                                        _35160_:            _97912_/Y ->           _97913_/B
   2736.9 ps                                        _35161_:            _97913_/Y ->           _98056_/C
   2806.5 ps                                        _35304_:            _98056_/Y ->           _98057_/A
   2873.1 ps                                        _35305_:            _98057_/Y ->           _98058_/A
   2954.1 ps                                        _35306_:            _98058_/Y ->           _98059_/C
   3024.8 ps                                        _35307_:            _98059_/Y ->          _104391_/A
   3141.8 ps                                        _41639_:           _104391_/Y ->          _104808_/B
   3228.0 ps          \datapath.branchpredictor.prediction :           _104808_/Y ->           _71074_/A
   3313.5 ps                                         _1720_:            _71074_/Y ->           _71079_/B
   3462.4 ps                               \datapath._066_ :            _71079_/Y ->          _148471_/A
   3575.5 ps                                        _63632_:           _148471_/Y ->          _148472_/B
   3704.6 ps                                        _63633_:           _148472_/Y ->   BUFX2_insert770/A
   3866.8 ps                                _63633__bF$buf1:    BUFX2_insert770/Y ->          _148654_/A
   3961.9 ps                                        _63771_:           _148654_/Y ->          _148728_/A
   4050.6 ps                                        _63831_:           _148728_/Y ->          _148729_/C
   4114.0 ps                                        _63832_:           _148729_/Y ->          _148730_/A
   4185.2 ps           \datapath.programcounter.pc_mux [30]:           _148730_/Y ->          _148462_/B
   4249.0 ps                                        _63625_:           _148462_/Y ->          _148463_/C
   4303.2 ps              \datapath.programcounter._1_ [30]:           _148463_/Y ->          _148772_/D

   clock skew at destination = 19.3058
   setup at destination = 178.3

Path _148744_/CLK to _148756_/D delay 4470.58 ps
      0.0 ps                                   CLK_bF$buf48: CLKBUF1_insert7179/Y ->          _148744_/CLK
    752.9 ps                \datapath.programcounter.pc [2]:           _148744_/Q -> BUFX2_insert10216/A
   1041.5 ps  \datapath.programcounter.pc_2_hier0_bF$buf23 :  BUFX2_insert10216/Y ->  BUFX2_insert2669/A
   1329.5 ps       \datapath.programcounter.pc_2_bF$buf174 :   BUFX2_insert2669/Y ->           _88048_/A
   1587.9 ps                                        _25296_:            _88048_/Y -> BUFX2_insert10283/A
   1766.0 ps                         _25296__hier0_bF$buf30:  BUFX2_insert10283/Y ->  BUFX2_insert3099/A
   1979.9 ps                              _25296__bF$buf561:   BUFX2_insert3099/Y ->           _97644_/B
   2075.7 ps                                        _34892_:            _97644_/Y ->           _97646_/A
   2204.7 ps                                        _34894_:            _97646_/Y ->           _97887_/B
   2294.9 ps                                        _35135_:            _97887_/Y ->           _97888_/B
   2376.0 ps                                        _35136_:            _97888_/Y ->           _97896_/A
   2462.8 ps                                        _35144_:            _97896_/Y ->           _97911_/B
   2554.3 ps                                        _35159_:            _97911_/Y ->           _97912_/B
   2645.2 ps                                        _35160_:            _97912_/Y ->           _97913_/B
   2736.9 ps                                        _35161_:            _97913_/Y ->           _98056_/C
   2806.5 ps                                        _35304_:            _98056_/Y ->           _98057_/A
   2873.1 ps                                        _35305_:            _98057_/Y ->           _98058_/A
   2954.1 ps                                        _35306_:            _98058_/Y ->           _98059_/C
   3024.8 ps                                        _35307_:            _98059_/Y ->          _104391_/A
   3141.8 ps                                        _41639_:           _104391_/Y ->          _104808_/B
   3228.0 ps          \datapath.branchpredictor.prediction :           _104808_/Y ->           _71074_/A
   3313.5 ps                                         _1720_:            _71074_/Y ->           _71079_/B
   3462.4 ps                               \datapath._066_ :            _71079_/Y ->          _148471_/A
   3575.5 ps                                        _63632_:           _148471_/Y ->          _148474_/A
   3704.7 ps                                        _63635_:           _148474_/Y ->  BUFX2_insert4441/A
   3881.1 ps                                _63635__bF$buf0:   BUFX2_insert4441/Y ->          _148573_/B
   3964.2 ps                                        _63708_:           _148573_/Y ->          _148575_/B
   4030.4 ps                                        _63710_:           _148575_/Y ->          _148576_/C
   4090.7 ps                                        _63711_:           _148576_/Y ->          _148577_/C
   4154.1 ps           \datapath.programcounter.pc_mux [14]:           _148577_/Y ->          _148414_/B
   4218.6 ps                                        _63593_:           _148414_/Y ->          _148415_/C
   4272.9 ps              \datapath.programcounter._1_ [14]:           _148415_/Y ->          _148756_/D

   clock skew at destination = 19.3058
   setup at destination = 178.364

Path _148744_/CLK to _148753_/D delay 4431.62 ps
      0.0 ps                                   CLK_bF$buf48: CLKBUF1_insert7179/Y ->          _148744_/CLK
    752.9 ps                \datapath.programcounter.pc [2]:           _148744_/Q -> BUFX2_insert10216/A
   1041.5 ps  \datapath.programcounter.pc_2_hier0_bF$buf23 :  BUFX2_insert10216/Y ->  BUFX2_insert2669/A
   1329.5 ps       \datapath.programcounter.pc_2_bF$buf174 :   BUFX2_insert2669/Y ->           _88048_/A
   1587.9 ps                                        _25296_:            _88048_/Y -> BUFX2_insert10283/A
   1766.0 ps                         _25296__hier0_bF$buf30:  BUFX2_insert10283/Y ->  BUFX2_insert3099/A
   1979.9 ps                              _25296__bF$buf561:   BUFX2_insert3099/Y ->           _97644_/B
   2075.7 ps                                        _34892_:            _97644_/Y ->           _97646_/A
   2204.7 ps                                        _34894_:            _97646_/Y ->           _97887_/B
   2294.9 ps                                        _35135_:            _97887_/Y ->           _97888_/B
   2376.0 ps                                        _35136_:            _97888_/Y ->           _97896_/A
   2462.8 ps                                        _35144_:            _97896_/Y ->           _97911_/B
   2554.3 ps                                        _35159_:            _97911_/Y ->           _97912_/B
   2645.2 ps                                        _35160_:            _97912_/Y ->           _97913_/B
   2736.9 ps                                        _35161_:            _97913_/Y ->           _98056_/C
   2806.5 ps                                        _35304_:            _98056_/Y ->           _98057_/A
   2873.1 ps                                        _35305_:            _98057_/Y ->           _98058_/A
   2954.1 ps                                        _35306_:            _98058_/Y ->           _98059_/C
   3024.8 ps                                        _35307_:            _98059_/Y ->          _104391_/A
   3141.8 ps                                        _41639_:           _104391_/Y ->          _104808_/B
   3228.0 ps          \datapath.branchpredictor.prediction :           _104808_/Y ->           _71074_/A
   3313.5 ps                                         _1720_:            _71074_/Y ->           _71079_/B
   3462.4 ps                               \datapath._066_ :            _71079_/Y ->          _148471_/A
   3575.5 ps                                        _63632_:           _148471_/Y ->          _148474_/A
   3704.7 ps                                        _63635_:           _148474_/Y ->  BUFX2_insert4438/A
   3897.0 ps                                _63635__bF$buf3:   BUFX2_insert4438/Y ->          _148545_/D
   3996.8 ps                                        _63686_:           _148545_/Y ->          _148546_/B
   4080.3 ps           \datapath.programcounter.pc_mux [11]:           _148546_/Y ->          _148404_/A
   4141.7 ps                                        _63586_:           _148404_/Y ->          _148406_/A
   4214.5 ps              \datapath.programcounter._1_ [11]:           _148406_/Y ->          _148753_/D

   clock skew at destination = 35.6755
   setup at destination = 181.426

Path _148744_/CLK to _148748_/D delay 4425.96 ps
      0.0 ps                                   CLK_bF$buf48: CLKBUF1_insert7179/Y ->          _148744_/CLK
    752.9 ps                \datapath.programcounter.pc [2]:           _148744_/Q -> BUFX2_insert10216/A
   1041.5 ps  \datapath.programcounter.pc_2_hier0_bF$buf23 :  BUFX2_insert10216/Y ->  BUFX2_insert2669/A
   1329.5 ps       \datapath.programcounter.pc_2_bF$buf174 :   BUFX2_insert2669/Y ->           _88048_/A
   1587.9 ps                                        _25296_:            _88048_/Y -> BUFX2_insert10283/A
   1766.0 ps                         _25296__hier0_bF$buf30:  BUFX2_insert10283/Y ->  BUFX2_insert3099/A
   1979.9 ps                              _25296__bF$buf561:   BUFX2_insert3099/Y ->           _97644_/B
   2075.7 ps                                        _34892_:            _97644_/Y ->           _97646_/A
   2204.7 ps                                        _34894_:            _97646_/Y ->           _97887_/B
   2294.9 ps                                        _35135_:            _97887_/Y ->           _97888_/B
   2376.0 ps                                        _35136_:            _97888_/Y ->           _97896_/A
   2462.8 ps                                        _35144_:            _97896_/Y ->           _97911_/B
   2554.3 ps                                        _35159_:            _97911_/Y ->           _97912_/B
   2645.2 ps                                        _35160_:            _97912_/Y ->           _97913_/B
   2736.9 ps                                        _35161_:            _97913_/Y ->           _98056_/C
   2806.5 ps                                        _35304_:            _98056_/Y ->           _98057_/A
   2873.1 ps                                        _35305_:            _98057_/Y ->           _98058_/A
   2954.1 ps                                        _35306_:            _98058_/Y ->           _98059_/C
   3024.8 ps                                        _35307_:            _98059_/Y ->          _104391_/A
   3141.8 ps                                        _41639_:           _104391_/Y ->          _104808_/B
   3228.0 ps          \datapath.branchpredictor.prediction :           _104808_/Y ->           _71074_/A
   3313.5 ps                                         _1720_:            _71074_/Y ->           _71079_/B
   3462.4 ps                               \datapath._066_ :            _71079_/Y ->          _148471_/A
   3575.5 ps                                        _63632_:           _148471_/Y ->          _148474_/A
   3704.7 ps                                        _63635_:           _148474_/Y ->  BUFX2_insert4438/A
   3897.0 ps                                _63635__bF$buf3:   BUFX2_insert4438/Y ->          _148510_/D
   3996.8 ps                                        _63661_:           _148510_/Y ->          _148511_/B
   4091.1 ps            \datapath.programcounter.pc_mux [6]:           _148511_/Y ->          _148390_/B
   4157.2 ps                                        _63577_:           _148390_/Y ->          _148391_/C
   4211.8 ps               \datapath.programcounter._1_ [6]:           _148391_/Y ->          _148748_/D

   clock skew at destination = 35.6755
   setup at destination = 178.5

Path _148744_/CLK to _148752_/D delay 4424.51 ps
      0.0 ps                                   CLK_bF$buf48: CLKBUF1_insert7179/Y ->          _148744_/CLK
    752.9 ps                \datapath.programcounter.pc [2]:           _148744_/Q -> BUFX2_insert10216/A
   1041.5 ps  \datapath.programcounter.pc_2_hier0_bF$buf23 :  BUFX2_insert10216/Y ->  BUFX2_insert2669/A
   1329.5 ps       \datapath.programcounter.pc_2_bF$buf174 :   BUFX2_insert2669/Y ->           _88048_/A
   1587.9 ps                                        _25296_:            _88048_/Y -> BUFX2_insert10283/A
   1766.0 ps                         _25296__hier0_bF$buf30:  BUFX2_insert10283/Y ->  BUFX2_insert3099/A
   1979.9 ps                              _25296__bF$buf561:   BUFX2_insert3099/Y ->           _97644_/B
   2075.7 ps                                        _34892_:            _97644_/Y ->           _97646_/A
   2204.7 ps                                        _34894_:            _97646_/Y ->           _97887_/B
   2294.9 ps                                        _35135_:            _97887_/Y ->           _97888_/B
   2376.0 ps                                        _35136_:            _97888_/Y ->           _97896_/A
   2462.8 ps                                        _35144_:            _97896_/Y ->           _97911_/B
   2554.3 ps                                        _35159_:            _97911_/Y ->           _97912_/B
   2645.2 ps                                        _35160_:            _97912_/Y ->           _97913_/B
   2736.9 ps                                        _35161_:            _97913_/Y ->           _98056_/C
   2806.5 ps                                        _35304_:            _98056_/Y ->           _98057_/A
   2873.1 ps                                        _35305_:            _98057_/Y ->           _98058_/A
   2954.1 ps                                        _35306_:            _98058_/Y ->           _98059_/C
   3024.8 ps                                        _35307_:            _98059_/Y ->          _104391_/A
   3141.8 ps                                        _41639_:           _104391_/Y ->          _104808_/B
   3228.0 ps          \datapath.branchpredictor.prediction :           _104808_/Y ->           _71074_/A
   3313.5 ps                                         _1720_:            _71074_/Y ->           _71079_/B
   3462.4 ps                               \datapath._066_ :            _71079_/Y ->          _148471_/A
   3575.5 ps                                        _63632_:           _148471_/Y ->          _148474_/A
   3704.7 ps                                        _63635_:           _148474_/Y ->  BUFX2_insert4437/A
   3896.1 ps                                _63635__bF$buf4:   BUFX2_insert4437/Y ->          _148540_/D
   3995.5 ps                                        _63683_:           _148540_/Y ->          _148541_/B
   4089.7 ps           \datapath.programcounter.pc_mux [10]:           _148541_/Y ->          _148402_/B
   4155.7 ps                                        _63585_:           _148402_/Y ->          _148403_/C
   4210.3 ps              \datapath.programcounter._1_ [10]:           _148403_/Y ->          _148752_/D

   clock skew at destination = 35.6755
   setup at destination = 178.499

Path _148744_/CLK to _148747_/D delay 4424.51 ps
      0.0 ps                                   CLK_bF$buf48: CLKBUF1_insert7179/Y ->          _148744_/CLK
    752.9 ps                \datapath.programcounter.pc [2]:           _148744_/Q -> BUFX2_insert10216/A
   1041.5 ps  \datapath.programcounter.pc_2_hier0_bF$buf23 :  BUFX2_insert10216/Y ->  BUFX2_insert2669/A
   1329.5 ps       \datapath.programcounter.pc_2_bF$buf174 :   BUFX2_insert2669/Y ->           _88048_/A
   1587.9 ps                                        _25296_:            _88048_/Y -> BUFX2_insert10283/A
   1766.0 ps                         _25296__hier0_bF$buf30:  BUFX2_insert10283/Y ->  BUFX2_insert3099/A
   1979.9 ps                              _25296__bF$buf561:   BUFX2_insert3099/Y ->           _97644_/B
   2075.7 ps                                        _34892_:            _97644_/Y ->           _97646_/A
   2204.7 ps                                        _34894_:            _97646_/Y ->           _97887_/B
   2294.9 ps                                        _35135_:            _97887_/Y ->           _97888_/B
   2376.0 ps                                        _35136_:            _97888_/Y ->           _97896_/A
   2462.8 ps                                        _35144_:            _97896_/Y ->           _97911_/B
   2554.3 ps                                        _35159_:            _97911_/Y ->           _97912_/B
   2645.2 ps                                        _35160_:            _97912_/Y ->           _97913_/B
   2736.9 ps                                        _35161_:            _97913_/Y ->           _98056_/C
   2806.5 ps                                        _35304_:            _98056_/Y ->           _98057_/A
   2873.1 ps                                        _35305_:            _98057_/Y ->           _98058_/A
   2954.1 ps                                        _35306_:            _98058_/Y ->           _98059_/C
   3024.8 ps                                        _35307_:            _98059_/Y ->          _104391_/A
   3141.8 ps                                        _41639_:           _104391_/Y ->          _104808_/B
   3228.0 ps          \datapath.branchpredictor.prediction :           _104808_/Y ->           _71074_/A
   3313.5 ps                                         _1720_:            _71074_/Y ->           _71079_/B
   3462.4 ps                               \datapath._066_ :            _71079_/Y ->          _148471_/A
   3575.5 ps                                        _63632_:           _148471_/Y ->          _148474_/A
   3704.7 ps                                        _63635_:           _148474_/Y ->  BUFX2_insert4437/A
   3896.1 ps                                _63635__bF$buf4:   BUFX2_insert4437/Y ->          _148502_/D
   3995.5 ps                                        _63655_:           _148502_/Y ->          _148503_/B
   4089.7 ps            \datapath.programcounter.pc_mux [5]:           _148503_/Y ->          _148387_/B
   4155.7 ps                                        _63575_:           _148387_/Y ->          _148388_/C
   4210.3 ps               \datapath.programcounter._1_ [5]:           _148388_/Y ->          _148747_/D

   clock skew at destination = 35.6755
   setup at destination = 178.499

Path _148744_/CLK to _148743_/D delay 4424.51 ps
      0.0 ps                                   CLK_bF$buf48: CLKBUF1_insert7179/Y ->          _148744_/CLK
    752.9 ps                \datapath.programcounter.pc [2]:           _148744_/Q -> BUFX2_insert10216/A
   1041.5 ps  \datapath.programcounter.pc_2_hier0_bF$buf23 :  BUFX2_insert10216/Y ->  BUFX2_insert2669/A
   1329.5 ps       \datapath.programcounter.pc_2_bF$buf174 :   BUFX2_insert2669/Y ->           _88048_/A
   1587.9 ps                                        _25296_:            _88048_/Y -> BUFX2_insert10283/A
   1766.0 ps                         _25296__hier0_bF$buf30:  BUFX2_insert10283/Y ->  BUFX2_insert3099/A
   1979.9 ps                              _25296__bF$buf561:   BUFX2_insert3099/Y ->           _97644_/B
   2075.7 ps                                        _34892_:            _97644_/Y ->           _97646_/A
   2204.7 ps                                        _34894_:            _97646_/Y ->           _97887_/B
   2294.9 ps                                        _35135_:            _97887_/Y ->           _97888_/B
   2376.0 ps                                        _35136_:            _97888_/Y ->           _97896_/A
   2462.8 ps                                        _35144_:            _97896_/Y ->           _97911_/B
   2554.3 ps                                        _35159_:            _97911_/Y ->           _97912_/B
   2645.2 ps                                        _35160_:            _97912_/Y ->           _97913_/B
   2736.9 ps                                        _35161_:            _97913_/Y ->           _98056_/C
   2806.5 ps                                        _35304_:            _98056_/Y ->           _98057_/A
   2873.1 ps                                        _35305_:            _98057_/Y ->           _98058_/A
   2954.1 ps                                        _35306_:            _98058_/Y ->           _98059_/C
   3024.8 ps                                        _35307_:            _98059_/Y ->          _104391_/A
   3141.8 ps                                        _41639_:           _104391_/Y ->          _104808_/B
   3228.0 ps          \datapath.branchpredictor.prediction :           _104808_/Y ->           _71074_/A
   3313.5 ps                                         _1720_:            _71074_/Y ->           _71079_/B
   3462.4 ps                               \datapath._066_ :            _71079_/Y ->          _148471_/A
   3575.5 ps                                        _63632_:           _148471_/Y ->          _148474_/A
   3704.7 ps                                        _63635_:           _148474_/Y ->  BUFX2_insert4438/A
   3897.0 ps                                _63635__bF$buf3:   BUFX2_insert4438/Y ->          _148479_/B
   3993.0 ps                                        _63639_:           _148479_/Y ->          _148480_/B
   4073.7 ps            \datapath.programcounter.pc_mux [1]:           _148480_/Y ->          _148374_/A
   4134.6 ps                                        _63567_:           _148374_/Y ->          _148376_/A
   4207.4 ps               \datapath.programcounter._1_ [1]:           _148376_/Y ->          _148743_/D

   clock skew at destination = 35.6755
   setup at destination = 181.407

Path _148744_/CLK to _148742_/D delay 4423.02 ps
      0.0 ps                                   CLK_bF$buf48: CLKBUF1_insert7179/Y ->          _148744_/CLK
    752.9 ps                \datapath.programcounter.pc [2]:           _148744_/Q -> BUFX2_insert10216/A
   1041.5 ps  \datapath.programcounter.pc_2_hier0_bF$buf23 :  BUFX2_insert10216/Y ->  BUFX2_insert2669/A
   1329.5 ps       \datapath.programcounter.pc_2_bF$buf174 :   BUFX2_insert2669/Y ->           _88048_/A
   1587.9 ps                                        _25296_:            _88048_/Y -> BUFX2_insert10283/A
   1766.0 ps                         _25296__hier0_bF$buf30:  BUFX2_insert10283/Y ->  BUFX2_insert3099/A
   1979.9 ps                              _25296__bF$buf561:   BUFX2_insert3099/Y ->           _97644_/B
   2075.7 ps                                        _34892_:            _97644_/Y ->           _97646_/A
   2204.7 ps                                        _34894_:            _97646_/Y ->           _97887_/B
   2294.9 ps                                        _35135_:            _97887_/Y ->           _97888_/B
   2376.0 ps                                        _35136_:            _97888_/Y ->           _97896_/A
   2462.8 ps                                        _35144_:            _97896_/Y ->           _97911_/B
   2554.3 ps                                        _35159_:            _97911_/Y ->           _97912_/B
   2645.2 ps                                        _35160_:            _97912_/Y ->           _97913_/B
   2736.9 ps                                        _35161_:            _97913_/Y ->           _98056_/C
   2806.5 ps                                        _35304_:            _98056_/Y ->           _98057_/A
   2873.1 ps                                        _35305_:            _98057_/Y ->           _98058_/A
   2954.1 ps                                        _35306_:            _98058_/Y ->           _98059_/C
   3024.8 ps                                        _35307_:            _98059_/Y ->          _104391_/A
   3141.8 ps                                        _41639_:           _104391_/Y ->          _104808_/B
   3228.0 ps          \datapath.branchpredictor.prediction :           _104808_/Y ->           _71074_/A
   3313.5 ps                                         _1720_:            _71074_/Y ->           _71079_/B
   3462.4 ps                               \datapath._066_ :            _71079_/Y ->          _148471_/A
   3575.5 ps                                        _63632_:           _148471_/Y ->          _148474_/A
   3704.7 ps                                        _63635_:           _148474_/Y ->  BUFX2_insert4437/A
   3896.1 ps                                _63635__bF$buf4:   BUFX2_insert4437/Y ->          _148475_/B
   3991.6 ps                                        _63636_:           _148475_/Y ->          _148476_/B
   4072.2 ps            \datapath.programcounter.pc_mux [0]:           _148476_/Y ->          _148371_/A
   4133.1 ps                                        _63565_:           _148371_/Y ->          _148373_/A
   4205.9 ps               \datapath.programcounter._1_ [0]:           _148373_/Y ->          _148742_/D

   clock skew at destination = 35.6755
   setup at destination = 181.406

Path _148744_/CLK to _148757_/D delay 4416.41 ps
      0.0 ps                                   CLK_bF$buf48: CLKBUF1_insert7179/Y ->          _148744_/CLK
    752.9 ps                \datapath.programcounter.pc [2]:           _148744_/Q -> BUFX2_insert10216/A
   1041.5 ps  \datapath.programcounter.pc_2_hier0_bF$buf23 :  BUFX2_insert10216/Y ->  BUFX2_insert2669/A
   1329.5 ps       \datapath.programcounter.pc_2_bF$buf174 :   BUFX2_insert2669/Y ->           _88048_/A
   1587.9 ps                                        _25296_:            _88048_/Y -> BUFX2_insert10283/A
   1766.0 ps                         _25296__hier0_bF$buf30:  BUFX2_insert10283/Y ->  BUFX2_insert3099/A
   1979.9 ps                              _25296__bF$buf561:   BUFX2_insert3099/Y ->           _97644_/B
   2075.7 ps                                        _34892_:            _97644_/Y ->           _97646_/A
   2204.7 ps                                        _34894_:            _97646_/Y ->           _97887_/B
   2294.9 ps                                        _35135_:            _97887_/Y ->           _97888_/B
   2376.0 ps                                        _35136_:            _97888_/Y ->           _97896_/A
   2462.8 ps                                        _35144_:            _97896_/Y ->           _97911_/B
   2554.3 ps                                        _35159_:            _97911_/Y ->           _97912_/B
   2645.2 ps                                        _35160_:            _97912_/Y ->           _97913_/B
   2736.9 ps                                        _35161_:            _97913_/Y ->           _98056_/C
   2806.5 ps                                        _35304_:            _98056_/Y ->           _98057_/A
   2873.1 ps                                        _35305_:            _98057_/Y ->           _98058_/A
   2954.1 ps                                        _35306_:            _98058_/Y ->           _98059_/C
   3024.8 ps                                        _35307_:            _98059_/Y ->          _104391_/A
   3141.8 ps                                        _41639_:           _104391_/Y ->          _104808_/B
   3228.0 ps          \datapath.branchpredictor.prediction :           _104808_/Y ->           _71074_/A
   3313.5 ps                                         _1720_:            _71074_/Y ->           _71079_/B
   3462.4 ps                               \datapath._066_ :            _71079_/Y ->          _148471_/A
   3575.5 ps                                        _63632_:           _148471_/Y ->          _148474_/A
   3704.7 ps                                        _63635_:           _148474_/Y ->  BUFX2_insert4437/A
   3896.1 ps                                _63635__bF$buf4:   BUFX2_insert4437/Y ->          _148585_/B
   3991.5 ps                                        _63718_:           _148585_/Y ->          _148587_/A
   4093.8 ps           \datapath.programcounter.pc_mux [15]:           _148587_/Y ->          _148417_/B
   4163.1 ps                                        _63595_:           _148417_/Y ->          _148418_/C
   4218.3 ps              \datapath.programcounter._1_ [15]:           _148418_/Y ->          _148757_/D

   clock skew at destination = 19.3058
   setup at destination = 178.8

Path _148744_/CLK to _148745_/D delay 4409.64 ps
      0.0 ps                                   CLK_bF$buf48: CLKBUF1_insert7179/Y ->          _148744_/CLK
    752.9 ps                \datapath.programcounter.pc [2]:           _148744_/Q -> BUFX2_insert10216/A
   1041.5 ps  \datapath.programcounter.pc_2_hier0_bF$buf23 :  BUFX2_insert10216/Y ->  BUFX2_insert2669/A
   1329.5 ps       \datapath.programcounter.pc_2_bF$buf174 :   BUFX2_insert2669/Y ->           _88048_/A
   1587.9 ps                                        _25296_:            _88048_/Y -> BUFX2_insert10283/A
   1766.0 ps                         _25296__hier0_bF$buf30:  BUFX2_insert10283/Y ->  BUFX2_insert3099/A
   1979.9 ps                              _25296__bF$buf561:   BUFX2_insert3099/Y ->           _97644_/B
   2075.7 ps                                        _34892_:            _97644_/Y ->           _97646_/A
   2204.7 ps                                        _34894_:            _97646_/Y ->           _97887_/B
   2294.9 ps                                        _35135_:            _97887_/Y ->           _97888_/B
   2376.0 ps                                        _35136_:            _97888_/Y ->           _97896_/A
   2462.8 ps                                        _35144_:            _97896_/Y ->           _97911_/B
   2554.3 ps                                        _35159_:            _97911_/Y ->           _97912_/B
   2645.2 ps                                        _35160_:            _97912_/Y ->           _97913_/B
   2736.9 ps                                        _35161_:            _97913_/Y ->           _98056_/C
   2806.5 ps                                        _35304_:            _98056_/Y ->           _98057_/A
   2873.1 ps                                        _35305_:            _98057_/Y ->           _98058_/A
   2954.1 ps                                        _35306_:            _98058_/Y ->           _98059_/C
   3024.8 ps                                        _35307_:            _98059_/Y ->          _104391_/A
   3141.8 ps                                        _41639_:           _104391_/Y ->          _104808_/B
   3228.0 ps          \datapath.branchpredictor.prediction :           _104808_/Y ->           _71074_/A
   3313.5 ps                                         _1720_:            _71074_/Y ->           _71079_/B
   3462.4 ps                               \datapath._066_ :            _71079_/Y ->          _148471_/A
   3575.5 ps                                        _63632_:           _148471_/Y ->          _148474_/A
   3704.7 ps                                        _63635_:           _148474_/Y ->  BUFX2_insert4440/A
   3886.0 ps                                _63635__bF$buf1:   BUFX2_insert4440/Y ->          _148489_/D
   3981.8 ps                                        _63646_:           _148489_/Y ->          _148490_/B
   4074.9 ps            \datapath.programcounter.pc_mux [3]:           _148490_/Y ->          _148381_/B
   4140.9 ps                                        _63571_:           _148381_/Y ->          _148382_/C
   4195.5 ps               \datapath.programcounter._1_ [3]:           _148382_/Y ->          _148745_/D

   clock skew at destination = 35.6755
   setup at destination = 178.489

Path _148744_/CLK to _148749_/D delay 4409.64 ps
      0.0 ps                                   CLK_bF$buf48: CLKBUF1_insert7179/Y ->          _148744_/CLK
    752.9 ps                \datapath.programcounter.pc [2]:           _148744_/Q -> BUFX2_insert10216/A
   1041.5 ps  \datapath.programcounter.pc_2_hier0_bF$buf23 :  BUFX2_insert10216/Y ->  BUFX2_insert2669/A
   1329.5 ps       \datapath.programcounter.pc_2_bF$buf174 :   BUFX2_insert2669/Y ->           _88048_/A
   1587.9 ps                                        _25296_:            _88048_/Y -> BUFX2_insert10283/A
   1766.0 ps                         _25296__hier0_bF$buf30:  BUFX2_insert10283/Y ->  BUFX2_insert3099/A
   1979.9 ps                              _25296__bF$buf561:   BUFX2_insert3099/Y ->           _97644_/B
   2075.7 ps                                        _34892_:            _97644_/Y ->           _97646_/A
   2204.7 ps                                        _34894_:            _97646_/Y ->           _97887_/B
   2294.9 ps                                        _35135_:            _97887_/Y ->           _97888_/B
   2376.0 ps                                        _35136_:            _97888_/Y ->           _97896_/A
   2462.8 ps                                        _35144_:            _97896_/Y ->           _97911_/B
   2554.3 ps                                        _35159_:            _97911_/Y ->           _97912_/B
   2645.2 ps                                        _35160_:            _97912_/Y ->           _97913_/B
   2736.9 ps                                        _35161_:            _97913_/Y ->           _98056_/C
   2806.5 ps                                        _35304_:            _98056_/Y ->           _98057_/A
   2873.1 ps                                        _35305_:            _98057_/Y ->           _98058_/A
   2954.1 ps                                        _35306_:            _98058_/Y ->           _98059_/C
   3024.8 ps                                        _35307_:            _98059_/Y ->          _104391_/A
   3141.8 ps                                        _41639_:           _104391_/Y ->          _104808_/B
   3228.0 ps          \datapath.branchpredictor.prediction :           _104808_/Y ->           _71074_/A
   3313.5 ps                                         _1720_:            _71074_/Y ->           _71079_/B
   3462.4 ps                               \datapath._066_ :            _71079_/Y ->          _148471_/A
   3575.5 ps                                        _63632_:           _148471_/Y ->          _148474_/A
   3704.7 ps                                        _63635_:           _148474_/Y ->  BUFX2_insert4439/A
   3886.0 ps                                _63635__bF$buf2:   BUFX2_insert4439/Y ->          _148517_/D
   3981.8 ps                                        _63666_:           _148517_/Y ->          _148518_/B
   4074.9 ps            \datapath.programcounter.pc_mux [7]:           _148518_/Y ->          _148393_/B
   4140.9 ps                                        _63579_:           _148393_/Y ->          _148394_/C
   4195.5 ps               \datapath.programcounter._1_ [7]:           _148394_/Y ->          _148749_/D

   clock skew at destination = 35.6755
   setup at destination = 178.489

Path _148744_/CLK to _148755_/D delay 4409.64 ps
      0.0 ps                                   CLK_bF$buf48: CLKBUF1_insert7179/Y ->          _148744_/CLK
    752.9 ps                \datapath.programcounter.pc [2]:           _148744_/Q -> BUFX2_insert10216/A
   1041.5 ps  \datapath.programcounter.pc_2_hier0_bF$buf23 :  BUFX2_insert10216/Y ->  BUFX2_insert2669/A
   1329.5 ps       \datapath.programcounter.pc_2_bF$buf174 :   BUFX2_insert2669/Y ->           _88048_/A
   1587.9 ps                                        _25296_:            _88048_/Y -> BUFX2_insert10283/A
   1766.0 ps                         _25296__hier0_bF$buf30:  BUFX2_insert10283/Y ->  BUFX2_insert3099/A
   1979.9 ps                              _25296__bF$buf561:   BUFX2_insert3099/Y ->           _97644_/B
   2075.7 ps                                        _34892_:            _97644_/Y ->           _97646_/A
   2204.7 ps                                        _34894_:            _97646_/Y ->           _97887_/B
   2294.9 ps                                        _35135_:            _97887_/Y ->           _97888_/B
   2376.0 ps                                        _35136_:            _97888_/Y ->           _97896_/A
   2462.8 ps                                        _35144_:            _97896_/Y ->           _97911_/B
   2554.3 ps                                        _35159_:            _97911_/Y ->           _97912_/B
   2645.2 ps                                        _35160_:            _97912_/Y ->           _97913_/B
   2736.9 ps                                        _35161_:            _97913_/Y ->           _98056_/C
   2806.5 ps                                        _35304_:            _98056_/Y ->           _98057_/A
   2873.1 ps                                        _35305_:            _98057_/Y ->           _98058_/A
   2954.1 ps                                        _35306_:            _98058_/Y ->           _98059_/C
   3024.8 ps                                        _35307_:            _98059_/Y ->          _104391_/A
   3141.8 ps                                        _41639_:           _104391_/Y ->          _104808_/B
   3228.0 ps          \datapath.branchpredictor.prediction :           _104808_/Y ->           _71074_/A
   3313.5 ps                                         _1720_:            _71074_/Y ->           _71079_/B
   3462.4 ps                               \datapath._066_ :            _71079_/Y ->          _148471_/A
   3575.5 ps                                        _63632_:           _148471_/Y ->          _148474_/A
   3704.7 ps                                        _63635_:           _148474_/Y ->  BUFX2_insert4440/A
   3886.0 ps                                _63635__bF$buf1:   BUFX2_insert4440/Y ->          _148565_/D
   3981.8 ps                                        _63702_:           _148565_/Y ->          _148566_/B
   4074.9 ps           \datapath.programcounter.pc_mux [13]:           _148566_/Y ->          _148411_/B
   4140.9 ps                                        _63591_:           _148411_/Y ->          _148412_/C
   4195.5 ps              \datapath.programcounter._1_ [13]:           _148412_/Y ->          _148755_/D

   clock skew at destination = 35.6755
   setup at destination = 178.489

Path _148744_/CLK to _148750_/D delay 4409.64 ps
      0.0 ps                                   CLK_bF$buf48: CLKBUF1_insert7179/Y ->          _148744_/CLK
    752.9 ps                \datapath.programcounter.pc [2]:           _148744_/Q -> BUFX2_insert10216/A
   1041.5 ps  \datapath.programcounter.pc_2_hier0_bF$buf23 :  BUFX2_insert10216/Y ->  BUFX2_insert2669/A
   1329.5 ps       \datapath.programcounter.pc_2_bF$buf174 :   BUFX2_insert2669/Y ->           _88048_/A
   1587.9 ps                                        _25296_:            _88048_/Y -> BUFX2_insert10283/A
   1766.0 ps                         _25296__hier0_bF$buf30:  BUFX2_insert10283/Y ->  BUFX2_insert3099/A
   1979.9 ps                              _25296__bF$buf561:   BUFX2_insert3099/Y ->           _97644_/B
   2075.7 ps                                        _34892_:            _97644_/Y ->           _97646_/A
   2204.7 ps                                        _34894_:            _97646_/Y ->           _97887_/B
   2294.9 ps                                        _35135_:            _97887_/Y ->           _97888_/B
   2376.0 ps                                        _35136_:            _97888_/Y ->           _97896_/A
   2462.8 ps                                        _35144_:            _97896_/Y ->           _97911_/B
   2554.3 ps                                        _35159_:            _97911_/Y ->           _97912_/B
   2645.2 ps                                        _35160_:            _97912_/Y ->           _97913_/B
   2736.9 ps                                        _35161_:            _97913_/Y ->           _98056_/C
   2806.5 ps                                        _35304_:            _98056_/Y ->           _98057_/A
   2873.1 ps                                        _35305_:            _98057_/Y ->           _98058_/A
   2954.1 ps                                        _35306_:            _98058_/Y ->           _98059_/C
   3024.8 ps                                        _35307_:            _98059_/Y ->          _104391_/A
   3141.8 ps                                        _41639_:           _104391_/Y ->          _104808_/B
   3228.0 ps          \datapath.branchpredictor.prediction :           _104808_/Y ->           _71074_/A
   3313.5 ps                                         _1720_:            _71074_/Y ->           _71079_/B
   3462.4 ps                               \datapath._066_ :            _71079_/Y ->          _148471_/A
   3575.5 ps                                        _63632_:           _148471_/Y ->          _148474_/A
   3704.7 ps                                        _63635_:           _148474_/Y ->  BUFX2_insert4440/A
   3886.0 ps                                _63635__bF$buf1:   BUFX2_insert4440/Y ->          _148527_/D
   3981.8 ps                                        _63674_:           _148527_/Y ->          _148528_/B
   4074.9 ps            \datapath.programcounter.pc_mux [8]:           _148528_/Y ->          _148396_/B
   4140.9 ps                                        _63581_:           _148396_/Y ->          _148397_/C
   4195.5 ps               \datapath.programcounter._1_ [8]:           _148397_/Y ->          _148750_/D

   clock skew at destination = 35.6755
   setup at destination = 178.489

Path _148744_/CLK to _148754_/D delay 4409.64 ps
      0.0 ps                                   CLK_bF$buf48: CLKBUF1_insert7179/Y ->          _148744_/CLK
    752.9 ps                \datapath.programcounter.pc [2]:           _148744_/Q -> BUFX2_insert10216/A
   1041.5 ps  \datapath.programcounter.pc_2_hier0_bF$buf23 :  BUFX2_insert10216/Y ->  BUFX2_insert2669/A
   1329.5 ps       \datapath.programcounter.pc_2_bF$buf174 :   BUFX2_insert2669/Y ->           _88048_/A
   1587.9 ps                                        _25296_:            _88048_/Y -> BUFX2_insert10283/A
   1766.0 ps                         _25296__hier0_bF$buf30:  BUFX2_insert10283/Y ->  BUFX2_insert3099/A
   1979.9 ps                              _25296__bF$buf561:   BUFX2_insert3099/Y ->           _97644_/B
   2075.7 ps                                        _34892_:            _97644_/Y ->           _97646_/A
   2204.7 ps                                        _34894_:            _97646_/Y ->           _97887_/B
   2294.9 ps                                        _35135_:            _97887_/Y ->           _97888_/B
   2376.0 ps                                        _35136_:            _97888_/Y ->           _97896_/A
   2462.8 ps                                        _35144_:            _97896_/Y ->           _97911_/B
   2554.3 ps                                        _35159_:            _97911_/Y ->           _97912_/B
   2645.2 ps                                        _35160_:            _97912_/Y ->           _97913_/B
   2736.9 ps                                        _35161_:            _97913_/Y ->           _98056_/C
   2806.5 ps                                        _35304_:            _98056_/Y ->           _98057_/A
   2873.1 ps                                        _35305_:            _98057_/Y ->           _98058_/A
   2954.1 ps                                        _35306_:            _98058_/Y ->           _98059_/C
   3024.8 ps                                        _35307_:            _98059_/Y ->          _104391_/A
   3141.8 ps                                        _41639_:           _104391_/Y ->          _104808_/B
   3228.0 ps          \datapath.branchpredictor.prediction :           _104808_/Y ->           _71074_/A
   3313.5 ps                                         _1720_:            _71074_/Y ->           _71079_/B
   3462.4 ps                               \datapath._066_ :            _71079_/Y ->          _148471_/A
   3575.5 ps                                        _63632_:           _148471_/Y ->          _148474_/A
   3704.7 ps                                        _63635_:           _148474_/Y ->  BUFX2_insert4439/A
   3886.0 ps                                _63635__bF$buf2:   BUFX2_insert4439/Y ->          _148556_/D
   3981.8 ps                                        _63695_:           _148556_/Y ->          _148557_/B
   4074.9 ps           \datapath.programcounter.pc_mux [12]:           _148557_/Y ->          _148408_/B
   4140.9 ps                                        _63589_:           _148408_/Y ->          _148409_/C
   4195.5 ps              \datapath.programcounter._1_ [12]:           _148409_/Y ->          _148754_/D

   clock skew at destination = 35.6755
   setup at destination = 178.489

Path _148744_/CLK to _148768_/D delay 4409.59 ps
      0.0 ps                                   CLK_bF$buf48: CLKBUF1_insert7179/Y ->          _148744_/CLK
    752.9 ps                \datapath.programcounter.pc [2]:           _148744_/Q -> BUFX2_insert10216/A
   1041.5 ps  \datapath.programcounter.pc_2_hier0_bF$buf23 :  BUFX2_insert10216/Y ->  BUFX2_insert2669/A
   1329.5 ps       \datapath.programcounter.pc_2_bF$buf174 :   BUFX2_insert2669/Y ->           _88048_/A
   1587.9 ps                                        _25296_:            _88048_/Y -> BUFX2_insert10283/A
   1766.0 ps                         _25296__hier0_bF$buf30:  BUFX2_insert10283/Y ->  BUFX2_insert3099/A
   1979.9 ps                              _25296__bF$buf561:   BUFX2_insert3099/Y ->           _97644_/B
   2075.7 ps                                        _34892_:            _97644_/Y ->           _97646_/A
   2204.7 ps                                        _34894_:            _97646_/Y ->           _97887_/B
   2294.9 ps                                        _35135_:            _97887_/Y ->           _97888_/B
   2376.0 ps                                        _35136_:            _97888_/Y ->           _97896_/A
   2462.8 ps                                        _35144_:            _97896_/Y ->           _97911_/B
   2554.3 ps                                        _35159_:            _97911_/Y ->           _97912_/B
   2645.2 ps                                        _35160_:            _97912_/Y ->           _97913_/B
   2736.9 ps                                        _35161_:            _97913_/Y ->           _98056_/C
   2806.5 ps                                        _35304_:            _98056_/Y ->           _98057_/A
   2873.1 ps                                        _35305_:            _98057_/Y ->           _98058_/A
   2954.1 ps                                        _35306_:            _98058_/Y ->           _98059_/C
   3024.8 ps                                        _35307_:            _98059_/Y ->          _104391_/A
   3141.8 ps                                        _41639_:           _104391_/Y ->          _104808_/B
   3228.0 ps          \datapath.branchpredictor.prediction :           _104808_/Y ->           _71074_/A
   3313.5 ps                                         _1720_:            _71074_/Y ->           _71079_/B
   3462.4 ps                               \datapath._066_ :            _71079_/Y ->          _148471_/A
   3575.5 ps                                        _63632_:           _148471_/Y ->          _148474_/A
   3704.7 ps                                        _63635_:           _148474_/Y ->  BUFX2_insert4438/A
   3897.0 ps                                _63635__bF$buf3:   BUFX2_insert4438/Y ->          _148689_/D
   3996.8 ps                                        _63800_:           _148689_/Y ->          _148690_/B
   4091.1 ps           \datapath.programcounter.pc_mux [26]:           _148690_/Y ->          _148450_/B
   4157.2 ps                                        _63617_:           _148450_/Y ->          _148451_/C
   4211.8 ps              \datapath.programcounter._1_ [26]:           _148451_/Y ->          _148768_/D

   clock skew at destination = 19.3058
   setup at destination = 178.507

Path _148744_/CLK to _148763_/D delay 4409.59 ps
      0.0 ps                                   CLK_bF$buf48: CLKBUF1_insert7179/Y ->          _148744_/CLK
    752.9 ps                \datapath.programcounter.pc [2]:           _148744_/Q -> BUFX2_insert10216/A
   1041.5 ps  \datapath.programcounter.pc_2_hier0_bF$buf23 :  BUFX2_insert10216/Y ->  BUFX2_insert2669/A
   1329.5 ps       \datapath.programcounter.pc_2_bF$buf174 :   BUFX2_insert2669/Y ->           _88048_/A
   1587.9 ps                                        _25296_:            _88048_/Y -> BUFX2_insert10283/A
   1766.0 ps                         _25296__hier0_bF$buf30:  BUFX2_insert10283/Y ->  BUFX2_insert3099/A
   1979.9 ps                              _25296__bF$buf561:   BUFX2_insert3099/Y ->           _97644_/B
   2075.7 ps                                        _34892_:            _97644_/Y ->           _97646_/A
   2204.7 ps                                        _34894_:            _97646_/Y ->           _97887_/B
   2294.9 ps                                        _35135_:            _97887_/Y ->           _97888_/B
   2376.0 ps                                        _35136_:            _97888_/Y ->           _97896_/A
   2462.8 ps                                        _35144_:            _97896_/Y ->           _97911_/B
   2554.3 ps                                        _35159_:            _97911_/Y ->           _97912_/B
   2645.2 ps                                        _35160_:            _97912_/Y ->           _97913_/B
   2736.9 ps                                        _35161_:            _97913_/Y ->           _98056_/C
   2806.5 ps                                        _35304_:            _98056_/Y ->           _98057_/A
   2873.1 ps                                        _35305_:            _98057_/Y ->           _98058_/A
   2954.1 ps                                        _35306_:            _98058_/Y ->           _98059_/C
   3024.8 ps                                        _35307_:            _98059_/Y ->          _104391_/A
   3141.8 ps                                        _41639_:           _104391_/Y ->          _104808_/B
   3228.0 ps          \datapath.branchpredictor.prediction :           _104808_/Y ->           _71074_/A
   3313.5 ps                                         _1720_:            _71074_/Y ->           _71079_/B
   3462.4 ps                               \datapath._066_ :            _71079_/Y ->          _148471_/A
   3575.5 ps                                        _63632_:           _148471_/Y ->          _148474_/A
   3704.7 ps                                        _63635_:           _148474_/Y ->  BUFX2_insert4438/A
   3897.0 ps                                _63635__bF$buf3:   BUFX2_insert4438/Y ->          _148641_/D
   3996.8 ps                                        _63762_:           _148641_/Y ->          _148642_/B
   4091.1 ps           \datapath.programcounter.pc_mux [21]:           _148642_/Y ->          _148435_/B
   4157.2 ps                                        _63607_:           _148435_/Y ->          _148436_/C
   4211.8 ps              \datapath.programcounter._1_ [21]:           _148436_/Y ->          _148763_/D

   clock skew at destination = 19.3058
   setup at destination = 178.507

Path _148744_/CLK to _148758_/D delay 4409.59 ps
      0.0 ps                                   CLK_bF$buf48: CLKBUF1_insert7179/Y ->          _148744_/CLK
    752.9 ps                \datapath.programcounter.pc [2]:           _148744_/Q -> BUFX2_insert10216/A
   1041.5 ps  \datapath.programcounter.pc_2_hier0_bF$buf23 :  BUFX2_insert10216/Y ->  BUFX2_insert2669/A
   1329.5 ps       \datapath.programcounter.pc_2_bF$buf174 :   BUFX2_insert2669/Y ->           _88048_/A
   1587.9 ps                                        _25296_:            _88048_/Y -> BUFX2_insert10283/A
   1766.0 ps                         _25296__hier0_bF$buf30:  BUFX2_insert10283/Y ->  BUFX2_insert3099/A
   1979.9 ps                              _25296__bF$buf561:   BUFX2_insert3099/Y ->           _97644_/B
   2075.7 ps                                        _34892_:            _97644_/Y ->           _97646_/A
   2204.7 ps                                        _34894_:            _97646_/Y ->           _97887_/B
   2294.9 ps                                        _35135_:            _97887_/Y ->           _97888_/B
   2376.0 ps                                        _35136_:            _97888_/Y ->           _97896_/A
   2462.8 ps                                        _35144_:            _97896_/Y ->           _97911_/B
   2554.3 ps                                        _35159_:            _97911_/Y ->           _97912_/B
   2645.2 ps                                        _35160_:            _97912_/Y ->           _97913_/B
   2736.9 ps                                        _35161_:            _97913_/Y ->           _98056_/C
   2806.5 ps                                        _35304_:            _98056_/Y ->           _98057_/A
   2873.1 ps                                        _35305_:            _98057_/Y ->           _98058_/A
   2954.1 ps                                        _35306_:            _98058_/Y ->           _98059_/C
   3024.8 ps                                        _35307_:            _98059_/Y ->          _104391_/A
   3141.8 ps                                        _41639_:           _104391_/Y ->          _104808_/B
   3228.0 ps          \datapath.branchpredictor.prediction :           _104808_/Y ->           _71074_/A
   3313.5 ps                                         _1720_:            _71074_/Y ->           _71079_/B
   3462.4 ps                               \datapath._066_ :            _71079_/Y ->          _148471_/A
   3575.5 ps                                        _63632_:           _148471_/Y ->          _148474_/A
   3704.7 ps                                        _63635_:           _148474_/Y ->  BUFX2_insert4438/A
   3897.0 ps                                _63635__bF$buf3:   BUFX2_insert4438/Y ->          _148597_/D
   3996.8 ps                                        _63728_:           _148597_/Y ->          _148598_/B
   4091.1 ps           \datapath.programcounter.pc_mux [16]:           _148598_/Y ->          _148420_/B
   4157.2 ps                                        _63597_:           _148420_/Y ->          _148421_/C
   4211.8 ps              \datapath.programcounter._1_ [16]:           _148421_/Y ->          _148758_/D

   clock skew at destination = 19.3058
   setup at destination = 178.507

Path _148744_/CLK to _148767_/D delay 4408.15 ps
      0.0 ps                                   CLK_bF$buf48: CLKBUF1_insert7179/Y ->          _148744_/CLK
    752.9 ps                \datapath.programcounter.pc [2]:           _148744_/Q -> BUFX2_insert10216/A
   1041.5 ps  \datapath.programcounter.pc_2_hier0_bF$buf23 :  BUFX2_insert10216/Y ->  BUFX2_insert2669/A
   1329.5 ps       \datapath.programcounter.pc_2_bF$buf174 :   BUFX2_insert2669/Y ->           _88048_/A
   1587.9 ps                                        _25296_:            _88048_/Y -> BUFX2_insert10283/A
   1766.0 ps                         _25296__hier0_bF$buf30:  BUFX2_insert10283/Y ->  BUFX2_insert3099/A
   1979.9 ps                              _25296__bF$buf561:   BUFX2_insert3099/Y ->           _97644_/B
   2075.7 ps                                        _34892_:            _97644_/Y ->           _97646_/A
   2204.7 ps                                        _34894_:            _97646_/Y ->           _97887_/B
   2294.9 ps                                        _35135_:            _97887_/Y ->           _97888_/B
   2376.0 ps                                        _35136_:            _97888_/Y ->           _97896_/A
   2462.8 ps                                        _35144_:            _97896_/Y ->           _97911_/B
   2554.3 ps                                        _35159_:            _97911_/Y ->           _97912_/B
   2645.2 ps                                        _35160_:            _97912_/Y ->           _97913_/B
   2736.9 ps                                        _35161_:            _97913_/Y ->           _98056_/C
   2806.5 ps                                        _35304_:            _98056_/Y ->           _98057_/A
   2873.1 ps                                        _35305_:            _98057_/Y ->           _98058_/A
   2954.1 ps                                        _35306_:            _98058_/Y ->           _98059_/C
   3024.8 ps                                        _35307_:            _98059_/Y ->          _104391_/A
   3141.8 ps                                        _41639_:           _104391_/Y ->          _104808_/B
   3228.0 ps          \datapath.branchpredictor.prediction :           _104808_/Y ->           _71074_/A
   3313.5 ps                                         _1720_:            _71074_/Y ->           _71079_/B
   3462.4 ps                               \datapath._066_ :            _71079_/Y ->          _148471_/A
   3575.5 ps                                        _63632_:           _148471_/Y ->          _148474_/A
   3704.7 ps                                        _63635_:           _148474_/Y ->  BUFX2_insert4437/A
   3896.1 ps                                _63635__bF$buf4:   BUFX2_insert4437/Y ->          _148679_/D
   3995.5 ps                                        _63792_:           _148679_/Y ->          _148680_/B
   4089.7 ps           \datapath.programcounter.pc_mux [25]:           _148680_/Y ->          _148447_/B
   4155.7 ps                                        _63615_:           _148447_/Y ->          _148448_/C
   4210.3 ps              \datapath.programcounter._1_ [25]:           _148448_/Y ->          _148767_/D

   clock skew at destination = 19.3058
   setup at destination = 178.506

Computed maximum clock frequency (zero margin) = 221.953 MHz
-----------------------------------------

