#-----------------------------------------------------------
# Vivado v2018.3 (64-bit)
# SW Build 2405991 on Thu Dec  6 23:38:27 MST 2018
# IP Build 2404404 on Fri Dec  7 01:43:56 MST 2018
# Start of session at: Tue Dec  6 17:06:27 2022
# Process ID: 11792
# Current directory: C:/Users/Yoadmin/Documents/git/RV32I/Synthetizable/Vivado project
# Command line: vivado.exe -gui_launcher_event rodinguilauncherevent6208 C:\Users\Yoadmin\Documents\git\RV32I\Synthetizable\Vivado project\RV32I.xpr
# Log file: C:/Users/Yoadmin/Documents/git/RV32I/Synthetizable/Vivado project/vivado.log
# Journal file: C:/Users/Yoadmin/Documents/git/RV32I/Synthetizable/Vivado project\vivado.jou
#-----------------------------------------------------------
start_gui
open_project {C:/Users/Yoadmin/Documents/git/RV32I/Synthetizable/Vivado project/RV32I.xpr}
CRITICAL WARNING: [Project 1-19] Could not find the file 'C:/Users/Yoadmin/Documents/git/RV32I/Synthetizable/Vivado project/sources_1/new/rv32iconstants.vhdl'.
CRITICAL WARNING: [Project 1-19] Could not find the file 'C:/Users/Yoadmin/Documents/git/RV32I/Synthetizable/Vivado project/sources_1/new/ALU.vhdl'.
CRITICAL WARNING: [Project 1-19] Could not find the file 'C:/Users/Yoadmin/Documents/git/RV32I/Synthetizable/Vivado project/sources_1/new/CSRFile.vhdl'.
CRITICAL WARNING: [Project 1-19] Could not find the file 'C:/Users/Yoadmin/Documents/git/RV32I/Synthetizable/Vivado project/sources_1/new/ControlUnit.vhdl'.
CRITICAL WARNING: [Project 1-19] Could not find the file 'C:/Users/Yoadmin/Documents/git/RV32I/Synthetizable/Vivado project/sources_1/new/PC.vhdl'.
CRITICAL WARNING: [Project 1-19] Could not find the file 'C:/Users/Yoadmin/Documents/git/RV32I/Synthetizable/Vivado project/sources_1/new/RegisterFile.vhdl'.
CRITICAL WARNING: [Project 1-19] Could not find the file 'C:/Users/Yoadmin/Documents/git/RV32I/Synthetizable/Vivado project/sources_1/new/ImmDecoder.vhdl'.
CRITICAL WARNING: [Project 1-19] Could not find the file 'C:/Users/Yoadmin/Documents/git/RV32I/Synthetizable/Vivado project/sources_1/new/MemInterface.vhdl'.
CRITICAL WARNING: [Project 1-19] Could not find the file 'C:/Users/Yoadmin/Documents/git/RV32I/Synthetizable/Vivado project/sources_1/new/DataPath.vhdl'.
CRITICAL WARNING: [Project 1-19] Could not find the file 'C:/Users/Yoadmin/Documents/git/RV32I/Synthetizable/Vivado project/sources_1/new/RISCV32I.vhdl'.
Scanning sources...
Finished scanning sources
INFO: [IP_Flow 19-234] Refreshing IP repositories
INFO: [IP_Flow 19-1700] Loaded user IP repository 'c:/Users/Yoadmin/Documents/vivado/ip_repo/Axi4Slave_1.0'.
INFO: [IP_Flow 19-2313] Loaded Vivado IP repository 'C:/Xilinx/Vivado/2018.3/data/ip'.
open_project: Time (s): cpu = 00:00:18 ; elapsed = 00:00:11 . Memory (MB): peak = 866.883 ; gain = 235.523
update_compile_order -fileset sources_1
exit
INFO: [Common 17-206] Exiting Vivado at Tue Dec  6 17:07:18 2022...
/rsb/busdef/AXIMM/busdef.tcl} }"
ERROR: [BD 41-69] Error sourcing TCL script: 
    while executing
"source -notrace {C:/Xilinx/Vivado/2018.3/data/rsb/busdef/clock_signal/busdef.tcl} "
    (in namespace eval "::xilinx.com_ip_clock_signal_1.0" script line 1)
    invoked from within
"namespace eval ::xilinx.com_ip_clock_signal_1.0 { source -notrace {C:/Xilinx/Vivado/2018.3/data/rsb/busdef/clock_signal/busdef.tcl} }"
INFO: [Common 17-344] 'open_project' was cancelled
exit
INFO: [Common 17-206] Exiting Vivado at Tue Dec  6 17:07:24 2022...
