Qflow static timing analysis logfile created on mié 11 nov 2020 18:36:33 CST
Running vesta static timing analysis
vesta --long ALU.rtlnopwr.v /usr/share/qflow/tech/osu018/osu018_stdcells.lib
----------------------------------------------
Vesta static timing analysis tool
for qflow 1.4.87
(c) 2013-2018 Tim Edwards, Open Circuit Design
----------------------------------------------

Parsing library "osu018_stdcells"
End of library at line 6141
Lib read /usr/share/qflow/tech/osu018/osu018_stdcells.lib:  Processed 6142 lines.
Parsing module "ALU"
Verilog netlist read:  Processed 13568 lines.
Number of paths analyzed:  0

Top 0 maximum delay paths:
-----------------------------------------

Number of paths analyzed:  0

Top 0 minimum delay paths:
Design meets minimum hold timing.
-----------------------------------------
441811249.3980321 Hz

Number of paths analyzed:  32

Top 20 maximum delay paths:
Path input pin B[3] to output pin C[27] delay 2263.18 ps
      0.0 ps           B[3]:                  -> BUFX2_insert58/A
    248.6 ps    B_3_bF$buf3: BUFX2_insert58/Y ->         _1779_/A
    323.0 ps          _891_:         _1779_/Y -> BUFX2_insert79/A
    496.6 ps  _891__bF$buf5: BUFX2_insert79/Y ->         _2048_/A
    663.1 ps         _1157_:         _2048_/Y ->         _2063_/A
    745.7 ps         _1171_:         _2063_/Y ->         _2064_/C
    816.8 ps         _1172_:         _2064_/Y ->         _2065_/C
    964.9 ps         _1173_:         _2065_/Y ->         _2250_/A
   1162.3 ps         _1354_:         _2250_/Y ->         _2592_/B
   1388.7 ps          _143_:         _2592_/Y ->         _2878_/A
   1591.2 ps          _450_:         _2878_/Y ->         _2944_/B
   1757.4 ps          _521_:         _2944_/Y ->         _2969_/A
   1893.1 ps          _547_:         _2969_/Y ->         _2970_/A
   1988.1 ps          _548_:         _2970_/Y ->         _2971_/C
   2086.5 ps          _549_:         _2971_/Y ->         _2994_/A
   2189.1 ps     _1553_[27]:         _2994_/Y ->         _3174_/A
   2263.2 ps          C[27]:         _3174_/Y -> C[27]

Path input pin B[2] to output pin C[31] delay 2254 ps
      0.0 ps         B[2]:                  -> BUFX2_insert87/A
    191.0 ps  B_2_bF$buf4: BUFX2_insert87/Y ->         _1568_/A
    446.0 ps        _166_:         _1568_/Y ->         _1569_/B
    570.3 ps        _176_:         _1569_/Y ->         _1576_/A
    726.1 ps        _252_:         _1576_/Y ->         _1596_/B
    909.5 ps        _466_:         _1596_/Y ->         _1638_/A
   1197.2 ps        _750_:         _1638_/Y ->         _2914_/B
   1378.6 ps        _489_:         _2914_/Y ->         _3006_/A
   1595.0 ps        _587_:         _3006_/Y ->         _3072_/B
   1754.9 ps        _657_:         _3072_/Y ->         _3100_/A
   1849.6 ps        _687_:         _3100_/Y ->         _3101_/C
   1925.6 ps        _688_:         _3101_/Y ->         _3119_/A
   2012.6 ps        _708_:         _3119_/Y ->         _3120_/C
   2076.4 ps        _709_:         _3120_/Y ->         _3121_/C
   2165.0 ps   _1553_[31]:         _3121_/Y ->         _3178_/A
   2254.0 ps        C[31]:         _3178_/Y -> C[31]

Path input pin B[2] to output pin C[30] delay 2155.34 ps
      0.0 ps         B[2]:                  -> BUFX2_insert87/A
    191.0 ps  B_2_bF$buf4: BUFX2_insert87/Y ->         _1568_/A
    446.0 ps        _166_:         _1568_/Y ->         _1569_/B
    570.3 ps        _176_:         _1569_/Y ->         _1576_/A
    726.1 ps        _252_:         _1576_/Y ->         _1596_/B
    909.5 ps        _466_:         _1596_/Y ->         _1638_/A
   1197.2 ps        _750_:         _1638_/Y ->         _2914_/B
   1378.6 ps        _489_:         _2914_/Y ->         _3006_/A
   1595.0 ps        _587_:         _3006_/Y ->         _3072_/B
   1754.9 ps        _657_:         _3072_/Y ->         _3074_/A
   1859.7 ps        _660_:         _3074_/Y ->         _3092_/B
   1946.8 ps        _679_:         _3092_/Y ->         _3093_/A
   2035.8 ps        _681_:         _3093_/Y ->         _3094_/A
   2087.0 ps   _1553_[30]:         _3094_/Y ->         _3177_/A
   2155.3 ps        C[30]:         _3177_/Y -> C[30]

Path input pin B[3] to output pin C[23] delay 2118.03 ps
      0.0 ps           B[3]:                  -> BUFX2_insert58/A
    248.6 ps    B_3_bF$buf3: BUFX2_insert58/Y ->         _1779_/A
    323.0 ps          _891_:         _1779_/Y -> BUFX2_insert79/A
    496.6 ps  _891__bF$buf5: BUFX2_insert79/Y ->         _2048_/A
    663.1 ps         _1157_:         _2048_/Y ->         _2063_/A
    745.7 ps         _1171_:         _2063_/Y ->         _2064_/C
    816.8 ps         _1172_:         _2064_/Y ->         _2065_/C
    964.9 ps         _1173_:         _2065_/Y ->         _2250_/A
   1162.3 ps         _1354_:         _2250_/Y ->         _2592_/B
   1388.7 ps          _143_:         _2592_/Y ->         _2811_/A
   1504.2 ps          _378_:         _2811_/Y ->         _2814_/B
   1653.3 ps          _382_:         _2814_/Y ->         _2841_/A
   1779.2 ps          _410_:         _2841_/Y ->         _2842_/A
   1892.4 ps          _411_:         _2842_/Y ->         _2867_/B
   1989.5 ps          _439_:         _2867_/Y ->         _2868_/A
   2041.2 ps     _1553_[23]:         _2868_/Y ->         _3170_/A
   2118.0 ps          C[23]:         _3170_/Y -> C[23]

Path input pin B[3] to output pin C[29] delay 2108.87 ps
      0.0 ps           B[3]:                  -> BUFX2_insert58/A
    248.6 ps    B_3_bF$buf3: BUFX2_insert58/Y ->         _1779_/A
    323.0 ps          _891_:         _1779_/Y -> BUFX2_insert79/A
    496.6 ps  _891__bF$buf5: BUFX2_insert79/Y ->         _2048_/A
    663.1 ps         _1157_:         _2048_/Y ->         _2063_/A
    745.7 ps         _1171_:         _2063_/Y ->         _2064_/C
    816.8 ps         _1172_:         _2064_/Y ->         _2065_/C
    964.9 ps         _1173_:         _2065_/Y ->         _2250_/A
   1162.3 ps         _1354_:         _2250_/Y ->         _2592_/B
   1388.7 ps          _143_:         _2592_/Y ->         _2878_/A
   1591.2 ps          _450_:         _2878_/Y ->         _3033_/B
   1690.7 ps          _616_:         _3033_/Y ->         _3034_/A
   1805.3 ps          _617_:         _3034_/Y ->         _3036_/A
   1903.1 ps          _619_:         _3036_/Y ->         _3061_/B
   2017.0 ps     _1553_[29]:         _3061_/Y ->         _3176_/A
   2108.9 ps          C[29]:         _3176_/Y -> C[29]

Path input pin B[3] to output pin C[26] delay 2103.76 ps
      0.0 ps           B[3]:                  -> BUFX2_insert58/A
    248.6 ps    B_3_bF$buf3: BUFX2_insert58/Y ->         _1779_/A
    323.0 ps          _891_:         _1779_/Y -> BUFX2_insert79/A
    496.6 ps  _891__bF$buf5: BUFX2_insert79/Y ->         _2048_/A
    663.1 ps         _1157_:         _2048_/Y ->         _2063_/A
    745.7 ps         _1171_:         _2063_/Y ->         _2064_/C
    816.8 ps         _1172_:         _2064_/Y ->         _2065_/C
    964.9 ps         _1173_:         _2065_/Y ->         _2250_/A
   1162.3 ps         _1354_:         _2250_/Y ->         _2592_/B
   1388.7 ps          _143_:         _2592_/Y ->         _2878_/A
   1591.2 ps          _450_:         _2878_/Y ->         _2944_/B
   1757.4 ps          _521_:         _2944_/Y ->         _2945_/B
   1842.8 ps          _522_:         _2945_/Y ->         _2946_/C
   1916.6 ps          _523_:         _2946_/Y ->         _2968_/C
   2016.1 ps     _1553_[26]:         _2968_/Y ->         _3173_/A
   2103.8 ps          C[26]:         _3173_/Y -> C[26]

Path input pin B[3] to output pin C[25] delay 2040.73 ps
      0.0 ps           B[3]:                  -> BUFX2_insert58/A
    248.6 ps    B_3_bF$buf3: BUFX2_insert58/Y ->         _1779_/A
    323.0 ps          _891_:         _1779_/Y -> BUFX2_insert79/A
    496.6 ps  _891__bF$buf5: BUFX2_insert79/Y ->         _2048_/A
    663.1 ps         _1157_:         _2048_/Y ->         _2063_/A
    745.7 ps         _1171_:         _2063_/Y ->         _2064_/C
    816.8 ps         _1172_:         _2064_/Y ->         _2065_/C
    964.9 ps         _1173_:         _2065_/Y ->         _2250_/A
   1162.3 ps         _1354_:         _2250_/Y ->         _2592_/B
   1388.7 ps          _143_:         _2592_/Y ->         _2878_/A
   1591.2 ps          _450_:         _2878_/Y ->         _2908_/B
   1721.5 ps          _482_:         _2908_/Y ->         _2909_/A
   1831.9 ps          _483_:         _2909_/Y ->         _2939_/B
   1921.7 ps          _516_:         _2939_/Y ->         _2940_/A
   1972.5 ps     _1553_[25]:         _2940_/Y ->         _3172_/A
   2040.7 ps          C[25]:         _3172_/Y -> C[25]

Path input pin B[3] to output pin C[22] delay 1986.83 ps
      0.0 ps           B[3]:                  -> BUFX2_insert58/A
    248.6 ps    B_3_bF$buf3: BUFX2_insert58/Y ->         _1779_/A
    323.0 ps          _891_:         _1779_/Y -> BUFX2_insert79/A
    496.6 ps  _891__bF$buf5: BUFX2_insert79/Y ->         _2048_/A
    663.1 ps         _1157_:         _2048_/Y ->         _2063_/A
    745.7 ps         _1171_:         _2063_/Y ->         _2064_/C
    816.8 ps         _1172_:         _2064_/Y ->         _2065_/C
    964.9 ps         _1173_:         _2065_/Y ->         _2250_/A
   1162.3 ps         _1354_:         _2250_/Y ->         _2592_/B
   1388.7 ps          _143_:         _2592_/Y ->         _2811_/A
   1504.2 ps          _378_:         _2811_/Y ->         _2814_/B
   1653.3 ps          _382_:         _2814_/Y ->         _2815_/B
   1737.5 ps          _383_:         _2815_/Y ->         _2816_/C
   1832.4 ps          _384_:         _2816_/Y ->         _2840_/A
   1906.9 ps     _1553_[22]:         _2840_/Y ->         _3169_/A
   1986.8 ps          C[22]:         _3169_/Y -> C[22]

Path input pin B[2] to output pin C[28] delay 1978.52 ps
      0.0 ps         B[2]:                  -> BUFX2_insert87/A
    191.0 ps  B_2_bF$buf4: BUFX2_insert87/Y ->         _1568_/A
    446.0 ps        _166_:         _1568_/Y ->         _1569_/B
    570.3 ps        _176_:         _1569_/Y ->         _1576_/A
    726.1 ps        _252_:         _1576_/Y ->         _1596_/B
    909.5 ps        _466_:         _1596_/Y ->         _1638_/A
   1197.2 ps        _750_:         _1638_/Y ->         _2914_/B
   1378.6 ps        _489_:         _2914_/Y ->         _3006_/A
   1595.0 ps        _587_:         _3006_/Y ->         _3007_/A
   1734.3 ps        _588_:         _3007_/Y ->         _3029_/B
   1803.6 ps        _612_:         _3029_/Y ->         _3030_/C
   1889.7 ps   _1553_[28]:         _3030_/Y ->         _3175_/A
   1978.5 ps        C[28]:         _3175_/Y -> C[28]

Path input pin B[3] to output pin C[24] delay 1969.42 ps
      0.0 ps           B[3]:                  -> BUFX2_insert58/A
    248.6 ps    B_3_bF$buf3: BUFX2_insert58/Y ->         _1779_/A
    323.0 ps          _891_:         _1779_/Y -> BUFX2_insert79/A
    496.6 ps  _891__bF$buf5: BUFX2_insert79/Y ->         _2048_/A
    663.1 ps         _1157_:         _2048_/Y ->         _2063_/A
    745.7 ps         _1171_:         _2063_/Y ->         _2064_/C
    816.8 ps         _1172_:         _2064_/Y ->         _2065_/C
    964.9 ps         _1173_:         _2065_/Y ->         _2250_/A
   1162.3 ps         _1354_:         _2250_/Y ->         _2592_/B
   1388.7 ps          _143_:         _2592_/Y ->         _2878_/A
   1591.2 ps          _450_:         _2878_/Y ->         _2879_/B
   1699.3 ps          _451_:         _2879_/Y ->         _2882_/C
   1779.9 ps          _454_:         _2882_/Y ->         _2907_/B
   1893.1 ps     _1553_[24]:         _2907_/Y ->         _3171_/A
   1969.4 ps          C[24]:         _3171_/Y -> C[24]

Path input pin B[2] to output pin C[0] delay 1924.69 ps
      0.0 ps         B[2]:                  -> BUFX2_insert87/A
    191.0 ps  B_2_bF$buf4: BUFX2_insert87/Y ->         _1568_/A
    446.0 ps        _166_:         _1568_/Y ->         _1569_/B
    570.3 ps        _176_:         _1569_/Y ->         _1576_/A
    726.1 ps        _252_:         _1576_/Y ->         _1596_/B
    909.5 ps        _466_:         _1596_/Y ->         _1638_/A
   1197.2 ps        _750_:         _1638_/Y ->         _1725_/C
   1331.0 ps        _837_:         _1725_/Y ->         _1770_/A
   1422.0 ps        _882_:         _1770_/Y ->         _1771_/A
   1516.1 ps        _883_:         _1771_/Y ->         _1777_/A
   1636.3 ps        _889_:         _1777_/Y ->         _1778_/B
   1760.3 ps        _890_:         _1778_/Y ->         _1870_/C
   1850.8 ps    _1553_[0]:         _1870_/Y ->         _3147_/A
   1924.7 ps         C[0]:         _3147_/Y -> C[0]

Path input pin B[1] to output pin C[19] delay 1916.22 ps
      0.0 ps           B[1]:                  -> BUFX2_insert23/A
    236.2 ps    B_1_bF$buf2: BUFX2_insert23/Y ->         _1789_/A
    317.5 ps          _901_:         _1789_/Y -> BUFX2_insert75/A
    511.4 ps  _901__bF$buf3: BUFX2_insert75/Y ->         _1928_/B
    640.2 ps         _1039_:         _1928_/Y ->         _1986_/B
    802.9 ps         _1096_:         _1986_/Y ->         _2070_/A
    970.2 ps         _1178_:         _2070_/Y ->         _2259_/A
   1136.6 ps         _1363_:         _2259_/Y ->         _2630_/B
   1324.2 ps          _184_:         _2630_/Y ->         _2680_/A
   1424.7 ps          _238_:         _2680_/Y ->         _2681_/B
   1528.7 ps          _239_:         _2681_/Y ->         _2708_/C
   1615.6 ps          _268_:         _2708_/Y ->         _2734_/A
   1698.2 ps          _297_:         _2734_/Y ->         _2735_/A
   1805.0 ps          _298_:         _2735_/Y ->         _2736_/A
   1849.0 ps     _1553_[19]:         _2736_/Y ->         _3166_/A
   1916.2 ps          C[19]:         _3166_/Y -> C[19]

Path input pin B[2] to output pin C[21] delay 1901.52 ps
      0.0 ps         B[2]:                  -> BUFX2_insert87/A
    191.0 ps  B_2_bF$buf4: BUFX2_insert87/Y ->         _1568_/A
    446.0 ps        _166_:         _1568_/Y ->         _1569_/B
    570.3 ps        _176_:         _1569_/Y ->         _1576_/A
    726.1 ps        _252_:         _1576_/Y ->         _1596_/B
    909.5 ps        _466_:         _1596_/Y ->         _1638_/A
   1197.2 ps        _750_:         _1638_/Y ->         _2752_/B
   1414.7 ps        _315_:         _2752_/Y ->         _2789_/A
   1527.0 ps        _355_:         _2789_/Y ->         _2790_/B
   1612.1 ps        _356_:         _2790_/Y ->         _2808_/B
   1684.7 ps        _376_:         _2808_/Y ->         _2809_/A
   1790.2 ps        _377_:         _2809_/Y ->         _2810_/A
   1834.3 ps   _1553_[21]:         _2810_/Y ->         _3168_/A
   1901.5 ps        C[21]:         _3168_/Y -> C[21]

Path input pin B[3] to output pin C[11] delay 1841.19 ps
      0.0 ps           B[3]:                  -> BUFX2_insert58/A
    248.6 ps    B_3_bF$buf3: BUFX2_insert58/Y ->         _1779_/A
    323.0 ps          _891_:         _1779_/Y -> BUFX2_insert79/A
    496.6 ps  _891__bF$buf5: BUFX2_insert79/Y ->         _2048_/A
    663.1 ps         _1157_:         _2048_/Y ->         _2063_/A
    745.7 ps         _1171_:         _2063_/Y ->         _2064_/C
    816.8 ps         _1172_:         _2064_/Y ->         _2065_/C
    964.9 ps         _1173_:         _2065_/Y ->         _2250_/A
   1162.3 ps         _1354_:         _2250_/Y ->         _2332_/B
   1329.0 ps         _1434_:         _2332_/Y ->         _2369_/A
   1453.5 ps         _1470_:         _2369_/Y ->         _2371_/A
   1568.4 ps         _1472_:         _2371_/Y ->         _2372_/B
   1674.2 ps         _1473_:         _2372_/Y ->         _2405_/A
   1774.3 ps     _1553_[11]:         _2405_/Y ->         _3158_/A
   1841.2 ps          C[11]:         _3158_/Y -> C[11]

Path input pin B[1] to output pin C[15] delay 1840.95 ps
      0.0 ps           B[1]:                  -> BUFX2_insert23/A
    236.2 ps    B_1_bF$buf2: BUFX2_insert23/Y ->         _1789_/A
    317.5 ps          _901_:         _1789_/Y -> BUFX2_insert75/A
    511.4 ps  _901__bF$buf3: BUFX2_insert75/Y ->         _1928_/B
    640.2 ps         _1039_:         _1928_/Y ->         _1986_/B
    802.9 ps         _1096_:         _1986_/Y ->         _2070_/A
    970.2 ps         _1178_:         _2070_/Y ->         _2259_/A
   1136.6 ps         _1363_:         _2259_/Y ->         _2463_/B
   1264.4 ps            _9_:         _2463_/Y ->         _2508_/A
   1388.8 ps           _53_:         _2508_/Y ->         _2553_/B
   1468.1 ps          _102_:         _2553_/Y ->         _2554_/C
   1539.8 ps          _103_:         _2554_/Y ->         _2582_/A
   1622.8 ps          _133_:         _2582_/Y ->         _2583_/A
   1729.8 ps          _135_:         _2583_/Y ->         _2584_/A
   1773.8 ps     _1553_[15]:         _2584_/Y ->         _3162_/A
   1840.9 ps          C[15]:         _3162_/Y -> C[15]

Path input pin B[3] to output pin C[17] delay 1835.51 ps
      0.0 ps           B[3]:                  -> BUFX2_insert58/A
    248.6 ps    B_3_bF$buf3: BUFX2_insert58/Y ->         _1779_/A
    323.0 ps          _891_:         _1779_/Y -> BUFX2_insert79/A
    496.6 ps  _891__bF$buf5: BUFX2_insert79/Y ->         _2048_/A
    663.1 ps         _1157_:         _2048_/Y ->         _2063_/A
    745.7 ps         _1171_:         _2063_/Y ->         _2064_/C
    816.8 ps         _1172_:         _2064_/Y ->         _2065_/C
    964.9 ps         _1173_:         _2065_/Y ->         _2250_/A
   1162.3 ps         _1354_:         _2250_/Y ->         _2592_/B
   1388.7 ps          _143_:         _2592_/Y ->         _2619_/A
   1528.3 ps          _172_:         _2619_/Y ->         _2620_/A
   1652.0 ps          _173_:         _2620_/Y ->         _2654_/A
   1759.6 ps     _1553_[17]:         _2654_/Y ->         _3164_/A
   1835.5 ps          C[17]:         _3164_/Y -> C[17]

Path input pin B[1] to output pin C[18] delay 1814.43 ps
      0.0 ps           B[1]:                  -> BUFX2_insert23/A
    236.2 ps    B_1_bF$buf2: BUFX2_insert23/Y ->         _1789_/A
    317.5 ps          _901_:         _1789_/Y -> BUFX2_insert75/A
    511.4 ps  _901__bF$buf3: BUFX2_insert75/Y ->         _1928_/B
    640.2 ps         _1039_:         _1928_/Y ->         _1986_/B
    802.9 ps         _1096_:         _1986_/Y ->         _2070_/A
    970.2 ps         _1178_:         _2070_/Y ->         _2259_/A
   1136.6 ps         _1363_:         _2259_/Y ->         _2630_/B
   1324.2 ps          _184_:         _2630_/Y ->         _2680_/A
   1424.7 ps          _238_:         _2680_/Y ->         _2681_/B
   1528.7 ps          _239_:         _2681_/Y ->         _2682_/C
   1613.3 ps          _240_:         _2682_/Y ->         _2702_/B
   1724.2 ps     _1553_[18]:         _2702_/Y ->         _3165_/A
   1814.4 ps          C[18]:         _3165_/Y -> C[18]

Path input pin B[2] to output pin C[20] delay 1785.3 ps
      0.0 ps         B[2]:                  -> BUFX2_insert87/A
    191.0 ps  B_2_bF$buf4: BUFX2_insert87/Y ->         _1568_/A
    446.0 ps        _166_:         _1568_/Y ->         _1569_/B
    570.3 ps        _176_:         _1569_/Y ->         _1576_/A
    726.1 ps        _252_:         _1576_/Y ->         _1596_/B
    909.5 ps        _466_:         _1596_/Y ->         _1638_/A
   1197.2 ps        _750_:         _1638_/Y ->         _2752_/B
   1414.7 ps        _315_:         _2752_/Y ->         _2753_/B
   1505.7 ps        _317_:         _2753_/Y ->         _2754_/C
   1581.4 ps        _318_:         _2754_/Y ->         _2777_/B
   1694.8 ps   _1553_[20]:         _2777_/Y ->         _3167_/A
   1785.3 ps        C[20]:         _3167_/Y -> C[20]

Path input pin B[3] to output pin C[13] delay 1784.4 ps
      0.0 ps           B[3]:                  -> BUFX2_insert58/A
    248.6 ps    B_3_bF$buf3: BUFX2_insert58/Y ->         _1779_/A
    323.0 ps          _891_:         _1779_/Y -> BUFX2_insert79/A
    496.6 ps  _891__bF$buf5: BUFX2_insert79/Y ->         _2048_/A
    663.1 ps         _1157_:         _2048_/Y ->         _2107_/C
    781.7 ps         _1214_:         _2107_/Y ->         _2108_/C
    900.3 ps         _1215_:         _2108_/Y ->         _2291_/B
   1050.0 ps         _1394_:         _2291_/Y ->         _2415_/A
   1202.6 ps         _1515_:         _2415_/Y ->         _2416_/B
   1320.9 ps         _1516_:         _2416_/Y ->         _2459_/C
   1412.8 ps            _5_:         _2459_/Y ->         _2461_/A
   1482.5 ps            _7_:         _2461_/Y ->         _2462_/B
   1562.5 ps            _8_:         _2462_/Y ->         _2494_/B
   1656.4 ps           _40_:         _2494_/Y ->         _2495_/A
   1707.7 ps     _1553_[13]:         _2495_/Y ->         _3160_/A
   1784.4 ps          C[13]:         _3160_/Y -> C[13]

Path input pin B[1] to output pin C[14] delay 1757.76 ps
      0.0 ps           B[1]:                  -> BUFX2_insert23/A
    236.2 ps    B_1_bF$buf2: BUFX2_insert23/Y ->         _1789_/A
    317.5 ps          _901_:         _1789_/Y -> BUFX2_insert75/A
    511.4 ps  _901__bF$buf3: BUFX2_insert75/Y ->         _1928_/B
    640.2 ps         _1039_:         _1928_/Y ->         _1986_/B
    802.9 ps         _1096_:         _1986_/Y ->         _2070_/A
    970.2 ps         _1178_:         _2070_/Y ->         _2259_/A
   1136.6 ps         _1363_:         _2259_/Y ->         _2463_/B
   1264.4 ps            _9_:         _2463_/Y ->         _2508_/A
   1388.8 ps           _53_:         _2508_/Y ->         _2509_/B
   1468.5 ps           _54_:         _2509_/Y ->         _2544_/A
   1555.7 ps           _93_:         _2544_/Y ->         _2545_/C
   1638.9 ps           _94_:         _2545_/Y ->         _2546_/A
   1689.5 ps     _1553_[14]:         _2546_/Y ->         _3161_/A
   1757.8 ps          C[14]:         _3161_/Y -> C[14]

-----------------------------------------

Number of paths analyzed:  32

Top 20 minimum delay paths:
Path input pin B[10] to output pin C[10] delay 308.074 ps
      0.0 ps       B[10]:          -> _2365_/B
     60.3 ps      _1467_: _2365_/Y -> _2366_/A
    108.5 ps      _1468_: _2366_/Y -> _2367_/C
    168.7 ps      _1469_: _2367_/Y -> _2368_/B
    237.4 ps  _1553_[10]: _2368_/Y -> _3157_/A
    308.1 ps       C[10]: _3157_/Y -> C[10]

Path input pin B[12] to output pin C[12] delay 309.386 ps
      0.0 ps       B[12]:          -> _2453_/B
     60.3 ps         _0_: _2453_/Y -> _2454_/A
    108.5 ps         _1_: _2454_/Y -> _2455_/C
    168.7 ps         _2_: _2455_/Y -> _2456_/B
    238.5 ps  _1553_[12]: _2456_/Y -> _3159_/A
    309.4 ps       C[12]: _3159_/Y -> C[12]

Path input pin B[26] to output pin C[26] delay 318.545 ps
      0.0 ps       B[26]:          -> _2957_/A
     70.9 ps       _535_: _2957_/Y -> _2966_/A
    119.0 ps       _545_: _2966_/Y -> _2967_/C
    179.2 ps       _546_: _2967_/Y -> _2968_/B
    247.9 ps  _1553_[26]: _2968_/Y -> _3173_/A
    318.5 ps       C[26]: _3173_/Y -> C[26]

Path input pin B[18] to output pin C[18] delay 323.15 ps
      0.0 ps       B[18]:          -> _2690_/A
     71.4 ps       _249_: _2690_/Y -> _2700_/C
    121.5 ps       _260_: _2700_/Y -> _2701_/B
    182.6 ps       _261_: _2701_/Y -> _2702_/A
    252.8 ps  _1553_[18]: _2702_/Y -> _3165_/A
    323.2 ps       C[18]: _3165_/Y -> C[18]

Path input pin B[24] to output pin C[24] delay 324.58 ps
      0.0 ps       B[24]:          -> _2894_/A
     71.4 ps       _468_: _2894_/Y -> _2895_/C
    121.5 ps       _469_: _2895_/Y -> _2906_/C
    183.0 ps       _481_: _2906_/Y -> _2907_/A
    254.1 ps  _1553_[24]: _2907_/Y -> _3171_/A
    324.6 ps       C[24]: _3171_/Y -> C[24]

Path input pin A[0] to output pin C[0] delay 329.057 ps
      0.0 ps       A[0]:          -> _1849_/A
     75.5 ps      _961_: _1849_/Y -> _1868_/A
    128.6 ps      _980_: _1868_/Y -> _1869_/C
    189.6 ps      _981_: _1869_/Y -> _1870_/B
    258.4 ps  _1553_[0]: _1870_/Y -> _3147_/A
    329.1 ps       C[0]: _3147_/Y -> C[0]

Path input pin A[9] to output pin C[9] delay 362.035 ps
      0.0 ps       A[9]:          -> _2297_/A
     67.7 ps     _1400_: _2297_/Y -> _2298_/A
    141.7 ps     _1401_: _2298_/Y -> _2301_/A
    231.1 ps     _1404_: _2301_/Y -> _2328_/C
    291.6 ps  _1553_[9]: _2328_/Y -> _3156_/A
    362.0 ps       C[9]: _3156_/Y -> C[9]

Path input pin B[30] to output pin C[31] delay 376.974 ps
      0.0 ps       B[30]:          -> _1689_/A
     53.7 ps       _801_: _1689_/Y -> _3096_/B
    129.9 ps       _683_: _3096_/Y -> _3098_/A
    218.7 ps       _685_: _3098_/Y -> _3121_/A
    304.8 ps  _1553_[31]: _3121_/Y -> _3178_/A
    377.0 ps       C[31]: _3178_/Y -> C[31]

Path input pin B[16] to output pin C[16] delay 381.118 ps
      0.0 ps       B[16]:          -> _2598_/C
     47.4 ps       _150_: _2598_/Y -> _2603_/B
     99.7 ps       _156_: _2603_/Y -> _2604_/C
    156.6 ps       _157_: _2604_/Y -> _2614_/B
    243.6 ps       _168_: _2614_/Y -> _2615_/B
    310.8 ps  _1553_[16]: _2615_/Y -> _3163_/A
    381.1 ps       C[16]: _3163_/Y -> C[16]

Path input pin A[6] to output pin C[7] delay 382.937 ps
      0.0 ps       A[6]:          -> _2201_/A
     77.4 ps     _1306_: _2201_/Y -> _2202_/C
    159.5 ps     _1307_: _2202_/Y -> _2204_/B
    247.5 ps     _1309_: _2204_/Y -> _2238_/A
    313.2 ps  _1553_[7]: _2238_/Y -> _3154_/A
    382.9 ps       C[7]: _3154_/Y -> C[7]

Path input pin B[12] to output pin C[13] delay 384.066 ps
      0.0 ps       B[12]:          -> _2406_/A
     56.3 ps      _1506_: _2406_/Y -> _2459_/B
    122.4 ps         _5_: _2459_/Y -> _2460_/C
    189.7 ps         _6_: _2460_/Y -> _2494_/A
    268.1 ps        _40_: _2494_/Y -> _2495_/A
    316.2 ps  _1553_[13]: _2495_/Y -> _3160_/A
    384.1 ps       C[13]: _3160_/Y -> C[13]

Path input pin B[22] to output pin C[22] delay 390.354 ps
      0.0 ps       B[22]:          -> _2826_/A
     70.9 ps       _395_: _2826_/Y -> _2837_/B
    154.7 ps       _407_: _2837_/Y -> _2838_/C
    203.3 ps       _408_: _2838_/Y -> _2839_/C
    283.3 ps       _409_: _2839_/Y -> _2840_/B
    322.7 ps  _1553_[22]: _2840_/Y -> _3169_/A
    390.4 ps       C[22]: _3169_/Y -> C[22]

Path input pin A[6] to output pin C[6] delay 390.492 ps
      0.0 ps       A[6]:          -> _2170_/D
     51.4 ps     _1276_: _2170_/Y -> _2171_/B
     97.1 ps     _1277_: _2171_/Y -> _2172_/C
    153.2 ps     _1278_: _2172_/Y -> _2173_/C
    203.1 ps     _1279_: _2173_/Y -> _2174_/C
    282.3 ps     _1280_: _2174_/Y -> _2193_/A
    323.5 ps  _1553_[6]: _2193_/Y -> _3153_/A
    390.5 ps       C[6]: _3153_/Y -> C[6]

Path input pin A[5] to output pin C[5] delay 390.81 ps
      0.0 ps       A[5]:          -> _1580_/A
    155.7 ps      _295_: _1580_/Y -> _2111_/A
    280.8 ps     _1218_: _2111_/Y -> _2148_/A
    322.9 ps  _1553_[5]: _2148_/Y -> _3152_/A
    390.8 ps       C[5]: _3152_/Y -> C[5]

Path input pin A[1] to output pin C[1] delay 391.94 ps
      0.0 ps       A[1]:          -> _1927_/D
     51.4 ps     _1038_: _1927_/Y -> _1930_/B
     97.1 ps     _1041_: _1930_/Y -> _1931_/B
    156.9 ps     _1042_: _1931_/Y -> _1948_/A
    209.9 ps     _1059_: _1948_/Y -> _1949_/C
    284.6 ps     _1060_: _1949_/Y -> _1950_/A
    324.6 ps  _1553_[1]: _1950_/Y -> _3148_/A
    391.9 ps       C[1]: _3148_/Y -> C[1]

Path input pin B[24] to output pin C[25] delay 403.544 ps
      0.0 ps       B[24]:          -> _2911_/B
     64.0 ps       _485_: _2911_/Y -> _2912_/C
    126.3 ps       _486_: _2912_/Y -> _2938_/A
    209.8 ps       _515_: _2938_/Y -> _2939_/C
    287.6 ps       _516_: _2939_/Y -> _2940_/A
    335.7 ps  _1553_[25]: _2940_/Y -> _3172_/A
    403.5 ps       C[25]: _3172_/Y -> C[25]

Path input pin A[2] to output pin C[2] delay 407.739 ps
      0.0 ps       A[2]:          -> _2000_/A
     71.4 ps     _1110_: _2000_/Y -> _2001_/B
    117.5 ps     _1111_: _2001_/Y -> _2004_/C
    178.7 ps     _1114_: _2004_/Y -> _2005_/C
    226.0 ps     _1115_: _2005_/Y -> _2006_/C
    300.5 ps     _1116_: _2006_/Y -> _2007_/A
    340.5 ps  _1553_[2]: _2007_/Y -> _3149_/A
    407.7 ps       C[2]: _3149_/Y -> C[2]

Path input pin A[4] to output pin C[4] delay 412.707 ps
      0.0 ps       A[4]:          -> _2090_/D
     56.8 ps     _1198_: _2090_/Y -> _2093_/C
    103.9 ps     _1201_: _2093_/Y -> _2094_/C
    166.1 ps     _1202_: _2094_/Y -> _2095_/C
    220.3 ps     _1203_: _2095_/Y -> _2104_/C
    303.4 ps     _1212_: _2104_/Y -> _2105_/A
    344.8 ps  _1553_[4]: _2105_/Y -> _3151_/A
    412.7 ps       C[4]: _3151_/Y -> C[4]

Path input pin A[8] to output pin C[8] delay 417.882 ps
      0.0 ps       A[8]:          -> _2280_/D
     55.9 ps     _1384_: _2280_/Y -> _2281_/B
    108.0 ps     _1385_: _2281_/Y -> _2283_/C
    170.2 ps     _1387_: _2283_/Y -> _2284_/C
    224.4 ps     _1388_: _2284_/Y -> _2285_/C
    308.4 ps     _1389_: _2285_/Y -> _2286_/A
    349.9 ps  _1553_[8]: _2286_/Y -> _3155_/A
    417.9 ps       C[8]: _3155_/Y -> C[8]

Path input pin B[27] to output pin C[27] delay 419.762 ps
      0.0 ps       B[27]:          -> _2982_/A
     71.4 ps       _561_: _2982_/Y -> _2983_/C
    120.7 ps       _563_: _2983_/Y -> _2992_/A
    181.4 ps       _572_: _2992_/Y -> _2993_/C
    252.7 ps       _574_: _2993_/Y -> _2994_/B
    352.0 ps  _1553_[27]: _2994_/Y -> _3174_/A
    419.8 ps       C[27]: _3174_/Y -> C[27]

-----------------------------------------

