Qflow static timing analysis logfile created on sáb 05 dic 2020 19:23:41 CST
Running vesta static timing analysis
vesta --summary reports --long RISCV32I.rtlnopwr.v /usr/share/qflow/tech/osu035/osu035_stdcells.lib
----------------------------------------------
Vesta static timing analysis tool
for qflow 1.4.87
(c) 2013-2018 Tim Edwards, Open Circuit Design
----------------------------------------------

Parsing library "osu035_stdcells"
End of library at line 6636
Cell "\$_DLATCH_P_ " was not in the liberty database!
Cell "\$_DLATCH_P_ " was not in the liberty database!
Cell "\$_DLATCH_P_ " was not in the liberty database!
Cell "\$_DLATCH_P_ " was not in the liberty database!
Cell "\$_DLATCH_P_ " was not in the liberty database!
Cell "\$_DLATCH_P_ " was not in the liberty database!
Cell "\$_DLATCH_P_ " was not in the liberty database!
Cell "\$_DLATCH_P_ " was not in the liberty database!
Cell "\$_DLATCH_P_ " was not in the liberty database!
Cell "\$_DLATCH_P_ " was not in the liberty database!
Cell "\$_DLATCH_P_ " was not in the liberty database!
Cell "\$_DLATCH_P_ " was not in the liberty database!
Cell "\$_DLATCH_P_ " was not in the liberty database!
Cell "\$_DLATCH_P_ " was not in the liberty database!
Cell "\$_DLATCH_P_ " was not in the liberty database!
Cell "\$_DLATCH_P_ " was not in the liberty database!
Cell "\$_DLATCH_P_ " was not in the liberty database!
Cell "\$_DLATCH_P_ " was not in the liberty database!
Cell "\$_DLATCH_P_ " was not in the liberty database!
Cell "\$_DLATCH_P_ " was not in the liberty database!
Cell "\$_DLATCH_P_ " was not in the liberty database!
Cell "\$_DLATCH_P_ " was not in the liberty database!
Cell "\$_DLATCH_P_ " was not in the liberty database!
Cell "\$_DLATCH_P_ " was not in the liberty database!
Cell "\$_DLATCH_P_ " was not in the liberty database!
Cell "\$_DLATCH_P_ " was not in the liberty database!
Cell "\$_DLATCH_P_ " was not in the liberty database!
Cell "\$_DLATCH_P_ " was not in the liberty database!
Cell "\$_DLATCH_P_ " was not in the liberty database!
Cell "\$_DLATCH_P_ " was not in the liberty database!
Cell "\$_DLATCH_P_ " was not in the liberty database!
Cell "\$_DLATCH_P_ " was not in the liberty database!
Cell "\$_DLATCH_P_ " was not in the liberty database!
Cell "\$_DLATCH_P_ " was not in the liberty database!
Cell "\$_DLATCH_P_ " was not in the liberty database!
Cell "\$_DLATCH_P_ " was not in the liberty database!
Cell "\$_DLATCH_P_ " was not in the liberty database!
Cell "\$_DLATCH_P_ " was not in the liberty database!
Cell "\$_DLATCH_P_ " was not in the liberty database!
Cell "\$_DLATCH_P_ " was not in the liberty database!
Cell "\$_DLATCH_P_ " was not in the liberty database!
Cell "\$_DLATCH_P_ " was not in the liberty database!
Cell "\$_DLATCH_P_ " was not in the liberty database!
Cell "\$_DLATCH_P_ " was not in the liberty database!
Cell "\$_DLATCH_P_ " was not in the liberty database!
Cell "\$_DLATCH_P_ " was not in the liberty database!
Cell "\$_DLATCH_P_ " was not in the liberty database!
Cell "\$_DLATCH_P_ " was not in the liberty database!
Cell "\$_DLATCH_P_ " was not in the liberty database!
Cell "\$_DLATCH_P_ " was not in the liberty database!
Cell "\$_DLATCH_P_ " was not in the liberty database!
Cell "\$_DLATCH_P_ " was not in the liberty database!
Cell "\$_DLATCH_P_ " was not in the liberty database!
Cell "\$_DLATCH_P_ " was not in the liberty database!
Cell "\$_DLATCH_P_ " was not in the liberty database!
Cell "\$_DLATCH_P_ " was not in the liberty database!
Cell "\$_DLATCH_P_ " was not in the liberty database!
Cell "\$_DLATCH_P_ " was not in the liberty database!
Cell "\$_DLATCH_P_ " was not in the liberty database!
Cell "\$_DLATCH_P_ " was not in the liberty database!
Cell "\$_DLATCH_P_ " was not in the liberty database!
Cell "\$_DLATCH_P_ " was not in the liberty database!
Cell "\$_DLATCH_P_ " was not in the liberty database!
Cell "\$_DLATCH_P_ " was not in the liberty database!
Cell "\$_DLATCH_P_ " was not in the liberty database!
Cell "\$_DLATCH_P_ " was not in the liberty database!
Cell "\$_DLATCH_P_ " was not in the liberty database!
Cell "\$_DLATCH_P_ " was not in the liberty database!
Cell "\$_DLATCH_P_ " was not in the liberty database!
Cell "\$_DLATCH_P_ " was not in the liberty database!
Cell "\$_DLATCH_P_ " was not in the liberty database!
Cell "\$_DLATCH_P_ " was not in the liberty database!
Cell "\$_DLATCH_P_ " was not in the liberty database!
Cell "\$_DLATCH_P_ " was not in the liberty database!
Cell "\$_DLATCH_P_ " was not in the liberty database!
Cell "\$_DLATCH_P_ " was not in the liberty database!
Cell "\$_DLATCH_P_ " was not in the liberty database!
Cell "\$_DLATCH_P_ " was not in the liberty database!
Cell "\$_DLATCH_P_ " was not in the liberty database!
Cell "\$_DLATCH_P_ " was not in the liberty database!
Cell "\$_DLATCH_P_ " was not in the liberty database!
Cell "\$_DLATCH_P_ " was not in the liberty database!
Cell "\$_DLATCH_P_ " was not in the liberty database!
Cell "\$_DLATCH_P_ " was not in the liberty database!
Cell "\$_DLATCH_P_ " was not in the liberty database!
Cell "\$_DLATCH_P_ " was not in the liberty database!
Cell "\$_DLATCH_P_ " was not in the liberty database!
Cell "\$_DLATCH_P_ " was not in the liberty database!
Cell "\$_DLATCH_P_ " was not in the liberty database!
Cell "\$_DLATCH_P_ " was not in the liberty database!
Cell "\$_DLATCH_P_ " was not in the liberty database!
Cell "\$_DLATCH_P_ " was not in the liberty database!
Cell "\$_DLATCH_P_ " was not in the liberty database!
Cell "\$_DLATCH_P_ " was not in the liberty database!
Cell "\$_DLATCH_P_ " was not in the liberty database!
Cell "\$_DLATCH_P_ " was not in the liberty database!
Lib read /usr/share/qflow/tech/osu035/osu035_stdcells.lib:  Processed 6637 lines.
Parsing module "RISCV32I"
Verilog netlist read:  Processed 700871 lines.
Number of paths analyzed:  16010

Top 20 maximum delay paths:
Path _151343_/CLK to _151372_/D delay 6931.04 ps
      0.0 ps                                   CLK_bF$buf48: CLKBUF1_insert6800/Y ->          _151343_/CLK
   1074.9 ps                \datapath.programcounter.pc [2]:           _151343_/Q -> BUFX2_insert10319/A
   1559.1 ps  \datapath.programcounter.pc_2_hier0_bF$buf55 :  BUFX2_insert10319/Y ->  BUFX2_insert2876/A
   2019.3 ps        \datapath.programcounter.pc_2_bF$buf44 :   BUFX2_insert2876/Y ->           _89739_/A
   2408.2 ps                                        _25480_:            _89739_/Y -> BUFX2_insert10630/A
   2685.4 ps                         _25480__hier0_bF$buf64:  BUFX2_insert10630/Y ->  BUFX2_insert7380/A
   3042.7 ps                              _25480__bF$buf583:   BUFX2_insert7380/Y ->          _104074_/B
   3236.3 ps                                        _39815_:           _104074_/Y ->          _104745_/B
   3449.9 ps                                        _40486_:           _104745_/Y ->          _104746_/C
   3545.5 ps                                        _40487_:           _104746_/Y ->          _104747_/B
   3674.5 ps                                        _40488_:           _104747_/Y ->          _104748_/C
   3785.9 ps                                        _40489_:           _104748_/Y ->          _104749_/B
   3917.0 ps                                        _40490_:           _104749_/Y ->          _104783_/C
   4028.7 ps                                        _40524_:           _104783_/Y ->          _104784_/B
   4159.1 ps                                        _40525_:           _104784_/Y ->          _104785_/B
   4289.4 ps                                        _40526_:           _104785_/Y ->          _104786_/B
   4388.6 ps                                        _40527_:           _104786_/Y ->          _106430_/A
   4538.6 ps                                        _42171_:           _106430_/Y ->          _106431_/A
   4668.5 ps                                        _42172_:           _106431_/Y ->          _106432_/B
   4833.6 ps                                        _42173_:           _106432_/Y ->          _106861_/C
   4957.5 ps          \datapath.branchpredictor.prediction :           _106861_/Y ->           _72543_/A
   5090.4 ps                                         _1682_:            _72543_/Y ->           _72548_/B
   5318.7 ps                               \datapath._066_ :            _72548_/Y ->          _151078_/A
   5499.4 ps                                        _64732_:           _151078_/Y ->          _151081_/A
   5714.6 ps                                        _64735_:           _151081_/Y ->  BUFX2_insert1542/A
   6023.0 ps                                _64735__bF$buf3:   BUFX2_insert1542/Y ->          _151337_/B
   6156.0 ps                                        _64931_:           _151337_/Y ->          _151338_/C
   6247.6 ps                                        _64932_:           _151338_/Y ->          _151339_/A
   6315.4 ps                                        _64933_:           _151339_/Y ->          _151340_/A
   6419.3 ps           \datapath.programcounter.pc_mux [31]:           _151340_/Y ->          _151072_/B
   6508.0 ps                                        _64727_:           _151072_/Y ->          _151073_/C
   6585.0 ps              \datapath.programcounter._1_ [31]:           _151073_/Y ->          _151372_/D

   clock skew at destination = 28.4307
   setup at destination = 317.617

Path _151343_/CLK to _151369_/D delay 6919.72 ps
      0.0 ps                                   CLK_bF$buf48: CLKBUF1_insert6800/Y ->          _151343_/CLK
   1074.9 ps                \datapath.programcounter.pc [2]:           _151343_/Q -> BUFX2_insert10319/A
   1559.1 ps  \datapath.programcounter.pc_2_hier0_bF$buf55 :  BUFX2_insert10319/Y ->  BUFX2_insert2876/A
   2019.3 ps        \datapath.programcounter.pc_2_bF$buf44 :   BUFX2_insert2876/Y ->           _89739_/A
   2408.2 ps                                        _25480_:            _89739_/Y -> BUFX2_insert10630/A
   2685.4 ps                         _25480__hier0_bF$buf64:  BUFX2_insert10630/Y ->  BUFX2_insert7380/A
   3042.7 ps                              _25480__bF$buf583:   BUFX2_insert7380/Y ->          _104074_/B
   3236.3 ps                                        _39815_:           _104074_/Y ->          _104745_/B
   3449.9 ps                                        _40486_:           _104745_/Y ->          _104746_/C
   3545.5 ps                                        _40487_:           _104746_/Y ->          _104747_/B
   3674.5 ps                                        _40488_:           _104747_/Y ->          _104748_/C
   3785.9 ps                                        _40489_:           _104748_/Y ->          _104749_/B
   3917.0 ps                                        _40490_:           _104749_/Y ->          _104783_/C
   4028.7 ps                                        _40524_:           _104783_/Y ->          _104784_/B
   4159.1 ps                                        _40525_:           _104784_/Y ->          _104785_/B
   4289.4 ps                                        _40526_:           _104785_/Y ->          _104786_/B
   4388.6 ps                                        _40527_:           _104786_/Y ->          _106430_/A
   4538.6 ps                                        _42171_:           _106430_/Y ->          _106431_/A
   4668.5 ps                                        _42172_:           _106431_/Y ->          _106432_/B
   4833.6 ps                                        _42173_:           _106432_/Y ->          _106861_/C
   4957.5 ps          \datapath.branchpredictor.prediction :           _106861_/Y ->           _72543_/A
   5090.4 ps                                         _1682_:            _72543_/Y ->           _72548_/B
   5318.7 ps                               \datapath._066_ :            _72548_/Y ->          _151078_/A
   5499.4 ps                                        _64732_:           _151078_/Y ->          _151081_/A
   5714.6 ps                                        _64735_:           _151081_/Y ->  BUFX2_insert1544/A
   6015.1 ps                                _64735__bF$buf1:   BUFX2_insert1544/Y ->          _151308_/B
   6145.4 ps                                        _64908_:           _151308_/Y ->          _151310_/C
   6236.4 ps                                        _64910_:           _151310_/Y ->          _151311_/A
   6304.1 ps                                        _64911_:           _151311_/Y ->          _151312_/A
   6408.0 ps           \datapath.programcounter.pc_mux [28]:           _151312_/Y ->          _151063_/B
   6496.7 ps                                        _64721_:           _151063_/Y ->          _151064_/C
   6573.7 ps              \datapath.programcounter._1_ [28]:           _151064_/Y ->          _151369_/D

   clock skew at destination = 28.4307
   setup at destination = 317.616

Path _151343_/CLK to _151363_/D delay 6874.66 ps
      0.0 ps                                   CLK_bF$buf48: CLKBUF1_insert6800/Y ->          _151343_/CLK
   1074.9 ps                \datapath.programcounter.pc [2]:           _151343_/Q -> BUFX2_insert10319/A
   1559.1 ps  \datapath.programcounter.pc_2_hier0_bF$buf55 :  BUFX2_insert10319/Y ->  BUFX2_insert2876/A
   2019.3 ps        \datapath.programcounter.pc_2_bF$buf44 :   BUFX2_insert2876/Y ->           _89739_/A
   2408.2 ps                                        _25480_:            _89739_/Y -> BUFX2_insert10630/A
   2685.4 ps                         _25480__hier0_bF$buf64:  BUFX2_insert10630/Y ->  BUFX2_insert7380/A
   3042.7 ps                              _25480__bF$buf583:   BUFX2_insert7380/Y ->          _104074_/B
   3236.3 ps                                        _39815_:           _104074_/Y ->          _104745_/B
   3449.9 ps                                        _40486_:           _104745_/Y ->          _104746_/C
   3545.5 ps                                        _40487_:           _104746_/Y ->          _104747_/B
   3674.5 ps                                        _40488_:           _104747_/Y ->          _104748_/C
   3785.9 ps                                        _40489_:           _104748_/Y ->          _104749_/B
   3917.0 ps                                        _40490_:           _104749_/Y ->          _104783_/C
   4028.7 ps                                        _40524_:           _104783_/Y ->          _104784_/B
   4159.1 ps                                        _40525_:           _104784_/Y ->          _104785_/B
   4289.4 ps                                        _40526_:           _104785_/Y ->          _104786_/B
   4388.6 ps                                        _40527_:           _104786_/Y ->          _106430_/A
   4538.6 ps                                        _42171_:           _106430_/Y ->          _106431_/A
   4668.5 ps                                        _42172_:           _106431_/Y ->          _106432_/B
   4833.6 ps                                        _42173_:           _106432_/Y ->          _106861_/C
   4957.5 ps          \datapath.branchpredictor.prediction :           _106861_/Y ->           _72543_/A
   5090.4 ps                                         _1682_:            _72543_/Y ->           _72548_/B
   5318.7 ps                               \datapath._066_ :            _72548_/Y ->          _151078_/A
   5499.4 ps                                        _64732_:           _151078_/Y ->          _151081_/A
   5714.6 ps                                        _64735_:           _151081_/Y ->  BUFX2_insert1543/A
   5998.1 ps                                _64735__bF$buf2:   BUFX2_insert1543/Y ->          _151254_/B
   6112.3 ps                                        _64866_:           _151254_/Y ->          _151256_/A
   6238.5 ps                                        _64868_:           _151256_/Y ->          _151257_/B
   6359.9 ps           \datapath.programcounter.pc_mux [22]:           _151257_/Y ->          _151045_/B
   6450.9 ps                                        _64709_:           _151045_/Y ->          _151046_/C
   6528.4 ps              \datapath.programcounter._1_ [22]:           _151046_/Y ->          _151363_/D

   clock skew at destination = 28.4307
   setup at destination = 317.826

Path _151343_/CLK to _151342_/D delay 6844.27 ps
      0.0 ps                                   CLK_bF$buf48: CLKBUF1_insert6800/Y ->          _151343_/CLK
   1074.9 ps                \datapath.programcounter.pc [2]:           _151343_/Q -> BUFX2_insert10319/A
   1559.1 ps  \datapath.programcounter.pc_2_hier0_bF$buf55 :  BUFX2_insert10319/Y ->  BUFX2_insert2876/A
   2019.3 ps        \datapath.programcounter.pc_2_bF$buf44 :   BUFX2_insert2876/Y ->           _89739_/A
   2408.2 ps                                        _25480_:            _89739_/Y -> BUFX2_insert10630/A
   2685.4 ps                         _25480__hier0_bF$buf64:  BUFX2_insert10630/Y ->  BUFX2_insert7380/A
   3042.7 ps                              _25480__bF$buf583:   BUFX2_insert7380/Y ->          _104074_/B
   3236.3 ps                                        _39815_:           _104074_/Y ->          _104745_/B
   3449.9 ps                                        _40486_:           _104745_/Y ->          _104746_/C
   3545.5 ps                                        _40487_:           _104746_/Y ->          _104747_/B
   3674.5 ps                                        _40488_:           _104747_/Y ->          _104748_/C
   3785.9 ps                                        _40489_:           _104748_/Y ->          _104749_/B
   3917.0 ps                                        _40490_:           _104749_/Y ->          _104783_/C
   4028.7 ps                                        _40524_:           _104783_/Y ->          _104784_/B
   4159.1 ps                                        _40525_:           _104784_/Y ->          _104785_/B
   4289.4 ps                                        _40526_:           _104785_/Y ->          _104786_/B
   4388.6 ps                                        _40527_:           _104786_/Y ->          _106430_/A
   4538.6 ps                                        _42171_:           _106430_/Y ->          _106431_/A
   4668.5 ps                                        _42172_:           _106431_/Y ->          _106432_/B
   4833.6 ps                                        _42173_:           _106432_/Y ->          _106861_/C
   4957.5 ps          \datapath.branchpredictor.prediction :           _106861_/Y ->           _72543_/A
   5090.4 ps                                         _1682_:            _72543_/Y ->           _72548_/B
   5318.7 ps                               \datapath._066_ :            _72548_/Y ->          _151078_/A
   5499.4 ps                                        _64732_:           _151078_/Y ->          _151081_/A
   5714.6 ps                                        _64735_:           _151081_/Y ->  BUFX2_insert1542/A
   6023.0 ps                                _64735__bF$buf3:   BUFX2_insert1542/Y ->          _151086_/B
   6155.2 ps                                        _64739_:           _151086_/Y ->          _151087_/B
   6274.8 ps            \datapath.programcounter.pc_mux [1]:           _151087_/Y ->          _150981_/A
   6368.9 ps                                        _64667_:           _150981_/Y ->          _150983_/B
   6466.8 ps               \datapath.programcounter._1_ [1]:           _150983_/Y ->          _151342_/D

   clock skew at destination = 54.2052
   setup at destination = 323.272

Path _151343_/CLK to _151352_/D delay 6838.97 ps
      0.0 ps                                   CLK_bF$buf48: CLKBUF1_insert6800/Y ->          _151343_/CLK
   1074.9 ps                \datapath.programcounter.pc [2]:           _151343_/Q -> BUFX2_insert10319/A
   1559.1 ps  \datapath.programcounter.pc_2_hier0_bF$buf55 :  BUFX2_insert10319/Y ->  BUFX2_insert2876/A
   2019.3 ps        \datapath.programcounter.pc_2_bF$buf44 :   BUFX2_insert2876/Y ->           _89739_/A
   2408.2 ps                                        _25480_:            _89739_/Y -> BUFX2_insert10630/A
   2685.4 ps                         _25480__hier0_bF$buf64:  BUFX2_insert10630/Y ->  BUFX2_insert7380/A
   3042.7 ps                              _25480__bF$buf583:   BUFX2_insert7380/Y ->          _104074_/B
   3236.3 ps                                        _39815_:           _104074_/Y ->          _104745_/B
   3449.9 ps                                        _40486_:           _104745_/Y ->          _104746_/C
   3545.5 ps                                        _40487_:           _104746_/Y ->          _104747_/B
   3674.5 ps                                        _40488_:           _104747_/Y ->          _104748_/C
   3785.9 ps                                        _40489_:           _104748_/Y ->          _104749_/B
   3917.0 ps                                        _40490_:           _104749_/Y ->          _104783_/C
   4028.7 ps                                        _40524_:           _104783_/Y ->          _104784_/B
   4159.1 ps                                        _40525_:           _104784_/Y ->          _104785_/B
   4289.4 ps                                        _40526_:           _104785_/Y ->          _104786_/B
   4388.6 ps                                        _40527_:           _104786_/Y ->          _106430_/A
   4538.6 ps                                        _42171_:           _106430_/Y ->          _106431_/A
   4668.5 ps                                        _42172_:           _106431_/Y ->          _106432_/B
   4833.6 ps                                        _42173_:           _106432_/Y ->          _106861_/C
   4957.5 ps          \datapath.branchpredictor.prediction :           _106861_/Y ->           _72543_/A
   5090.4 ps                                         _1682_:            _72543_/Y ->           _72548_/B
   5318.7 ps                               \datapath._066_ :            _72548_/Y ->          _151078_/A
   5499.4 ps                                        _64732_:           _151078_/Y ->          _151081_/A
   5714.6 ps                                        _64735_:           _151081_/Y ->  BUFX2_insert1542/A
   6023.0 ps                                _64735__bF$buf3:   BUFX2_insert1542/Y ->          _151154_/D
   6153.2 ps                                        _64788_:           _151154_/Y ->          _151155_/B
   6296.5 ps           \datapath.programcounter.pc_mux [11]:           _151155_/Y ->          _151012_/B
   6389.0 ps                                        _64687_:           _151012_/Y ->          _151013_/C
   6466.8 ps              \datapath.programcounter._1_ [11]:           _151013_/Y ->          _151352_/D

   clock skew at destination = 54.2052
   setup at destination = 317.969

Path _151343_/CLK to _151347_/D delay 6838.97 ps
      0.0 ps                                   CLK_bF$buf48: CLKBUF1_insert6800/Y ->          _151343_/CLK
   1074.9 ps                \datapath.programcounter.pc [2]:           _151343_/Q -> BUFX2_insert10319/A
   1559.1 ps  \datapath.programcounter.pc_2_hier0_bF$buf55 :  BUFX2_insert10319/Y ->  BUFX2_insert2876/A
   2019.3 ps        \datapath.programcounter.pc_2_bF$buf44 :   BUFX2_insert2876/Y ->           _89739_/A
   2408.2 ps                                        _25480_:            _89739_/Y -> BUFX2_insert10630/A
   2685.4 ps                         _25480__hier0_bF$buf64:  BUFX2_insert10630/Y ->  BUFX2_insert7380/A
   3042.7 ps                              _25480__bF$buf583:   BUFX2_insert7380/Y ->          _104074_/B
   3236.3 ps                                        _39815_:           _104074_/Y ->          _104745_/B
   3449.9 ps                                        _40486_:           _104745_/Y ->          _104746_/C
   3545.5 ps                                        _40487_:           _104746_/Y ->          _104747_/B
   3674.5 ps                                        _40488_:           _104747_/Y ->          _104748_/C
   3785.9 ps                                        _40489_:           _104748_/Y ->          _104749_/B
   3917.0 ps                                        _40490_:           _104749_/Y ->          _104783_/C
   4028.7 ps                                        _40524_:           _104783_/Y ->          _104784_/B
   4159.1 ps                                        _40525_:           _104784_/Y ->          _104785_/B
   4289.4 ps                                        _40526_:           _104785_/Y ->          _104786_/B
   4388.6 ps                                        _40527_:           _104786_/Y ->          _106430_/A
   4538.6 ps                                        _42171_:           _106430_/Y ->          _106431_/A
   4668.5 ps                                        _42172_:           _106431_/Y ->          _106432_/B
   4833.6 ps                                        _42173_:           _106432_/Y ->          _106861_/C
   4957.5 ps          \datapath.branchpredictor.prediction :           _106861_/Y ->           _72543_/A
   5090.4 ps                                         _1682_:            _72543_/Y ->           _72548_/B
   5318.7 ps                               \datapath._066_ :            _72548_/Y ->          _151078_/A
   5499.4 ps                                        _64732_:           _151078_/Y ->          _151081_/A
   5714.6 ps                                        _64735_:           _151081_/Y ->  BUFX2_insert1542/A
   6023.0 ps                                _64735__bF$buf3:   BUFX2_insert1542/Y ->          _151118_/D
   6153.2 ps                                        _64762_:           _151118_/Y ->          _151119_/B
   6296.5 ps            \datapath.programcounter.pc_mux [6]:           _151119_/Y ->          _150997_/B
   6389.0 ps                                        _64677_:           _150997_/Y ->          _150998_/C
   6466.8 ps               \datapath.programcounter._1_ [6]:           _150998_/Y ->          _151347_/D

   clock skew at destination = 54.2052
   setup at destination = 317.969

Path _151343_/CLK to _151341_/D delay 6832.06 ps
      0.0 ps                                   CLK_bF$buf48: CLKBUF1_insert6800/Y ->          _151343_/CLK
   1074.9 ps                \datapath.programcounter.pc [2]:           _151343_/Q -> BUFX2_insert10319/A
   1559.1 ps  \datapath.programcounter.pc_2_hier0_bF$buf55 :  BUFX2_insert10319/Y ->  BUFX2_insert2876/A
   2019.3 ps        \datapath.programcounter.pc_2_bF$buf44 :   BUFX2_insert2876/Y ->           _89739_/A
   2408.2 ps                                        _25480_:            _89739_/Y -> BUFX2_insert10630/A
   2685.4 ps                         _25480__hier0_bF$buf64:  BUFX2_insert10630/Y ->  BUFX2_insert7380/A
   3042.7 ps                              _25480__bF$buf583:   BUFX2_insert7380/Y ->          _104074_/B
   3236.3 ps                                        _39815_:           _104074_/Y ->          _104745_/B
   3449.9 ps                                        _40486_:           _104745_/Y ->          _104746_/C
   3545.5 ps                                        _40487_:           _104746_/Y ->          _104747_/B
   3674.5 ps                                        _40488_:           _104747_/Y ->          _104748_/C
   3785.9 ps                                        _40489_:           _104748_/Y ->          _104749_/B
   3917.0 ps                                        _40490_:           _104749_/Y ->          _104783_/C
   4028.7 ps                                        _40524_:           _104783_/Y ->          _104784_/B
   4159.1 ps                                        _40525_:           _104784_/Y ->          _104785_/B
   4289.4 ps                                        _40526_:           _104785_/Y ->          _104786_/B
   4388.6 ps                                        _40527_:           _104786_/Y ->          _106430_/A
   4538.6 ps                                        _42171_:           _106430_/Y ->          _106431_/A
   4668.5 ps                                        _42172_:           _106431_/Y ->          _106432_/B
   4833.6 ps                                        _42173_:           _106432_/Y ->          _106861_/C
   4957.5 ps          \datapath.branchpredictor.prediction :           _106861_/Y ->           _72543_/A
   5090.4 ps                                         _1682_:            _72543_/Y ->           _72548_/B
   5318.7 ps                               \datapath._066_ :            _72548_/Y ->          _151078_/A
   5499.4 ps                                        _64732_:           _151078_/Y ->          _151081_/A
   5714.6 ps                                        _64735_:           _151081_/Y ->  BUFX2_insert1541/A
   6014.5 ps                                _64735__bF$buf4:   BUFX2_insert1541/Y ->          _151082_/B
   6143.8 ps                                        _64736_:           _151082_/Y ->          _151083_/B
   6262.7 ps            \datapath.programcounter.pc_mux [0]:           _151083_/Y ->          _150978_/A
   6356.7 ps                                        _64665_:           _150978_/Y ->          _150980_/B
   6454.6 ps               \datapath.programcounter._1_ [0]:           _150980_/Y ->          _151341_/D

   clock skew at destination = 54.2052
   setup at destination = 323.268

Path _151343_/CLK to _151344_/D delay 6828.21 ps
      0.0 ps                                   CLK_bF$buf48: CLKBUF1_insert6800/Y ->          _151343_/CLK
   1074.9 ps                \datapath.programcounter.pc [2]:           _151343_/Q -> BUFX2_insert10319/A
   1559.1 ps  \datapath.programcounter.pc_2_hier0_bF$buf55 :  BUFX2_insert10319/Y ->  BUFX2_insert2876/A
   2019.3 ps        \datapath.programcounter.pc_2_bF$buf44 :   BUFX2_insert2876/Y ->           _89739_/A
   2408.2 ps                                        _25480_:            _89739_/Y -> BUFX2_insert10630/A
   2685.4 ps                         _25480__hier0_bF$buf64:  BUFX2_insert10630/Y ->  BUFX2_insert7380/A
   3042.7 ps                              _25480__bF$buf583:   BUFX2_insert7380/Y ->          _104074_/B
   3236.3 ps                                        _39815_:           _104074_/Y ->          _104745_/B
   3449.9 ps                                        _40486_:           _104745_/Y ->          _104746_/C
   3545.5 ps                                        _40487_:           _104746_/Y ->          _104747_/B
   3674.5 ps                                        _40488_:           _104747_/Y ->          _104748_/C
   3785.9 ps                                        _40489_:           _104748_/Y ->          _104749_/B
   3917.0 ps                                        _40490_:           _104749_/Y ->          _104783_/C
   4028.7 ps                                        _40524_:           _104783_/Y ->          _104784_/B
   4159.1 ps                                        _40525_:           _104784_/Y ->          _104785_/B
   4289.4 ps                                        _40526_:           _104785_/Y ->          _104786_/B
   4388.6 ps                                        _40527_:           _104786_/Y ->          _106430_/A
   4538.6 ps                                        _42171_:           _106430_/Y ->          _106431_/A
   4668.5 ps                                        _42172_:           _106431_/Y ->          _106432_/B
   4833.6 ps                                        _42173_:           _106432_/Y ->          _106861_/C
   4957.5 ps          \datapath.branchpredictor.prediction :           _106861_/Y ->           _72543_/A
   5090.4 ps                                         _1682_:            _72543_/Y ->           _72548_/B
   5318.7 ps                               \datapath._066_ :            _72548_/Y ->          _151078_/A
   5499.4 ps                                        _64732_:           _151078_/Y ->          _151081_/A
   5714.6 ps                                        _64735_:           _151081_/Y ->  BUFX2_insert1544/A
   6015.1 ps                                _64735__bF$buf1:   BUFX2_insert1544/Y ->          _151097_/D
   6143.1 ps                                        _64747_:           _151097_/Y ->          _151098_/B
   6285.8 ps            \datapath.programcounter.pc_mux [3]:           _151098_/Y ->          _150988_/B
   6378.3 ps                                        _64671_:           _150988_/Y ->          _150989_/C
   6456.0 ps               \datapath.programcounter._1_ [3]:           _150989_/Y ->          _151344_/D

   clock skew at destination = 54.2052
   setup at destination = 317.965

Path _151343_/CLK to _151354_/D delay 6828.21 ps
      0.0 ps                                   CLK_bF$buf48: CLKBUF1_insert6800/Y ->          _151343_/CLK
   1074.9 ps                \datapath.programcounter.pc [2]:           _151343_/Q -> BUFX2_insert10319/A
   1559.1 ps  \datapath.programcounter.pc_2_hier0_bF$buf55 :  BUFX2_insert10319/Y ->  BUFX2_insert2876/A
   2019.3 ps        \datapath.programcounter.pc_2_bF$buf44 :   BUFX2_insert2876/Y ->           _89739_/A
   2408.2 ps                                        _25480_:            _89739_/Y -> BUFX2_insert10630/A
   2685.4 ps                         _25480__hier0_bF$buf64:  BUFX2_insert10630/Y ->  BUFX2_insert7380/A
   3042.7 ps                              _25480__bF$buf583:   BUFX2_insert7380/Y ->          _104074_/B
   3236.3 ps                                        _39815_:           _104074_/Y ->          _104745_/B
   3449.9 ps                                        _40486_:           _104745_/Y ->          _104746_/C
   3545.5 ps                                        _40487_:           _104746_/Y ->          _104747_/B
   3674.5 ps                                        _40488_:           _104747_/Y ->          _104748_/C
   3785.9 ps                                        _40489_:           _104748_/Y ->          _104749_/B
   3917.0 ps                                        _40490_:           _104749_/Y ->          _104783_/C
   4028.7 ps                                        _40524_:           _104783_/Y ->          _104784_/B
   4159.1 ps                                        _40525_:           _104784_/Y ->          _104785_/B
   4289.4 ps                                        _40526_:           _104785_/Y ->          _104786_/B
   4388.6 ps                                        _40527_:           _104786_/Y ->          _106430_/A
   4538.6 ps                                        _42171_:           _106430_/Y ->          _106431_/A
   4668.5 ps                                        _42172_:           _106431_/Y ->          _106432_/B
   4833.6 ps                                        _42173_:           _106432_/Y ->          _106861_/C
   4957.5 ps          \datapath.branchpredictor.prediction :           _106861_/Y ->           _72543_/A
   5090.4 ps                                         _1682_:            _72543_/Y ->           _72548_/B
   5318.7 ps                               \datapath._066_ :            _72548_/Y ->          _151078_/A
   5499.4 ps                                        _64732_:           _151078_/Y ->          _151081_/A
   5714.6 ps                                        _64735_:           _151081_/Y ->  BUFX2_insert1544/A
   6015.1 ps                                _64735__bF$buf1:   BUFX2_insert1544/Y ->          _151173_/D
   6143.1 ps                                        _64803_:           _151173_/Y ->          _151174_/B
   6285.8 ps           \datapath.programcounter.pc_mux [13]:           _151174_/Y ->          _151018_/B
   6378.3 ps                                        _64691_:           _151018_/Y ->          _151019_/C
   6456.0 ps              \datapath.programcounter._1_ [13]:           _151019_/Y ->          _151354_/D

   clock skew at destination = 54.2052
   setup at destination = 317.965

Path _151343_/CLK to _151371_/D delay 6827.34 ps
      0.0 ps                                   CLK_bF$buf48: CLKBUF1_insert6800/Y ->          _151343_/CLK
   1074.9 ps                \datapath.programcounter.pc [2]:           _151343_/Q -> BUFX2_insert10319/A
   1559.1 ps  \datapath.programcounter.pc_2_hier0_bF$buf55 :  BUFX2_insert10319/Y ->  BUFX2_insert2876/A
   2019.3 ps        \datapath.programcounter.pc_2_bF$buf44 :   BUFX2_insert2876/Y ->           _89739_/A
   2408.2 ps                                        _25480_:            _89739_/Y -> BUFX2_insert10630/A
   2685.4 ps                         _25480__hier0_bF$buf64:  BUFX2_insert10630/Y ->  BUFX2_insert7380/A
   3042.7 ps                              _25480__bF$buf583:   BUFX2_insert7380/Y ->          _104074_/B
   3236.3 ps                                        _39815_:           _104074_/Y ->          _104745_/B
   3449.9 ps                                        _40486_:           _104745_/Y ->          _104746_/C
   3545.5 ps                                        _40487_:           _104746_/Y ->          _104747_/B
   3674.5 ps                                        _40488_:           _104747_/Y ->          _104748_/C
   3785.9 ps                                        _40489_:           _104748_/Y ->          _104749_/B
   3917.0 ps                                        _40490_:           _104749_/Y ->          _104783_/C
   4028.7 ps                                        _40524_:           _104783_/Y ->          _104784_/B
   4159.1 ps                                        _40525_:           _104784_/Y ->          _104785_/B
   4289.4 ps                                        _40526_:           _104785_/Y ->          _104786_/B
   4388.6 ps                                        _40527_:           _104786_/Y ->          _106430_/A
   4538.6 ps                                        _42171_:           _106430_/Y ->          _106431_/A
   4668.5 ps                                        _42172_:           _106431_/Y ->          _106432_/B
   4833.6 ps                                        _42173_:           _106432_/Y ->          _106861_/C
   4957.5 ps          \datapath.branchpredictor.prediction :           _106861_/Y ->           _72543_/A
   5090.4 ps                                         _1682_:            _72543_/Y ->           _72548_/B
   5318.7 ps                               \datapath._066_ :            _72548_/Y ->          _151078_/A
   5499.4 ps                                        _64732_:           _151078_/Y ->          _151081_/A
   5714.6 ps                                        _64735_:           _151081_/Y ->  BUFX2_insert1541/A
   6014.5 ps                                _64735__bF$buf4:   BUFX2_insert1541/Y ->          _151327_/B
   6143.9 ps                                        _64923_:           _151327_/Y ->          _151329_/A
   6302.6 ps           \datapath.programcounter.pc_mux [30]:           _151329_/Y ->          _151069_/B
   6401.5 ps                                        _64725_:           _151069_/Y ->          _151070_/C
   6480.4 ps              \datapath.programcounter._1_ [30]:           _151070_/Y ->          _151371_/D

   clock skew at destination = 28.4307
   setup at destination = 318.514

Path _151343_/CLK to _151356_/D delay 6827.34 ps
      0.0 ps                                   CLK_bF$buf48: CLKBUF1_insert6800/Y ->          _151343_/CLK
   1074.9 ps                \datapath.programcounter.pc [2]:           _151343_/Q -> BUFX2_insert10319/A
   1559.1 ps  \datapath.programcounter.pc_2_hier0_bF$buf55 :  BUFX2_insert10319/Y ->  BUFX2_insert2876/A
   2019.3 ps        \datapath.programcounter.pc_2_bF$buf44 :   BUFX2_insert2876/Y ->           _89739_/A
   2408.2 ps                                        _25480_:            _89739_/Y -> BUFX2_insert10630/A
   2685.4 ps                         _25480__hier0_bF$buf64:  BUFX2_insert10630/Y ->  BUFX2_insert7380/A
   3042.7 ps                              _25480__bF$buf583:   BUFX2_insert7380/Y ->          _104074_/B
   3236.3 ps                                        _39815_:           _104074_/Y ->          _104745_/B
   3449.9 ps                                        _40486_:           _104745_/Y ->          _104746_/C
   3545.5 ps                                        _40487_:           _104746_/Y ->          _104747_/B
   3674.5 ps                                        _40488_:           _104747_/Y ->          _104748_/C
   3785.9 ps                                        _40489_:           _104748_/Y ->          _104749_/B
   3917.0 ps                                        _40490_:           _104749_/Y ->          _104783_/C
   4028.7 ps                                        _40524_:           _104783_/Y ->          _104784_/B
   4159.1 ps                                        _40525_:           _104784_/Y ->          _104785_/B
   4289.4 ps                                        _40526_:           _104785_/Y ->          _104786_/B
   4388.6 ps                                        _40527_:           _104786_/Y ->          _106430_/A
   4538.6 ps                                        _42171_:           _106430_/Y ->          _106431_/A
   4668.5 ps                                        _42172_:           _106431_/Y ->          _106432_/B
   4833.6 ps                                        _42173_:           _106432_/Y ->          _106861_/C
   4957.5 ps          \datapath.branchpredictor.prediction :           _106861_/Y ->           _72543_/A
   5090.4 ps                                         _1682_:            _72543_/Y ->           _72548_/B
   5318.7 ps                               \datapath._066_ :            _72548_/Y ->          _151078_/A
   5499.4 ps                                        _64732_:           _151078_/Y ->          _151081_/A
   5714.6 ps                                        _64735_:           _151081_/Y ->  BUFX2_insert1541/A
   6014.5 ps                                _64735__bF$buf4:   BUFX2_insert1541/Y ->          _151190_/B
   6143.9 ps                                        _64816_:           _151190_/Y ->          _151192_/A
   6302.6 ps           \datapath.programcounter.pc_mux [15]:           _151192_/Y ->          _151024_/B
   6401.5 ps                                        _64695_:           _151024_/Y ->          _151025_/C
   6480.4 ps              \datapath.programcounter._1_ [15]:           _151025_/Y ->          _151356_/D

   clock skew at destination = 28.4307
   setup at destination = 318.514

Path _151343_/CLK to _151346_/D delay 6827.32 ps
      0.0 ps                                   CLK_bF$buf48: CLKBUF1_insert6800/Y ->          _151343_/CLK
   1074.9 ps                \datapath.programcounter.pc [2]:           _151343_/Q -> BUFX2_insert10319/A
   1559.1 ps  \datapath.programcounter.pc_2_hier0_bF$buf55 :  BUFX2_insert10319/Y ->  BUFX2_insert2876/A
   2019.3 ps        \datapath.programcounter.pc_2_bF$buf44 :   BUFX2_insert2876/Y ->           _89739_/A
   2408.2 ps                                        _25480_:            _89739_/Y -> BUFX2_insert10630/A
   2685.4 ps                         _25480__hier0_bF$buf64:  BUFX2_insert10630/Y ->  BUFX2_insert7380/A
   3042.7 ps                              _25480__bF$buf583:   BUFX2_insert7380/Y ->          _104074_/B
   3236.3 ps                                        _39815_:           _104074_/Y ->          _104745_/B
   3449.9 ps                                        _40486_:           _104745_/Y ->          _104746_/C
   3545.5 ps                                        _40487_:           _104746_/Y ->          _104747_/B
   3674.5 ps                                        _40488_:           _104747_/Y ->          _104748_/C
   3785.9 ps                                        _40489_:           _104748_/Y ->          _104749_/B
   3917.0 ps                                        _40490_:           _104749_/Y ->          _104783_/C
   4028.7 ps                                        _40524_:           _104783_/Y ->          _104784_/B
   4159.1 ps                                        _40525_:           _104784_/Y ->          _104785_/B
   4289.4 ps                                        _40526_:           _104785_/Y ->          _104786_/B
   4388.6 ps                                        _40527_:           _104786_/Y ->          _106430_/A
   4538.6 ps                                        _42171_:           _106430_/Y ->          _106431_/A
   4668.5 ps                                        _42172_:           _106431_/Y ->          _106432_/B
   4833.6 ps                                        _42173_:           _106432_/Y ->          _106861_/C
   4957.5 ps          \datapath.branchpredictor.prediction :           _106861_/Y ->           _72543_/A
   5090.4 ps                                         _1682_:            _72543_/Y ->           _72548_/B
   5318.7 ps                               \datapath._066_ :            _72548_/Y ->          _151078_/A
   5499.4 ps                                        _64732_:           _151078_/Y ->          _151081_/A
   5714.6 ps                                        _64735_:           _151081_/Y ->  BUFX2_insert1541/A
   6014.5 ps                                _64735__bF$buf4:   BUFX2_insert1541/Y ->          _151110_/D
   6142.3 ps                                        _64756_:           _151110_/Y ->          _151111_/B
   6284.9 ps            \datapath.programcounter.pc_mux [5]:           _151111_/Y ->          _150994_/B
   6377.4 ps                                        _64675_:           _150994_/Y ->          _150995_/C
   6455.1 ps               \datapath.programcounter._1_ [5]:           _150995_/Y ->          _151346_/D

   clock skew at destination = 54.2052
   setup at destination = 317.965

Path _151343_/CLK to _151349_/D delay 6824.34 ps
      0.0 ps                                   CLK_bF$buf48: CLKBUF1_insert6800/Y ->          _151343_/CLK
   1074.9 ps                \datapath.programcounter.pc [2]:           _151343_/Q -> BUFX2_insert10319/A
   1559.1 ps  \datapath.programcounter.pc_2_hier0_bF$buf55 :  BUFX2_insert10319/Y ->  BUFX2_insert2876/A
   2019.3 ps        \datapath.programcounter.pc_2_bF$buf44 :   BUFX2_insert2876/Y ->           _89739_/A
   2408.2 ps                                        _25480_:            _89739_/Y -> BUFX2_insert10630/A
   2685.4 ps                         _25480__hier0_bF$buf64:  BUFX2_insert10630/Y ->  BUFX2_insert7380/A
   3042.7 ps                              _25480__bF$buf583:   BUFX2_insert7380/Y ->          _104074_/B
   3236.3 ps                                        _39815_:           _104074_/Y ->          _104745_/B
   3449.9 ps                                        _40486_:           _104745_/Y ->          _104746_/C
   3545.5 ps                                        _40487_:           _104746_/Y ->          _104747_/B
   3674.5 ps                                        _40488_:           _104747_/Y ->          _104748_/C
   3785.9 ps                                        _40489_:           _104748_/Y ->          _104749_/B
   3917.0 ps                                        _40490_:           _104749_/Y ->          _104783_/C
   4028.7 ps                                        _40524_:           _104783_/Y ->          _104784_/B
   4159.1 ps                                        _40525_:           _104784_/Y ->          _104785_/B
   4289.4 ps                                        _40526_:           _104785_/Y ->          _104786_/B
   4388.6 ps                                        _40527_:           _104786_/Y ->          _106430_/A
   4538.6 ps                                        _42171_:           _106430_/Y ->          _106431_/A
   4668.5 ps                                        _42172_:           _106431_/Y ->          _106432_/B
   4833.6 ps                                        _42173_:           _106432_/Y ->          _106861_/C
   4957.5 ps          \datapath.branchpredictor.prediction :           _106861_/Y ->           _72543_/A
   5090.4 ps                                         _1682_:            _72543_/Y ->           _72548_/B
   5318.7 ps                               \datapath._066_ :            _72548_/Y ->          _151078_/A
   5499.4 ps                                        _64732_:           _151078_/Y ->          _151081_/A
   5714.6 ps                                        _64735_:           _151081_/Y ->  BUFX2_insert1544/A
   6015.1 ps                                _64735__bF$buf1:   BUFX2_insert1544/Y ->          _151131_/B
   6144.7 ps                                        _64771_:           _151131_/Y ->          _151133_/B
   6282.4 ps            \datapath.programcounter.pc_mux [8]:           _151133_/Y ->          _151003_/B
   6374.5 ps                                        _64681_:           _151003_/Y ->          _151004_/C
   6452.2 ps               \datapath.programcounter._1_ [8]:           _151004_/Y ->          _151349_/D

   clock skew at destination = 54.2052
   setup at destination = 317.935

Path _151343_/CLK to _151351_/D delay 6823.4 ps
      0.0 ps                                   CLK_bF$buf48: CLKBUF1_insert6800/Y ->          _151343_/CLK
   1074.9 ps                \datapath.programcounter.pc [2]:           _151343_/Q -> BUFX2_insert10319/A
   1559.1 ps  \datapath.programcounter.pc_2_hier0_bF$buf55 :  BUFX2_insert10319/Y ->  BUFX2_insert2876/A
   2019.3 ps        \datapath.programcounter.pc_2_bF$buf44 :   BUFX2_insert2876/Y ->           _89739_/A
   2408.2 ps                                        _25480_:            _89739_/Y -> BUFX2_insert10630/A
   2685.4 ps                         _25480__hier0_bF$buf64:  BUFX2_insert10630/Y ->  BUFX2_insert7380/A
   3042.7 ps                              _25480__bF$buf583:   BUFX2_insert7380/Y ->          _104074_/B
   3236.3 ps                                        _39815_:           _104074_/Y ->          _104745_/B
   3449.9 ps                                        _40486_:           _104745_/Y ->          _104746_/C
   3545.5 ps                                        _40487_:           _104746_/Y ->          _104747_/B
   3674.5 ps                                        _40488_:           _104747_/Y ->          _104748_/C
   3785.9 ps                                        _40489_:           _104748_/Y ->          _104749_/B
   3917.0 ps                                        _40490_:           _104749_/Y ->          _104783_/C
   4028.7 ps                                        _40524_:           _104783_/Y ->          _104784_/B
   4159.1 ps                                        _40525_:           _104784_/Y ->          _104785_/B
   4289.4 ps                                        _40526_:           _104785_/Y ->          _104786_/B
   4388.6 ps                                        _40527_:           _104786_/Y ->          _106430_/A
   4538.6 ps                                        _42171_:           _106430_/Y ->          _106431_/A
   4668.5 ps                                        _42172_:           _106431_/Y ->          _106432_/B
   4833.6 ps                                        _42173_:           _106432_/Y ->          _106861_/C
   4957.5 ps          \datapath.branchpredictor.prediction :           _106861_/Y ->           _72543_/A
   5090.4 ps                                         _1682_:            _72543_/Y ->           _72548_/B
   5318.7 ps                               \datapath._066_ :            _72548_/Y ->          _151078_/A
   5499.4 ps                                        _64732_:           _151078_/Y ->          _151081_/A
   5714.6 ps                                        _64735_:           _151081_/Y ->  BUFX2_insert1541/A
   6014.5 ps                                _64735__bF$buf4:   BUFX2_insert1541/Y ->          _151146_/B
   6143.8 ps                                        _64782_:           _151146_/Y ->          _151148_/B
   6281.4 ps           \datapath.programcounter.pc_mux [10]:           _151148_/Y ->          _151009_/B
   6373.6 ps                                        _64685_:           _151009_/Y ->          _151010_/C
   6451.3 ps              \datapath.programcounter._1_ [10]:           _151010_/Y ->          _151351_/D

   clock skew at destination = 54.2052
   setup at destination = 317.935

Path _151343_/CLK to _151345_/D delay 6816.56 ps
      0.0 ps                                   CLK_bF$buf48: CLKBUF1_insert6800/Y ->          _151343_/CLK
   1074.9 ps                \datapath.programcounter.pc [2]:           _151343_/Q -> BUFX2_insert10319/A
   1559.1 ps  \datapath.programcounter.pc_2_hier0_bF$buf55 :  BUFX2_insert10319/Y ->  BUFX2_insert2876/A
   2019.3 ps        \datapath.programcounter.pc_2_bF$buf44 :   BUFX2_insert2876/Y ->           _89739_/A
   2408.2 ps                                        _25480_:            _89739_/Y -> BUFX2_insert10630/A
   2685.4 ps                         _25480__hier0_bF$buf64:  BUFX2_insert10630/Y ->  BUFX2_insert7380/A
   3042.7 ps                              _25480__bF$buf583:   BUFX2_insert7380/Y ->          _104074_/B
   3236.3 ps                                        _39815_:           _104074_/Y ->          _104745_/B
   3449.9 ps                                        _40486_:           _104745_/Y ->          _104746_/C
   3545.5 ps                                        _40487_:           _104746_/Y ->          _104747_/B
   3674.5 ps                                        _40488_:           _104747_/Y ->          _104748_/C
   3785.9 ps                                        _40489_:           _104748_/Y ->          _104749_/B
   3917.0 ps                                        _40490_:           _104749_/Y ->          _104783_/C
   4028.7 ps                                        _40524_:           _104783_/Y ->          _104784_/B
   4159.1 ps                                        _40525_:           _104784_/Y ->          _104785_/B
   4289.4 ps                                        _40526_:           _104785_/Y ->          _104786_/B
   4388.6 ps                                        _40527_:           _104786_/Y ->          _106430_/A
   4538.6 ps                                        _42171_:           _106430_/Y ->          _106431_/A
   4668.5 ps                                        _42172_:           _106431_/Y ->          _106432_/B
   4833.6 ps                                        _42173_:           _106432_/Y ->          _106861_/C
   4957.5 ps          \datapath.branchpredictor.prediction :           _106861_/Y ->           _72543_/A
   5090.4 ps                                         _1682_:            _72543_/Y ->           _72548_/B
   5318.7 ps                               \datapath._066_ :            _72548_/Y ->          _151078_/A
   5499.4 ps                                        _64732_:           _151078_/Y ->          _151081_/A
   5714.6 ps                                        _64735_:           _151081_/Y ->  BUFX2_insert1545/A
   6006.6 ps                                _64735__bF$buf0:   BUFX2_insert1545/Y ->          _151105_/D
   6132.3 ps                                        _64753_:           _151105_/Y ->          _151106_/B
   6274.2 ps            \datapath.programcounter.pc_mux [4]:           _151106_/Y ->          _150991_/B
   6366.7 ps                                        _64673_:           _150991_/Y ->          _150992_/C
   6444.4 ps               \datapath.programcounter._1_ [4]:           _150992_/Y ->          _151345_/D

   clock skew at destination = 54.2052
   setup at destination = 317.961

Path _151343_/CLK to _151370_/D delay 6816.11 ps
      0.0 ps                                   CLK_bF$buf48: CLKBUF1_insert6800/Y ->          _151343_/CLK
   1074.9 ps                \datapath.programcounter.pc [2]:           _151343_/Q -> BUFX2_insert10319/A
   1559.1 ps  \datapath.programcounter.pc_2_hier0_bF$buf55 :  BUFX2_insert10319/Y ->  BUFX2_insert2876/A
   2019.3 ps        \datapath.programcounter.pc_2_bF$buf44 :   BUFX2_insert2876/Y ->           _89739_/A
   2408.2 ps                                        _25480_:            _89739_/Y -> BUFX2_insert10630/A
   2685.4 ps                         _25480__hier0_bF$buf64:  BUFX2_insert10630/Y ->  BUFX2_insert7380/A
   3042.7 ps                              _25480__bF$buf583:   BUFX2_insert7380/Y ->          _104074_/B
   3236.3 ps                                        _39815_:           _104074_/Y ->          _104745_/B
   3449.9 ps                                        _40486_:           _104745_/Y ->          _104746_/C
   3545.5 ps                                        _40487_:           _104746_/Y ->          _104747_/B
   3674.5 ps                                        _40488_:           _104747_/Y ->          _104748_/C
   3785.9 ps                                        _40489_:           _104748_/Y ->          _104749_/B
   3917.0 ps                                        _40490_:           _104749_/Y ->          _104783_/C
   4028.7 ps                                        _40524_:           _104783_/Y ->          _104784_/B
   4159.1 ps                                        _40525_:           _104784_/Y ->          _104785_/B
   4289.4 ps                                        _40526_:           _104785_/Y ->          _104786_/B
   4388.6 ps                                        _40527_:           _104786_/Y ->          _106430_/A
   4538.6 ps                                        _42171_:           _106430_/Y ->          _106431_/A
   4668.5 ps                                        _42172_:           _106431_/Y ->          _106432_/B
   4833.6 ps                                        _42173_:           _106432_/Y ->          _106861_/C
   4957.5 ps          \datapath.branchpredictor.prediction :           _106861_/Y ->           _72543_/A
   5090.4 ps                                         _1682_:            _72543_/Y ->           _72548_/B
   5318.7 ps                               \datapath._066_ :            _72548_/Y ->          _151078_/A
   5499.4 ps                                        _64732_:           _151078_/Y ->          _151081_/A
   5714.6 ps                                        _64735_:           _151081_/Y ->  BUFX2_insert1545/A
   6006.6 ps                                _64735__bF$buf0:   BUFX2_insert1545/Y ->          _151318_/B
   6133.3 ps                                        _64916_:           _151318_/Y ->          _151320_/A
   6291.4 ps           \datapath.programcounter.pc_mux [29]:           _151320_/Y ->          _151066_/B
   6390.2 ps                                        _64723_:           _151066_/Y ->          _151067_/C
   6469.2 ps              \datapath.programcounter._1_ [29]:           _151067_/Y ->          _151370_/D

   clock skew at destination = 28.4307
   setup at destination = 318.511

Path _151343_/CLK to _151367_/D delay 6813.18 ps
      0.0 ps                                   CLK_bF$buf48: CLKBUF1_insert6800/Y ->          _151343_/CLK
   1074.9 ps                \datapath.programcounter.pc [2]:           _151343_/Q -> BUFX2_insert10319/A
   1559.1 ps  \datapath.programcounter.pc_2_hier0_bF$buf55 :  BUFX2_insert10319/Y ->  BUFX2_insert2876/A
   2019.3 ps        \datapath.programcounter.pc_2_bF$buf44 :   BUFX2_insert2876/Y ->           _89739_/A
   2408.2 ps                                        _25480_:            _89739_/Y -> BUFX2_insert10630/A
   2685.4 ps                         _25480__hier0_bF$buf64:  BUFX2_insert10630/Y ->  BUFX2_insert7380/A
   3042.7 ps                              _25480__bF$buf583:   BUFX2_insert7380/Y ->          _104074_/B
   3236.3 ps                                        _39815_:           _104074_/Y ->          _104745_/B
   3449.9 ps                                        _40486_:           _104745_/Y ->          _104746_/C
   3545.5 ps                                        _40487_:           _104746_/Y ->          _104747_/B
   3674.5 ps                                        _40488_:           _104747_/Y ->          _104748_/C
   3785.9 ps                                        _40489_:           _104748_/Y ->          _104749_/B
   3917.0 ps                                        _40490_:           _104749_/Y ->          _104783_/C
   4028.7 ps                                        _40524_:           _104783_/Y ->          _104784_/B
   4159.1 ps                                        _40525_:           _104784_/Y ->          _104785_/B
   4289.4 ps                                        _40526_:           _104785_/Y ->          _104786_/B
   4388.6 ps                                        _40527_:           _104786_/Y ->          _106430_/A
   4538.6 ps                                        _42171_:           _106430_/Y ->          _106431_/A
   4668.5 ps                                        _42172_:           _106431_/Y ->          _106432_/B
   4833.6 ps                                        _42173_:           _106432_/Y ->          _106861_/C
   4957.5 ps          \datapath.branchpredictor.prediction :           _106861_/Y ->           _72543_/A
   5090.4 ps                                         _1682_:            _72543_/Y ->           _72548_/B
   5318.7 ps                               \datapath._066_ :            _72548_/Y ->          _151078_/A
   5499.4 ps                                        _64732_:           _151078_/Y ->          _151081_/A
   5714.6 ps                                        _64735_:           _151081_/Y ->  BUFX2_insert1542/A
   6023.0 ps                                _64735__bF$buf3:   BUFX2_insert1542/Y ->          _151290_/D
   6153.2 ps                                        _64894_:           _151290_/Y ->          _151291_/B
   6296.5 ps           \datapath.programcounter.pc_mux [26]:           _151291_/Y ->          _151057_/B
   6389.0 ps                                        _64717_:           _151057_/Y ->          _151058_/C
   6466.8 ps              \datapath.programcounter._1_ [26]:           _151058_/Y ->          _151367_/D

   clock skew at destination = 28.4307
   setup at destination = 317.959

Path _151343_/CLK to _151350_/D delay 6812.17 ps
      0.0 ps                                   CLK_bF$buf48: CLKBUF1_insert6800/Y ->          _151343_/CLK
   1074.9 ps                \datapath.programcounter.pc [2]:           _151343_/Q -> BUFX2_insert10319/A
   1559.1 ps  \datapath.programcounter.pc_2_hier0_bF$buf55 :  BUFX2_insert10319/Y ->  BUFX2_insert2876/A
   2019.3 ps        \datapath.programcounter.pc_2_bF$buf44 :   BUFX2_insert2876/Y ->           _89739_/A
   2408.2 ps                                        _25480_:            _89739_/Y -> BUFX2_insert10630/A
   2685.4 ps                         _25480__hier0_bF$buf64:  BUFX2_insert10630/Y ->  BUFX2_insert7380/A
   3042.7 ps                              _25480__bF$buf583:   BUFX2_insert7380/Y ->          _104074_/B
   3236.3 ps                                        _39815_:           _104074_/Y ->          _104745_/B
   3449.9 ps                                        _40486_:           _104745_/Y ->          _104746_/C
   3545.5 ps                                        _40487_:           _104746_/Y ->          _104747_/B
   3674.5 ps                                        _40488_:           _104747_/Y ->          _104748_/C
   3785.9 ps                                        _40489_:           _104748_/Y ->          _104749_/B
   3917.0 ps                                        _40490_:           _104749_/Y ->          _104783_/C
   4028.7 ps                                        _40524_:           _104783_/Y ->          _104784_/B
   4159.1 ps                                        _40525_:           _104784_/Y ->          _104785_/B
   4289.4 ps                                        _40526_:           _104785_/Y ->          _104786_/B
   4388.6 ps                                        _40527_:           _104786_/Y ->          _106430_/A
   4538.6 ps                                        _42171_:           _106430_/Y ->          _106431_/A
   4668.5 ps                                        _42172_:           _106431_/Y ->          _106432_/B
   4833.6 ps                                        _42173_:           _106432_/Y ->          _106861_/C
   4957.5 ps          \datapath.branchpredictor.prediction :           _106861_/Y ->           _72543_/A
   5090.4 ps                                         _1682_:            _72543_/Y ->           _72548_/B
   5318.7 ps                               \datapath._066_ :            _72548_/Y ->          _151078_/A
   5499.4 ps                                        _64732_:           _151078_/Y ->          _151081_/A
   5714.6 ps                                        _64735_:           _151081_/Y ->  BUFX2_insert1545/A
   6006.6 ps                                _64735__bF$buf0:   BUFX2_insert1545/Y ->          _151136_/B
   6133.2 ps                                        _64774_:           _151136_/Y ->          _151138_/B
   6270.3 ps            \datapath.programcounter.pc_mux [9]:           _151138_/Y ->          _151006_/B
   6362.4 ps                                        _64683_:           _151006_/Y ->          _151007_/C
   6440.0 ps               \datapath.programcounter._1_ [9]:           _151007_/Y ->          _151350_/D

   clock skew at destination = 54.2052
   setup at destination = 317.931

Path _151343_/CLK to _151362_/D delay 6809.78 ps
      0.0 ps                                   CLK_bF$buf48: CLKBUF1_insert6800/Y ->          _151343_/CLK
   1074.9 ps                \datapath.programcounter.pc [2]:           _151343_/Q -> BUFX2_insert10319/A
   1559.1 ps  \datapath.programcounter.pc_2_hier0_bF$buf55 :  BUFX2_insert10319/Y ->  BUFX2_insert2876/A
   2019.3 ps        \datapath.programcounter.pc_2_bF$buf44 :   BUFX2_insert2876/Y ->           _89739_/A
   2408.2 ps                                        _25480_:            _89739_/Y -> BUFX2_insert10630/A
   2685.4 ps                         _25480__hier0_bF$buf64:  BUFX2_insert10630/Y ->  BUFX2_insert7380/A
   3042.7 ps                              _25480__bF$buf583:   BUFX2_insert7380/Y ->          _104074_/B
   3236.3 ps                                        _39815_:           _104074_/Y ->          _104745_/B
   3449.9 ps                                        _40486_:           _104745_/Y ->          _104746_/C
   3545.5 ps                                        _40487_:           _104746_/Y ->          _104747_/B
   3674.5 ps                                        _40488_:           _104747_/Y ->          _104748_/C
   3785.9 ps                                        _40489_:           _104748_/Y ->          _104749_/B
   3917.0 ps                                        _40490_:           _104749_/Y ->          _104783_/C
   4028.7 ps                                        _40524_:           _104783_/Y ->          _104784_/B
   4159.1 ps                                        _40525_:           _104784_/Y ->          _104785_/B
   4289.4 ps                                        _40526_:           _104785_/Y ->          _104786_/B
   4388.6 ps                                        _40527_:           _104786_/Y ->          _106430_/A
   4538.6 ps                                        _42171_:           _106430_/Y ->          _106431_/A
   4668.5 ps                                        _42172_:           _106431_/Y ->          _106432_/B
   4833.6 ps                                        _42173_:           _106432_/Y ->          _106861_/C
   4957.5 ps          \datapath.branchpredictor.prediction :           _106861_/Y ->           _72543_/A
   5090.4 ps                                         _1682_:            _72543_/Y ->           _72548_/B
   5318.7 ps                               \datapath._066_ :            _72548_/Y ->          _151078_/A
   5499.4 ps                                        _64732_:           _151078_/Y ->          _151081_/A
   5714.6 ps                                        _64735_:           _151081_/Y ->  BUFX2_insert1542/A
   6023.0 ps                                _64735__bF$buf3:   BUFX2_insert1542/Y ->          _151247_/B
   6155.2 ps                                        _64861_:           _151247_/Y ->          _151249_/B
   6293.5 ps           \datapath.programcounter.pc_mux [21]:           _151249_/Y ->          _151042_/B
   6385.7 ps                                        _64707_:           _151042_/Y ->          _151043_/C
   6463.4 ps              \datapath.programcounter._1_ [21]:           _151043_/Y ->          _151362_/D

   clock skew at destination = 28.4307
   setup at destination = 317.928

Path _151343_/CLK to _151357_/D delay 6809.78 ps
      0.0 ps                                   CLK_bF$buf48: CLKBUF1_insert6800/Y ->          _151343_/CLK
   1074.9 ps                \datapath.programcounter.pc [2]:           _151343_/Q -> BUFX2_insert10319/A
   1559.1 ps  \datapath.programcounter.pc_2_hier0_bF$buf55 :  BUFX2_insert10319/Y ->  BUFX2_insert2876/A
   2019.3 ps        \datapath.programcounter.pc_2_bF$buf44 :   BUFX2_insert2876/Y ->           _89739_/A
   2408.2 ps                                        _25480_:            _89739_/Y -> BUFX2_insert10630/A
   2685.4 ps                         _25480__hier0_bF$buf64:  BUFX2_insert10630/Y ->  BUFX2_insert7380/A
   3042.7 ps                              _25480__bF$buf583:   BUFX2_insert7380/Y ->          _104074_/B
   3236.3 ps                                        _39815_:           _104074_/Y ->          _104745_/B
   3449.9 ps                                        _40486_:           _104745_/Y ->          _104746_/C
   3545.5 ps                                        _40487_:           _104746_/Y ->          _104747_/B
   3674.5 ps                                        _40488_:           _104747_/Y ->          _104748_/C
   3785.9 ps                                        _40489_:           _104748_/Y ->          _104749_/B
   3917.0 ps                                        _40490_:           _104749_/Y ->          _104783_/C
   4028.7 ps                                        _40524_:           _104783_/Y ->          _104784_/B
   4159.1 ps                                        _40525_:           _104784_/Y ->          _104785_/B
   4289.4 ps                                        _40526_:           _104785_/Y ->          _104786_/B
   4388.6 ps                                        _40527_:           _104786_/Y ->          _106430_/A
   4538.6 ps                                        _42171_:           _106430_/Y ->          _106431_/A
   4668.5 ps                                        _42172_:           _106431_/Y ->          _106432_/B
   4833.6 ps                                        _42173_:           _106432_/Y ->          _106861_/C
   4957.5 ps          \datapath.branchpredictor.prediction :           _106861_/Y ->           _72543_/A
   5090.4 ps                                         _1682_:            _72543_/Y ->           _72548_/B
   5318.7 ps                               \datapath._066_ :            _72548_/Y ->          _151078_/A
   5499.4 ps                                        _64732_:           _151078_/Y ->          _151081_/A
   5714.6 ps                                        _64735_:           _151081_/Y ->  BUFX2_insert1542/A
   6023.0 ps                                _64735__bF$buf3:   BUFX2_insert1542/Y ->          _151202_/B
   6155.2 ps                                        _64826_:           _151202_/Y ->          _151204_/B
   6293.5 ps           \datapath.programcounter.pc_mux [16]:           _151204_/Y ->          _151027_/B
   6385.7 ps                                        _64697_:           _151027_/Y ->          _151028_/C
   6463.4 ps              \datapath.programcounter._1_ [16]:           _151028_/Y ->          _151357_/D

   clock skew at destination = 28.4307
   setup at destination = 317.928

Computed maximum clock frequency (zero margin) = 144.278 MHz
-----------------------------------------

Number of paths analyzed:  16010

Top 20 minimum delay paths:
Path _72900_/CLK to _73413_/D delay -128.398 ps
      0.0 ps            CLK_bF$buf350: CLKBUF1_insert6498/Y -> _72900_/CLK
      6.7 ps  \datapath.regrs2alu [1]:            _72900_/Q -> _73413_/D

   clock skew at destination = -45.2553
   hold at destination = -89.8445

Path _72899_/CLK to _73412_/D delay -128.398 ps
      0.0 ps            CLK_bF$buf351: CLKBUF1_insert6497/Y -> _72899_/CLK
      6.7 ps  \datapath.regrs2alu [0]:            _72899_/Q -> _73412_/D

   clock skew at destination = -45.2553
   hold at destination = -89.8445

Path _72898_/CLK to _73411_/D delay -128.398 ps
      0.0 ps             CLK_bF$buf352: CLKBUF1_insert6496/Y -> _72898_/CLK
      6.7 ps  \datapath.regcsralu [31]:            _72898_/Q -> _73411_/D

   clock skew at destination = -45.2553
   hold at destination = -89.8445

Path _72897_/CLK to _73410_/D delay -128.398 ps
      0.0 ps             CLK_bF$buf353: CLKBUF1_insert6495/Y -> _72897_/CLK
      6.7 ps  \datapath.regcsralu [30]:            _72897_/Q -> _73410_/D

   clock skew at destination = -45.2553
   hold at destination = -89.8445

Path _72896_/CLK to _73409_/D delay -128.398 ps
      0.0 ps             CLK_bF$buf354: CLKBUF1_insert6494/Y -> _72896_/CLK
      6.7 ps  \datapath.regcsralu [29]:            _72896_/Q -> _73409_/D

   clock skew at destination = -45.2553
   hold at destination = -89.8445

Path _72895_/CLK to _73408_/D delay -128.398 ps
      0.0 ps             CLK_bF$buf355: CLKBUF1_insert6493/Y -> _72895_/CLK
      6.7 ps  \datapath.regcsralu [28]:            _72895_/Q -> _73408_/D

   clock skew at destination = -45.2553
   hold at destination = -89.8445

Path _72894_/CLK to _73407_/D delay -128.398 ps
      0.0 ps             CLK_bF$buf356: CLKBUF1_insert6492/Y -> _72894_/CLK
      6.7 ps  \datapath.regcsralu [27]:            _72894_/Q -> _73407_/D

   clock skew at destination = -45.2553
   hold at destination = -89.8445

Path _72893_/CLK to _73406_/D delay -128.398 ps
      0.0 ps             CLK_bF$buf357: CLKBUF1_insert6491/Y -> _72893_/CLK
      6.7 ps  \datapath.regcsralu [26]:            _72893_/Q -> _73406_/D

   clock skew at destination = -45.2553
   hold at destination = -89.8445

Path _72892_/CLK to _73405_/D delay -128.398 ps
      0.0 ps             CLK_bF$buf358: CLKBUF1_insert6490/Y -> _72892_/CLK
      6.7 ps  \datapath.regcsralu [25]:            _72892_/Q -> _73405_/D

   clock skew at destination = -45.2553
   hold at destination = -89.8445

Path _72891_/CLK to _73404_/D delay -128.398 ps
      0.0 ps             CLK_bF$buf359: CLKBUF1_insert6489/Y -> _72891_/CLK
      6.7 ps  \datapath.regcsralu [24]:            _72891_/Q -> _73404_/D

   clock skew at destination = -45.2553
   hold at destination = -89.8445

Path _72890_/CLK to _73403_/D delay -128.398 ps
      0.0 ps             CLK_bF$buf360: CLKBUF1_insert6488/Y -> _72890_/CLK
      6.7 ps  \datapath.regcsralu [23]:            _72890_/Q -> _73403_/D

   clock skew at destination = -45.2553
   hold at destination = -89.8445

Path _72889_/CLK to _73402_/D delay -128.398 ps
      0.0 ps             CLK_bF$buf361: CLKBUF1_insert6487/Y -> _72889_/CLK
      6.7 ps  \datapath.regcsralu [22]:            _72889_/Q -> _73402_/D

   clock skew at destination = -45.2553
   hold at destination = -89.8445

Path _72888_/CLK to _73401_/D delay -128.398 ps
      0.0 ps             CLK_bF$buf362: CLKBUF1_insert6486/Y -> _72888_/CLK
      6.7 ps  \datapath.regcsralu [21]:            _72888_/Q -> _73401_/D

   clock skew at destination = -45.2553
   hold at destination = -89.8445

Path _72887_/CLK to _73400_/D delay -128.398 ps
      0.0 ps             CLK_bF$buf363: CLKBUF1_insert6485/Y -> _72887_/CLK
      6.7 ps  \datapath.regcsralu [20]:            _72887_/Q -> _73400_/D

   clock skew at destination = -45.2553
   hold at destination = -89.8445

Path _72886_/CLK to _73399_/D delay -128.398 ps
      0.0 ps             CLK_bF$buf364: CLKBUF1_insert6484/Y -> _72886_/CLK
      6.7 ps  \datapath.regcsralu [19]:            _72886_/Q -> _73399_/D

   clock skew at destination = -45.2553
   hold at destination = -89.8445

Path _72885_/CLK to _73398_/D delay -128.398 ps
      0.0 ps             CLK_bF$buf365: CLKBUF1_insert6483/Y -> _72885_/CLK
      6.7 ps  \datapath.regcsralu [18]:            _72885_/Q -> _73398_/D

   clock skew at destination = -45.2553
   hold at destination = -89.8445

Path _72884_/CLK to _73397_/D delay -128.398 ps
      0.0 ps             CLK_bF$buf366: CLKBUF1_insert6482/Y -> _72884_/CLK
      6.7 ps  \datapath.regcsralu [17]:            _72884_/Q -> _73397_/D

   clock skew at destination = -45.2553
   hold at destination = -89.8445

Path _72883_/CLK to _73396_/D delay -128.398 ps
      0.0 ps             CLK_bF$buf367: CLKBUF1_insert6481/Y -> _72883_/CLK
      6.7 ps  \datapath.regcsralu [16]:            _72883_/Q -> _73396_/D

   clock skew at destination = -45.2553
   hold at destination = -89.8445

Path _72882_/CLK to _73395_/D delay -128.398 ps
      0.0 ps             CLK_bF$buf368: CLKBUF1_insert6480/Y -> _72882_/CLK
      6.7 ps  \datapath.regcsralu [15]:            _72882_/Q -> _73395_/D

   clock skew at destination = -45.2553
   hold at destination = -89.8445

Path _72881_/CLK to _73394_/D delay -128.398 ps
      0.0 ps             CLK_bF$buf369: CLKBUF1_insert6479/Y -> _72881_/CLK
      6.7 ps  \datapath.regcsralu [14]:            _72881_/Q -> _73394_/D

   clock skew at destination = -45.2553
   hold at destination = -89.8445

ERROR:  Design fails minimum hold timing.
-----------------------------------------

Number of paths analyzed:  96

Top 20 maximum delay paths:
Path input pin DMEM_DATA_L[15] to _73247_/D delay 1937.44 ps
      0.0 ps             DMEM_DATA_L[15]:            -> _150776_/A
    115.8 ps                     _64520_: _150776_/Y -> _150900_/B
    281.3 ps                     _64612_: _150900_/Y -> _150906_/C
   1074.0 ps                     _64617_: _150906_/Y -> _150913_/C
   1616.6 ps  \datapath.memdataload [19]: _150913_/Y ->  _73247_/D

   setup at destination = 320.8

Path input pin DMEM_DATA_L[15] to _73255_/D delay 1937.44 ps
      0.0 ps             DMEM_DATA_L[15]:            -> _150776_/A
    115.8 ps                     _64520_: _150776_/Y -> _150900_/B
    281.3 ps                     _64612_: _150900_/Y -> _150906_/C
   1074.0 ps                     _64617_: _150906_/Y -> _150929_/C
   1616.6 ps  \datapath.memdataload [27]: _150929_/Y ->  _73255_/D

   setup at destination = 320.8

Path input pin DMEM_DATA_L[15] to _73259_/D delay 1937.44 ps
      0.0 ps             DMEM_DATA_L[15]:            -> _150776_/A
    115.8 ps                     _64520_: _150776_/Y -> _150900_/B
    281.3 ps                     _64612_: _150900_/Y -> _150906_/C
   1074.0 ps                     _64617_: _150906_/Y -> _150937_/C
   1616.6 ps  \datapath.memdataload [31]: _150937_/Y ->  _73259_/D

   setup at destination = 320.8

Path input pin DMEM_DATA_L[15] to _73246_/D delay 1937.44 ps
      0.0 ps             DMEM_DATA_L[15]:            -> _150776_/A
    115.8 ps                     _64520_: _150776_/Y -> _150900_/B
    281.3 ps                     _64612_: _150900_/Y -> _150906_/C
   1074.0 ps                     _64617_: _150906_/Y -> _150911_/C
   1616.6 ps  \datapath.memdataload [18]: _150911_/Y ->  _73246_/D

   setup at destination = 320.8

Path input pin DMEM_DATA_L[15] to _73250_/D delay 1937.44 ps
      0.0 ps             DMEM_DATA_L[15]:            -> _150776_/A
    115.8 ps                     _64520_: _150776_/Y -> _150900_/B
    281.3 ps                     _64612_: _150900_/Y -> _150906_/C
   1074.0 ps                     _64617_: _150906_/Y -> _150919_/C
   1616.6 ps  \datapath.memdataload [22]: _150919_/Y ->  _73250_/D

   setup at destination = 320.8

Path input pin DMEM_DATA_L[15] to _73258_/D delay 1937.44 ps
      0.0 ps             DMEM_DATA_L[15]:            -> _150776_/A
    115.8 ps                     _64520_: _150776_/Y -> _150900_/B
    281.3 ps                     _64612_: _150900_/Y -> _150906_/C
   1074.0 ps                     _64617_: _150906_/Y -> _150935_/C
   1616.6 ps  \datapath.memdataload [30]: _150935_/Y ->  _73258_/D

   setup at destination = 320.8

Path input pin DMEM_DATA_L[15] to _73245_/D delay 1937.44 ps
      0.0 ps             DMEM_DATA_L[15]:            -> _150776_/A
    115.8 ps                     _64520_: _150776_/Y -> _150900_/B
    281.3 ps                     _64612_: _150900_/Y -> _150906_/C
   1074.0 ps                     _64617_: _150906_/Y -> _150909_/C
   1616.6 ps  \datapath.memdataload [17]: _150909_/Y ->  _73245_/D

   setup at destination = 320.8

Path input pin DMEM_DATA_L[15] to _73257_/D delay 1937.44 ps
      0.0 ps             DMEM_DATA_L[15]:            -> _150776_/A
    115.8 ps                     _64520_: _150776_/Y -> _150900_/B
    281.3 ps                     _64612_: _150900_/Y -> _150906_/C
   1074.0 ps                     _64617_: _150906_/Y -> _150933_/C
   1616.6 ps  \datapath.memdataload [29]: _150933_/Y ->  _73257_/D

   setup at destination = 320.8

Path input pin DMEM_DATA_L[15] to _73248_/D delay 1893.17 ps
      0.0 ps             DMEM_DATA_L[15]:            -> _150776_/A
    115.8 ps                     _64520_: _150776_/Y -> _150900_/B
    281.3 ps                     _64612_: _150900_/Y -> _150906_/C
   1074.0 ps                     _64617_: _150906_/Y -> _150915_/C
   1586.0 ps  \datapath.memdataload [20]: _150915_/Y ->  _73248_/D

   setup at destination = 307.213

Path input pin DMEM_DATA_L[15] to _73256_/D delay 1893.17 ps
      0.0 ps             DMEM_DATA_L[15]:            -> _150776_/A
    115.8 ps                     _64520_: _150776_/Y -> _150900_/B
    281.3 ps                     _64612_: _150900_/Y -> _150906_/C
   1074.0 ps                     _64617_: _150906_/Y -> _150931_/C
   1586.0 ps  \datapath.memdataload [28]: _150931_/Y ->  _73256_/D

   setup at destination = 307.213

Path input pin DMEM_DATA_L[15] to _73249_/D delay 1787.94 ps
      0.0 ps             DMEM_DATA_L[15]:            -> _150776_/A
    115.8 ps                     _64520_: _150776_/Y -> _150900_/B
    281.3 ps                     _64612_: _150900_/Y -> _150906_/C
   1074.0 ps                     _64617_: _150906_/Y -> _150917_/C
   1508.7 ps  \datapath.memdataload [21]: _150917_/Y ->  _73249_/D

   setup at destination = 279.224

Path input pin DMEM_DATA_L[15] to _73253_/D delay 1787.94 ps
      0.0 ps             DMEM_DATA_L[15]:            -> _150776_/A
    115.8 ps                     _64520_: _150776_/Y -> _150900_/B
    281.3 ps                     _64612_: _150900_/Y -> _150906_/C
   1074.0 ps                     _64617_: _150906_/Y -> _150925_/C
   1508.7 ps  \datapath.memdataload [25]: _150925_/Y ->  _73253_/D

   setup at destination = 279.224

Path input pin DMEM_DATA_L[15] to _73244_/D delay 1787.94 ps
      0.0 ps             DMEM_DATA_L[15]:            -> _150776_/A
    115.8 ps                     _64520_: _150776_/Y -> _150900_/B
    281.3 ps                     _64612_: _150900_/Y -> _150906_/C
   1074.0 ps                     _64617_: _150906_/Y -> _150907_/C
   1508.7 ps  \datapath.memdataload [16]: _150907_/Y ->  _73244_/D

   setup at destination = 279.224

Path input pin DMEM_DATA_L[15] to _73252_/D delay 1787.94 ps
      0.0 ps             DMEM_DATA_L[15]:            -> _150776_/A
    115.8 ps                     _64520_: _150776_/Y -> _150900_/B
    281.3 ps                     _64612_: _150900_/Y -> _150906_/C
   1074.0 ps                     _64617_: _150906_/Y -> _150923_/C
   1508.7 ps  \datapath.memdataload [24]: _150923_/Y ->  _73252_/D

   setup at destination = 279.224

Path input pin DMEM_DATA_L[15] to _73251_/D delay 1689.99 ps
      0.0 ps             DMEM_DATA_L[15]:            -> _150776_/A
    115.8 ps                     _64520_: _150776_/Y -> _150900_/B
    281.3 ps                     _64612_: _150900_/Y -> _150906_/C
   1074.0 ps                     _64617_: _150906_/Y -> _150921_/C
   1418.6 ps  \datapath.memdataload [23]: _150921_/Y ->  _73251_/D

   setup at destination = 271.377

Path input pin DMEM_DATA_L[15] to _73254_/D delay 1689.99 ps
      0.0 ps             DMEM_DATA_L[15]:            -> _150776_/A
    115.8 ps                     _64520_: _150776_/Y -> _150900_/B
    281.3 ps                     _64612_: _150900_/Y -> _150906_/C
   1074.0 ps                     _64617_: _150906_/Y -> _150927_/C
   1418.6 ps  \datapath.memdataload [26]: _150927_/Y ->  _73254_/D

   setup at destination = 271.377

Path input pin DMEM_DATA_L[31] to _73239_/D delay 1528.94 ps
      0.0 ps                                       DMEM_DATA_L[31]:                    ->         _150974_/B
     81.0 ps                                               _64662_:         _150974_/Y ->         _150975_/A
    161.9 ps                                               _64663_:         _150975_/Y ->         _150976_/C
    240.9 ps                                               _64664_:         _150976_/Y ->         _150977_/B
    361.5 ps  \datapath.memoryinterface.byte_size_load.byteval [7]:         _150977_/Y ->         _150861_/A
    453.9 ps                                               _64580_:         _150861_/Y ->         _150862_/B
    545.3 ps                                               _64581_:         _150862_/Y ->         _150863_/C
    716.2 ps                                               _64582_:         _150863_/Y -> BUFX2_insert1608/A
    976.0 ps                                       _64582__bF$buf0: BUFX2_insert1608/Y ->         _150883_/C
   1259.0 ps                            \datapath.memdataload [11]:         _150883_/Y ->          _73239_/D

   setup at destination = 269.939

Path input pin DMEM_DATA_L[31] to _73242_/D delay 1528.94 ps
      0.0 ps                                       DMEM_DATA_L[31]:                    ->         _150974_/B
     81.0 ps                                               _64662_:         _150974_/Y ->         _150975_/A
    161.9 ps                                               _64663_:         _150975_/Y ->         _150976_/C
    240.9 ps                                               _64664_:         _150976_/Y ->         _150977_/B
    361.5 ps  \datapath.memoryinterface.byte_size_load.byteval [7]:         _150977_/Y ->         _150861_/A
    453.9 ps                                               _64580_:         _150861_/Y ->         _150862_/B
    545.3 ps                                               _64581_:         _150862_/Y ->         _150863_/C
    716.2 ps                                               _64582_:         _150863_/Y -> BUFX2_insert1607/A
    976.0 ps                                       _64582__bF$buf1: BUFX2_insert1607/Y ->         _150898_/C
   1259.0 ps                            \datapath.memdataload [14]:         _150898_/Y ->          _73242_/D

   setup at destination = 269.939

Path input pin DMEM_DATA_L[31] to _73241_/D delay 1528.94 ps
      0.0 ps                                       DMEM_DATA_L[31]:                    ->         _150974_/B
     81.0 ps                                               _64662_:         _150974_/Y ->         _150975_/A
    161.9 ps                                               _64663_:         _150975_/Y ->         _150976_/C
    240.9 ps                                               _64664_:         _150976_/Y ->         _150977_/B
    361.5 ps  \datapath.memoryinterface.byte_size_load.byteval [7]:         _150977_/Y ->         _150861_/A
    453.9 ps                                               _64580_:         _150861_/Y ->         _150862_/B
    545.3 ps                                               _64581_:         _150862_/Y ->         _150863_/C
    716.2 ps                                               _64582_:         _150863_/Y -> BUFX2_insert1606/A
    976.0 ps                                       _64582__bF$buf2: BUFX2_insert1606/Y ->         _150893_/C
   1259.0 ps                            \datapath.memdataload [13]:         _150893_/Y ->          _73241_/D

   setup at destination = 269.939

Path input pin DMEM_DATA_L[31] to _73236_/D delay 1528.94 ps
      0.0 ps                                       DMEM_DATA_L[31]:                    ->         _150974_/B
     81.0 ps                                               _64662_:         _150974_/Y ->         _150975_/A
    161.9 ps                                               _64663_:         _150975_/Y ->         _150976_/C
    240.9 ps                                               _64664_:         _150976_/Y ->         _150977_/B
    361.5 ps  \datapath.memoryinterface.byte_size_load.byteval [7]:         _150977_/Y ->         _150861_/A
    453.9 ps                                               _64580_:         _150861_/Y ->         _150862_/B
    545.3 ps                                               _64581_:         _150862_/Y ->         _150863_/C
    716.2 ps                                               _64582_:         _150863_/Y -> BUFX2_insert1605/A
    976.0 ps                                       _64582__bF$buf3: BUFX2_insert1605/Y ->         _150868_/C
   1259.0 ps                             \datapath.memdataload [8]:         _150868_/Y ->          _73236_/D

   setup at destination = 269.939

-----------------------------------------

Number of paths analyzed:  96

Top 20 minimum delay paths:
Path input pin IMEM_DATA[4] to _73104_/D delay 31.7669 ps
      0.0 ps         IMEM_DATA[4]:           -> _70855_/A
     65.0 ps                _326_: _70855_/Y -> _70857_/B
    127.4 ps  \datapath._003_ [4]: _70857_/Y -> _73104_/D

   hold at destination = -95.6217

Path input pin IMEM_DATA[1] to _73101_/D delay 31.7669 ps
      0.0 ps         IMEM_DATA[1]:           -> _70844_/A
     65.0 ps                _318_: _70844_/Y -> _70846_/B
    127.4 ps  \datapath._003_ [1]: _70846_/Y -> _73101_/D

   hold at destination = -95.6217

Path input pin IMEM_DATA[31] to _73131_/D delay 47.9382 ps
      0.0 ps         IMEM_DATA[31]:           -> _70936_/A
     64.1 ps                 _380_: _70936_/Y -> _70938_/B
    147.6 ps  \datapath._003_ [31]: _70938_/Y -> _73131_/D

   hold at destination = -99.6671

Path input pin IMEM_DATA[30] to _73130_/D delay 47.9382 ps
      0.0 ps         IMEM_DATA[30]:           -> _70933_/A
     64.1 ps                 _378_: _70933_/Y -> _70935_/B
    147.6 ps  \datapath._003_ [30]: _70935_/Y -> _73130_/D

   hold at destination = -99.6671

Path input pin IMEM_DATA[29] to _73129_/D delay 47.9382 ps
      0.0 ps         IMEM_DATA[29]:           -> _70930_/A
     64.1 ps                 _376_: _70930_/Y -> _70932_/B
    147.6 ps  \datapath._003_ [29]: _70932_/Y -> _73129_/D

   hold at destination = -99.6671

Path input pin IMEM_DATA[28] to _73128_/D delay 47.9382 ps
      0.0 ps         IMEM_DATA[28]:           -> _70927_/A
     64.1 ps                 _374_: _70927_/Y -> _70929_/B
    147.6 ps  \datapath._003_ [28]: _70929_/Y -> _73128_/D

   hold at destination = -99.6671

Path input pin IMEM_DATA[27] to _73127_/D delay 47.9382 ps
      0.0 ps         IMEM_DATA[27]:           -> _70924_/A
     64.1 ps                 _372_: _70924_/Y -> _70926_/B
    147.6 ps  \datapath._003_ [27]: _70926_/Y -> _73127_/D

   hold at destination = -99.6671

Path input pin IMEM_DATA[26] to _73126_/D delay 47.9382 ps
      0.0 ps         IMEM_DATA[26]:           -> _70921_/A
     64.1 ps                 _370_: _70921_/Y -> _70923_/B
    147.6 ps  \datapath._003_ [26]: _70923_/Y -> _73126_/D

   hold at destination = -99.6671

Path input pin IMEM_DATA[25] to _73125_/D delay 47.9382 ps
      0.0 ps         IMEM_DATA[25]:           -> _70918_/A
     64.1 ps                 _368_: _70918_/Y -> _70920_/B
    147.6 ps  \datapath._003_ [25]: _70920_/Y -> _73125_/D

   hold at destination = -99.6671

Path input pin IMEM_DATA[24] to _73124_/D delay 47.9382 ps
      0.0 ps         IMEM_DATA[24]:           -> _70915_/A
     64.1 ps                 _366_: _70915_/Y -> _70917_/B
    147.6 ps  \datapath._003_ [24]: _70917_/Y -> _73124_/D

   hold at destination = -99.6671

Path input pin IMEM_DATA[23] to _73123_/D delay 47.9382 ps
      0.0 ps         IMEM_DATA[23]:           -> _70912_/A
     64.1 ps                 _364_: _70912_/Y -> _70914_/B
    147.6 ps  \datapath._003_ [23]: _70914_/Y -> _73123_/D

   hold at destination = -99.6671

Path input pin IMEM_DATA[22] to _73122_/D delay 47.9382 ps
      0.0 ps         IMEM_DATA[22]:           -> _70909_/A
     64.1 ps                 _362_: _70909_/Y -> _70911_/B
    147.6 ps  \datapath._003_ [22]: _70911_/Y -> _73122_/D

   hold at destination = -99.6671

Path input pin IMEM_DATA[21] to _73121_/D delay 47.9382 ps
      0.0 ps         IMEM_DATA[21]:           -> _70906_/A
     64.1 ps                 _360_: _70906_/Y -> _70908_/B
    147.6 ps  \datapath._003_ [21]: _70908_/Y -> _73121_/D

   hold at destination = -99.6671

Path input pin IMEM_DATA[20] to _73120_/D delay 47.9382 ps
      0.0 ps         IMEM_DATA[20]:           -> _70903_/A
     64.1 ps                 _358_: _70903_/Y -> _70905_/B
    147.6 ps  \datapath._003_ [20]: _70905_/Y -> _73120_/D

   hold at destination = -99.6671

Path input pin IMEM_DATA[19] to _73119_/D delay 47.9382 ps
      0.0 ps         IMEM_DATA[19]:           -> _70900_/A
     64.1 ps                 _356_: _70900_/Y -> _70902_/B
    147.6 ps  \datapath._003_ [19]: _70902_/Y -> _73119_/D

   hold at destination = -99.6671

Path input pin IMEM_DATA[18] to _73118_/D delay 47.9382 ps
      0.0 ps         IMEM_DATA[18]:           -> _70897_/A
     64.1 ps                 _354_: _70897_/Y -> _70899_/B
    147.6 ps  \datapath._003_ [18]: _70899_/Y -> _73118_/D

   hold at destination = -99.6671

Path input pin IMEM_DATA[17] to _73117_/D delay 47.9382 ps
      0.0 ps         IMEM_DATA[17]:           -> _70894_/A
     64.1 ps                 _352_: _70894_/Y -> _70896_/B
    147.6 ps  \datapath._003_ [17]: _70896_/Y -> _73117_/D

   hold at destination = -99.6671

Path input pin IMEM_DATA[16] to _73116_/D delay 47.9382 ps
      0.0 ps         IMEM_DATA[16]:           -> _70891_/A
     64.1 ps                 _350_: _70891_/Y -> _70893_/B
    147.6 ps  \datapath._003_ [16]: _70893_/Y -> _73116_/D

   hold at destination = -99.6671

Path input pin IMEM_DATA[15] to _73115_/D delay 47.9382 ps
      0.0 ps         IMEM_DATA[15]:           -> _70888_/A
     64.1 ps                 _348_: _70888_/Y -> _70890_/B
    147.6 ps  \datapath._003_ [15]: _70890_/Y -> _73115_/D

   hold at destination = -99.6671

Path input pin IMEM_DATA[14] to _73114_/D delay 47.9382 ps
      0.0 ps         IMEM_DATA[14]:           -> _70885_/A
     64.1 ps                 _346_: _70885_/Y -> _70887_/B
    147.6 ps  \datapath._003_ [14]: _70887_/Y -> _73114_/D

   hold at destination = -99.6671

-----------------------------------------

