#-----------------------------------------------------------
# Webtalk v2018.3 (64-bit)
# SW Build 2405991 on Thu Dec  6 23:38:27 MST 2018
# 
# Start of session at: Sun Feb  6 17:12:41 2022
# Process ID: 7228
# Current directory: C:/Users/Yoadmin/Documents/vivado/RV32I/RV32I.sdk/webtalk
# Command line: wbtcv.exe -mode batch -source sdk_webtalk.tcl
# Log file: C:/Users/Yoadmin/Documents/vivado/RV32I/RV32I.sdk/webtalk/webtalk.log
# Journal file: C:/Users/Yoadmin/Documents/vivado/RV32I/RV32I.sdk/webtalk\webtalk.jou
#-----------------------------------------------------------
source sdk_webtalk.tcl
# webtalk_init -webtalk_dir C:\\Users\\Yoadmin\\Documents\\vivado\\RV32I\\RV32I.sdk\\webtalk
# webtalk_register_client -client project
# webtalk_add_data -client project -key date_generated -value "2022-02-06 17:12:40" -context "software_version_and_target_device"
# webtalk_add_data -client project -key product_version -value "SDK v2018.3" -context "software_version_and_target_device"
# webtalk_add_data -client project -key build_version -value "2018.3" -context "software_version_and_target_device"
# webtalk_add_data -client project -key os_platform -value "amd64" -context "software_version_and_target_device"
# webtalk_add_data -client project -key registration_id -value "" -context "software_version_and_target_device"
# webtalk_add_data -client project -key tool_flow -value "SDK" -context "software_version_and_target_device"
# webtalk_add_data -client project -key beta -value "false" -context "software_version_and_target_device"
# webtalk_add_data -client project -key route_design -value "NA" -context "software_version_and_target_device"
# webtalk_add_data -client project -key target_family -value "NA" -context "software_version_and_target_device"
# webtalk_add_data -client project -key target_device -value "NA" -context "software_version_and_target_device"
# webtalk_add_data -client project -key target_package -value "NA" -context "software_version_and_target_device"
# webtalk_add_data -client project -key target_speed -value "NA" -context "software_version_and_target_device"
# webtalk_add_data -client project -key random_id -value "38ffjscln1rn6kqvqaci84f73s" -context "software_version_and_target_device"
# webtalk_add_data -client project -key project_id -value "2018.3_7" -context "software_version_and_target_device"
# webtalk_add_data -client project -key project_iteration -value "7" -context "software_version_and_target_device"
# webtalk_add_data -client project -key os_name -value "Microsoft Windows 8 or later , 64-bit" -context "user_environment"
# webtalk_add_data -client project -key os_release -value "major release  (build 9200)" -context "user_environment"
# webtalk_add_data -client project -key cpu_name -value "AMD Ryzen 7 3700X 8-Core Processor             " -context "user_environment"
# webtalk_add_data -client project -key cpu_speed -value "3593 MHz" -context "user_environment"
# webtalk_add_data -client project -key total_processors -value "1" -context "user_environment"
# webtalk_add_data -client project -key system_ram -value "17.095 GB" -context "user_environment"
# webtalk_register_client -client sdk
# webtalk_add_data -client sdk -key uid -value "1644177634019" -context "sdk\\\\bsp/1644177634019"
# webtalk_add_data -client sdk -key hwid -value "1643943578271" -context "sdk\\\\bsp/1644177634019"
# webtalk_add_data -client sdk -key os -value "standalone" -context "sdk\\\\bsp/1644177634019"
# webtalk_add_data -client sdk -key apptemplate -value "hello_world" -context "sdk\\\\bsp/1644177634019"
# webtalk_add_data -client sdk -key RecordType -value "BSPCreation" -context "sdk\\\\bsp/1644177634019"
# webtalk_add_data -client sdk -key uid -value "1644177635321" -context "sdk\\\\application/1644177635321"
# webtalk_add_data -client sdk -key hwid -value "1643943578271" -context "sdk\\\\application/1644177635321"
# webtalk_add_data -client sdk -key bspid -value "1644177634019" -context "sdk\\\\application/1644177635321"
# webtalk_add_data -client sdk -key newbsp -value "true" -context "sdk\\\\application/1644177635321"
# webtalk_add_data -client sdk -key os -value "standalone" -context "sdk\\\\application/1644177635321"
# webtalk_add_data -client sdk -key apptemplate -value "hello_world" -context "sdk\\\\application/1644177635321"
# webtalk_add_data -client sdk -key RecordType -value "APPCreation" -context "sdk\\\\application/1644177635321"
# webtalk_add_data -client sdk -key LangUsed -value "C" -context "sdk\\\\application/1644177635321"
# webtalk_add_data -client sdk -key Procused -value "ps7_cortexa9" -context "sdk\\\\application/1644177635321"
# webtalk_add_data -client sdk -key projSize -value "184.55859375" -context "sdk\\\\application/1644177635321"
# webtalk_add_data -client sdk -key uid -value "NA" -context "sdk\\\\bsp/1644189160570"
# webtalk_add_data -client sdk -key RecordType -value "ToolUsage" -context "sdk\\\\bsp/1644189160570"
# webtalk_add_data -client sdk -key BootgenCount -value "0" -context "sdk\\\\bsp/1644189160570"
# webtalk_add_data -client sdk -key DebugCount -value "2" -context "sdk\\\\bsp/1644189160570"
# webtalk_add_data -client sdk -key PerfCount -value "0" -context "sdk\\\\bsp/1644189160570"
# webtalk_add_data -client sdk -key FlashCount -value "0" -context "sdk\\\\bsp/1644189160570"
# webtalk_add_data -client sdk -key CrossTriggCount -value "0" -context "sdk\\\\bsp/1644189160570"
# webtalk_add_data -client sdk -key QemuDebugCount -value "0" -context "sdk\\\\bsp/1644189160570"
# webtalk_transmit -clientid 4264716919 -regid "" -xml C:\\Users\\Yoadmin\\Documents\\vivado\\RV32I\\RV32I.sdk\\webtalk\\usage_statistics_ext_sdk.xml -html C:\\Users\\Yoadmin\\Documents\\vivado\\RV32I\\RV32I.sdk\\webtalk\\usage_statistics_ext_sdk.html -wdm C:\\Users\\Yoadmin\\Documents\\vivado\\RV32I\\RV32I.sdk\\webtalk\\sdk_webtalk.wdm -intro "<H3>SDK Usage Report</H3><BR>"
# webtalk_terminate
INFO: [Common 17-206] Exiting Webtalk at Sun Feb  6 17:12:43 2022...
