Qflow static timing analysis logfile created on mié 18 nov 2020 00:56:49 CST
Running vesta static timing analysis
vesta --long RISCV32I.rtlnopwr.v /usr/share/qflow/tech/osu018/osu018_stdcells.lib
----------------------------------------------
Vesta static timing analysis tool
for qflow 1.4.87
(c) 2013-2018 Tim Edwards, Open Circuit Design
----------------------------------------------

Parsing library "osu018_stdcells"
End of library at line 6141
Lib read /usr/share/qflow/tech/osu018/osu018_stdcells.lib:  Processed 6142 lines.
Parsing module "RISCV32I"
Verilog netlist read:  Processed 98654 lines.
Number of paths analyzed:  1946

Top 20 maximum delay paths:
Path _10419_/CLK to _13898_/D delay 4677.98 ps
      0.0 ps                          CLK_bF$buf54: CLKBUF1_insert732/Y ->         _10419_/CLK
    235.7 ps                \datapath.aluinstr [1]:           _10419_/Q ->          _8808_/A
    395.1 ps                                  _20_:            _8808_/Y ->          _8813_/C
    507.3 ps                                  _25_:            _8813_/Y ->          _8817_/C
    624.5 ps                                  _29_:            _8817_/Y ->          _8826_/B
    782.5 ps                                  _37_:            _8826_/Y ->          _8835_/C
    984.3 ps                             alusel[1]:            _8835_/Y ->         _10867_/A
   1104.5 ps                                _1838_:           _10867_/Y ->         _10868_/B
   1233.6 ps                                _1839_:           _10868_/Y ->         _10950_/B
   1640.3 ps                                _1920_:           _10950_/Y ->         _11663_/B
   1932.3 ps                                _1065_:           _11663_/Y ->         _11664_/B
   2161.6 ps                                _1066_:           _11664_/Y ->         _11726_/A
   2322.0 ps                                _1132_:           _11726_/Y ->         _11731_/C
   2419.7 ps                                _1138_:           _11731_/Y ->         _11744_/C
   2483.8 ps                                _1152_:           _11744_/Y ->         _11745_/C
   2548.7 ps                                _1153_:           _11745_/Y ->         _11746_/C
   2610.9 ps                                _1154_:           _11746_/Y ->         _11747_/C
   2731.0 ps                  \datapath.alu.c [17]:           _11747_/Y ->         _12203_/C
   2815.6 ps                                _1642_:           _12203_/Y ->         _12204_/C
   2902.4 ps                                _1643_:           _12204_/Y ->         _12207_/B
   2992.4 ps                                _1646_:           _12207_/Y ->         _12208_/C
   3078.2 ps                                _1648_:           _12208_/Y ->         _12209_/C
   3151.0 ps                      \datapath.alu.z :           _12209_/Y ->          _9364_/B
   3264.5 ps                                 _314_:            _9364_/Y ->          _9365_/A
   3383.8 ps                   \datapath.tkbranch :            _9365_/Y ->          _9638_/A
   3467.9 ps                                 _521_:            _9638_/Y ->          _9640_/A
   3606.6 ps                       \datapath._34_ :            _9640_/Y ->         _13597_/A
   3712.0 ps                                _3426_:           _13597_/Y ->         _13598_/B
   3839.9 ps                                _3427_:           _13598_/Y -> BUFX2_insert931/A
   4023.4 ps                        _3427__bF$buf3:   BUFX2_insert931/Y ->         _13780_/A
   4122.1 ps                                _3565_:           _13780_/Y ->         _13854_/A
   4211.1 ps                                _3625_:           _13854_/Y ->         _13855_/C
   4274.6 ps                                _3626_:           _13855_/Y ->         _13856_/A
   4345.8 ps  \datapath.programcounter.pc_mux [30]:           _13856_/Y ->         _13588_/B
   4409.6 ps                                _3419_:           _13588_/Y ->         _13589_/C
   4463.8 ps     \datapath.programcounter._1_ [30]:           _13589_/Y ->         _13898_/D

   clock skew at destination = 36.9743
   setup at destination = 177.208

Path _10419_/CLK to _13899_/D delay 4677.98 ps
      0.0 ps                          CLK_bF$buf54: CLKBUF1_insert732/Y ->         _10419_/CLK
    235.7 ps                \datapath.aluinstr [1]:           _10419_/Q ->          _8808_/A
    395.1 ps                                  _20_:            _8808_/Y ->          _8813_/C
    507.3 ps                                  _25_:            _8813_/Y ->          _8817_/C
    624.5 ps                                  _29_:            _8817_/Y ->          _8826_/B
    782.5 ps                                  _37_:            _8826_/Y ->          _8835_/C
    984.3 ps                             alusel[1]:            _8835_/Y ->         _10867_/A
   1104.5 ps                                _1838_:           _10867_/Y ->         _10868_/B
   1233.6 ps                                _1839_:           _10868_/Y ->         _10950_/B
   1640.3 ps                                _1920_:           _10950_/Y ->         _11663_/B
   1932.3 ps                                _1065_:           _11663_/Y ->         _11664_/B
   2161.6 ps                                _1066_:           _11664_/Y ->         _11726_/A
   2322.0 ps                                _1132_:           _11726_/Y ->         _11731_/C
   2419.7 ps                                _1138_:           _11731_/Y ->         _11744_/C
   2483.8 ps                                _1152_:           _11744_/Y ->         _11745_/C
   2548.7 ps                                _1153_:           _11745_/Y ->         _11746_/C
   2610.9 ps                                _1154_:           _11746_/Y ->         _11747_/C
   2731.0 ps                  \datapath.alu.c [17]:           _11747_/Y ->         _12203_/C
   2815.6 ps                                _1642_:           _12203_/Y ->         _12204_/C
   2902.4 ps                                _1643_:           _12204_/Y ->         _12207_/B
   2992.4 ps                                _1646_:           _12207_/Y ->         _12208_/C
   3078.2 ps                                _1648_:           _12208_/Y ->         _12209_/C
   3151.0 ps                      \datapath.alu.z :           _12209_/Y ->          _9364_/B
   3264.5 ps                                 _314_:            _9364_/Y ->          _9365_/A
   3383.8 ps                   \datapath.tkbranch :            _9365_/Y ->          _9638_/A
   3467.9 ps                                 _521_:            _9638_/Y ->          _9640_/A
   3606.6 ps                       \datapath._34_ :            _9640_/Y ->         _13597_/A
   3712.0 ps                                _3426_:           _13597_/Y ->         _13598_/B
   3839.9 ps                                _3427_:           _13598_/Y -> BUFX2_insert931/A
   4023.4 ps                        _3427__bF$buf3:   BUFX2_insert931/Y ->         _13780_/A
   4122.1 ps                                _3565_:           _13780_/Y ->         _13865_/A
   4211.1 ps                                _3634_:           _13865_/Y ->         _13866_/C
   4274.6 ps                                _3635_:           _13866_/Y ->         _13867_/A
   4345.8 ps  \datapath.programcounter.pc_mux [31]:           _13867_/Y ->         _13591_/B
   4409.6 ps                                _3421_:           _13591_/Y ->         _13592_/C
   4463.8 ps     \datapath.programcounter._1_ [31]:           _13592_/Y ->         _13899_/D

   clock skew at destination = 36.9743
   setup at destination = 177.208

Path _10419_/CLK to _13891_/D delay 4662.88 ps
      0.0 ps                          CLK_bF$buf54: CLKBUF1_insert732/Y ->         _10419_/CLK
    235.7 ps                \datapath.aluinstr [1]:           _10419_/Q ->          _8808_/A
    395.1 ps                                  _20_:            _8808_/Y ->          _8813_/C
    507.3 ps                                  _25_:            _8813_/Y ->          _8817_/C
    624.5 ps                                  _29_:            _8817_/Y ->          _8826_/B
    782.5 ps                                  _37_:            _8826_/Y ->          _8835_/C
    984.3 ps                             alusel[1]:            _8835_/Y ->         _10867_/A
   1104.5 ps                                _1838_:           _10867_/Y ->         _10868_/B
   1233.6 ps                                _1839_:           _10868_/Y ->         _10950_/B
   1640.3 ps                                _1920_:           _10950_/Y ->         _11663_/B
   1932.3 ps                                _1065_:           _11663_/Y ->         _11664_/B
   2161.6 ps                                _1066_:           _11664_/Y ->         _11726_/A
   2322.0 ps                                _1132_:           _11726_/Y ->         _11731_/C
   2419.7 ps                                _1138_:           _11731_/Y ->         _11744_/C
   2483.8 ps                                _1152_:           _11744_/Y ->         _11745_/C
   2548.7 ps                                _1153_:           _11745_/Y ->         _11746_/C
   2610.9 ps                                _1154_:           _11746_/Y ->         _11747_/C
   2731.0 ps                  \datapath.alu.c [17]:           _11747_/Y ->         _12203_/C
   2815.6 ps                                _1642_:           _12203_/Y ->         _12204_/C
   2902.4 ps                                _1643_:           _12204_/Y ->         _12207_/B
   2992.4 ps                                _1646_:           _12207_/Y ->         _12208_/C
   3078.2 ps                                _1648_:           _12208_/Y ->         _12209_/C
   3151.0 ps                      \datapath.alu.z :           _12209_/Y ->          _9364_/B
   3264.5 ps                                 _314_:            _9364_/Y ->          _9365_/A
   3383.8 ps                   \datapath.tkbranch :            _9365_/Y ->          _9638_/A
   3467.9 ps                                 _521_:            _9638_/Y ->          _9640_/A
   3606.6 ps                       \datapath._34_ :            _9640_/Y ->         _13597_/A
   3712.0 ps                                _3426_:           _13597_/Y ->         _13598_/B
   3839.9 ps                                _3427_:           _13598_/Y -> BUFX2_insert931/A
   4023.4 ps                        _3427__bF$buf3:   BUFX2_insert931/Y ->         _13780_/A
   4122.1 ps                                _3565_:           _13780_/Y ->         _13782_/A
   4211.1 ps                                _3567_:           _13782_/Y ->         _13783_/C
   4275.3 ps                                _3568_:           _13783_/Y ->         _13784_/C
   4330.5 ps  \datapath.programcounter.pc_mux [23]:           _13784_/Y ->         _13566_/A
   4389.3 ps                                _3404_:           _13566_/Y ->         _13568_/A
   4461.8 ps     \datapath.programcounter._1_ [23]:           _13568_/Y ->         _13891_/D

   clock skew at destination = 20.5453
   setup at destination = 180.518

Path _10419_/CLK to _13882_/D delay 4629.34 ps
      0.0 ps                          CLK_bF$buf54: CLKBUF1_insert732/Y ->        _10419_/CLK
    235.7 ps                \datapath.aluinstr [1]:           _10419_/Q ->         _8808_/A
    395.1 ps                                  _20_:            _8808_/Y ->         _8813_/C
    507.3 ps                                  _25_:            _8813_/Y ->         _8817_/C
    624.5 ps                                  _29_:            _8817_/Y ->         _8826_/B
    782.5 ps                                  _37_:            _8826_/Y ->         _8835_/C
    984.3 ps                             alusel[1]:            _8835_/Y ->        _10867_/A
   1104.5 ps                                _1838_:           _10867_/Y ->        _10868_/B
   1233.6 ps                                _1839_:           _10868_/Y ->        _10950_/B
   1640.3 ps                                _1920_:           _10950_/Y ->        _11663_/B
   1932.3 ps                                _1065_:           _11663_/Y ->        _11664_/B
   2161.6 ps                                _1066_:           _11664_/Y ->        _11726_/A
   2322.0 ps                                _1132_:           _11726_/Y ->        _11731_/C
   2419.7 ps                                _1138_:           _11731_/Y ->        _11744_/C
   2483.8 ps                                _1152_:           _11744_/Y ->        _11745_/C
   2548.7 ps                                _1153_:           _11745_/Y ->        _11746_/C
   2610.9 ps                                _1154_:           _11746_/Y ->        _11747_/C
   2731.0 ps                  \datapath.alu.c [17]:           _11747_/Y ->        _12203_/C
   2815.6 ps                                _1642_:           _12203_/Y ->        _12204_/C
   2902.4 ps                                _1643_:           _12204_/Y ->        _12207_/B
   2992.4 ps                                _1646_:           _12207_/Y ->        _12208_/C
   3078.2 ps                                _1648_:           _12208_/Y ->        _12209_/C
   3151.0 ps                      \datapath.alu.z :           _12209_/Y ->         _9364_/B
   3264.5 ps                                 _314_:            _9364_/Y ->         _9365_/A
   3383.8 ps                   \datapath.tkbranch :            _9365_/Y ->         _9638_/A
   3467.9 ps                                 _521_:            _9638_/Y ->         _9640_/A
   3606.6 ps                       \datapath._34_ :            _9640_/Y ->        _13597_/A
   3712.0 ps                                _3426_:           _13597_/Y ->        _13600_/A
   3840.5 ps                                _3429_:           _13600_/Y -> BUFX2_insert49/A
   4044.1 ps                        _3429__bF$buf4:    BUFX2_insert49/Y ->        _13699_/B
   4133.7 ps                                _3502_:           _13699_/Y ->        _13701_/B
   4201.5 ps                                _3504_:           _13701_/Y ->        _13702_/C
   4262.0 ps                                _3505_:           _13702_/Y ->        _13703_/C
   4325.5 ps  \datapath.programcounter.pc_mux [14]:           _13703_/Y ->        _13540_/B
   4390.0 ps                                _3387_:           _13540_/Y ->        _13541_/C
   4444.3 ps     \datapath.programcounter._1_ [14]:           _13541_/Y ->        _13882_/D

   clock skew at destination = 8.39217
   setup at destination = 176.602

Path _10419_/CLK to _13879_/D delay 4562.79 ps
      0.0 ps                          CLK_bF$buf54: CLKBUF1_insert732/Y ->        _10419_/CLK
    235.7 ps                \datapath.aluinstr [1]:           _10419_/Q ->         _8808_/A
    395.1 ps                                  _20_:            _8808_/Y ->         _8813_/C
    507.3 ps                                  _25_:            _8813_/Y ->         _8817_/C
    624.5 ps                                  _29_:            _8817_/Y ->         _8826_/B
    782.5 ps                                  _37_:            _8826_/Y ->         _8835_/C
    984.3 ps                             alusel[1]:            _8835_/Y ->        _10867_/A
   1104.5 ps                                _1838_:           _10867_/Y ->        _10868_/B
   1233.6 ps                                _1839_:           _10868_/Y ->        _10950_/B
   1640.3 ps                                _1920_:           _10950_/Y ->        _11663_/B
   1932.3 ps                                _1065_:           _11663_/Y ->        _11664_/B
   2161.6 ps                                _1066_:           _11664_/Y ->        _11726_/A
   2322.0 ps                                _1132_:           _11726_/Y ->        _11731_/C
   2419.7 ps                                _1138_:           _11731_/Y ->        _11744_/C
   2483.8 ps                                _1152_:           _11744_/Y ->        _11745_/C
   2548.7 ps                                _1153_:           _11745_/Y ->        _11746_/C
   2610.9 ps                                _1154_:           _11746_/Y ->        _11747_/C
   2731.0 ps                  \datapath.alu.c [17]:           _11747_/Y ->        _12203_/C
   2815.6 ps                                _1642_:           _12203_/Y ->        _12204_/C
   2902.4 ps                                _1643_:           _12204_/Y ->        _12207_/B
   2992.4 ps                                _1646_:           _12207_/Y ->        _12208_/C
   3078.2 ps                                _1648_:           _12208_/Y ->        _12209_/C
   3151.0 ps                      \datapath.alu.z :           _12209_/Y ->         _9364_/B
   3264.5 ps                                 _314_:            _9364_/Y ->         _9365_/A
   3383.8 ps                   \datapath.tkbranch :            _9365_/Y ->         _9638_/A
   3467.9 ps                                 _521_:            _9638_/Y ->         _9640_/A
   3606.6 ps                       \datapath._34_ :            _9640_/Y ->        _13597_/A
   3712.0 ps                                _3426_:           _13597_/Y ->        _13600_/A
   3840.5 ps                                _3429_:           _13600_/Y -> BUFX2_insert49/A
   4044.1 ps                        _3429__bF$buf4:    BUFX2_insert49/Y ->        _13671_/D
   4143.9 ps                                _3480_:           _13671_/Y ->        _13672_/B
   4227.4 ps  \datapath.programcounter.pc_mux [11]:           _13672_/Y ->        _13530_/A
   4288.8 ps                                _3380_:           _13530_/Y ->        _13532_/A
   4361.6 ps     \datapath.programcounter._1_ [11]:           _13532_/Y ->        _13879_/D

   clock skew at destination = 20.5453
   setup at destination = 180.645

Path _10419_/CLK to _13884_/D delay 4556.83 ps
      0.0 ps                          CLK_bF$buf54: CLKBUF1_insert732/Y ->        _10419_/CLK
    235.7 ps                \datapath.aluinstr [1]:           _10419_/Q ->         _8808_/A
    395.1 ps                                  _20_:            _8808_/Y ->         _8813_/C
    507.3 ps                                  _25_:            _8813_/Y ->         _8817_/C
    624.5 ps                                  _29_:            _8817_/Y ->         _8826_/B
    782.5 ps                                  _37_:            _8826_/Y ->         _8835_/C
    984.3 ps                             alusel[1]:            _8835_/Y ->        _10867_/A
   1104.5 ps                                _1838_:           _10867_/Y ->        _10868_/B
   1233.6 ps                                _1839_:           _10868_/Y ->        _10950_/B
   1640.3 ps                                _1920_:           _10950_/Y ->        _11663_/B
   1932.3 ps                                _1065_:           _11663_/Y ->        _11664_/B
   2161.6 ps                                _1066_:           _11664_/Y ->        _11726_/A
   2322.0 ps                                _1132_:           _11726_/Y ->        _11731_/C
   2419.7 ps                                _1138_:           _11731_/Y ->        _11744_/C
   2483.8 ps                                _1152_:           _11744_/Y ->        _11745_/C
   2548.7 ps                                _1153_:           _11745_/Y ->        _11746_/C
   2610.9 ps                                _1154_:           _11746_/Y ->        _11747_/C
   2731.0 ps                  \datapath.alu.c [17]:           _11747_/Y ->        _12203_/C
   2815.6 ps                                _1642_:           _12203_/Y ->        _12204_/C
   2902.4 ps                                _1643_:           _12204_/Y ->        _12207_/B
   2992.4 ps                                _1646_:           _12207_/Y ->        _12208_/C
   3078.2 ps                                _1648_:           _12208_/Y ->        _12209_/C
   3151.0 ps                      \datapath.alu.z :           _12209_/Y ->         _9364_/B
   3264.5 ps                                 _314_:            _9364_/Y ->         _9365_/A
   3383.8 ps                   \datapath.tkbranch :            _9365_/Y ->         _9638_/A
   3467.9 ps                                 _521_:            _9638_/Y ->         _9640_/A
   3606.6 ps                       \datapath._34_ :            _9640_/Y ->        _13597_/A
   3712.0 ps                                _3426_:           _13597_/Y ->        _13600_/A
   3840.5 ps                                _3429_:           _13600_/Y -> BUFX2_insert49/A
   4044.1 ps                        _3429__bF$buf4:    BUFX2_insert49/Y ->        _13723_/D
   4143.9 ps                                _3522_:           _13723_/Y ->        _13724_/B
   4238.2 ps  \datapath.programcounter.pc_mux [16]:           _13724_/Y ->        _13546_/B
   4304.2 ps                                _3391_:           _13546_/Y ->        _13547_/C
   4358.9 ps     \datapath.programcounter._1_ [16]:           _13547_/Y ->        _13884_/D

   clock skew at destination = 20.5453
   setup at destination = 177.426

Path _10419_/CLK to _13886_/D delay 4555.81 ps
      0.0 ps                          CLK_bF$buf54: CLKBUF1_insert732/Y ->        _10419_/CLK
    235.7 ps                \datapath.aluinstr [1]:           _10419_/Q ->         _8808_/A
    395.1 ps                                  _20_:            _8808_/Y ->         _8813_/C
    507.3 ps                                  _25_:            _8813_/Y ->         _8817_/C
    624.5 ps                                  _29_:            _8817_/Y ->         _8826_/B
    782.5 ps                                  _37_:            _8826_/Y ->         _8835_/C
    984.3 ps                             alusel[1]:            _8835_/Y ->        _10867_/A
   1104.5 ps                                _1838_:           _10867_/Y ->        _10868_/B
   1233.6 ps                                _1839_:           _10868_/Y ->        _10950_/B
   1640.3 ps                                _1920_:           _10950_/Y ->        _11663_/B
   1932.3 ps                                _1065_:           _11663_/Y ->        _11664_/B
   2161.6 ps                                _1066_:           _11664_/Y ->        _11726_/A
   2322.0 ps                                _1132_:           _11726_/Y ->        _11731_/C
   2419.7 ps                                _1138_:           _11731_/Y ->        _11744_/C
   2483.8 ps                                _1152_:           _11744_/Y ->        _11745_/C
   2548.7 ps                                _1153_:           _11745_/Y ->        _11746_/C
   2610.9 ps                                _1154_:           _11746_/Y ->        _11747_/C
   2731.0 ps                  \datapath.alu.c [17]:           _11747_/Y ->        _12203_/C
   2815.6 ps                                _1642_:           _12203_/Y ->        _12204_/C
   2902.4 ps                                _1643_:           _12204_/Y ->        _12207_/B
   2992.4 ps                                _1646_:           _12207_/Y ->        _12208_/C
   3078.2 ps                                _1648_:           _12208_/Y ->        _12209_/C
   3151.0 ps                      \datapath.alu.z :           _12209_/Y ->         _9364_/B
   3264.5 ps                                 _314_:            _9364_/Y ->         _9365_/A
   3383.8 ps                   \datapath.tkbranch :            _9365_/Y ->         _9638_/A
   3467.9 ps                                 _521_:            _9638_/Y ->         _9640_/A
   3606.6 ps                       \datapath._34_ :            _9640_/Y ->        _13597_/A
   3712.0 ps                                _3426_:           _13597_/Y ->        _13600_/A
   3840.5 ps                                _3429_:           _13600_/Y -> BUFX2_insert50/A
   4043.6 ps                        _3429__bF$buf3:    BUFX2_insert50/Y ->        _13740_/D
   4143.0 ps                                _3535_:           _13740_/Y ->        _13741_/B
   4237.2 ps  \datapath.programcounter.pc_mux [18]:           _13741_/Y ->        _13552_/B
   4303.2 ps                                _3395_:           _13552_/Y ->        _13553_/C
   4357.8 ps     \datapath.programcounter._1_ [18]:           _13553_/Y ->        _13886_/D

   clock skew at destination = 20.5453
   setup at destination = 177.425

Path _10419_/CLK to _13893_/D delay 4555.81 ps
      0.0 ps                          CLK_bF$buf54: CLKBUF1_insert732/Y ->        _10419_/CLK
    235.7 ps                \datapath.aluinstr [1]:           _10419_/Q ->         _8808_/A
    395.1 ps                                  _20_:            _8808_/Y ->         _8813_/C
    507.3 ps                                  _25_:            _8813_/Y ->         _8817_/C
    624.5 ps                                  _29_:            _8817_/Y ->         _8826_/B
    782.5 ps                                  _37_:            _8826_/Y ->         _8835_/C
    984.3 ps                             alusel[1]:            _8835_/Y ->        _10867_/A
   1104.5 ps                                _1838_:           _10867_/Y ->        _10868_/B
   1233.6 ps                                _1839_:           _10868_/Y ->        _10950_/B
   1640.3 ps                                _1920_:           _10950_/Y ->        _11663_/B
   1932.3 ps                                _1065_:           _11663_/Y ->        _11664_/B
   2161.6 ps                                _1066_:           _11664_/Y ->        _11726_/A
   2322.0 ps                                _1132_:           _11726_/Y ->        _11731_/C
   2419.7 ps                                _1138_:           _11731_/Y ->        _11744_/C
   2483.8 ps                                _1152_:           _11744_/Y ->        _11745_/C
   2548.7 ps                                _1153_:           _11745_/Y ->        _11746_/C
   2610.9 ps                                _1154_:           _11746_/Y ->        _11747_/C
   2731.0 ps                  \datapath.alu.c [17]:           _11747_/Y ->        _12203_/C
   2815.6 ps                                _1642_:           _12203_/Y ->        _12204_/C
   2902.4 ps                                _1643_:           _12204_/Y ->        _12207_/B
   2992.4 ps                                _1646_:           _12207_/Y ->        _12208_/C
   3078.2 ps                                _1648_:           _12208_/Y ->        _12209_/C
   3151.0 ps                      \datapath.alu.z :           _12209_/Y ->         _9364_/B
   3264.5 ps                                 _314_:            _9364_/Y ->         _9365_/A
   3383.8 ps                   \datapath.tkbranch :            _9365_/Y ->         _9638_/A
   3467.9 ps                                 _521_:            _9638_/Y ->         _9640_/A
   3606.6 ps                       \datapath._34_ :            _9640_/Y ->        _13597_/A
   3712.0 ps                                _3426_:           _13597_/Y ->        _13600_/A
   3840.5 ps                                _3429_:           _13600_/Y -> BUFX2_insert50/A
   4043.6 ps                        _3429__bF$buf3:    BUFX2_insert50/Y ->        _13805_/D
   4143.0 ps                                _3586_:           _13805_/Y ->        _13806_/B
   4237.2 ps  \datapath.programcounter.pc_mux [25]:           _13806_/Y ->        _13573_/B
   4303.2 ps                                _3409_:           _13573_/Y ->        _13574_/C
   4357.8 ps     \datapath.programcounter._1_ [25]:           _13574_/Y ->        _13893_/D

   clock skew at destination = 20.5453
   setup at destination = 177.425

Path _10419_/CLK to _13894_/D delay 4555.81 ps
      0.0 ps                          CLK_bF$buf54: CLKBUF1_insert732/Y ->        _10419_/CLK
    235.7 ps                \datapath.aluinstr [1]:           _10419_/Q ->         _8808_/A
    395.1 ps                                  _20_:            _8808_/Y ->         _8813_/C
    507.3 ps                                  _25_:            _8813_/Y ->         _8817_/C
    624.5 ps                                  _29_:            _8817_/Y ->         _8826_/B
    782.5 ps                                  _37_:            _8826_/Y ->         _8835_/C
    984.3 ps                             alusel[1]:            _8835_/Y ->        _10867_/A
   1104.5 ps                                _1838_:           _10867_/Y ->        _10868_/B
   1233.6 ps                                _1839_:           _10868_/Y ->        _10950_/B
   1640.3 ps                                _1920_:           _10950_/Y ->        _11663_/B
   1932.3 ps                                _1065_:           _11663_/Y ->        _11664_/B
   2161.6 ps                                _1066_:           _11664_/Y ->        _11726_/A
   2322.0 ps                                _1132_:           _11726_/Y ->        _11731_/C
   2419.7 ps                                _1138_:           _11731_/Y ->        _11744_/C
   2483.8 ps                                _1152_:           _11744_/Y ->        _11745_/C
   2548.7 ps                                _1153_:           _11745_/Y ->        _11746_/C
   2610.9 ps                                _1154_:           _11746_/Y ->        _11747_/C
   2731.0 ps                  \datapath.alu.c [17]:           _11747_/Y ->        _12203_/C
   2815.6 ps                                _1642_:           _12203_/Y ->        _12204_/C
   2902.4 ps                                _1643_:           _12204_/Y ->        _12207_/B
   2992.4 ps                                _1646_:           _12207_/Y ->        _12208_/C
   3078.2 ps                                _1648_:           _12208_/Y ->        _12209_/C
   3151.0 ps                      \datapath.alu.z :           _12209_/Y ->         _9364_/B
   3264.5 ps                                 _314_:            _9364_/Y ->         _9365_/A
   3383.8 ps                   \datapath.tkbranch :            _9365_/Y ->         _9638_/A
   3467.9 ps                                 _521_:            _9638_/Y ->         _9640_/A
   3606.6 ps                       \datapath._34_ :            _9640_/Y ->        _13597_/A
   3712.0 ps                                _3426_:           _13597_/Y ->        _13600_/A
   3840.5 ps                                _3429_:           _13600_/Y -> BUFX2_insert50/A
   4043.6 ps                        _3429__bF$buf3:    BUFX2_insert50/Y ->        _13815_/D
   4143.0 ps                                _3594_:           _13815_/Y ->        _13816_/B
   4237.2 ps  \datapath.programcounter.pc_mux [26]:           _13816_/Y ->        _13576_/B
   4303.2 ps                                _3411_:           _13576_/Y ->        _13577_/C
   4357.8 ps     \datapath.programcounter._1_ [26]:           _13577_/Y ->        _13894_/D

   clock skew at destination = 20.5453
   setup at destination = 177.425

Path _10419_/CLK to _13892_/D delay 4555.81 ps
      0.0 ps                          CLK_bF$buf54: CLKBUF1_insert732/Y ->        _10419_/CLK
    235.7 ps                \datapath.aluinstr [1]:           _10419_/Q ->         _8808_/A
    395.1 ps                                  _20_:            _8808_/Y ->         _8813_/C
    507.3 ps                                  _25_:            _8813_/Y ->         _8817_/C
    624.5 ps                                  _29_:            _8817_/Y ->         _8826_/B
    782.5 ps                                  _37_:            _8826_/Y ->         _8835_/C
    984.3 ps                             alusel[1]:            _8835_/Y ->        _10867_/A
   1104.5 ps                                _1838_:           _10867_/Y ->        _10868_/B
   1233.6 ps                                _1839_:           _10868_/Y ->        _10950_/B
   1640.3 ps                                _1920_:           _10950_/Y ->        _11663_/B
   1932.3 ps                                _1065_:           _11663_/Y ->        _11664_/B
   2161.6 ps                                _1066_:           _11664_/Y ->        _11726_/A
   2322.0 ps                                _1132_:           _11726_/Y ->        _11731_/C
   2419.7 ps                                _1138_:           _11731_/Y ->        _11744_/C
   2483.8 ps                                _1152_:           _11744_/Y ->        _11745_/C
   2548.7 ps                                _1153_:           _11745_/Y ->        _11746_/C
   2610.9 ps                                _1154_:           _11746_/Y ->        _11747_/C
   2731.0 ps                  \datapath.alu.c [17]:           _11747_/Y ->        _12203_/C
   2815.6 ps                                _1642_:           _12203_/Y ->        _12204_/C
   2902.4 ps                                _1643_:           _12204_/Y ->        _12207_/B
   2992.4 ps                                _1646_:           _12207_/Y ->        _12208_/C
   3078.2 ps                                _1648_:           _12208_/Y ->        _12209_/C
   3151.0 ps                      \datapath.alu.z :           _12209_/Y ->         _9364_/B
   3264.5 ps                                 _314_:            _9364_/Y ->         _9365_/A
   3383.8 ps                   \datapath.tkbranch :            _9365_/Y ->         _9638_/A
   3467.9 ps                                 _521_:            _9638_/Y ->         _9640_/A
   3606.6 ps                       \datapath._34_ :            _9640_/Y ->        _13597_/A
   3712.0 ps                                _3426_:           _13597_/Y ->        _13600_/A
   3840.5 ps                                _3429_:           _13600_/Y -> BUFX2_insert50/A
   4043.6 ps                        _3429__bF$buf3:    BUFX2_insert50/Y ->        _13792_/D
   4143.0 ps                                _3575_:           _13792_/Y ->        _13793_/B
   4237.2 ps  \datapath.programcounter.pc_mux [24]:           _13793_/Y ->        _13570_/B
   4303.2 ps                                _3407_:           _13570_/Y ->        _13571_/C
   4357.8 ps     \datapath.programcounter._1_ [24]:           _13571_/Y ->        _13892_/D

   clock skew at destination = 20.5453
   setup at destination = 177.425

Path _10419_/CLK to _13883_/D delay 4552.74 ps
      0.0 ps                          CLK_bF$buf54: CLKBUF1_insert732/Y ->        _10419_/CLK
    235.7 ps                \datapath.aluinstr [1]:           _10419_/Q ->         _8808_/A
    395.1 ps                                  _20_:            _8808_/Y ->         _8813_/C
    507.3 ps                                  _25_:            _8813_/Y ->         _8817_/C
    624.5 ps                                  _29_:            _8817_/Y ->         _8826_/B
    782.5 ps                                  _37_:            _8826_/Y ->         _8835_/C
    984.3 ps                             alusel[1]:            _8835_/Y ->        _10867_/A
   1104.5 ps                                _1838_:           _10867_/Y ->        _10868_/B
   1233.6 ps                                _1839_:           _10868_/Y ->        _10950_/B
   1640.3 ps                                _1920_:           _10950_/Y ->        _11663_/B
   1932.3 ps                                _1065_:           _11663_/Y ->        _11664_/B
   2161.6 ps                                _1066_:           _11664_/Y ->        _11726_/A
   2322.0 ps                                _1132_:           _11726_/Y ->        _11731_/C
   2419.7 ps                                _1138_:           _11731_/Y ->        _11744_/C
   2483.8 ps                                _1152_:           _11744_/Y ->        _11745_/C
   2548.7 ps                                _1153_:           _11745_/Y ->        _11746_/C
   2610.9 ps                                _1154_:           _11746_/Y ->        _11747_/C
   2731.0 ps                  \datapath.alu.c [17]:           _11747_/Y ->        _12203_/C
   2815.6 ps                                _1642_:           _12203_/Y ->        _12204_/C
   2902.4 ps                                _1643_:           _12204_/Y ->        _12207_/B
   2992.4 ps                                _1646_:           _12207_/Y ->        _12208_/C
   3078.2 ps                                _1648_:           _12208_/Y ->        _12209_/C
   3151.0 ps                      \datapath.alu.z :           _12209_/Y ->         _9364_/B
   3264.5 ps                                 _314_:            _9364_/Y ->         _9365_/A
   3383.8 ps                   \datapath.tkbranch :            _9365_/Y ->         _9638_/A
   3467.9 ps                                 _521_:            _9638_/Y ->         _9640_/A
   3606.6 ps                       \datapath._34_ :            _9640_/Y ->        _13597_/A
   3712.0 ps                                _3426_:           _13597_/Y ->        _13600_/A
   3840.5 ps                                _3429_:           _13600_/Y -> BUFX2_insert49/A
   4044.1 ps                        _3429__bF$buf4:    BUFX2_insert49/Y ->        _13711_/B
   4140.0 ps                                _3512_:           _13711_/Y ->        _13713_/A
   4242.3 ps  \datapath.programcounter.pc_mux [15]:           _13713_/Y ->        _13543_/B
   4311.6 ps                                _3389_:           _13543_/Y ->        _13544_/C
   4366.9 ps     \datapath.programcounter._1_ [15]:           _13544_/Y ->        _13883_/D

   clock skew at destination = 8.39217
   setup at destination = 177.461

Path _10419_/CLK to _13888_/D delay 4548.12 ps
      0.0 ps                          CLK_bF$buf54: CLKBUF1_insert732/Y ->        _10419_/CLK
    235.7 ps                \datapath.aluinstr [1]:           _10419_/Q ->         _8808_/A
    395.1 ps                                  _20_:            _8808_/Y ->         _8813_/C
    507.3 ps                                  _25_:            _8813_/Y ->         _8817_/C
    624.5 ps                                  _29_:            _8817_/Y ->         _8826_/B
    782.5 ps                                  _37_:            _8826_/Y ->         _8835_/C
    984.3 ps                             alusel[1]:            _8835_/Y ->        _10867_/A
   1104.5 ps                                _1838_:           _10867_/Y ->        _10868_/B
   1233.6 ps                                _1839_:           _10868_/Y ->        _10950_/B
   1640.3 ps                                _1920_:           _10950_/Y ->        _11663_/B
   1932.3 ps                                _1065_:           _11663_/Y ->        _11664_/B
   2161.6 ps                                _1066_:           _11664_/Y ->        _11726_/A
   2322.0 ps                                _1132_:           _11726_/Y ->        _11731_/C
   2419.7 ps                                _1138_:           _11731_/Y ->        _11744_/C
   2483.8 ps                                _1152_:           _11744_/Y ->        _11745_/C
   2548.7 ps                                _1153_:           _11745_/Y ->        _11746_/C
   2610.9 ps                                _1154_:           _11746_/Y ->        _11747_/C
   2731.0 ps                  \datapath.alu.c [17]:           _11747_/Y ->        _12203_/C
   2815.6 ps                                _1642_:           _12203_/Y ->        _12204_/C
   2902.4 ps                                _1643_:           _12204_/Y ->        _12207_/B
   2992.4 ps                                _1646_:           _12207_/Y ->        _12208_/C
   3078.2 ps                                _1648_:           _12208_/Y ->        _12209_/C
   3151.0 ps                      \datapath.alu.z :           _12209_/Y ->         _9364_/B
   3264.5 ps                                 _314_:            _9364_/Y ->         _9365_/A
   3383.8 ps                   \datapath.tkbranch :            _9365_/Y ->         _9638_/A
   3467.9 ps                                 _521_:            _9638_/Y ->         _9640_/A
   3606.6 ps                       \datapath._34_ :            _9640_/Y ->        _13597_/A
   3712.0 ps                                _3426_:           _13597_/Y ->        _13600_/A
   3840.5 ps                                _3429_:           _13600_/Y -> BUFX2_insert51/A
   4038.4 ps                        _3429__bF$buf2:    BUFX2_insert51/Y ->        _13757_/D
   4135.9 ps                                _3548_:           _13757_/Y ->        _13758_/B
   4229.6 ps  \datapath.programcounter.pc_mux [20]:           _13758_/Y ->        _13558_/B
   4295.5 ps                                _3399_:           _13558_/Y ->        _13559_/C
   4350.2 ps     \datapath.programcounter._1_ [20]:           _13559_/Y ->        _13888_/D

   clock skew at destination = 20.5453
   setup at destination = 177.419

Path _10419_/CLK to _13885_/D delay 4548.12 ps
      0.0 ps                          CLK_bF$buf54: CLKBUF1_insert732/Y ->        _10419_/CLK
    235.7 ps                \datapath.aluinstr [1]:           _10419_/Q ->         _8808_/A
    395.1 ps                                  _20_:            _8808_/Y ->         _8813_/C
    507.3 ps                                  _25_:            _8813_/Y ->         _8817_/C
    624.5 ps                                  _29_:            _8817_/Y ->         _8826_/B
    782.5 ps                                  _37_:            _8826_/Y ->         _8835_/C
    984.3 ps                             alusel[1]:            _8835_/Y ->        _10867_/A
   1104.5 ps                                _1838_:           _10867_/Y ->        _10868_/B
   1233.6 ps                                _1839_:           _10868_/Y ->        _10950_/B
   1640.3 ps                                _1920_:           _10950_/Y ->        _11663_/B
   1932.3 ps                                _1065_:           _11663_/Y ->        _11664_/B
   2161.6 ps                                _1066_:           _11664_/Y ->        _11726_/A
   2322.0 ps                                _1132_:           _11726_/Y ->        _11731_/C
   2419.7 ps                                _1138_:           _11731_/Y ->        _11744_/C
   2483.8 ps                                _1152_:           _11744_/Y ->        _11745_/C
   2548.7 ps                                _1153_:           _11745_/Y ->        _11746_/C
   2610.9 ps                                _1154_:           _11746_/Y ->        _11747_/C
   2731.0 ps                  \datapath.alu.c [17]:           _11747_/Y ->        _12203_/C
   2815.6 ps                                _1642_:           _12203_/Y ->        _12204_/C
   2902.4 ps                                _1643_:           _12204_/Y ->        _12207_/B
   2992.4 ps                                _1646_:           _12207_/Y ->        _12208_/C
   3078.2 ps                                _1648_:           _12208_/Y ->        _12209_/C
   3151.0 ps                      \datapath.alu.z :           _12209_/Y ->         _9364_/B
   3264.5 ps                                 _314_:            _9364_/Y ->         _9365_/A
   3383.8 ps                   \datapath.tkbranch :            _9365_/Y ->         _9638_/A
   3467.9 ps                                 _521_:            _9638_/Y ->         _9640_/A
   3606.6 ps                       \datapath._34_ :            _9640_/Y ->        _13597_/A
   3712.0 ps                                _3426_:           _13597_/Y ->        _13600_/A
   3840.5 ps                                _3429_:           _13600_/Y -> BUFX2_insert51/A
   4038.4 ps                        _3429__bF$buf2:    BUFX2_insert51/Y ->        _13728_/D
   4135.9 ps                                _3525_:           _13728_/Y ->        _13729_/B
   4229.6 ps  \datapath.programcounter.pc_mux [17]:           _13729_/Y ->        _13549_/B
   4295.5 ps                                _3393_:           _13549_/Y ->        _13550_/C
   4350.2 ps     \datapath.programcounter._1_ [17]:           _13550_/Y ->        _13885_/D

   clock skew at destination = 20.5453
   setup at destination = 177.419

Path _10419_/CLK to _13887_/D delay 4548.12 ps
      0.0 ps                          CLK_bF$buf54: CLKBUF1_insert732/Y ->        _10419_/CLK
    235.7 ps                \datapath.aluinstr [1]:           _10419_/Q ->         _8808_/A
    395.1 ps                                  _20_:            _8808_/Y ->         _8813_/C
    507.3 ps                                  _25_:            _8813_/Y ->         _8817_/C
    624.5 ps                                  _29_:            _8817_/Y ->         _8826_/B
    782.5 ps                                  _37_:            _8826_/Y ->         _8835_/C
    984.3 ps                             alusel[1]:            _8835_/Y ->        _10867_/A
   1104.5 ps                                _1838_:           _10867_/Y ->        _10868_/B
   1233.6 ps                                _1839_:           _10868_/Y ->        _10950_/B
   1640.3 ps                                _1920_:           _10950_/Y ->        _11663_/B
   1932.3 ps                                _1065_:           _11663_/Y ->        _11664_/B
   2161.6 ps                                _1066_:           _11664_/Y ->        _11726_/A
   2322.0 ps                                _1132_:           _11726_/Y ->        _11731_/C
   2419.7 ps                                _1138_:           _11731_/Y ->        _11744_/C
   2483.8 ps                                _1152_:           _11744_/Y ->        _11745_/C
   2548.7 ps                                _1153_:           _11745_/Y ->        _11746_/C
   2610.9 ps                                _1154_:           _11746_/Y ->        _11747_/C
   2731.0 ps                  \datapath.alu.c [17]:           _11747_/Y ->        _12203_/C
   2815.6 ps                                _1642_:           _12203_/Y ->        _12204_/C
   2902.4 ps                                _1643_:           _12204_/Y ->        _12207_/B
   2992.4 ps                                _1646_:           _12207_/Y ->        _12208_/C
   3078.2 ps                                _1648_:           _12208_/Y ->        _12209_/C
   3151.0 ps                      \datapath.alu.z :           _12209_/Y ->         _9364_/B
   3264.5 ps                                 _314_:            _9364_/Y ->         _9365_/A
   3383.8 ps                   \datapath.tkbranch :            _9365_/Y ->         _9638_/A
   3467.9 ps                                 _521_:            _9638_/Y ->         _9640_/A
   3606.6 ps                       \datapath._34_ :            _9640_/Y ->        _13597_/A
   3712.0 ps                                _3426_:           _13597_/Y ->        _13600_/A
   3840.5 ps                                _3429_:           _13600_/Y -> BUFX2_insert51/A
   4038.4 ps                        _3429__bF$buf2:    BUFX2_insert51/Y ->        _13749_/D
   4135.9 ps                                _3542_:           _13749_/Y ->        _13750_/B
   4229.6 ps  \datapath.programcounter.pc_mux [19]:           _13750_/Y ->        _13555_/B
   4295.5 ps                                _3397_:           _13555_/Y ->        _13556_/C
   4350.2 ps     \datapath.programcounter._1_ [19]:           _13556_/Y ->        _13887_/D

   clock skew at destination = 20.5453
   setup at destination = 177.419

Path _10419_/CLK to _13873_/D delay 4548.12 ps
      0.0 ps                         CLK_bF$buf54: CLKBUF1_insert732/Y ->        _10419_/CLK
    235.7 ps               \datapath.aluinstr [1]:           _10419_/Q ->         _8808_/A
    395.1 ps                                 _20_:            _8808_/Y ->         _8813_/C
    507.3 ps                                 _25_:            _8813_/Y ->         _8817_/C
    624.5 ps                                 _29_:            _8817_/Y ->         _8826_/B
    782.5 ps                                 _37_:            _8826_/Y ->         _8835_/C
    984.3 ps                            alusel[1]:            _8835_/Y ->        _10867_/A
   1104.5 ps                               _1838_:           _10867_/Y ->        _10868_/B
   1233.6 ps                               _1839_:           _10868_/Y ->        _10950_/B
   1640.3 ps                               _1920_:           _10950_/Y ->        _11663_/B
   1932.3 ps                               _1065_:           _11663_/Y ->        _11664_/B
   2161.6 ps                               _1066_:           _11664_/Y ->        _11726_/A
   2322.0 ps                               _1132_:           _11726_/Y ->        _11731_/C
   2419.7 ps                               _1138_:           _11731_/Y ->        _11744_/C
   2483.8 ps                               _1152_:           _11744_/Y ->        _11745_/C
   2548.7 ps                               _1153_:           _11745_/Y ->        _11746_/C
   2610.9 ps                               _1154_:           _11746_/Y ->        _11747_/C
   2731.0 ps                 \datapath.alu.c [17]:           _11747_/Y ->        _12203_/C
   2815.6 ps                               _1642_:           _12203_/Y ->        _12204_/C
   2902.4 ps                               _1643_:           _12204_/Y ->        _12207_/B
   2992.4 ps                               _1646_:           _12207_/Y ->        _12208_/C
   3078.2 ps                               _1648_:           _12208_/Y ->        _12209_/C
   3151.0 ps                     \datapath.alu.z :           _12209_/Y ->         _9364_/B
   3264.5 ps                                _314_:            _9364_/Y ->         _9365_/A
   3383.8 ps                  \datapath.tkbranch :            _9365_/Y ->         _9638_/A
   3467.9 ps                                _521_:            _9638_/Y ->         _9640_/A
   3606.6 ps                      \datapath._34_ :            _9640_/Y ->        _13597_/A
   3712.0 ps                               _3426_:           _13597_/Y ->        _13600_/A
   3840.5 ps                               _3429_:           _13600_/Y -> BUFX2_insert52/A
   4038.4 ps                       _3429__bF$buf1:    BUFX2_insert52/Y ->        _13628_/D
   4135.9 ps                               _3449_:           _13628_/Y ->        _13629_/B
   4229.6 ps  \datapath.programcounter.pc_mux [5]:           _13629_/Y ->        _13513_/B
   4295.5 ps                               _3369_:           _13513_/Y ->        _13514_/C
   4350.2 ps     \datapath.programcounter._1_ [5]:           _13514_/Y ->        _13873_/D

   clock skew at destination = 20.5453
   setup at destination = 177.419

Path _10419_/CLK to _13869_/D delay 4545.13 ps
      0.0 ps                         CLK_bF$buf54: CLKBUF1_insert732/Y ->        _10419_/CLK
    235.7 ps               \datapath.aluinstr [1]:           _10419_/Q ->         _8808_/A
    395.1 ps                                 _20_:            _8808_/Y ->         _8813_/C
    507.3 ps                                 _25_:            _8813_/Y ->         _8817_/C
    624.5 ps                                 _29_:            _8817_/Y ->         _8826_/B
    782.5 ps                                 _37_:            _8826_/Y ->         _8835_/C
    984.3 ps                            alusel[1]:            _8835_/Y ->        _10867_/A
   1104.5 ps                               _1838_:           _10867_/Y ->        _10868_/B
   1233.6 ps                               _1839_:           _10868_/Y ->        _10950_/B
   1640.3 ps                               _1920_:           _10950_/Y ->        _11663_/B
   1932.3 ps                               _1065_:           _11663_/Y ->        _11664_/B
   2161.6 ps                               _1066_:           _11664_/Y ->        _11726_/A
   2322.0 ps                               _1132_:           _11726_/Y ->        _11731_/C
   2419.7 ps                               _1138_:           _11731_/Y ->        _11744_/C
   2483.8 ps                               _1152_:           _11744_/Y ->        _11745_/C
   2548.7 ps                               _1153_:           _11745_/Y ->        _11746_/C
   2610.9 ps                               _1154_:           _11746_/Y ->        _11747_/C
   2731.0 ps                 \datapath.alu.c [17]:           _11747_/Y ->        _12203_/C
   2815.6 ps                               _1642_:           _12203_/Y ->        _12204_/C
   2902.4 ps                               _1643_:           _12204_/Y ->        _12207_/B
   2992.4 ps                               _1646_:           _12207_/Y ->        _12208_/C
   3078.2 ps                               _1648_:           _12208_/Y ->        _12209_/C
   3151.0 ps                     \datapath.alu.z :           _12209_/Y ->         _9364_/B
   3264.5 ps                                _314_:            _9364_/Y ->         _9365_/A
   3383.8 ps                  \datapath.tkbranch :            _9365_/Y ->         _9638_/A
   3467.9 ps                                _521_:            _9638_/Y ->         _9640_/A
   3606.6 ps                      \datapath._34_ :            _9640_/Y ->        _13597_/A
   3712.0 ps                               _3426_:           _13597_/Y ->        _13600_/A
   3840.5 ps                               _3429_:           _13600_/Y -> BUFX2_insert50/A
   4043.6 ps                       _3429__bF$buf3:    BUFX2_insert50/Y ->        _13605_/B
   4139.1 ps                               _3433_:           _13605_/Y ->        _13606_/B
   4219.7 ps  \datapath.programcounter.pc_mux [1]:           _13606_/Y ->        _13500_/A
   4280.6 ps                               _3361_:           _13500_/Y ->        _13502_/A
   4353.4 ps     \datapath.programcounter._1_ [1]:           _13502_/Y ->        _13869_/D

   clock skew at destination = 8.39217
   setup at destination = 183.306

Path _10419_/CLK to _13868_/D delay 4545.13 ps
      0.0 ps                         CLK_bF$buf54: CLKBUF1_insert732/Y ->        _10419_/CLK
    235.7 ps               \datapath.aluinstr [1]:           _10419_/Q ->         _8808_/A
    395.1 ps                                 _20_:            _8808_/Y ->         _8813_/C
    507.3 ps                                 _25_:            _8813_/Y ->         _8817_/C
    624.5 ps                                 _29_:            _8817_/Y ->         _8826_/B
    782.5 ps                                 _37_:            _8826_/Y ->         _8835_/C
    984.3 ps                            alusel[1]:            _8835_/Y ->        _10867_/A
   1104.5 ps                               _1838_:           _10867_/Y ->        _10868_/B
   1233.6 ps                               _1839_:           _10868_/Y ->        _10950_/B
   1640.3 ps                               _1920_:           _10950_/Y ->        _11663_/B
   1932.3 ps                               _1065_:           _11663_/Y ->        _11664_/B
   2161.6 ps                               _1066_:           _11664_/Y ->        _11726_/A
   2322.0 ps                               _1132_:           _11726_/Y ->        _11731_/C
   2419.7 ps                               _1138_:           _11731_/Y ->        _11744_/C
   2483.8 ps                               _1152_:           _11744_/Y ->        _11745_/C
   2548.7 ps                               _1153_:           _11745_/Y ->        _11746_/C
   2610.9 ps                               _1154_:           _11746_/Y ->        _11747_/C
   2731.0 ps                 \datapath.alu.c [17]:           _11747_/Y ->        _12203_/C
   2815.6 ps                               _1642_:           _12203_/Y ->        _12204_/C
   2902.4 ps                               _1643_:           _12204_/Y ->        _12207_/B
   2992.4 ps                               _1646_:           _12207_/Y ->        _12208_/C
   3078.2 ps                               _1648_:           _12208_/Y ->        _12209_/C
   3151.0 ps                     \datapath.alu.z :           _12209_/Y ->         _9364_/B
   3264.5 ps                                _314_:            _9364_/Y ->         _9365_/A
   3383.8 ps                  \datapath.tkbranch :            _9365_/Y ->         _9638_/A
   3467.9 ps                                _521_:            _9638_/Y ->         _9640_/A
   3606.6 ps                      \datapath._34_ :            _9640_/Y ->        _13597_/A
   3712.0 ps                               _3426_:           _13597_/Y ->        _13600_/A
   3840.5 ps                               _3429_:           _13600_/Y -> BUFX2_insert50/A
   4043.6 ps                       _3429__bF$buf3:    BUFX2_insert50/Y ->        _13601_/B
   4139.1 ps                               _3430_:           _13601_/Y ->        _13602_/B
   4219.7 ps  \datapath.programcounter.pc_mux [0]:           _13602_/Y ->        _13497_/A
   4280.6 ps                               _3359_:           _13497_/Y ->        _13499_/A
   4353.4 ps     \datapath.programcounter._1_ [0]:           _13499_/Y ->        _13868_/D

   clock skew at destination = 8.39217
   setup at destination = 183.306

Path _10419_/CLK to _13877_/D delay 4544.63 ps
      0.0 ps                         CLK_bF$buf54: CLKBUF1_insert732/Y ->        _10419_/CLK
    235.7 ps               \datapath.aluinstr [1]:           _10419_/Q ->         _8808_/A
    395.1 ps                                 _20_:            _8808_/Y ->         _8813_/C
    507.3 ps                                 _25_:            _8813_/Y ->         _8817_/C
    624.5 ps                                 _29_:            _8817_/Y ->         _8826_/B
    782.5 ps                                 _37_:            _8826_/Y ->         _8835_/C
    984.3 ps                            alusel[1]:            _8835_/Y ->        _10867_/A
   1104.5 ps                               _1838_:           _10867_/Y ->        _10868_/B
   1233.6 ps                               _1839_:           _10868_/Y ->        _10950_/B
   1640.3 ps                               _1920_:           _10950_/Y ->        _11663_/B
   1932.3 ps                               _1065_:           _11663_/Y ->        _11664_/B
   2161.6 ps                               _1066_:           _11664_/Y ->        _11726_/A
   2322.0 ps                               _1132_:           _11726_/Y ->        _11731_/C
   2419.7 ps                               _1138_:           _11731_/Y ->        _11744_/C
   2483.8 ps                               _1152_:           _11744_/Y ->        _11745_/C
   2548.7 ps                               _1153_:           _11745_/Y ->        _11746_/C
   2610.9 ps                               _1154_:           _11746_/Y ->        _11747_/C
   2731.0 ps                 \datapath.alu.c [17]:           _11747_/Y ->        _12203_/C
   2815.6 ps                               _1642_:           _12203_/Y ->        _12204_/C
   2902.4 ps                               _1643_:           _12204_/Y ->        _12207_/B
   2992.4 ps                               _1646_:           _12207_/Y ->        _12208_/C
   3078.2 ps                               _1648_:           _12208_/Y ->        _12209_/C
   3151.0 ps                     \datapath.alu.z :           _12209_/Y ->         _9364_/B
   3264.5 ps                                _314_:            _9364_/Y ->         _9365_/A
   3383.8 ps                  \datapath.tkbranch :            _9365_/Y ->         _9638_/A
   3467.9 ps                                _521_:            _9638_/Y ->         _9640_/A
   3606.6 ps                      \datapath._34_ :            _9640_/Y ->        _13597_/A
   3712.0 ps                               _3426_:           _13597_/Y ->        _13600_/A
   3840.5 ps                               _3429_:           _13600_/Y -> BUFX2_insert52/A
   4038.4 ps                       _3429__bF$buf1:    BUFX2_insert52/Y ->        _13658_/D
   4135.9 ps                               _3471_:           _13658_/Y ->        _13659_/B
   4218.8 ps  \datapath.programcounter.pc_mux [9]:           _13659_/Y ->        _13524_/A
   4280.1 ps                               _3376_:           _13524_/Y ->        _13526_/A
   4352.9 ps     \datapath.programcounter._1_ [9]:           _13526_/Y ->        _13877_/D

   clock skew at destination = 8.39217
   setup at destination = 183.34

Path _10419_/CLK to _13881_/D delay 4544.06 ps
      0.0 ps                          CLK_bF$buf54: CLKBUF1_insert732/Y ->        _10419_/CLK
    235.7 ps                \datapath.aluinstr [1]:           _10419_/Q ->         _8808_/A
    395.1 ps                                  _20_:            _8808_/Y ->         _8813_/C
    507.3 ps                                  _25_:            _8813_/Y ->         _8817_/C
    624.5 ps                                  _29_:            _8817_/Y ->         _8826_/B
    782.5 ps                                  _37_:            _8826_/Y ->         _8835_/C
    984.3 ps                             alusel[1]:            _8835_/Y ->        _10867_/A
   1104.5 ps                                _1838_:           _10867_/Y ->        _10868_/B
   1233.6 ps                                _1839_:           _10868_/Y ->        _10950_/B
   1640.3 ps                                _1920_:           _10950_/Y ->        _11663_/B
   1932.3 ps                                _1065_:           _11663_/Y ->        _11664_/B
   2161.6 ps                                _1066_:           _11664_/Y ->        _11726_/A
   2322.0 ps                                _1132_:           _11726_/Y ->        _11731_/C
   2419.7 ps                                _1138_:           _11731_/Y ->        _11744_/C
   2483.8 ps                                _1152_:           _11744_/Y ->        _11745_/C
   2548.7 ps                                _1153_:           _11745_/Y ->        _11746_/C
   2610.9 ps                                _1154_:           _11746_/Y ->        _11747_/C
   2731.0 ps                  \datapath.alu.c [17]:           _11747_/Y ->        _12203_/C
   2815.6 ps                                _1642_:           _12203_/Y ->        _12204_/C
   2902.4 ps                                _1643_:           _12204_/Y ->        _12207_/B
   2992.4 ps                                _1646_:           _12207_/Y ->        _12208_/C
   3078.2 ps                                _1648_:           _12208_/Y ->        _12209_/C
   3151.0 ps                      \datapath.alu.z :           _12209_/Y ->         _9364_/B
   3264.5 ps                                 _314_:            _9364_/Y ->         _9365_/A
   3383.8 ps                   \datapath.tkbranch :            _9365_/Y ->         _9638_/A
   3467.9 ps                                 _521_:            _9638_/Y ->         _9640_/A
   3606.6 ps                       \datapath._34_ :            _9640_/Y ->        _13597_/A
   3712.0 ps                                _3426_:           _13597_/Y ->        _13600_/A
   3840.5 ps                                _3429_:           _13600_/Y -> BUFX2_insert49/A
   4044.1 ps                        _3429__bF$buf4:    BUFX2_insert49/Y ->        _13691_/D
   4143.9 ps                                _3496_:           _13691_/Y ->        _13692_/B
   4238.2 ps  \datapath.programcounter.pc_mux [13]:           _13692_/Y ->        _13537_/B
   4304.2 ps                                _3385_:           _13537_/Y ->        _13538_/C
   4358.9 ps     \datapath.programcounter._1_ [13]:           _13538_/Y ->        _13881_/D

   clock skew at destination = 8.39217
   setup at destination = 176.805

Path _10419_/CLK to _13880_/D delay 4544.06 ps
      0.0 ps                          CLK_bF$buf54: CLKBUF1_insert732/Y ->        _10419_/CLK
    235.7 ps                \datapath.aluinstr [1]:           _10419_/Q ->         _8808_/A
    395.1 ps                                  _20_:            _8808_/Y ->         _8813_/C
    507.3 ps                                  _25_:            _8813_/Y ->         _8817_/C
    624.5 ps                                  _29_:            _8817_/Y ->         _8826_/B
    782.5 ps                                  _37_:            _8826_/Y ->         _8835_/C
    984.3 ps                             alusel[1]:            _8835_/Y ->        _10867_/A
   1104.5 ps                                _1838_:           _10867_/Y ->        _10868_/B
   1233.6 ps                                _1839_:           _10868_/Y ->        _10950_/B
   1640.3 ps                                _1920_:           _10950_/Y ->        _11663_/B
   1932.3 ps                                _1065_:           _11663_/Y ->        _11664_/B
   2161.6 ps                                _1066_:           _11664_/Y ->        _11726_/A
   2322.0 ps                                _1132_:           _11726_/Y ->        _11731_/C
   2419.7 ps                                _1138_:           _11731_/Y ->        _11744_/C
   2483.8 ps                                _1152_:           _11744_/Y ->        _11745_/C
   2548.7 ps                                _1153_:           _11745_/Y ->        _11746_/C
   2610.9 ps                                _1154_:           _11746_/Y ->        _11747_/C
   2731.0 ps                  \datapath.alu.c [17]:           _11747_/Y ->        _12203_/C
   2815.6 ps                                _1642_:           _12203_/Y ->        _12204_/C
   2902.4 ps                                _1643_:           _12204_/Y ->        _12207_/B
   2992.4 ps                                _1646_:           _12207_/Y ->        _12208_/C
   3078.2 ps                                _1648_:           _12208_/Y ->        _12209_/C
   3151.0 ps                      \datapath.alu.z :           _12209_/Y ->         _9364_/B
   3264.5 ps                                 _314_:            _9364_/Y ->         _9365_/A
   3383.8 ps                   \datapath.tkbranch :            _9365_/Y ->         _9638_/A
   3467.9 ps                                 _521_:            _9638_/Y ->         _9640_/A
   3606.6 ps                       \datapath._34_ :            _9640_/Y ->        _13597_/A
   3712.0 ps                                _3426_:           _13597_/Y ->        _13600_/A
   3840.5 ps                                _3429_:           _13600_/Y -> BUFX2_insert49/A
   4044.1 ps                        _3429__bF$buf4:    BUFX2_insert49/Y ->        _13682_/D
   4143.9 ps                                _3489_:           _13682_/Y ->        _13683_/B
   4238.2 ps  \datapath.programcounter.pc_mux [12]:           _13683_/Y ->        _13534_/B
   4304.2 ps                                _3383_:           _13534_/Y ->        _13535_/C
   4358.9 ps     \datapath.programcounter._1_ [12]:           _13535_/Y ->        _13880_/D

   clock skew at destination = 8.39217
   setup at destination = 176.805

Computed maximum clock frequency (zero margin) = 213.768 MHz
-----------------------------------------

Number of paths analyzed:  1946

Top 20 minimum delay paths:
Path _10331_/CLK to _10102_/D delay 48.4375 ps
      0.0 ps              CLK_bF$buf26: CLKBUF1_insert760/Y -> _10331_/CLK
     61.1 ps  \datapath.regrs2alu [12]:           _10331_/Q -> _10102_/D

   clock skew at destination = -28.5821
   hold at destination = 15.9191

Path _10457_/CLK to _10200_/D delay 64.8665 ps
      0.0 ps            CLK_bF$buf0: CLKBUF1_insert786/Y -> _10457_/CLK
     61.1 ps  \datapath.alupc_4 [7]:           _10457_/Q -> _10200_/D

   clock skew at destination = -12.1531
   hold at destination = 15.9191

Path _10465_/CLK to _10208_/D delay 64.8665 ps
      0.0 ps            CLK_bF$buf55: CLKBUF1_insert731/Y -> _10465_/CLK
     61.1 ps  \datapath.alupc_4 [15]:           _10465_/Q -> _10208_/D

   clock skew at destination = -12.1531
   hold at destination = 15.9191

Path _10434_/CLK to _10177_/D delay 64.8665 ps
      0.0 ps             CLK_bF$buf56: CLKBUF1_insert730/Y -> _10434_/CLK
     61.1 ps  \datapath.aluinstr [16]:           _10434_/Q -> _10177_/D

   clock skew at destination = -12.1531
   hold at destination = 15.9191

Path _10322_/CLK to _10093_/D delay 64.8665 ps
      0.0 ps             CLK_bF$buf38: CLKBUF1_insert748/Y -> _10322_/CLK
     61.1 ps  \datapath.regrs2alu [3]:           _10322_/Q -> _10093_/D

   clock skew at destination = -12.1531
   hold at destination = 15.9191

Path _10437_/CLK to _10180_/D delay 64.8665 ps
      0.0 ps             CLK_bF$buf21: CLKBUF1_insert765/Y -> _10437_/CLK
     61.1 ps  \datapath.aluinstr [19]:           _10437_/Q -> _10180_/D

   clock skew at destination = -12.1531
   hold at destination = 15.9191

Path _10446_/CLK to _10189_/D delay 64.8665 ps
      0.0 ps             CLK_bF$buf34: CLKBUF1_insert752/Y -> _10446_/CLK
     61.1 ps  \datapath.aluinstr [28]:           _10446_/Q -> _10189_/D

   clock skew at destination = -12.1531
   hold at destination = 15.9191

Path _10481_/CLK to _10224_/D delay 64.9085 ps
      0.0 ps             CLK_bF$buf9: CLKBUF1_insert777/Y -> _10481_/CLK
     61.1 ps  \datapath.alupc_4 [31]:           _10481_/Q -> _10224_/D

   clock skew at destination = -16.429
   hold at destination = 20.237

Path _10330_/CLK to _10101_/D delay 64.9085 ps
      0.0 ps              CLK_bF$buf68: CLKBUF1_insert718/Y -> _10330_/CLK
     61.1 ps  \datapath.regrs2alu [11]:           _10330_/Q -> _10101_/D

   clock skew at destination = -16.429
   hold at destination = 20.237

Path _10172_/CLK to _10022_/D delay 64.9196 ps
      0.0 ps             CLK_bF$buf61: CLKBUF1_insert725/Y -> _10172_/CLK
     61.1 ps  \datapath.meminstr [11]:           _10172_/Q -> _10022_/D

   clock skew at destination = -12.1498
   hold at destination = 15.9689

Path _10347_/CLK to _10118_/D delay 64.9196 ps
      0.0 ps               CLK_bF$buf1: CLKBUF1_insert785/Y -> _10347_/CLK
     61.1 ps  \datapath.regrs2alu [28]:           _10347_/Q -> _10118_/D

   clock skew at destination = -12.1498
   hold at destination = 15.9689

Path _10462_/CLK to _10205_/D delay 64.9196 ps
      0.0 ps             CLK_bF$buf9: CLKBUF1_insert777/Y -> _10462_/CLK
     61.1 ps  \datapath.alupc_4 [12]:           _10462_/Q -> _10205_/D

   clock skew at destination = -12.1498
   hold at destination = 15.9689

Path _10456_/CLK to _10199_/D delay 64.9196 ps
      0.0 ps            CLK_bF$buf9: CLKBUF1_insert777/Y -> _10456_/CLK
     61.1 ps  \datapath.alupc_4 [6]:           _10456_/Q -> _10199_/D

   clock skew at destination = -12.1498
   hold at destination = 15.9689

Path _10342_/CLK to _10113_/D delay 64.9196 ps
      0.0 ps              CLK_bF$buf84: CLKBUF1_insert702/Y -> _10342_/CLK
     61.1 ps  \datapath.regrs2alu [23]:           _10342_/Q -> _10113_/D

   clock skew at destination = -12.1498
   hold at destination = 15.9689

Path _10219_/CLK to _10052_/D delay 64.9196 ps
      0.0 ps            CLK_bF$buf69: CLKBUF1_insert717/Y -> _10219_/CLK
     61.1 ps  \datapath.mempc_4 [26]:           _10219_/Q -> _10052_/D

   clock skew at destination = -12.1498
   hold at destination = 15.9689

Path _10207_/CLK to _10040_/D delay 64.9196 ps
      0.0 ps            CLK_bF$buf69: CLKBUF1_insert717/Y -> _10207_/CLK
     61.1 ps  \datapath.mempc_4 [14]:           _10207_/Q -> _10040_/D

   clock skew at destination = -12.1498
   hold at destination = 15.9689

Path _10201_/CLK to _10034_/D delay 64.9196 ps
      0.0 ps           CLK_bF$buf69: CLKBUF1_insert717/Y -> _10201_/CLK
     61.1 ps  \datapath.mempc_4 [8]:           _10201_/Q -> _10034_/D

   clock skew at destination = -12.1498
   hold at destination = 15.9689

Path _10216_/CLK to _10049_/D delay 64.9196 ps
      0.0 ps            CLK_bF$buf27: CLKBUF1_insert759/Y -> _10216_/CLK
     61.1 ps  \datapath.mempc_4 [23]:           _10216_/Q -> _10049_/D

   clock skew at destination = -12.1498
   hold at destination = 15.9689

Path _10415_/CLK to _10158_/D delay 77.0583 ps
      0.0 ps                CLK_bF$buf103: CLKBUF1_insert683/Y -> _10415_/CLK
     61.1 ps  \datapath.aluexecptions [0]:           _10415_/Q -> _10158_/D

   clock skew at destination = -4.27923
   hold at destination = 20.237

Path _10335_/CLK to _10106_/D delay 77.0694 ps
      0.0 ps             CLK_bF$buf129: CLKBUF1_insert657/Y -> _10335_/CLK
     61.1 ps  \datapath.regrs2alu [16]:           _10335_/Q -> _10106_/D

   clock skew at destination = 0
   hold at destination = 15.9689

Design meets minimum hold timing.
-----------------------------------------

Number of paths analyzed:  96

Top 20 maximum delay paths:
Path input pin DMEM_DATA_L[15] to _9968_/D delay 1083.14 ps
      0.0 ps             DMEM_DATA_L[15]:           -> _13317_/A
     69.6 ps                      _3236_: _13317_/Y -> _13434_/A
    182.8 ps                      _3321_: _13434_/Y -> _13440_/C
    694.3 ps                      _3326_: _13440_/Y -> _13453_/C
    873.4 ps  \datapath.memdataload [22]: _13453_/Y ->  _9968_/D

   setup at destination = 209.74

Path input pin DMEM_DATA_L[15] to _9965_/D delay 1083.14 ps
      0.0 ps             DMEM_DATA_L[15]:           -> _13317_/A
     69.6 ps                      _3236_: _13317_/Y -> _13434_/A
    182.8 ps                      _3321_: _13434_/Y -> _13440_/C
    694.3 ps                      _3326_: _13440_/Y -> _13447_/C
    873.4 ps  \datapath.memdataload [19]: _13447_/Y ->  _9965_/D

   setup at destination = 209.74

Path input pin DMEM_DATA_L[15] to _9962_/D delay 1083.14 ps
      0.0 ps             DMEM_DATA_L[15]:           -> _13317_/A
     69.6 ps                      _3236_: _13317_/Y -> _13434_/A
    182.8 ps                      _3321_: _13434_/Y -> _13440_/C
    694.3 ps                      _3326_: _13440_/Y -> _13441_/C
    873.4 ps  \datapath.memdataload [16]: _13441_/Y ->  _9962_/D

   setup at destination = 209.74

Path input pin DMEM_DATA_L[15] to _9975_/D delay 1083.14 ps
      0.0 ps             DMEM_DATA_L[15]:           -> _13317_/A
     69.6 ps                      _3236_: _13317_/Y -> _13434_/A
    182.8 ps                      _3321_: _13434_/Y -> _13440_/C
    694.3 ps                      _3326_: _13440_/Y -> _13467_/C
    873.4 ps  \datapath.memdataload [29]: _13467_/Y ->  _9975_/D

   setup at destination = 209.74

Path input pin DMEM_DATA_L[15] to _9972_/D delay 1083.14 ps
      0.0 ps             DMEM_DATA_L[15]:           -> _13317_/A
     69.6 ps                      _3236_: _13317_/Y -> _13434_/A
    182.8 ps                      _3321_: _13434_/Y -> _13440_/C
    694.3 ps                      _3326_: _13440_/Y -> _13461_/C
    873.4 ps  \datapath.memdataload [26]: _13461_/Y ->  _9972_/D

   setup at destination = 209.74

Path input pin DMEM_DATA_L[15] to _9969_/D delay 1083.14 ps
      0.0 ps             DMEM_DATA_L[15]:           -> _13317_/A
     69.6 ps                      _3236_: _13317_/Y -> _13434_/A
    182.8 ps                      _3321_: _13434_/Y -> _13440_/C
    694.3 ps                      _3326_: _13440_/Y -> _13455_/C
    873.4 ps  \datapath.memdataload [23]: _13455_/Y ->  _9969_/D

   setup at destination = 209.74

Path input pin DMEM_DATA_L[15] to _9966_/D delay 1083.14 ps
      0.0 ps             DMEM_DATA_L[15]:           -> _13317_/A
     69.6 ps                      _3236_: _13317_/Y -> _13434_/A
    182.8 ps                      _3321_: _13434_/Y -> _13440_/C
    694.3 ps                      _3326_: _13440_/Y -> _13449_/C
    873.4 ps  \datapath.memdataload [20]: _13449_/Y ->  _9966_/D

   setup at destination = 209.74

Path input pin DMEM_DATA_L[15] to _9963_/D delay 1083.14 ps
      0.0 ps             DMEM_DATA_L[15]:           -> _13317_/A
     69.6 ps                      _3236_: _13317_/Y -> _13434_/A
    182.8 ps                      _3321_: _13434_/Y -> _13440_/C
    694.3 ps                      _3326_: _13440_/Y -> _13443_/C
    873.4 ps  \datapath.memdataload [17]: _13443_/Y ->  _9963_/D

   setup at destination = 209.74

Path input pin DMEM_DATA_L[15] to _9976_/D delay 1083.14 ps
      0.0 ps             DMEM_DATA_L[15]:           -> _13317_/A
     69.6 ps                      _3236_: _13317_/Y -> _13434_/A
    182.8 ps                      _3321_: _13434_/Y -> _13440_/C
    694.3 ps                      _3326_: _13440_/Y -> _13469_/C
    873.4 ps  \datapath.memdataload [30]: _13469_/Y ->  _9976_/D

   setup at destination = 209.74

Path input pin DMEM_DATA_L[15] to _9973_/D delay 1083.14 ps
      0.0 ps             DMEM_DATA_L[15]:           -> _13317_/A
     69.6 ps                      _3236_: _13317_/Y -> _13434_/A
    182.8 ps                      _3321_: _13434_/Y -> _13440_/C
    694.3 ps                      _3326_: _13440_/Y -> _13463_/C
    873.4 ps  \datapath.memdataload [27]: _13463_/Y ->  _9973_/D

   setup at destination = 209.74

Path input pin DMEM_DATA_L[15] to _9970_/D delay 1083.14 ps
      0.0 ps             DMEM_DATA_L[15]:           -> _13317_/A
     69.6 ps                      _3236_: _13317_/Y -> _13434_/A
    182.8 ps                      _3321_: _13434_/Y -> _13440_/C
    694.3 ps                      _3326_: _13440_/Y -> _13457_/C
    873.4 ps  \datapath.memdataload [24]: _13457_/Y ->  _9970_/D

   setup at destination = 209.74

Path input pin DMEM_DATA_L[15] to _9967_/D delay 1083.14 ps
      0.0 ps             DMEM_DATA_L[15]:           -> _13317_/A
     69.6 ps                      _3236_: _13317_/Y -> _13434_/A
    182.8 ps                      _3321_: _13434_/Y -> _13440_/C
    694.3 ps                      _3326_: _13440_/Y -> _13451_/C
    873.4 ps  \datapath.memdataload [21]: _13451_/Y ->  _9967_/D

   setup at destination = 209.74

Path input pin DMEM_DATA_L[15] to _9964_/D delay 1083.14 ps
      0.0 ps             DMEM_DATA_L[15]:           -> _13317_/A
     69.6 ps                      _3236_: _13317_/Y -> _13434_/A
    182.8 ps                      _3321_: _13434_/Y -> _13440_/C
    694.3 ps                      _3326_: _13440_/Y -> _13445_/C
    873.4 ps  \datapath.memdataload [18]: _13445_/Y ->  _9964_/D

   setup at destination = 209.74

Path input pin DMEM_DATA_L[15] to _9977_/D delay 1083.14 ps
      0.0 ps             DMEM_DATA_L[15]:           -> _13317_/A
     69.6 ps                      _3236_: _13317_/Y -> _13434_/A
    182.8 ps                      _3321_: _13434_/Y -> _13440_/C
    694.3 ps                      _3326_: _13440_/Y -> _13471_/C
    873.4 ps  \datapath.memdataload [31]: _13471_/Y ->  _9977_/D

   setup at destination = 209.74

Path input pin DMEM_DATA_L[15] to _9974_/D delay 1083.14 ps
      0.0 ps             DMEM_DATA_L[15]:           -> _13317_/A
     69.6 ps                      _3236_: _13317_/Y -> _13434_/A
    182.8 ps                      _3321_: _13434_/Y -> _13440_/C
    694.3 ps                      _3326_: _13440_/Y -> _13465_/C
    873.4 ps  \datapath.memdataload [28]: _13465_/Y ->  _9974_/D

   setup at destination = 209.74

Path input pin DMEM_DATA_L[15] to _9971_/D delay 1083.14 ps
      0.0 ps             DMEM_DATA_L[15]:           -> _13317_/A
     69.6 ps                      _3236_: _13317_/Y -> _13434_/A
    182.8 ps                      _3321_: _13434_/Y -> _13440_/C
    694.3 ps                      _3326_: _13440_/Y -> _13459_/C
    873.4 ps  \datapath.memdataload [25]: _13459_/Y ->  _9971_/D

   setup at destination = 209.74

Path input pin DMEM_DATA_L[7] to _9956_/D delay 858.811 ps
      0.0 ps                                        DMEM_DATA_L[7]:                    ->          _13493_/A
     83.1 ps                                                _3356_:          _13493_/Y ->          _13496_/C
    176.1 ps  \datapath.memoryinterface.byte_size_load.byteval [7]:          _13496_/Y ->          _13395_/A
    239.5 ps                                                _3289_:          _13395_/Y ->          _13396_/B
    304.7 ps                                                _3290_:          _13396_/Y ->          _13397_/C
    415.8 ps                                                _3291_:          _13397_/Y -> BUFX2_insert1211/A
    585.9 ps                                        _3291__bF$buf1: BUFX2_insert1211/Y ->          _13412_/C
    666.7 ps                            \datapath.memdataload [10]:          _13412_/Y ->           _9956_/D

   setup at destination = 192.068

Path input pin DMEM_DATA_L[7] to _9960_/D delay 858.811 ps
      0.0 ps                                        DMEM_DATA_L[7]:                    ->          _13493_/A
     83.1 ps                                                _3356_:          _13493_/Y ->          _13496_/C
    176.1 ps  \datapath.memoryinterface.byte_size_load.byteval [7]:          _13496_/Y ->          _13395_/A
    239.5 ps                                                _3289_:          _13395_/Y ->          _13396_/B
    304.7 ps                                                _3290_:          _13396_/Y ->          _13397_/C
    415.8 ps                                                _3291_:          _13397_/Y -> BUFX2_insert1211/A
    585.9 ps                                        _3291__bF$buf1: BUFX2_insert1211/Y ->          _13432_/C
    666.7 ps                            \datapath.memdataload [14]:          _13432_/Y ->           _9960_/D

   setup at destination = 192.068

Path input pin DMEM_DATA_L[7] to _9954_/D delay 858.811 ps
      0.0 ps                                        DMEM_DATA_L[7]:                    ->          _13493_/A
     83.1 ps                                                _3356_:          _13493_/Y ->          _13496_/C
    176.1 ps  \datapath.memoryinterface.byte_size_load.byteval [7]:          _13496_/Y ->          _13395_/A
    239.5 ps                                                _3289_:          _13395_/Y ->          _13396_/B
    304.7 ps                                                _3290_:          _13396_/Y ->          _13397_/C
    415.8 ps                                                _3291_:          _13397_/Y -> BUFX2_insert1211/A
    585.9 ps                                        _3291__bF$buf1: BUFX2_insert1211/Y ->          _13402_/C
    666.7 ps                             \datapath.memdataload [8]:          _13402_/Y ->           _9954_/D

   setup at destination = 192.068

Path input pin DMEM_DATA_L[7] to _9958_/D delay 858.811 ps
      0.0 ps                                        DMEM_DATA_L[7]:                    ->          _13493_/A
     83.1 ps                                                _3356_:          _13493_/Y ->          _13496_/C
    176.1 ps  \datapath.memoryinterface.byte_size_load.byteval [7]:          _13496_/Y ->          _13395_/A
    239.5 ps                                                _3289_:          _13395_/Y ->          _13396_/B
    304.7 ps                                                _3290_:          _13396_/Y ->          _13397_/C
    415.8 ps                                                _3291_:          _13397_/Y -> BUFX2_insert1211/A
    585.9 ps                                        _3291__bF$buf1: BUFX2_insert1211/Y ->          _13422_/C
    666.7 ps                            \datapath.memdataload [12]:          _13422_/Y ->           _9958_/D

   setup at destination = 192.068

-----------------------------------------

Number of paths analyzed:  96

Top 20 minimum delay paths:
Path input pin DMEM_DATA_L[25] to _9971_/D delay 92.4275 ps
      0.0 ps             DMEM_DATA_L[25]:           -> _13458_/A
     53.1 ps                      _3335_: _13458_/Y -> _13459_/B
     97.2 ps  \datapath.memdataload [25]: _13459_/Y ->  _9971_/D

   hold at destination = -4.75144

Path input pin DMEM_DATA_L[28] to _9974_/D delay 92.4275 ps
      0.0 ps             DMEM_DATA_L[28]:           -> _13464_/A
     53.1 ps                      _3338_: _13464_/Y -> _13465_/B
     97.2 ps  \datapath.memdataload [28]: _13465_/Y ->  _9974_/D

   hold at destination = -4.75144

Path input pin DMEM_DATA_L[31] to _9977_/D delay 92.4275 ps
      0.0 ps             DMEM_DATA_L[31]:           -> _13470_/A
     53.1 ps                      _3341_: _13470_/Y -> _13471_/B
     97.2 ps  \datapath.memdataload [31]: _13471_/Y ->  _9977_/D

   hold at destination = -4.75144

Path input pin DMEM_DATA_L[18] to _9964_/D delay 92.4275 ps
      0.0 ps             DMEM_DATA_L[18]:           -> _13444_/A
     53.1 ps                      _3328_: _13444_/Y -> _13445_/B
     97.2 ps  \datapath.memdataload [18]: _13445_/Y ->  _9964_/D

   hold at destination = -4.75144

Path input pin DMEM_DATA_L[21] to _9967_/D delay 92.4275 ps
      0.0 ps             DMEM_DATA_L[21]:           -> _13450_/A
     53.1 ps                      _3331_: _13450_/Y -> _13451_/B
     97.2 ps  \datapath.memdataload [21]: _13451_/Y ->  _9967_/D

   hold at destination = -4.75144

Path input pin DMEM_DATA_L[24] to _9970_/D delay 92.4275 ps
      0.0 ps             DMEM_DATA_L[24]:           -> _13456_/A
     53.1 ps                      _3334_: _13456_/Y -> _13457_/B
     97.2 ps  \datapath.memdataload [24]: _13457_/Y ->  _9970_/D

   hold at destination = -4.75144

Path input pin DMEM_DATA_L[27] to _9973_/D delay 92.4275 ps
      0.0 ps             DMEM_DATA_L[27]:           -> _13462_/A
     53.1 ps                      _3337_: _13462_/Y -> _13463_/B
     97.2 ps  \datapath.memdataload [27]: _13463_/Y ->  _9973_/D

   hold at destination = -4.75144

Path input pin DMEM_DATA_L[30] to _9976_/D delay 92.4275 ps
      0.0 ps             DMEM_DATA_L[30]:           -> _13468_/A
     53.1 ps                      _3340_: _13468_/Y -> _13469_/B
     97.2 ps  \datapath.memdataload [30]: _13469_/Y ->  _9976_/D

   hold at destination = -4.75144

Path input pin DMEM_DATA_L[17] to _9963_/D delay 92.4275 ps
      0.0 ps             DMEM_DATA_L[17]:           -> _13442_/A
     53.1 ps                      _3327_: _13442_/Y -> _13443_/B
     97.2 ps  \datapath.memdataload [17]: _13443_/Y ->  _9963_/D

   hold at destination = -4.75144

Path input pin DMEM_DATA_L[20] to _9966_/D delay 92.4275 ps
      0.0 ps             DMEM_DATA_L[20]:           -> _13448_/A
     53.1 ps                      _3330_: _13448_/Y -> _13449_/B
     97.2 ps  \datapath.memdataload [20]: _13449_/Y ->  _9966_/D

   hold at destination = -4.75144

Path input pin DMEM_DATA_L[23] to _9969_/D delay 92.4275 ps
      0.0 ps             DMEM_DATA_L[23]:           -> _13454_/A
     53.1 ps                      _3333_: _13454_/Y -> _13455_/B
     97.2 ps  \datapath.memdataload [23]: _13455_/Y ->  _9969_/D

   hold at destination = -4.75144

Path input pin DMEM_DATA_L[26] to _9972_/D delay 92.4275 ps
      0.0 ps             DMEM_DATA_L[26]:           -> _13460_/A
     53.1 ps                      _3336_: _13460_/Y -> _13461_/B
     97.2 ps  \datapath.memdataload [26]: _13461_/Y ->  _9972_/D

   hold at destination = -4.75144

Path input pin DMEM_DATA_L[29] to _9975_/D delay 92.4275 ps
      0.0 ps             DMEM_DATA_L[29]:           -> _13466_/A
     53.1 ps                      _3339_: _13466_/Y -> _13467_/B
     97.2 ps  \datapath.memdataload [29]: _13467_/Y ->  _9975_/D

   hold at destination = -4.75144

Path input pin DMEM_DATA_L[16] to _9962_/D delay 92.4275 ps
      0.0 ps             DMEM_DATA_L[16]:           -> _13438_/A
     53.1 ps                      _3324_: _13438_/Y -> _13441_/B
     97.2 ps  \datapath.memdataload [16]: _13441_/Y ->  _9962_/D

   hold at destination = -4.75144

Path input pin DMEM_DATA_L[19] to _9965_/D delay 92.4275 ps
      0.0 ps             DMEM_DATA_L[19]:           -> _13446_/A
     53.1 ps                      _3329_: _13446_/Y -> _13447_/B
     97.2 ps  \datapath.memdataload [19]: _13447_/Y ->  _9965_/D

   hold at destination = -4.75144

Path input pin DMEM_DATA_L[22] to _9968_/D delay 92.4275 ps
      0.0 ps             DMEM_DATA_L[22]:           -> _13452_/A
     53.1 ps                      _3332_: _13452_/Y -> _13453_/B
     97.2 ps  \datapath.memdataload [22]: _13453_/Y ->  _9968_/D

   hold at destination = -4.75144

Path input pin IMEM_DATA[31] to _10545_/D delay 93.5508 ps
      0.0 ps        IMEM_DATA[31]:          ->  _9193_/A
     43.7 ps                _180_: _9193_/Y ->  _9195_/A
     97.9 ps  \datapath._05_ [31]: _9195_/Y -> _10545_/D

   hold at destination = -4.36148

Path input pin IMEM_DATA[30] to _10544_/D delay 93.5508 ps
      0.0 ps        IMEM_DATA[30]:          ->  _9190_/A
     43.7 ps                _178_: _9190_/Y ->  _9192_/A
     97.9 ps  \datapath._05_ [30]: _9192_/Y -> _10544_/D

   hold at destination = -4.36148

Path input pin IMEM_DATA[29] to _10543_/D delay 93.5508 ps
      0.0 ps        IMEM_DATA[29]:          ->  _9187_/A
     43.7 ps                _176_: _9187_/Y ->  _9189_/A
     97.9 ps  \datapath._05_ [29]: _9189_/Y -> _10543_/D

   hold at destination = -4.36148

Path input pin IMEM_DATA[28] to _10542_/D delay 93.5508 ps
      0.0 ps        IMEM_DATA[28]:          ->  _9184_/A
     43.7 ps                _174_: _9184_/Y ->  _9186_/A
     97.9 ps  \datapath._05_ [28]: _9186_/Y -> _10542_/D

   hold at destination = -4.36148

-----------------------------------------

