Copyright 1986-2018 Xilinx, Inc. All Rights Reserved.
-------------------------------------------------------------------------------------------------------------------------------------------------------------------------------------------------
| Tool Version     : Vivado v.2018.3 (win64) Build 2405991 Thu Dec  6 23:38:27 MST 2018
| Date             : Tue Dec  6 17:14:35 2022
| Host             : DESTROYER running 64-bit major release  (build 9200)
| Command          : report_power -file microcontroler_tb_wrapper_power_routed.rpt -pb microcontroler_tb_wrapper_power_summary_routed.pb -rpx microcontroler_tb_wrapper_power_routed.rpx
| Design           : microcontroler_tb_wrapper
| Device           : xc7z010clg400-1
| Design State     : routed
| Grade            : commercial
| Process          : typical
| Characterization : Production
-------------------------------------------------------------------------------------------------------------------------------------------------------------------------------------------------

Power Report

Table of Contents
-----------------
1. Summary
1.1 On-Chip Components
1.2 Power Supply Summary
1.3 Confidence Level
2. Settings
2.1 Environment
2.2 Clock Constraints
3. Detailed Reports
3.1 By Hierarchy

1. Summary
----------

+--------------------------+--------------+
| Total On-Chip Power (W)  | 1.504        |
| Design Power Budget (W)  | Unspecified* |
| Power Budget Margin (W)  | NA           |
| Dynamic (W)              | 1.384        |
| Device Static (W)        | 0.120        |
| Effective TJA (C/W)      | 11.5         |
| Max Ambient (C)          | 67.6         |
| Junction Temperature (C) | 42.4         |
| Confidence Level         | Medium       |
| Setting File             | ---          |
| Simulation Activity File | ---          |
| Design Nets Matched      | NA           |
+--------------------------+--------------+
* Specify Design Power Budget using, set_operating_conditions -design_power_budget <value in Watts>


1.1 On-Chip Components
----------------------

+--------------------------+-----------+----------+-----------+-----------------+
| On-Chip                  | Power (W) | Used     | Available | Utilization (%) |
+--------------------------+-----------+----------+-----------+-----------------+
| Clocks                   |     0.016 |        4 |       --- |             --- |
| Slice Logic              |     0.021 |    23338 |       --- |             --- |
|   LUT as Logic           |     0.019 |     7417 |     17600 |           42.14 |
|   LUT as Distributed RAM |     0.001 |      816 |      6000 |           13.60 |
|   Register               |    <0.001 |    10605 |     35200 |           30.13 |
|   LUT as Shift Register  |    <0.001 |      424 |      6000 |            7.07 |
|   CARRY4                 |    <0.001 |      172 |      4400 |            3.91 |
|   F7/F8 Muxes            |    <0.001 |      230 |     17600 |            1.31 |
|   Others                 |     0.000 |     1026 |       --- |             --- |
| Signals                  |     0.037 |    15959 |       --- |             --- |
| Block RAM                |     0.035 |       21 |        60 |           35.00 |
| PS7                      |     1.275 |        1 |       --- |             --- |
| Static Power             |     0.120 |          |           |                 |
| Total                    |     1.504 |          |           |                 |
+--------------------------+-----------+----------+-----------+-----------------+


1.2 Power Supply Summary
------------------------

+-----------+-------------+-----------+-------------+------------+
| Source    | Voltage (V) | Total (A) | Dynamic (A) | Static (A) |
+-----------+-------------+-----------+-------------+------------+
| Vccint    |       1.000 |     0.114 |       0.107 |      0.007 |
| Vccaux    |       1.800 |     0.008 |       0.000 |      0.008 |
| Vcco33    |       3.300 |     0.000 |       0.000 |      0.000 |
| Vcco25    |       2.500 |     0.000 |       0.000 |      0.000 |
| Vcco18    |       1.800 |     0.000 |       0.000 |      0.000 |
| Vcco15    |       1.500 |     0.000 |       0.000 |      0.000 |
| Vcco135   |       1.350 |     0.000 |       0.000 |      0.000 |
| Vcco12    |       1.200 |     0.000 |       0.000 |      0.000 |
| Vccaux_io |       1.800 |     0.000 |       0.000 |      0.000 |
| Vccbram   |       1.000 |     0.004 |       0.003 |      0.002 |
| MGTAVcc   |       1.000 |     0.000 |       0.000 |      0.000 |
| MGTAVtt   |       1.200 |     0.000 |       0.000 |      0.000 |
| MGTVccaux |       1.800 |     0.000 |       0.000 |      0.000 |
| Vccpint   |       1.000 |     0.697 |       0.669 |      0.028 |
| Vccpaux   |       1.800 |     0.036 |       0.026 |      0.010 |
| Vccpll    |       1.800 |     0.018 |       0.015 |      0.003 |
| Vcco_ddr  |       1.500 |     0.356 |       0.354 |      0.002 |
| Vcco_mio0 |       3.300 |     0.001 |       0.000 |      0.001 |
| Vcco_mio1 |       3.300 |     0.001 |       0.000 |      0.001 |
| Vccadc    |       1.800 |     0.020 |       0.000 |      0.020 |
+-----------+-------------+-----------+-------------+------------+


1.3 Confidence Level
--------------------

+-----------------------------+------------+------------------------------------------------+------------------------------------------------------------------------------------------------------------+
| User Input Data             | Confidence | Details                                        | Action                                                                                                     |
+-----------------------------+------------+------------------------------------------------+------------------------------------------------------------------------------------------------------------+
| Design implementation state | High       | Design is routed                               |                                                                                                            |
| Clock nodes activity        | High       | User specified more than 95% of clocks         |                                                                                                            |
| I/O nodes activity          | High       | User specified more than 95% of inputs         |                                                                                                            |
| Internal nodes activity     | Medium     | User specified less than 25% of internal nodes | Provide missing internal nodes activity with simulation results or by editing the "By Resource Type" views |
| Device models               | High       | Device models are Production                   |                                                                                                            |
|                             |            |                                                |                                                                                                            |
| Overall confidence level    | Medium     |                                                |                                                                                                            |
+-----------------------------+------------+------------------------------------------------+------------------------------------------------------------------------------------------------------------+


2. Settings
-----------

2.1 Environment
---------------

+-----------------------+------------------------+
| Ambient Temp (C)      | 25.0                   |
| ThetaJA (C/W)         | 11.5                   |
| Airflow (LFM)         | 250                    |
| Heat Sink             | none                   |
| ThetaSA (C/W)         | 0.0                    |
| Board Selection       | medium (10"x10")       |
| # of Board Layers     | 8to11 (8 to 11 Layers) |
| Board Temperature (C) | 25.0                   |
+-----------------------+------------------------+


2.2 Clock Constraints
---------------------

+--------------------------------------------------------------------------------------------+----------------------------------------------------------------------+-----------------+
| Clock                                                                                      | Domain                                                               | Constraint (ns) |
+--------------------------------------------------------------------------------------------+----------------------------------------------------------------------+-----------------+
| clk_fpga_0                                                                                 | microcontroler_tb_i/processing_system7_0/inst/FCLK_CLK_unbuffered[0] |            20.0 |
| dbg_hub/inst/BSCANID.u_xsdbm_id/SWITCH_N_EXT_BSCAN.bscan_inst/SERIES7_BSCAN.bscan_inst/TCK | dbg_hub/inst/BSCANID.u_xsdbm_id/SWITCH_N_EXT_BSCAN.bscan_inst/tck_bs |            33.0 |
+--------------------------------------------------------------------------------------------+----------------------------------------------------------------------+-----------------+


3. Detailed Reports
-------------------

3.1 By Hierarchy
----------------

+------------------------------+-----------+
| Name                         | Power (W) |
+------------------------------+-----------+
| microcontroler_tb_wrapper    |     1.384 |
|   dbg_hub                    |     0.002 |
|     inst                     |     0.002 |
|       BSCANID.u_xsdbm_id     |     0.002 |
|   microcontroler_tb_i        |     1.382 |
|     axi_bram_ctrl_Data       |     0.001 |
|       U0                     |     0.001 |
|     axi_bram_ctrl_Data_bram  |     0.018 |
|       U0                     |     0.018 |
|     axi_bram_ctrl_Instr      |     0.001 |
|       U0                     |     0.001 |
|     axi_bram_ctrl_Instr_bram |     0.019 |
|       U0                     |     0.019 |
|     axi_cdma_0               |     0.002 |
|       U0                     |     0.002 |
|     axi_smc                  |     0.022 |
|       inst                   |     0.022 |
|     processing_system7_0     |     1.275 |
|       inst                   |     1.275 |
|     ps7_0_axi_periph         |     0.002 |
|       s00_couplers           |     0.002 |
|     system_ila_0             |     0.009 |
|       U0                     |     0.009 |
|     uCtb_0                   |     0.033 |
|       U0                     |     0.033 |
+------------------------------+-----------+


